sexsklavin	0.11827357588906072
bengel	0.11749918334154864
extase	0.11558053658236185
transe	0.11558051216160489
spanner	0.1131496256515173
schlampen	0.11202038535816687
fetisch	0.11046113794176733
strippen	0.10946476215204295
arschficker	0.10915589821920656
fotzen	0.10844562201668528
prengel	0.1074322629872828
flittchen	0.1063744502449947
ficken	0.10622962957138399
blasen	0.10334771149299864
stöhnen	0.1028970336848676
notgeil	0.10266768354743602
schwanzlutscher	0.10205370031917015
knackarsch	0.10171969239562331
nymphoman	0.10147169260487716
brillenschlange	0.10139099848567265
sperma	0.1010903021844931
rohrstock	0.10088520712465741
arschfick	0.10071069634684664
brüsten	0.10062666465539483
fotzenlecker	0.10050744179469322
mutterficker	0.10025601884170135
tippse	0.09977633614666145
kanacke	0.09946945600348636
lutschen	0.09893328565179461
anblasen	0.09857459937079216
vögeln	0.0980862718468683
miststück	0.09800515168899726
tunte	0.09746276984130726
spüren	0.0973928628789567
russin	0.09731122309999347
tussi	0.0972730069864729
lecken	0.09701638327572847
aussaugen	0.0969795808791637
arschgefickt	0.09635688261738501
drecksau	0.09626561772737227
rothaarig	0.09527507995696233
peitsche	0.09497395418830615
lümmel	0.09492776743718036
lustknabe	0.09491081312240299
fotzenknecht	0.09483351301891668
abblasen	0.09478749189130634
orgasmus	0.0947543111570388
schlappschwanz	0.09471983975074151
titte	0.09469742848500165
abspritzen	0.09469063586690202
arschgeburt	0.09466625824495548
nymphomanisch	0.0946597452805709
hundesohn	0.09395317802135891
schwuchtel	0.09382560575669276
anpissen	0.09376434935550676
abgewichst	0.09373599823119587
pimpern	0.09369416548260281
spalte	0.09368664085025626
prügel	0.09337620727625222
pissen	0.09275141099286435
durchficken	0.09270624865039732
frivol	0.09267753533389327
pisse	0.09239968417603492
schucken	0.09219833325760152
gedehnt	0.09169744694109505
spritzen	0.09150352076382684
missgeburt	0.09140432101738738
pummelig	0.09115755627936117
früchtchen	0.09050274287026182
ehrenlos	0.09011946099921313
lappen	0.09009377477327973
anmachspruch	0.08990002283011307
versohlen	0.08984593048152856
unrasiert	0.08954861882374383
spasti	0.08950313980153454
wixxer	0.08946370705344965
analkette	0.08939424360209476
blase	0.0891314251518858
bratze	0.08909777244087175
stricher	0.08818362007327711
dreckskind	0.08802047393578087
heftig	0.08791994324835391
hasch	0.08788307495539074
fickfehler	0.08704638713234636
sklaventreiberin	0.08699381375720937
dildo	0.08691657177168015
möse	0.08667157424334845
bepissen	0.08664406066544447
gelabber	0.08640828829837076
verrucht	0.08629572641253988
minusmensch	0.08585539546783713
spitzname	0.08572439437899596
missgestalt	0.08555705190012546
lutscher	0.08552874185286184
untermensch	0.08531388693433663
spackig	0.08507628216242222
stiefmutter	0.08475336075857952
kanalratte	0.08462481566323492
mannsweib	0.08454309302615605
nuttensohn	0.08431155911333978
hurentochter	0.08428971667784595
fettsack	0.08418995954161264
milchbubi	0.08370076556424089
japse	0.08369544182667496
zerficken	0.08361204112018189
mistkind	0.0834377810580668
feucht	0.08320521737889883
arschkind	0.08278082897610593
eingebildet	0.08274515834001998
eierkopf	0.08272586554634803
arschgesicht	0.08266889964084424
anlabern	0.08259974627798204
nuttenkind	0.08256576228364003
vollspast	0.08223474341116216
tucke	0.08206883040757389
kerle	0.08203513309316982
bespritzen	0.08202896868217162
abgehen	0.08181930357141458
einseifen	0.08176640506842603
ungeschminkt	0.08170972800901453
labersack	0.08129477214190936
schreckschraube	0.081169657332338
zicke	0.08102621570010812
geldgeil	0.08101461293814935
klingelstreich	0.08101150914158174
kacker	0.08060442533138146
dirne	0.08051407244497356
ungezogen	0.08051159995129015
dussel	0.0804129155403763
pottsau	0.08026505298912734
du	0.08021504466765038
toupieren	0.07980786291107557
selbstverliebt	0.07971778518046503
flachlegen	0.07966209518838846
nachname	0.079610503007003
legasthenikerin	0.07942655578793552
sackratte	0.07942276354630587
horrorfilm	0.07932193515400668
macker	0.0792939510975224
schirch	0.07920806926410637
unlustig	0.07899532590232423
schmock	0.07885344900181057
gutaussehend	0.07877842861562474
unfair	0.07869502972707916
labbern	0.0785168155176019
feuchten	0.07838861569392364
ohrwurm	0.07822813913011414
kackbratze	0.07821430562549875
schlingel	0.07800170011195326
verkackter	0.07777833634479261
haarig	0.07774215002708144
schwuler	0.07765136540441858
gammelig	0.0775792160211304
softporno	0.07757032430897585
sahneschnitte	0.07747169221675795
schleimer	0.07744200773747852
spacko	0.07720579094063917
abgefuckt	0.07706489578080736
strohdumm	0.07694928534062885
gottverdammt	0.0769035236294531
steif	0.0768713217077186
sackgesicht	0.0767930676334481
piercen	0.07678986726343336
gesichtselfmeter	0.07676132997293715
boah	0.0766804272210258
hartzen	0.07654686350482207
grindig	0.0765138474608306
übertrieben	0.07643014034571428
trottelig	0.07639662306865602
er	0.07624325669742155
arschgeige	0.07616253296280945
nackt	0.07612681027301417
unbefriedigt	0.07597411060191245
unhöflich	0.07591593027900011
zweideutig	0.07576121954620417
suff	0.07568048500410435
verkuppeln	0.07558981524314257
wütend	0.07547958226464044
schnitte	0.07547639011234193
saufabend	0.07543860072796454
unnötig	0.07543416804395107
untalentiert	0.07534508416913
affenarsch	0.07527657855849819
schnepfe	0.07526803039000342
arschlos	0.07521608043369027
zotteln	0.07521227159102807
melodramatisch	0.0751205741004844
schisser	0.07494574435924858
schlawiner	0.07492249504513138
schickse	0.07488901514015024
landei	0.07485223017591842
teufelsdreier	0.0748216007665989
raucherin	0.07481324248996296
abgehalftert	0.0748010665157827
pimpf	0.07472711101519658
hau	0.07471561107692737
bocken	0.07470550825778108
vegetarierin	0.07469234890202923
hackfresse	0.0746739182286517
gammler	0.07464116719536994
wuschelkopf	0.07463063883989818
flachwichser	0.07461620799782688
fetten	0.07449078701015772
verfickt	0.07440500650669116
grütze	0.07438156840699259
frischling	0.07437421503304527
morgenlatte	0.07418334473938375
verfressen	0.07412669113643375
kurven	0.07409768904012697
zwillingsschwester	0.0739017377772616
bart	0.07385153891646687
arschig	0.07365086403127877
prollig	0.07356377262905575
verdorben	0.07355088963002865
heulsuse	0.07354945146710935
bedeppert	0.07354202603358133
geschreie	0.0734357270713341
unchillig	0.07337010748229997
negerkuss	0.07337005122503434
stinkstiefel	0.07336858635147854
sickig	0.07335195236535876
entstellt	0.07332961511055652
alk	0.07311508497388722
nackig	0.0731060748605519
schiss	0.07303184779387498
nervös	0.07301234596548098
stalken	0.07299385092224706
backpfeife	0.07295185240809766
rüber	0.07289241108121956
ach	0.07288125809979105
ferkel	0.07283553689601374
petze	0.07283499864910138
garnichts	0.07276982360123234
nacktbaden	0.07274751387360112
behaarung	0.0727240391043327
dummerchen	0.0727223119497484
fresssack	0.07266790310085607
abmurksen	0.07255922944315478
spastiker	0.07248562555415634
headbangen	0.07241736844947275
verpissen	0.07228894462466036
intelligenzbestie	0.07213695021898074
ausrasten	0.0721129238441122
undefinierbar	0.07210172319914131
faltig	0.07209557875209208
schmatzen	0.07204394413871487
proll	0.07201098050639024
schwulenfeindlich	0.07199379793998424
rücksichtslos	0.0719679696585554
haaren	0.07194330754336727
schmutzfink	0.07191872222228829
memme	0.07188987449996655
egoistisch	0.07180443791010621
hyperaktiv	0.07179024499117273
abrasieren	0.07171910567020175
viech	0.07171702622338888
dialekt	0.07170721334623661
umbringen	0.07160555875091072
stupsen	0.07158881943715052
abkacken	0.07155780433943679
verficken	0.07152992576775263
gemein	0.07152376280872692
sonnenbank	0.07146325803153852
dickkopf	0.07128614771576815
labertasche	0.0712798792812914
dicklich	0.07125711788901974
babbeln	0.07115294825690768
woher	0.07109468489939015
entblocken	0.07107746675368683
spritze	0.07106718521373986
stinktier	0.07106677175477014
laufmasche	0.07106563538878444
schnecke	0.07099585248659972
lass	0.07094839288917792
spacken	0.07094268811827945
muttermal	0.07093169349074317
mund	0.07091601618418682
weichei	0.07090559007802842
pavian	0.07085622702077404
kimme	0.07083444565939587
buschschwein	0.07081448412751006
streber	0.07077162265700151
nuttendiesel	0.07076542043586538
unleidig	0.07075804719431375
besoffen	0.0706694393464106
hodensack	0.07065499203381448
koks	0.07062682316947848
kuhkaff	0.07058369300742938
dreckskerl	0.07056958616635658
strahl	0.07055548857761458
vollidiot	0.07044982391486684
unwohl	0.07044499106027928
klatsch	0.07036455167243515
vollbart	0.07032579693031753
gruslig	0.07025239895828903
penisbruch	0.07020766717527138
idiotin	0.07018219450496138
trulla	0.07017972868811873
halbglatze	0.0700533673792859
hinterlistig	0.06991258125264999
unmensch	0.06988413532007304
begrabbeln	0.06986599819025101
vorlaut	0.06978318589886844
necken	0.06977529489162361
ungeduscht	0.0697424844488396
talentfrei	0.06972104278031407
verlobte	0.0696834102403138
drecksack	0.06957692900471484
gruselig	0.06949564972886942
sindse	0.06947544509077978
pieseln	0.06946486966852398
angetrunken	0.06941295973590961
fatzke	0.06940740034840291
strafarbeit	0.06940132641277856
flitzpiepe	0.06938701385311301
flennen	0.06933999743656254
pennen	0.06928018576019224
sturmfrei	0.06927223485791381
glatzkopf	0.06918812812883408
neffe	0.0691594962783727
herzchen	0.06914446246054261
rubbeln	0.06910504989832088
schwein	0.0690724565339773
deprimiert	0.06905864452752287
hungrig	0.06905611937237528
schlabbern	0.06899110354907126
verschissen	0.06890016407797685
ankotzen	0.06889246248848771
frostbeule	0.06885827712646891
schrecklich	0.06885546465989226
schusselig	0.0687561783777897
sterbenskrank	0.06875451933437314
fliesentisch	0.0687499189396509
taschenbillard	0.06872921879410845
todmüde	0.06872235008599312
betrunken	0.06865739430674948
abklatsch	0.06860938813105016
bierschiss	0.06859093175450273
nein	0.0685593298618747
ungehobelt	0.06854470138022485
notschlachten	0.06853823249663094
nimmer	0.06848618456728627
pudern	0.06847953404901189
hampelmann	0.06846689819304054
putze	0.06843571550307116
beschwipst	0.06842849008678745
rotz	0.06839710623732977
schuft	0.0683945220148683
ziegenbart	0.06838481042873613
popel	0.06838330720340312
vieh	0.06838319899641622
fremd	0.06834201702111337
schmierig	0.06828382660160308
mistvieh	0.06824279650692314
wehleidig	0.06818878702636332
wehe	0.06818706883191313
untertreiben	0.06818587241205858
knarre	0.06816676656256397
herzlos	0.06812082558101924
heulen	0.0680995122980542
moppel	0.0680849284593524
erwachsen	0.06805625338014815
durstig	0.0680238277959053
unfreundlich	0.06801835880251784
asozialer	0.06801041054760287
melancholisch	0.06796211894743312
kratzig	0.06794182032208951
klamotte	0.06792533971836585
spruch	0.06789924564731892
grufti	0.06786491340900123
struppig	0.06784109862686986
verabscheut	0.06781745156014882
bisschen	0.0678081159233485
schlapp	0.06780589241039003
unsportlich	0.06771317968697116
farbenblind	0.06770794383784977
langweiler	0.06768774050136918
steinalt	0.0676736778901606
striemen	0.06761191368167303
matschbirne	0.06758708347609639
buschfunk	0.06745241829107146
konversation	0.06744656006468111
schmutzig	0.06742571255239821
beknackt	0.06736752511164203
dumpfbacke	0.06736051670253383
putzfimmel	0.06731436728581419
abschminken	0.06727446466504589
unlogisch	0.06718639508073784
petzen	0.0671686508994684
unabsichtlich	0.06714687103748154
pickel	0.06712114671181514
kopfnuss	0.06710205008825312
beule	0.06708129562264292
dusselig	0.06704339593245039
abgeneigt	0.06700764040029576
karre	0.06699818549138122
leberfleck	0.06697689005566704
brabbeln	0.06697681157052823
kirre	0.06695566562137786
hase	0.06692615388899623
weichklopfen	0.06691758136120109
verflucht	0.06687752472807625
bekritzeln	0.06686463399056242
gesabber	0.06685708019541603
schlaumeier	0.0668524117186168
kuhdorf	0.06683848169456924
waldschrat	0.06682809870972453
kotze	0.0668264488100869
quasseln	0.06682208540079349
ausgemergelt	0.06681877411593096
einsam	0.06680865847484191
hohlkopf	0.06679685225467515
zeugs	0.06679557030821899
mundfaul	0.0667839333900699
grimmig	0.06672124693058994
banause	0.06671578869124553
dorftrottel	0.06660857193782198
verkleiden	0.06660443704255249
plinse	0.0665285334024639
zeug	0.0665127116411378
sippschaft	0.06648297311738997
pinkeln	0.06644975370603998
undiszipliniert	0.06643905747239821
schwindelig	0.06638370773271755
witzbold	0.06629057692800491
herzschmerz	0.06624787599690786
arschbacke	0.06620807478095764
garstig	0.06615436074985329
bartstoppel	0.06615075277036739
weinerlich	0.06611007404466747
aggressiv	0.0660987077451667
miesepetrig	0.06604964698825447
schauder	0.06596145160011721
heimzahlen	0.0659265081471266
pejorativ	0.06590088224098789
blutmangel	0.06586059369114934
kaff	0.065845115213336
unterleib	0.06584362980599603
wehtun	0.06584312568907204
besaufen	0.0658312674734989
grenzdebil	0.06580531734169548
einfallslos	0.06580366228422041
krumm	0.06578489907971785
schnuppe	0.06573135974112645
holzkopf	0.06567388248273413
hohl	0.0656386151260775
begriffsstutzig	0.06561886242621867
moppelkotze	0.06561304811907429
heiser	0.06558451872150578
quasselstrippe	0.06552000343959596
abgedroschen	0.06544520928438555
kiffen	0.06542877341944646
hysterisch	0.06542368503474424
zeiger	0.06539580435195182
feigling	0.06535917075262526
weggehen	0.06534385569017975
zusammenhanglos	0.06530694176191548
frau	0.06529679863119243
altmodisch	0.06527683106807519
wampe	0.06526402302746336
topfpflanze	0.06525018164928852
egomane	0.06521492570547273
pappnase	0.06521311492818214
grunzen	0.0652124449013907
schwindlig	0.06520119679244314
milchtritt	0.06515714577857257
rechtschreibfehler	0.0651489596732292
deppert	0.0650925174019154
katze	0.06508616681345625
verkniffen	0.06508083755201893
sabbeln	0.06507730652866346
autsch	0.06505539994423616
kaltherzig	0.06505024073908877
zahnweh	0.06503716243348558
bauch	0.06503405308828235
schwachmat	0.06503175196438041
juckpulver	0.06501671664936083
waschlappen	0.06498210389171957
verziehen	0.06496911651336255
arschkriecher	0.06489850432363418
tratschen	0.06488085626452438
undankbar	0.0648799920485939
kusshand	0.06486447950147628
alkoholisch	0.0648601595596389
nebenmann	0.06483394068631505
husten	0.06480009756645531
irgendjemand	0.0647947967104659
scheusslich	0.06473028784494957
quatsch	0.0647297225932377
weiterrauchen	0.06470035760878821
desinteressiert	0.06469780221007948
unhygienisch	0.06469168648963342
diejenige	0.06468978173150822
schimpf	0.0646852926614315
knilch	0.06468394269564617
fragerei	0.06462696785398812
schubbern	0.06456284551828899
erwachsener	0.06453645508359186
sensibelchen	0.06450589117806799
verdutzt	0.06450222563237967
befruchten	0.06446461796328361
einbilden	0.06441509603814795
notschlachtung	0.06440892386121495
scherzkeks	0.0644038983748436
winzig	0.0644028382882533
weinend	0.0643827436754937
gekrakel	0.06434889484157849
tatschen	0.06430455449428153
hornbrille	0.06429210442594176
hinterlaufen	0.0642902609579221
furchtbar	0.06421950532539217
schlampig	0.06420333303043568
stirn	0.06419809301866686
miefen	0.06419307936799563
ratte	0.06419123058394384
rebellisch	0.06415774267454465
spucken	0.06409444312282163
flunsch	0.06408938712236088
stramm	0.06407608563649841
borstig	0.06407133068288834
kraulen	0.0640443234085514
lauthals	0.06401213876184211
schmiere	0.06397969318535503
wurscht	0.0638111129829046
allerwertester	0.06379456716816795
unterbuttern	0.06375786148013331
pupsen	0.06375775527091816
unterbelichtet	0.06375565425817895
katzendreck	0.0636707940343657
irrenanstalt	0.06365279419720718
anspannen	0.06365121949135732
zahnfee	0.06363049137648696
abschlagen	0.06361170057067966
zecke	0.06357176436902423
triefen	0.06355179116820023
seicht	0.0634824804658627
seltsam	0.06347945075816527
unwissend	0.06344359152388866
umkippen	0.06338528878137557
missraten	0.06338323480454994
kauleiste	0.06334562528780564
unscheinbar	0.06334234727897213
grobmotoriker	0.063327970517797
hucke	0.06330406383128502
schmerzhaft	0.06325492562050988
ungeschickt	0.06324083035636824
kopfschmerztablette	0.06322745321830196
unwirsch	0.0632153062279212
keiner	0.06317858328492187
alkoholiker	0.0631759839511616
herinnen	0.0631727312160528
warmduscher	0.06312243433897051
fressen	0.0630692456683892
unsittlich	0.06306869824337338
furztrocken	0.06305353038869232
jammerlappen	0.06304553101020946
gelbsucht	0.0630316218973871
spreche	0.06300761614981158
geschert	0.0629940428878999
zwerchfell	0.06299072593794222
ekel	0.06295010508669964
abtreiben	0.06294810600561468
erschrecken	0.06292808547407745
jaulen	0.06290260416575873
zahnstocher	0.06290199587945763
spaghettifresser	0.06286153813462149
schnapsleiche	0.06285111192045967
tarnung	0.0628439357284499
hinten	0.06283639957433329
versager	0.06281461140740772
zottelig	0.06277075250161729
kopp	0.0627554123957506
stutenbissig	0.06273239379606543
tennisarm	0.06272804277880757
ungesund	0.06270466357546929
hornochse	0.06267627018776743
wespe	0.06265625908525159
angewidert	0.06261029678878809
wedeln	0.06257813405208619
glied	0.06256056716350773
schwanzlos	0.06255965771803912
unbewusst	0.06250467323439841
schnake	0.06250212785690439
nageln	0.06249993496073247
inkontinent	0.062479219805935154
hopsen	0.06246692948236709
musikantenknochen	0.062403105438957544
hirnlos	0.06239861495848008
hintergedanke	0.0623887512064175
geisteskrank	0.06238651611154479
wisch	0.06238434772139726
abgefallen	0.06235297442398599
schmarrn	0.062317712413920326
siezen	0.06231769616574853
vertauschen	0.062310681291324034
knebeln	0.06230335318289265
schrullig	0.06226161120441847
begafft	0.062212445157857725
sippe	0.06221039126930456
latschen	0.062196316310196856
abtrocknen	0.06218978659290858
undankbarkeit	0.062137207922527825
primitiv	0.062094838155223826
blocken	0.062070274201597185
beinkleid	0.062027761226817635
anreden	0.06201765385513981
dekadent	0.06199967054432898
verzwickt	0.06192573935817178
hirn	0.06190350742045353
besorgt	0.06190197601007905
erriechen	0.061896636520368316
besinnungslosigkeit	0.06188251523508
regenwurm	0.06187245231492279
homophob	0.06186381787731982
boshaft	0.061777502032354006
oberfaul	0.06177298899695055
gequatsche	0.061747717335074385
ausspucken	0.061743734845238596
einlauf	0.06172123552047928
eiern	0.06170024960880268
pfeife	0.061542998018417415
zucken	0.06154175644520228
pusten	0.06150359153920917
schelm	0.061443354536008334
suppenkasper	0.06144194081678139
griesgram	0.06139214817455847
rammen	0.061391008473572484
korinthenkacker	0.06134840007185629
esel	0.06133055015389852
charakterlos	0.06132250110844725
klischee	0.061294790281400516
stuhlgang	0.06126079291632451
tattergreis	0.06124566531871165
schwamm	0.061231021552266666
sediert	0.06119811589078501
kokeln	0.0611947117074588
kastrieren	0.061169220032646986
blubbern	0.06108288780022614
fusel	0.06102705795744784
abstreiten	0.06096829116437782
wadenkrampf	0.06095838170658065
apathisch	0.06094913935093983
fanatisch	0.06094398012406423
vegetarier	0.06093794170787271
abknallen	0.06093101667205927
vergasen	0.06088812355986344
unsauber	0.06083609014222488
schubsen	0.060822915520949886
erektion	0.06079685814847602
anbellen	0.060780408727071515
legostein	0.06077785165453728
geschimpfe	0.06076438722383535
urinieren	0.060737735979262145
gebrabbel	0.06073641650812263
erguss	0.06070411554204347
windelweich	0.060664052189751114
eimer	0.060647543659698454
engstirnig	0.06061034257211938
schamlos	0.060582388801382565
duden	0.06053475571587319
homophon	0.060514284524147754
seelenstriptease	0.060372296011492445
tierchen	0.06036356308368348
zerhacken	0.060351665433324306
schulter	0.060313708991497135
kinderficker	0.06026714840357822
no-go	0.06016159569207384
wildsau	0.060002412407413525
stopfen	0.05994316147273802
schorf	0.05993046120521395
unterschwellig	0.05985174588054586
anagramm	0.059739698452809825
bewegungslos	0.05972652275056218
schwachkopf	0.05972054435272488
doppeldeutigkeit	0.0597084487963615
singsang	0.05969426679629411
daherreden	0.059689116548208014
wackelzahn	0.05968846513283677
verwachsen	0.05967701846559907
bierernst	0.0596288284104212
kotzbrocken	0.059538088955350524
pikiert	0.05950853240724274
schnauben	0.05950739777548151
stillos	0.05946402977312938
bespucken	0.0594549259923225
geifer	0.05943263379136971
aufblasen	0.05940467418521941
schmieren	0.059276652029701116
wutentbrannt	0.05925159396498234
verhohnepipeln	0.05922960178140228
sehnerv	0.059227612602953505
riechsalz	0.059216455245836463
kleiden	0.0591568676192463
keifen	0.059113549889109045
unappetitlich	0.05899843767288661
einklemmen	0.058938800983590174
deplatziert	0.05893563754518003
wessi	0.05892123937580659
schizophren	0.058893255531851374
zigarettenrauch	0.05886215205471135
verpetzen	0.058815620634080856
brechmittel	0.05874409587596494
trollen	0.058698335081243114
stimmlage	0.058608114688404926
hochtrabend	0.05855981528292596
herumhacken	0.05841442494991483
charakterschwach	0.058227706396670485
verwickeln	0.05814811209742179
verzapfen	0.05769557235482494
profilneurose	0.057511093153206266
verkopft	0.05724362964126407
witzfigur	0.0570672033256825
wurstblatt	0.05693620818943574
rechthaberisch	0.056862423458003575
unverständlich	0.05676047493068784
schauderhaft	0.05672433845157417
inkorrekt	0.05669229399818669
unehrlich	0.056445150985626184
inkonsistenz	0.05642004866825513
unzivilisiert	0.0563389004811868
genieren	0.05632383743991772
taubstumm	0.05608566057830517
kleinkariert	0.0556855002580792
narzisst	0.05504054208281047
sprechdurchfall	0.054747544988108694
erzkonservativ	0.05370764102771647
