sexsklavin	0.1359046212969202
transe	0.13078116701383233
spanner	0.13009806250126046
bengel	0.12990604975548906
schlampen	0.12613797169317423
fetisch	0.12427285202378088
prengel	0.12385032979063071
extase	0.12344897682466514
fotzen	0.12218712895030796
strippen	0.12012503094468231
arschficker	0.12009002349821415
flittchen	0.11971476812007838
ficken	0.11932600165195985
schwanzlutscher	0.11691390258764983
blasen	0.11668782195741173
arschfick	0.11602367697967045
sperma	0.11546976684897042
knackarsch	0.11538265002507946
notgeil	0.11497539852667933
fotzenlecker	0.1141826305487168
nymphoman	0.11304118238115432
anblasen	0.11292979004314077
kanacke	0.11273058080230312
lümmel	0.11200165908677699
brillenschlange	0.11153366705588799
rohrstock	0.11144898557935456
arschgefickt	0.11106628022379242
lutschen	0.11094292427798438
tunte	0.11088062493614155
vögeln	0.11084260524900987
tippse	0.11070811734712764
stöhnen	0.11026368871204197
miststück	0.10964054910651144
lecken	0.10882544243528883
mutterficker	0.10871783887299862
russin	0.10860867099713178
brüsten	0.10842281998539685
abspritzen	0.10835560803918418
spüren	0.10787615699518735
abgewichst	0.10715553081834589
hundesohn	0.10690647750638468
tussi	0.10687201169260156
aussaugen	0.10684872534051992
orgasmus	0.10612441788334373
lustknabe	0.10605955896776649
pisse	0.1059347820954755
durchficken	0.10589328857917941
schucken	0.10588088509072581
anpissen	0.10553929512837476
fotzenknecht	0.10551330389792467
schwuchtel	0.10549425078432333
arschgeburt	0.10539698656499992
rothaarig	0.1053351049679688
abblasen	0.10526881223839162
schlappschwanz	0.10508471617435938
peitsche	0.10502371290414424
gedehnt	0.10492822950961285
pissen	0.10492450846108295
prügel	0.10393652860759714
frivol	0.10378092604040785
titte	0.10372447991943824
früchtchen	0.1035665115559011
spalte	0.10345442918077559
pimpern	0.10315173091719915
analkette	0.10307132185611406
spritzen	0.1022703151456162
ehrenlos	0.1020023535715279
nymphomanisch	0.10144393060804771
blase	0.10126867691596517
dildo	0.10066643969938806
anmachspruch	0.09976031008426221
pummelig	0.09965801655267949
wixxer	0.09948441835280306
stricher	0.09914687449935573
spasti	0.09910507224028887
versohlen	0.09904448394414404
minusmensch	0.09873779115778461
unrasiert	0.09846579323941161
bratze	0.09752237567369298
lappen	0.09750017484461139
heftig	0.09685840329222688
fickfehler	0.09664704579159888
untermensch	0.09613361697646103
missgestalt	0.09607744340679317
dreckskind	0.09590290355599242
gelabber	0.09566109420686207
nuttensohn	0.09556006181822169
bepissen	0.09550864261824045
lutscher	0.09537945980195284
hasch	0.0947027652152312
hurentochter	0.09448492796970834
stiefmutter	0.09394451189584503
spitzname	0.09368413897353353
sklaventreiberin	0.09361313269823723
mistkind	0.09359852299605705
verrucht	0.09342894604193684
tucke	0.09303705503507076
fettsack	0.09291532867990109
arschgesicht	0.09275663912790172
nuttenkind	0.0926518712804196
eierkopf	0.09261852083626036
kanalratte	0.09220580020720391
mannsweib	0.09208310204430839
anlabern	0.0919712620000021
milchbubi	0.09173058590045403
spackig	0.09145034241761013
japse	0.09126297926500294
zerficken	0.09110932715998998
vollspast	0.0910815444446371
eingebildet	0.0910055976862235
bespritzen	0.09088142252974615
einseifen	0.09081832849199538
feucht	0.09055575410392779
schreckschraube	0.09035290145556647
dirne	0.09034310804383111
kerle	0.09024902419380804
ungezogen	0.09008736459139177
labersack	0.08946977406052517
du	0.089443414502791
abgehen	0.08930959938277909
arschkind	0.08927431175532985
klingelstreich	0.08915971953632468
zicke	0.08906356335856085
dussel	0.08904482908956926
legasthenikerin	0.089043804849611
geldgeil	0.08892389709218683
ungeschminkt	0.08879950374868296
pottsau	0.08854373038081258
flachlegen	0.08836426090059647
kacker	0.08794544187270971
selbstverliebt	0.08782504433751007
nachname	0.08776572933578604
labbern	0.08761111726327699
sackratte	0.08761013877599634
macker	0.08749282876412778
kackbratze	0.08719331365980883
unlustig	0.08713702684839159
unfair	0.08701766578461777
horrorfilm	0.08697594807080845
lockenkopf	0.08688853419524908
feuchten	0.08686342947353325
gutaussehend	0.08666759439799265
schmock	0.0865811621971289
schwuler	0.08646509232453424
toupieren	0.08616697061970677
würgen	0.08606681281460689
haarig	0.08567679743738106
schirch	0.08561154554795905
softporno	0.0855944906928949
schlingel	0.0855093894222412
schleimer	0.08544535413560417
gottverdammt	0.08538294304087707
spacko	0.08527345305368647
verkackter	0.08509575402857267
strohdumm	0.08493237288412273
abgehalftert	0.08489928444009938
boah	0.0848465105458347
abgefuckt	0.084785676376038
ohrwurm	0.08475090350999814
er	0.08474055584296368
sackgesicht	0.0847312556779562
steif	0.08468267095942059
gesichtselfmeter	0.08448153416113485
trottelig	0.08443610743507579
sahneschnitte	0.08432098401594186
grütze	0.08420302619259787
arschgeige	0.08409230579438581
verkuppeln	0.0840577719802487
fettarsch	0.08399983179504107
gammelig	0.08388646519998408
hartzen	0.08385421709965375
nackt	0.08382896919917766
übertrieben	0.08371273686014584
schnepfe	0.08369220154105388
landei	0.08365690346342336
pimmelgesicht	0.08354166664597058
unhöflich	0.08345993795350849
bart	0.0834442492271784
piercen	0.08334495268323817
zweideutig	0.08328946941823742
unnötig	0.08327775110080658
melodramatisch	0.08323320022767859
untalentiert	0.08322038051911025
unbefriedigt	0.08319129363029537
wütend	0.08317232005020862
schisser	0.08310413746906292
affenarsch	0.08294998428053606
frischling	0.08280673601952311
schlawiner	0.08270601640547574
teufelsdreier	0.0826444567033005
hackfresse	0.0826414551732496
grindig	0.08260509208799051
fetten	0.08244557212376159
nacktbaden	0.08240612650063521
bocken	0.08235431173531053
arschlos	0.08229135170213488
verfickt	0.08227983829378008
saufabend	0.08225528024155833
schnitte	0.08225353255688808
schickse	0.0821915683852227
pimpf	0.08215193789232367
morgenlatte	0.08203241355611314
flachwichser	0.08200596354821271
suff	0.08196100721109849
gammler	0.08193460082429703
vegetarierin	0.08190776164910404
backpfeife	0.081810160869892
wuschelkopf	0.08175868423168466
zwillingsschwester	0.08165295762233181
zotteln	0.08163807766500748
verfressen	0.0815707484005566
heulsuse	0.08154374353666399
raucherin	0.08148015936606459
prollig	0.08146822903059654
verdorben	0.08142995424012209
kurven	0.0812293314738801
stinkstiefel	0.08117895009604775
arschig	0.08109879645805998
entstellt	0.08106707375827202
hau	0.08100423255046939
geschreie	0.08069043003980489
garnichts	0.08068207556169156
behaarung	0.080672366422216
negerkuss	0.08064775074988997
ferkel	0.08054298813834986
nackig	0.08053476334467408
sickig	0.08052505027850002
bedeppert	0.0804904993457881
schiss	0.08044918660198438
abmurksen	0.08039868260262678
ach	0.08033480716307438
petze	0.08030192481562884
verpissen	0.08022139463882441
schwulenfeindlich	0.08012350468429462
spastiker	0.08010896025727185
dummerchen	0.08008411602692632
dreckskerl	0.08002677864150415
schmutzfink	0.0799550805031009
verlobte	0.07980834947028126
mann	0.07979100733180426
undefinierbar	0.07978947919120682
unchillig	0.07968117443644997
rücksichtslos	0.07965064677497832
intelligenzbestie	0.07961884856717048
fresssack	0.07961726879019271
umbringen	0.07956969812597485
memme	0.07953580039381672
haaren	0.07952751136004649
stalken	0.07938483304020323
dialekt	0.07936949089517789
faltig	0.07936380239548217
strumpfhose	0.07934352577396526
schmatzen	0.07933352729969212
ausrasten	0.07931123444014597
alk	0.07930208450495964
nervös	0.07929479686993249
rüber	0.07925577715300494
proll	0.07914954983145102
viech	0.07909759548072423
dickkopf	0.07905011996015611
kuss	0.07899173524890711
hyperaktiv	0.07896338374790064
abrasieren	0.07896317389801037
schnecke	0.07892332110755539
gemein	0.07890293095623989
labertasche	0.07886778778042709
pavian	0.07879423521493636
stupsen	0.07877244213528464
dicklich	0.07875078717258899
verficken	0.07871743819742207
kimme	0.07867297408744679
headbangen	0.07867112957805453
woher	0.07858736946123869
mund	0.07858215966861161
abkacken	0.07858128466137694
spritze	0.07851586773743303
spacken	0.07847854225806306
babbeln	0.07837498088328715
aufgeregt	0.07835227427268865
strahl	0.07824553551878687
buschschwein	0.07823401493889373
weichei	0.07822776854471553
hodensack	0.07821357215951222
wildenbruch	0.0781960266664325
besoffen	0.07815796401278204
vollbart	0.07812634294996303
entblocken	0.07809184624669914
streber	0.07805511692868825
unwohl	0.07797850536005015
stinktier	0.07796215727339731
kuhkaff	0.07794089257754677
penisbruch	0.07791773577110116
lass	0.07789310960975915
sack	0.07787983760514541
idiotin	0.07785494985225756
unleidig	0.07784782531715038
muttermal	0.07783587912252625
sonnenbank	0.07782067277021182
vorlaut	0.07767749261455344
halbglatze	0.07762505220245211
laufmasche	0.07759586997392395
nuttendiesel	0.07757044314419355
hinterlistig	0.07756677939303594
talentfrei	0.077515657057696
trulla	0.07742809995296156
necken	0.07740807012301767
koks	0.07737725691822336
unmensch	0.07733771763044939
war	0.07727150700503398
drecksack	0.07725375528895567
gruslig	0.0772281779357703
moppel	0.07718156173560439
neffe	0.07712152937710162
dreh	0.07692702749386236
klatsch	0.07685976289240037
schwulenbar	0.0768057888857294
gruselig	0.07678255241384872
flitzpiepe	0.07671014515507736
glatzkopf	0.07670240759684292
sindse	0.07669934812929236
fatzke	0.07667483761319241
flennen	0.07659359601253674
abklatsch	0.07655972058864817
ungeduscht	0.07654787225449063
fliesentisch	0.07650218237183881
strafarbeit	0.07636122626505028
schwein	0.07633937157863399
nappel	0.07629435879353973
verschissen	0.07623884274200171
deprimiert	0.0762027252073271
begrabbeln	0.07619205526899007
ankotzen	0.07618230654385885
angetrunken	0.07616066673007281
schrecklich	0.07610585129589892
fremd	0.07602433988114496
hampelmann	0.0760093047050832
schmierig	0.07591007693291807
pieseln	0.07588376857168697
herzchen	0.07585730881588548
asozialer	0.07584438491393623
nein	0.07579327653613309
betrunken	0.07575911133161578
rubbeln	0.07573646150215535
schuft	0.07570517219190466
nimmer	0.07569964642183441
menno	0.07568483958933707
taschenbillard	0.07567333651203033
sterbenskrank	0.07566699940305645
pudern	0.0755546661384505
notschlachten	0.07553346555687007
japanisch	0.07552921928764121
grufti	0.0754859990550243
verkacken	0.0754812040438653
abgeneigt	0.07543095773456297
pennen	0.07542771855341888
schusselig	0.07541964884292565
sturmfrei	0.07541823699631589
knarre	0.07541727798654675
herzlos	0.07538110786881501
wehleidig	0.0753806109710117
verabscheut	0.07534856721093415
heulen	0.0753402000605609
ungehobelt	0.07532734934796227
gebrechlich	0.07532622058324051
ziegenbart	0.07531089114671329
untertreiben	0.07530840486521384
unfreundlich	0.07528946431988363
rotz	0.07527523732091712
schlabbern	0.07526558340019938
bierschiss	0.07524172693255918
popel	0.07522621734180422
erwachsen	0.07521442021250808
wehe	0.07521424780305876
hungrig	0.07516904950015356
frostbeule	0.07513461487300903
spruch	0.07510377180855154
langweiler	0.07510170459970583
vieh	0.07507713389696108
dumpfbacke	0.07502393515004045
unsportlich	0.07499907426646595
fremdschämen	0.07498312020332465
mistvieh	0.07498078051428494
beschwipst	0.07493231658274833
zusehen	0.07492094750359925
farbenblind	0.07490330303643139
schmutzig	0.07484347100216793
bisschen	0.0748141454840557
konversation	0.07477421973361871
melancholisch	0.07476018327132958
todmüde	0.0747464754389587
klamotte	0.07473473332472987
putze	0.07471002720362575
durstig	0.07469334819324966
steinalt	0.07467849061722383
petzen	0.07463186037585877
beknackt	0.07459935990332733
kratzig	0.07458807587076122
mal	0.07454710047380803
schlapp	0.07453422511718444
lahmarschig	0.07453243748810975
schlaumeier	0.07452181839991905
unlogisch	0.0744371352680501
schlosshund	0.07441017992564504
buschfunk	0.07436595545573517
anorektisch	0.07433098591013923
striemen	0.0743154307984131
dusselig	0.07430067375424072
kopfnuss	0.07428278581575903
matschbirne	0.07425946448653602
aufgeweckt	0.07425547093131053
dfv	0.07414714036201646
einsam	0.07413077252221963
hohlkopf	0.07413069848618267
struppig	0.07412520842998152
hach	0.07408899457523747
vermissen	0.07408160085739608
unabsichtlich	0.07407608886248683
putzfimmel	0.07406191485660335
ausgemergelt	0.07404073687305518
bema	0.07401688046832515
bekritzeln	0.07400774627310877
abschminken	0.07395721047700596
kirre	0.0739548358539024
banause	0.0738979361555883
dorftrottel	0.07389210913802607
pejorativ	0.07388850841669228
grimmig	0.07388129905094933
brabbeln	0.0738611873363863
quatschen	0.07383794114647144
hase	0.07383522017297808
kotze	0.07382278472941761
waldschrat	0.07382061371942962
sippschaft	0.0738084164539771
leberfleck	0.07379594429955448
wahnsinnig	0.07377763232972709
kuhdorf	0.07368419685276238
pickel	0.07367610856935378
beule	0.07367497321567266
undiszipliniert	0.07363987854261005
quasseln	0.07362041437336324
animalia	0.07360341110550044
balsa	0.0735685605402449
pinkeln	0.07354647865448632
verkleiden	0.07351937451442382
karre	0.07348727157518192
zeugs	0.07345727014154921
herzschmerz	0.07343282240231624
abwesend	0.07334644189166119
gesabber	0.073343243265231
witzbold	0.07333530610101949
freistunde	0.0733186098003303
langweilen	0.07329787713385798
weinerlich	0.07327136534230962
zeug	0.07323491859886173
bartstoppel	0.07318592347709298
unterleib	0.07317819674104195
blutmangel	0.07314265872045178
bizarr	0.07313935635448401
frau	0.07312560947695977
komma	0.07310929482902964
weichklopfen	0.07310228043548209
aggressiv	0.07309813943214392
holzkopf	0.07308551534122984
grottig	0.07306823458301052
garstig	0.07306475521917326
begriffsstutzig	0.0730502428713304
arschbacke	0.07304408355265603
ärgern	0.07303795528950216
wehtun	0.07303704851849437
einfallslos	0.07300678767326364
feigling	0.07300499540552949
spontan	0.07298695023474387
schwindelig	0.07294982811002916
heimzahlen	0.07293358422599396
mundfaul	0.07290472932509148
abgedroschen	0.07285712069160523
grenzdebil	0.0728499374748511
gammeln	0.07284173040613896
mückenstich	0.07282832134444689
singen	0.072794758554326
anstrengend	0.07278115509261503
nass	0.07278023728110158
plinse	0.07276182014083922
miesepetrig	0.07274908935977235
schnuppe	0.07274429839430768
kiffen	0.07274275163237486
abgehoben	0.07270881505231822
quasselstrippe	0.07267523580077433
moppelkotze	0.07267116552111746
schauder	0.07266614474882799
krumm	0.0726600641434732
egomane	0.07265882027301157
heiser	0.07265605342014488
hohl	0.0726287614437086
liebeskummer	0.07258920904326215
arschkriecher	0.07255753445273223
besaufen	0.07255224707272022
niemand	0.07254838475999613
untreu	0.07254238576448294
hysterisch	0.07252554918805658
bequatschen	0.07250747864876006
altmodisch	0.07246323513458792
kaltherzig	0.07243765934751947
deppert	0.0724103615199764
rechtschreibfehler	0.07237530877154731
sabbeln	0.07236657316260951
belabern	0.07232788559204636
ungewohnt	0.07231983326455345
undankbar	0.07228828593665236
rumgammeln	0.07226515577386654
zusammenhanglos	0.0722123706010504
pappnase	0.07219284915601916
grunzen	0.07216266718026557
schwachmat	0.07214212260282167
weggehen	0.07213939712913349
wampe	0.0721309992586427
sterbenslangweilig	0.07207115012152857
zeiger	0.07206672824338914
verkniffen	0.07204465991268945
nebenmann	0.07204435405186577
fragerei	0.07202022913041033
topfpflanze	0.07199163360746469
verziehen	0.07198005691581184
schimpf	0.071971060443914
kaff	0.07192664479535765
waschlappen	0.07191723415804328
rausgeschmissen	0.07190676610796363
tratschen	0.07190284488615444
autsch	0.07188160586149124
alleine	0.07187691947799797
stramm	0.0718235948610411
fertigmachen	0.07181917426138953
desinteressiert	0.07181893031518156
kusshand	0.07181560077968951
schwindlig	0.07179568058284952
hinterlaufen	0.07179140946938992
diejenige	0.0717808810576058
befruchten	0.07177306332013417
weiterrauchen	0.0717433884795151
sensibelchen	0.07172448926027686
quatsch	0.07171950730849129
katze	0.07170964505202103
kranker	0.0716866249023951
irgendjemand	0.07165677814248067
duschen	0.07162408473561822
schrott	0.0715863948379445
schieflaufen	0.07157502335088417
einbilden	0.07155150404317671
gekrakel	0.07155144203086196
einschlafen	0.0715358352587104
erwachsener	0.07152442238209508
schlampig	0.07151086070849991
scheusslich	0.07150749129925377
verkloppen	0.0714998778504501
seicht	0.07148254668463011
drogenfrei	0.07147887532054897
bauch	0.07145660634034441
knilch	0.07143960016285715
spreche	0.07141189286219941
scherzkeks	0.07140989711343665
gemach	0.07136340685724182
milchtritt	0.07134989176660662
verdutzt	0.07129557420830933
unterbuttern	0.07128752709621679
huch	0.07125592631380663
unhygienisch	0.07119874712576027
abgeschwollen	0.07116898004847634
furchtbar	0.07115227414663261
zahnweh	0.07115224568760263
juckpulver	0.07114048305375621
hornbrille	0.07110944604368086
weinend	0.0711058431989598
unterbelichtet	0.07110326673024255
alkoholisch	0.07108195955925124
spucken	0.07107995073903492
flitschen	0.07103935773269661
rebellisch	0.07100824474376037
ratte	0.07099499266388187
stirn	0.0709899756630894
nervenzusammenbruch	0.07098700131145094
winzig	0.07096188729775584
anstrengen	0.07093480260272814
husten	0.07090856689534425
irrenanstalt	0.07090777344439954
wurscht	0.07089893831704967
arschkalt	0.07087120598243261
ausknocken	0.07085977082629691
lauthals	0.070852665870827
schubbern	0.0708371360192146
hucke	0.0707807974708528
miefen	0.0707769453688446
notschlachtung	0.0707561098510585
ehemann	0.07068987160681324
pickelgesicht	0.07068316740974809
zahnfee	0.07062509138775126
katzendreck	0.07062351038387658
unsittlich	0.07061407702463852
kartoffel	0.0705862083731574
schmu	0.07055808033933493
abtreiben	0.07054814713680035
tatschen	0.07053050341441097
zeitlang	0.0705172616127011
auwei	0.07048469970979626
unwissend	0.07048411478052206
fuchsteufelswild	0.07044070699624688
zecke	0.0704331189742473
aufbleiben	0.07043224325119941
seltsam	0.07040687732268978
abschlagen	0.07040013598548459
flunsch	0.07039810084566395
verschlagen	0.07039531640238086
tragisch	0.07039014162442198
missraten	0.0703284974052403
pupsen	0.07031489021092507
borstig	0.07031341460324174
teleportieren	0.0703074437640481
platt	0.07030301258971278
druckstelle	0.07029570303884783
gelbsucht	0.07029544660346605
besorgt	0.07028288755078319
jammerlappen	0.07027359020161257
kraulen	0.07027253537077026
runter	0.0702518819037158
lästig	0.07024788555660003
ungeschickt	0.07023776257559464
schmerzhaft	0.07023246943626449
umkippen	0.07017200786280418
spaghettifresser	0.07017109132138215
allerwertester	0.07016110993659627
alkoholiker	0.07016106282831443
schnapsleiche	0.07015801184317763
schmiere	0.07012350553704573
warmduscher	0.07010720427104782
geschert	0.07009510904004711
keiner	0.07005520790431932
schnappatmung	0.0700499170789775
grobmotoriker	0.07002534219977022
unwirsch	0.07001985396899503
elendig	0.07001646465962337
gesabbel	0.07000816068806592
knebeln	0.0699944396521652
undankbarkeit	0.06995891335294958
unscheinbar	0.06991027324198588
ekel	0.06989045091115295
uninteressant	0.06986568351045049
triefen	0.0698584882468294
raus	0.06984225331197493
nageln	0.06983416825336407
schlag	0.0698311862109665
angewidert	0.06982014091921553
hinlegen	0.06981913205077214
unpraktisch	0.06977903456993852
kauleiste	0.06977781198165887
unscharf	0.06977307398307561
anspannen	0.06975361395692489
brandblase	0.0697204740248122
geisteskrank	0.06971936070062873
aufkreuzen	0.06970575676992315
etepetete	0.06970041103253165
tarnung	0.06969340413663214
liebesbeweis	0.06969029469517268
siezen	0.06966991976358758
aufreibend	0.06965348139916457
fressen	0.06964907135144
sterblicher	0.06964367345064801
zwerchfell	0.06963202178997284
jaulen	0.06963087273854643
unpassend	0.06959690264811075
hintergedanke	0.06957540076729465
kompliziert	0.06956450988906275
frustrierend	0.0695566247516296
hornochse	0.06955579321602702
erschrecken	0.06955227764381318
schwanzlos	0.06949146182900649
vergessen	0.06948817280697148
glied	0.06947659537450784
auweh	0.0694582212296436
schnupfen	0.06944679351852705
unbewusst	0.06944348905708249
hirnlos	0.06943055548971926
hinten	0.06941591348209321
aufregen	0.06941450657521292
herinnen	0.06941145314909343
unmotiviertheit	0.06939201590471397
schrullig	0.06937570445186891
sippe	0.06936512923657881
wedeln	0.06933077693143941
primitiv	0.06932526227093101
boshaft	0.06931665828623017
antialkoholiker	0.06931081581207967
aufstehen	0.06930740191282027
dusslig	0.06930410056987411
fliege	0.0692873638316524
kopfschmerztablette	0.06928041033591704
vertauschen	0.06926937389589335
schreibfaul	0.06926492696590293
zahnstocher	0.06925499675919558
gnadenschuss	0.06925396239875985
inkontinent	0.06925372364425614
endprodukt	0.06925241644037118
schmarrn	0.06924611484297441
tennisarm	0.0692416140250484
ungesund	0.06922629463296032
homophob	0.06918630319980962
furztrocken	0.06916623398862408
anreden	0.0691505815971049
schnake	0.06914679262749429
widerstehen	0.06913969559380005
stutenbissig	0.06911369923362379
wespe	0.06909661958572179
zottelig	0.06909481779072849
versehen	0.069091135898737
abfallen	0.06905385867848501
grottenschlecht	0.06902588334252062
kopp	0.0690226964448997
vollkommen	0.06902003570779273
juckeln	0.06901879380892134
fluchen	0.06900878200858512
platzangst	0.06899223840465599
unwichtig	0.06898179844620898
charakterlos	0.06894471951338559
begafft	0.06891307097341492
leidtun	0.06888870391261946
abgefallen	0.0688883137854444
weglaufen	0.06888806634459242
unangenehm	0.06887500008403222
stuss	0.06884370348147519
umstimmen	0.06884028220787286
abkratzen	0.06881360065357794
zeichnen	0.06880945786170428
hopsen	0.06879839436995216
blocken	0.06877147487633296
gequatsche	0.06870284213080047
hintreten	0.0686660228124909
trennungsschmerz	0.06865313126080493
musikantenknochen	0.06864236303606361
suppenkasper	0.06863871582448203
hirn	0.0686382273306212
panikattacke	0.06863798311313025
tattergreis	0.06863763478360393
chaotisch	0.06862806010524612
griesgram	0.0685839759298391
wisch	0.06856188478286013
kastrieren	0.06854049146334157
eiern	0.06854007682605252
esel	0.06851063802306478
korinthenkacker	0.06850640088848776
putzmann	0.06849078535593944
dekadent	0.0684903215319094
appetitlos	0.06848324194243202
grenzwertig	0.06848145265979551
versuchung	0.06847021270913038
auffallen	0.06846699116001402
zwiespalt	0.06844269415432191
regenwurm	0.06843939565111215
latschen	0.06843932586171635
schelm	0.06839636480162284
demotiviert	0.06838682961861621
beschiss	0.068383833605478
beschreien	0.06837227715168773
klischee	0.06836016141640137
meckern	0.06835515812231303
ungewollt	0.06833345117272314
oder	0.06833036376823466
morgenmuffel	0.06832476925464398
verzwickt	0.06831640198974352
verkriechen	0.06830400997223496
panisch	0.06830212168744271
aufscheuchen	0.06829833315423517
wackeln	0.06829096355324801
ertragen	0.06828742047101932
streng	0.06828218369509335
ablenken	0.06827494565226386
seelenstriptease	0.06827240593386494
eigenartig	0.06826185531434704
schamlos	0.06825385686781585
besucherritze	0.06823764012501553
windelweich	0.06823542166464928
wegziehen	0.06823456391052422
schlaf	0.06822943530573707
auweia	0.06822619931352307
pfeife	0.06822101790321493
daneben	0.06821904699051745
nachstellen	0.06821682430575834
ausspucken	0.06821158788737086
abtrocknen	0.06820579529471008
abstreiten	0.0681804651252898
beinkleid	0.06816430868792614
fanatisch	0.0681555639089107
verscherzen	0.06815151255970588
zucken	0.06814734248181673
manche	0.06812141819088692
besinnungslosigkeit	0.06811412255823952
dreck	0.06810584659050185
ochse	0.068101997602302
verletzlich	0.06806119117731416
merken	0.06804827612091428
nackend	0.06803731703319137
oberfaul	0.06799568236276951
geschimpfe	0.06798869934339519
erriechen	0.06798239605139482
gebrabbel	0.06796025420273849
berichtigen	0.06795543702899824
sediert	0.0679473114489905
einlauf	0.0679365159122962
rücken	0.06791707144981683
patzig	0.0679132112813274
wegfahren	0.06789787120677221
uralt	0.06789608535240269
vorrechnen	0.06789066831031433
verpeilen	0.0678882916885705
durcheinander	0.0678770385874822
stuhlgang	0.06785312894144353
medienhure	0.06784738086572185
engstirnig	0.06784148096853629
muss	0.06782397246021342
todkrank	0.06777485149076252
pusten	0.06777055204958918
weihnachtsmann	0.06776321967210433
idiotisch	0.06774902261946437
vergasen	0.06774579158236509
abraten	0.06774010668312239
schwamm	0.06773269109353255
sinnfrei	0.06772790110591348
flach	0.06772327729874343
dazwischenfunken	0.06771734033311881
abknallen	0.06771238471394128
verarzten	0.06769679751160396
unschön	0.06766771838669618
hektisch	0.0676494122661358
urinieren	0.06763842509923014
blubbern	0.06763474428442497
sinnlos	0.06763291936011893
duden	0.06762441862320835
erguss	0.06762197391937572
berieseln	0.0676143101918979
nagetier	0.06760059149242316
schmerzvoll	0.06758508563186921
unsauber	0.06758470348268619
irrsinnig	0.0675780898167072
zahnklempner	0.06755188216830595
herziehen	0.06754327809908824
schleiche	0.06753595118216411
synchron	0.06752646029457468
legostein	0.06751597245011656
verwirren	0.06751087022204846
kokeln	0.06750676245670399
rammen	0.06750224993152308
ablenkung	0.0674598394810394
weglassen	0.06745447388824044
umtauschen	0.06744909794493607
vegetarier	0.06742855995693063
nacheinander	0.06741204425604097
erektion	0.06740958056804959
apathisch	0.06739211625088658
bammel	0.06738092049140264
nachtfalter	0.0673803926292523
prostituieren	0.06736856866284462
schocken	0.06735514115562995
fleischwurst	0.06735214842369927
eingebung	0.06732489200638764
fusel	0.06731678764644132
misstrauisch	0.06729918448743806
muffeln	0.0672982970447546
beschweren	0.06729217465005817
kinderficker	0.067287556723073
schubsen	0.06726884026489245
gnadenlos	0.06725820250774515
schnarchen	0.06724514324831699
gegend	0.06724249819509483
ojemine	0.0671859147954342
behinderter	0.0671659025644037
ungehalten	0.06715784669540668
abrackern	0.06715409771857753
kabbeln	0.06714418802406272
seufzen	0.06714253507583245
miese	0.06714239515817663
verzweifelt	0.06713789161956062
no-go	0.06713013570752897
wildsau	0.06712523662440602
hinziehen	0.0670776491901927
maulen	0.06706614087768886
meerschwein	0.06705454888533299
pellen	0.06702968436336834
zwiegespalten	0.0670265354598619
anbellen	0.06701938410014446
ablassen	0.06701367116778928
undurchschaubar	0.0670120472987793
schieben	0.06699143779171032
pillepalle	0.06699037274721072
zwicken	0.06696763185971776
wadenkrampf	0.06695014816059307
seitenstechen	0.06692170941512698
winseln	0.06690882930522485
daherreden	0.06690786561422742
neid	0.06690664080501885
bierernst	0.06690313912040967
eimer	0.06690238882615909
verhohnepiepeln	0.06689772514806748
vollpfosten	0.06689348452914325
unterschwellig	0.06689222321025985
krabbeln	0.06688355428950939
schwachkopf	0.06684834410757196
vollnarkose	0.0668347674190142
pikiert	0.06682427545227886
zerhacken	0.06682204404692482
homophon	0.0668193434412091
saftladen	0.06681232438813328
bestrafung	0.06679498239214192
irrenhaus	0.06679106647317404
ruppig	0.06678394231858192
schulter	0.06678090973886204
triggern	0.0667614818412226
singsang	0.06675962848755987
phlegmatisch	0.06673718336264284
bude	0.06671272200030733
doppeldeutigkeit	0.06667456816490909
anagramm	0.0666745365726317
mimen	0.06667382553306121
tierchen	0.06665959061822017
antriebslos	0.06663116378628013
verfluchen	0.06662767151749356
haufen	0.0666017191216779
wackelzahn	0.06660092327241009
kratzen	0.06659263564483275
auseinandernehmen	0.0665925324911835
hoffnungslos	0.06658787606003934
vierteilen	0.06658125648253418
sklaventreiber	0.06655807318139645
vorhersehbar	0.06655323263951465
magenknurren	0.06654879731181318
luftnot	0.06654836760776996
qualle	0.06654544675240044
schrieb	0.06652954062822859
bespucken	0.06652522813968915
buckel	0.06652468053811923
kriechen	0.06651136900344612
ungebeten	0.06649355212620808
schmerzen	0.06648698970833175
schlafwandeln	0.06646822929438848
auftauchen	0.06646146521788604
fetzen	0.06645873000424962
aufschreien	0.06643771476081224
allgemeinwissen	0.06642095706009403
patschen	0.06641613666934336
wichteln	0.06638996361113615
kotzbrocken	0.06638211687053841
verdreckt	0.06637369119996545
amputieren	0.06635938331063078
tobsuchtsanfall	0.06635444066737034
totschlagen	0.06635231666101189
madig	0.06635039451747493
stopfen	0.06634939898403379
unbekleidet	0.0663070935302964
stillos	0.06627830908735866
erbrechen	0.06627512751955031
zotig	0.06625145546640468
schreck	0.06622309584108933
bisswunde	0.0662165990814707
lieblos	0.06621288966859247
belanglos	0.06620653259588545
sonnenstich	0.06618939009588826
verhohnepipeln	0.06617239351214704
geifer	0.06616625948481875
hageln	0.06612945627672456
profan	0.06610069895054323
schwachsinn	0.06609856732712477
verwachsen	0.06607940808523721
gassi	0.06605844545191293
samenbank	0.06605639457158843
blutig	0.06605632907724872
sehnerv	0.0660528445643866
hat	0.06604809111307182
senf	0.06604202656679407
einander	0.06602983226612043
halbfertig	0.06602465720199276
unbedacht	0.0660150347547189
verpetzen	0.06601498056742466
heruntergekommen	0.06600003843356102
schizophren	0.06598277159266189
pollenallergie	0.06596497933065357
wutentbrannt	0.06595862446884228
beschimpfen	0.0659431422645562
hochtrabend	0.06593571449909127
schorf	0.06593248583219989
vergammeln	0.06592313746078826
kippen	0.06592181354731153
schnauben	0.06590952073736643
grob	0.06588012730364366
unruhig	0.06587784450440837
wegkommen	0.06587200194720087
keifen	0.06586843731516615
bewegungslos	0.06585226140949334
knurren	0.06583643015652965
ehekrach	0.06583207196320015
unverheiratet	0.06580158243299353
nachtragen	0.06579057429419696
aufblasen	0.06578590496396275
ballern	0.06578497748745549
ungerecht	0.06578495653083696
brechmittel	0.06577206249533585
deplatziert	0.06576590262262239
brennspiritus	0.06573569563681035
herausfordern	0.0657300457850773
unappetitlich	0.06572238457219792
schniefnase	0.06570826791408867
morphium	0.06570100311989058
verbrannt	0.06569922156186087
verschimmeln	0.06568927085825332
unterbewusstsein	0.06567652077347208
leichtsinnigkeit	0.06565929342582552
wasserkopf	0.06564482585645252
wessi	0.06563317314056327
waschbrett	0.0656265994050225
beinhart	0.06561260871858497
anbrennen	0.06560439526268244
stimmlage	0.065602415845858
doppler-effekt	0.06559651577255013
charakterschwach	0.06558313696281202
ausschalten	0.0655705648271226
herumhacken	0.06556728884375634
kleiden	0.06555392692470276
finster	0.0655458047263014
pfote	0.06553763850791663
knoblauchgeruch	0.06553634759113812
unbedeutend	0.0655327699894609
gurgeln	0.06552176249746512
schmoren	0.0655184680540672
schmieren	0.06551659923031045
schmiss	0.06549950489416446
raufen	0.06548292236068468
anlassen	0.06547677865813177
verwickeln	0.06547082470809094
blutverlust	0.06546836395533363
weder	0.0654636378572955
stur	0.06545281219724974
knirps	0.06544447275392057
mitleiden	0.06543627475078255
qualvoll	0.06543615812829118
riechsalz	0.06539619641121873
verschwitzen	0.06538944139166014
unsicher	0.06534064095385385
versuchen	0.065331155537997
peitschenhieb	0.06530313833043172
kohlen	0.06527420011031852
unbeteiligt	0.06525123460304275
tieftraurig	0.06524098916873201
unhold	0.06524022907043947
trollen	0.06523857329443036
jammern	0.065214980500855
unaufgefordert	0.0651953699231777
ruckartig	0.06518330734759128
inkompetent	0.06514706167302851
muffensausen	0.06514439613510307
befremdlich	0.06514142374657265
kleingeld	0.06514036716404198
zwerg	0.06511318529231602
traumatisieren	0.06509173243979686
verzweifeln	0.06507587847208132
zimperlich	0.0650736535247977
abschreckend	0.06507128685958408
instinktiv	0.06503837594825727
wahnsinniger	0.06503004399567515
gedankenlos	0.06500663737636996
einklemmen	0.06500190889709744
entgegnen	0.06499563552238861
zugekokst	0.06498839513209667
holzbein	0.06496566496181147
unfreiwillig	0.06496207023739538
knopf	0.06495891595750293
kardiologin	0.06495450431265232
einbrennen	0.06494735905959616
verzapfen	0.06492284112965194
zumuten	0.06492277259356025
schweinerei	0.06491144025696395
abstellen	0.06488030266306197
zigarettenrauch	0.06486161740597952
schwangerschaftsstreifen	0.06486159879235798
narkose	0.06483838385376084
neudeutsch	0.06483738658569031
furchterregend	0.06482846520927787
spuken	0.06482755635532704
italiener	0.06481674401233602
unkorrekt	0.06481547798435634
hofnarr	0.06480392999883557
loswerden	0.06479872509496919
kurzsichtig	0.0647860067495949
schramme	0.06477056057582885
zerschneiden	0.06476555832916317
blutabnahme	0.06471111825091826
unfähig	0.06470623748082462
asthmaanfall	0.06470202987317179
blasenkatheter	0.06467689722437918
frustriert	0.06467637535816852
untergehen	0.06465896167282775
abschleppen	0.06465304502404093
handkantenschlag	0.0646522107164089
einzig	0.06465042454089623
abfackeln	0.06464033919602621
verletzen	0.06463682549554711
schlange	0.0646295829626757
neidhammel	0.0645843176258383
schnippeln	0.06458419184163752
zerfressen	0.06456227613901354
schmerzlich	0.06454881173368579
wunde	0.06454590762733084
larifari	0.06452946970975493
suboptimal	0.06452906260478253
ungeordnet	0.06452053081120912
missmutig	0.06451064637591924
meute	0.0645092196136675
krankschreiben	0.06450486935757606
verdummen	0.06447347136101109
unterentwickelt	0.06444800697408633
unfein	0.06443837599850963
kretin	0.06442069369149232
ausmisten	0.06441735467228922
prophylaktisch	0.06440899046756626
profilneurose	0.06440685051278114
abschreiben	0.06439584953457403
schlappen	0.06439176986051105
verwechseln	0.0643864290398361
einordnen	0.06437071739691128
malochen	0.06437063370032463
schummeln	0.06436363404595677
kullern	0.06436172358148937
zusammenbrechen	0.06435238527448249
zeitverschwendung	0.064342184094395
fehl	0.06428789943825389
preisschild	0.0642878579594996
disziplinlos	0.0642822651469613
wegtreten	0.06426607471473186
behelfen	0.06426526234792654
gewissen	0.06425613481160988
rechthaberisch	0.06425403221819281
herumwuseln	0.06425010401644045
dressieren	0.06420665600757443
hilflos	0.0641792403757364
unfreundlichkeit	0.06417127279192981
zeitgenosse	0.0640832365047488
verkopft	0.06407994351965927
einschlagen	0.06406882727520388
irritieren	0.0640661045477719
dackeln	0.064062275677979
ausbaden	0.06406187685212346
sterilisieren	0.06405592564373769
verscharren	0.0640461709562799
erahnen	0.06402855268199513
asoziale	0.06400904169027427
zahnfleisch	0.06399260021097207
kreislauf	0.06398146583918844
alphatier	0.0639789887547237
fremder	0.06393454154950222
sprachzentrum	0.06391931725155772
matsch	0.06389615875144673
steinigen	0.06389120156861541
hieb	0.06386795833107205
wurstblatt	0.06383825610759275
verachten	0.06382423529940112
sezieren	0.0638174640152497
widerspenstig	0.0638102759475253
entsetzlich	0.06378591258811385
witzfigur	0.06372241341264931
verhasst	0.06371639435631582
schmerz	0.06368772040965928
herumlungern	0.06368740226001736
verschimmelt	0.0636774785989389
kriegsverletzung	0.06367309605938751
gepfeffert	0.06366467787971238
selbstironie	0.06365988577324819
unverständlich	0.06365090323900643
achtlos	0.06363402995144453
schmackes	0.06363312307054177
meinerseits	0.06361925934288054
bekehren	0.06361766193675779
wuseln	0.06361429338309561
geiz	0.06360360951244079
soll	0.06358289946459479
trocknen	0.06356773263862403
unlesbar	0.06356182207524783
schaukeln	0.06354854856576161
enden	0.06354386930000953
giftig	0.06354006606701641
entbehren	0.0635371748715097
verwursten	0.06352902453558436
desillusioniert	0.06350845814340352
ausgestorben	0.06350196624591525
schreiberling	0.06350041316723268
erfrieren	0.06347902508443025
schinden	0.06347685344454267
krampfader	0.06346406143162674
provozieren	0.06345890924293611
missverstehen	0.0634537586726165
bekleckern	0.0634481998089899
vorgaukeln	0.06341971518664846
zetern	0.06341488424237282
schauderhaft	0.06341276047558862
heidenangst	0.06338248196776848
tyrannisieren	0.06337987548784217
instinkt	0.06337501064017217
metaphysisch	0.06336821209415129
unehrlich	0.06336676065346619
abdrehen	0.06336313317853624
sauhaufen	0.06335664211935245
zerren	0.06335314902041571
inkorrekt	0.06333819304339026
stecken	0.06327263770036322
streiterei	0.06326205990008243
meucheln	0.06325023455699105
furchen	0.06322442899255956
getrost	0.06322092365311197
leichtsinnig	0.06321259601157295
genieren	0.06319577973629067
unsympath	0.06319537973361143
glucksen	0.06316657053705102
stuhl	0.06316553007567799
anecken	0.06316384344892047
frotzeln	0.06312320668831534
inkonsistenz	0.06307212665235179
getier	0.06305945229715566
kontern	0.0630592911452343
flegel	0.06305682372764698
joghurtbecher	0.0630536598345809
ekelerregend	0.06302980639561083
stange	0.06302850281512175
alkoholpegel	0.06301747689690654
wischen	0.06301508229711573
taubstumm	0.06301363869388854
unterbrechen	0.06300668326068751
bedient	0.06299057936050022
verbaseln	0.0629825207801846
umnieten	0.0629774083993255
aufblitzen	0.06295444569462763
aufschlagen	0.06294247436606389
deinerseits	0.06292650246475288
unzivilisiert	0.06292646940538442
umgangssprache	0.06289794070757154
darmspiegelung	0.0628962002249808
dreistheit	0.06286970393337916
gefasel	0.06281908580308904
nachteil	0.06279925247748663
platschen	0.06278831806013564
abladen	0.06277393787689499
entzug	0.06277006884262991
verworren	0.06275734423370584
verarschung	0.06275722867582333
heimatsprache	0.06274119245950832
schielen	0.06273551181034952
verwerfen	0.06268954820736436
stottern	0.06267893638658209
paaren	0.06267707063183062
entmutigen	0.0626548742214915
leib	0.06263308998420865
y-chromosom	0.06262328522943585
mutieren	0.0626228687801699
kopfschmerz	0.06259780503786769
hypochonder	0.06258793993445982
ankreuzen	0.06258506917152966
schleppen	0.0625650967729236
versunken	0.06256437895003636
fruchtfliege	0.06255462061980607
beschnitten	0.06253922748243836
sarg	0.06253803321046769
vorurteil	0.06252252908701318
masochismus	0.0625218971843965
lasch	0.06251229337876038
hecheln	0.0625028536678257
auspeitschen	0.06248942986228481
folterinstrument	0.06248927492604464
anwesenheit	0.06248253381987642
denkfaul	0.06248190615140611
sesselfurzer	0.062463421981954044
zerbrechen	0.062459410367890954
verschwenden	0.062444964433546836
schimpfend	0.062433798762964
habenichts	0.06241471026660029
ellenlang	0.062412166252730786
niederschmetternd	0.062405463723897776
hexenschuss	0.062381809166945155
gesindel	0.062349815388361006
abneigung	0.062303048345792
kohle	0.06226899117361186
verlustangst	0.06225237523759389
schwingen	0.06224979330337201
blutlache	0.062231990908988497
poltern	0.06222849755807951
ersticken	0.06222627733268619
schrubben	0.06222191058061153
regenschirm	0.06221620233649203
zappeln	0.06221221634071134
agnostiker	0.062209479217662414
schmarren	0.062199016432937404
verrennen	0.06219105289436647
kehlkopf	0.06217390652855787
kleinkariert	0.06216523014744143
versumpfen	0.06215677850685929
scham	0.062156726894296854
speichellecker	0.06212166149856923
narzisst	0.062113703056796934
leeren	0.0620792999792416
unqualifiziert	0.06205110148951511
veralbern	0.062049385200282275
heuler	0.06204318531673386
umkommen	0.06201857305880442
zischen	0.06200592737958342
auseinandergehen	0.061991614276781105
sprechdurchfall	0.06198854950757672
zornig	0.06198439043997481
zerplatzen	0.06197360705996765
schuldige	0.061964030761826654
grausen	0.06196072729089106
ungenau	0.061958579918881915
unklug	0.06195702806358285
unbefriedigend	0.061951424138318896
stirne	0.06194398517914423
zerstreut	0.061935846779546874
voreilig	0.06192715098411865
verfetten	0.061905898493552984
zumutung	0.061880374555201414
schockierend	0.06187881862855887
kleinhirn	0.061870250523988306
behelligen	0.061838690059248004
palavern	0.06181672328986178
schlottern	0.06180719209830064
verwerflich	0.06178636056376472
arier	0.06178062707198162
hausieren	0.06176382125974402
freudlos	0.06175403587606722
lechzen	0.061731129947270556
kriegerisch	0.061727997173629236
konfrontieren	0.06171771123906553
verfallen	0.061693859167138966
antipathie	0.061687126057666096
qualmen	0.061678303251384646
verschieden	0.06167687670778833
frustrieren	0.06166603178742142
riskieren	0.061665332215095285
vorenthalten	0.06165694099747947
bestechen	0.06165186493027125
unterfordern	0.06165155547993398
umlegen	0.06162660587373551
heimleuchten	0.0616117419851152
unkontrolliert	0.06160858327898825
verschlingen	0.061606057768864256
pressen	0.06159637535596726
untertauchen	0.06157957016847644
streiten	0.06153850991394493
totenbett	0.06151392616400772
arbeitend	0.06151285777262397
marktschreier	0.06150485849190489
durchfallen	0.06149056694372288
gottlos	0.06148942653113831
bunsenbrenner	0.0614507168434059
pathologisch	0.06144682086824085
unterirdisch	0.06144559682561476
verachtet	0.061444528344450695
zweitrangig	0.061427745394899265
ersaufen	0.06142745232624444
hemmung	0.06142552800995188
vorwerfen	0.061413579430554616
melancholie	0.06141005228447121
erregen	0.061407272728853435
seitenhieb	0.06139329911130413
verhaken	0.06139072202533969
unachtsam	0.06133167581727877
kleinkriegen	0.061306590184495684
reklamieren	0.0612848252007201
freiwild	0.061266491649521804
ausspruch	0.0612604447505344
abreissen	0.06125958240435226
gottlob	0.061259485333943896
gerollt	0.06124394069730509
traurigkeit	0.06124076140041103
kranke	0.06122872714229454
verkeilen	0.06121276569832484
beunruhigend	0.06120821867252235
lobotomie	0.06120234896488617
zyniker	0.06120171733773489
fremdwort	0.06119419504079482
fernhalten	0.061191174406357
unversehens	0.06119104462354424
verzweiflung	0.06115598941592937
nebensatz	0.06115223582500815
buddeln	0.061146462967838065
gegenmittel	0.06114367281745428
ruinieren	0.061142426314718834
unbrauchbar	0.06113098077443298
sprachbarriere	0.06112529701113442
überflüssig	0.06111074026181001
unzufrieden	0.06109561587568765
eingehen	0.06107710775692401
androhen	0.06107581020848387
erschreckend	0.06106971061038703
arbeitslos	0.06105587147331345
abtun	0.061027647479600315
verlogen	0.06101676236220382
laie	0.06101153533171669
schlurfen	0.061001584530193574
teufelskreis	0.06100026183258047
kiste	0.06099308116036701
beichtstuhl	0.060975097489313505
leere	0.06097328557477099
hehl	0.06096794921654324
unliebsam	0.06096471321576972
auseinanderfallen	0.060962906864362044
wertlos	0.06094929728568223
zerteilen	0.06094469175528179
makel	0.06092863672707395
widerhaken	0.06091425998765306
unbewaffnet	0.06090689281899919
handgemenge	0.060902442580508455
buckeln	0.06090240466349973
haltbarkeitsdatum	0.06088166202385054
verbrennen	0.06085478238866819
verleiten	0.060851509293441686
lebensfremd	0.060823603540350636
zwingen	0.060822705178526365
nachgehen	0.06081496880853396
verdrecken	0.06080583549371913
abstumpfen	0.06079574326677837
schaudern	0.06079137967753404
heucheln	0.06077774957060348
spezies	0.06075197014956015
abkupfern	0.060745968342465026
hitzschlag	0.060705950451383474
aufplustern	0.06070491797637277
klappern	0.06066428761408433
aussichtslos	0.06065816173526509
verbohrt	0.06065273112559578
einerlei	0.06064920526976803
wollen	0.06064810731419602
verirren	0.06062108609895815
funken	0.06060599428833435
streichelzoo	0.06055267064835397
wursteln	0.060550070621318966
schlechtigkeit	0.06054043099488845
verschrecken	0.060527642767970125
lakonisch	0.06051047965822069
unsinnig	0.06048757808251757
wegsehen	0.06048078713622559
gesocks	0.06046820213901896
leugnen	0.060466273644123825
zahn	0.060458300797980924
abnutzen	0.060457354617553534
schwafeln	0.060435154475039034
laienhaft	0.06043345247312246
aufbringen	0.060433035538731195
erniedrigung	0.060421439403405254
verdecken	0.060416074528686414
schmonzes	0.060394657749109217
mangeln	0.06038932109634275
lynchen	0.060388100908311385
anbinden	0.060357403770865875
erzkonservativ	0.06033741465430437
unbewacht	0.06027785051571149
verspotten	0.060276165094008974
auslegen	0.06027564745954246
deppenleerzeichen	0.06026808669090774
neinsagen	0.06026724497300121
allgemeinbildung	0.060242429439045016
ausfluss	0.060228474290265115
verlustig	0.060225583006467215
unmoralisch	0.06022111949756342
trotten	0.060208864967977505
unterstreichen	0.06015452989939043
bedeutungslos	0.06011006140844157
schockieren	0.060083400096880554
einsamkeit	0.0600795592987857
aufwerfen	0.06003074264498608
scheinheiliger	0.060019499606405555
widerstreben	0.06000473385869433
feindselig	0.05999960195410655
lamentieren	0.05998085678842697
willentlich	0.0599696823223081
unding	0.05996047036665201
niedermetzeln	0.05994518864350362
fragesteller	0.05994200597468791
seinerseits	0.05993742687036187
penetranz	0.05993178783896963
bosheit	0.05992959765015519
selbstgerecht	0.059909421825475796
halbdunkel	0.05990415577293753
scheuklappe	0.05989633789159135
wischiwaschi	0.059889755867464374
unstimmigkeit	0.05987784049406705
gewehr	0.059850402535970855
aufgebracht	0.05984136598794715
unterlassen	0.05982138248722248
heillos	0.05976681899588308
prokrastination	0.05974641474231396
unterstellung	0.0597234242153706
denkweise	0.059713122636759666
plattmachen	0.05970893955155859
vergeuden	0.059642367594033345
tropf	0.05963740008781908
erblicken	0.05962230459397965
verschlampen	0.05960814940534994
elend	0.05960607813674008
sprechweise	0.05958977091440935
zwecklos	0.05958355895896433
entgleiten	0.05958227759236082
totschlagargument	0.059570097125430585
behandeln	0.05956212316153216
suggestiv	0.05955567880147851
bitterkeit	0.05952292215034049
moralkeule	0.05950492641647075
dereinst	0.05949281622355469
unrecht	0.059482135678038846
strafzettel	0.05947315775592658
fachchinesisch	0.059471375065574546
veraltet	0.05945814345383222
unsinn	0.059448334254851055
flatulenz	0.059428930899562
intrigieren	0.059427879568493394
ausgrenzen	0.05935830740244822
borniert	0.05934801866505301
ungerechtfertigt	0.05934083700505654
indiskutabel	0.059332875701068356
schlechtreden	0.05933110988652703
geistlos	0.059311100228682787
pfaffe	0.05929181599361811
erblinden	0.059283293750642355
undiplomatisch	0.0592677181698506
operieren	0.059256726506237235
fehlbar	0.059233724528194184
verschwurbelt	0.059219388850115656
foltern	0.059205917134911856
schonungslos	0.05919420776518762
archaisch	0.059188350145790464
sinnlosigkeit	0.05917133919312007
erschlaffen	0.059165288322283745
widersprechen	0.05915301211532095
genugtuung	0.05911301218482289
halbwissen	0.05910608553822313
bedrohlich	0.059091630079500926
abzocken	0.059075087746905335
verstummen	0.059072723914333124
hasskommentar	0.05904544250935692
kontraproduktiv	0.05903432994340522
eingrenzen	0.05902160860069545
vergesslichkeit	0.05901301071030652
einwenden	0.0590100118063032
watschen	0.05900974756088334
plebejer	0.059007305931767964
begehen	0.05899590483679924
schmarotzer	0.058938982630429494
unwillig	0.05889499603153326
destruktiv	0.0588860883146934
unsozial	0.05887986699470982
schweigen	0.05887265666413818
wogegen	0.058865001565456626
hemmschwelle	0.058826048799923834
verplempern	0.05882079994532422
verrotten	0.05880207127467058
unfug	0.058787125261420985
feind	0.05873625268292763
problematisch	0.0587209697775232
zensieren	0.058684875091937636
zahnlos	0.058682184522684436
krankheit	0.05867633672211461
zuwider	0.05866689594242856
deformieren	0.05864713401560421
vernichtend	0.05864392698955624
unbelehrbar	0.05862481271386971
desinteresse	0.05861485014746229
auseinandersetzen	0.058606700295346356
missfallen	0.05860122950655691
unberechtigt	0.05856173391784813
vergeudung	0.0585613764839921
redefluss	0.05855813141876225
schutzbehauptung	0.05853585213972576
bevormunden	0.058481715230401576
keinerlei	0.05847482057903388
geschwurbel	0.058439727227157234
schwund	0.058424478556849
schlamassel	0.058408427292411046
sturheit	0.058400273697757306
mobbing	0.05839878763710772
zerfallen	0.05839435231265909
verstricken	0.05836656675731118
konservativ	0.05833859450886641
erziehung	0.05832051690389534
taubheit	0.05831399005966398
lachnummer	0.058306805976359795
zugrunde	0.05828969002360356
heikel	0.0582709681539805
dilettantisch	0.05825868493610725
heuchlerisch	0.05825057820497143
entfremden	0.05824965057778797
unterordnen	0.05824905370362799
verfallsdatum	0.05824584034344221
unchristlich	0.05823555656890439
endzustand	0.05822777720588012
ungleich	0.058214180218639916
kropf	0.0582086225868248
teufelswerk	0.05820572396915552
salbadern	0.058189747563418215
einheitsbrei	0.05818255845187062
verschwendung	0.05817844440461844
skrupellos	0.058162348673139554
zerreden	0.058138042208067675
denunzieren	0.05811102213420226
gurkentruppe	0.05807863849959286
antisemit	0.05806911156808014
empirisch	0.05804915556615464
ungeduld	0.058035746527150885
schwerwiegend	0.05800428436651165
feindlich	0.058001603455964446
vegetarismus	0.05797883131034038
wertlosigkeit	0.05792773384971077
einlullen	0.05791617657777295
sexismus	0.05791318750889723
indoktrinieren	0.057907766061708145
knast	0.057905334258502944
fehltritt	0.05790357827546894
verzetteln	0.05788850616987593
schwierigkeit	0.05787401137453516
ausnehmen	0.05787266643838216
aufwiegeln	0.05786619803136972
schulsystem	0.05784931154696412
westler	0.05783567852087345
bedenklich	0.05782396588988794
schwurbeln	0.05782073228553609
grotesk	0.05781904170724488
ungeschoren	0.057817035288556445
unehrlichkeit	0.05778912383011569
feminismus	0.05775517016251861
verlorengehen	0.057718039240039716
ihrerseits	0.05767733854494537
periodisch	0.0576634879436563
versuchskaninchen	0.05765657141276542
abwerten	0.05765433339596355
unverantwortlich	0.05763765320187566
unterscheidbar	0.05761812219034191
versklaven	0.05753457911880634
unkritisch	0.05748442621005183
ungeschicklichkeit	0.057482011438691694
neandertaler	0.057434193372205414
normativ	0.05742048593778885
aberglauben	0.05741853463290296
diffus	0.057417994152106036
denkfehler	0.057403455194358806
unangemessen	0.05740312856039208
fabulieren	0.05739037794366157
abdriften	0.05738809317559358
wegbrechen	0.057370997949587894
unwissenheit	0.057369955247395556
ungeeignet	0.0573579332911338
groll	0.057349221771323934
gebrechen	0.0573446583787547
revoluzzer	0.05734275357916635
abschrecken	0.05733448300681793
unwiderruflich	0.057331045798515626
verrat	0.057317638940199166
unterwerfen	0.057306293577228905
verachtung	0.05729808364086745
abweichen	0.057295202739058526
verebben	0.05728693719774827
kopfgeburt	0.05726513506934307
fruchtlos	0.05725486982370534
pathos	0.05724348904741669
pessimismus	0.057231909086717964
skeptisch	0.057195337257515445
selbstdarstellung	0.057188011597255936
duktus	0.057145031671544666
homophobie	0.057129279723898405
barbarisch	0.05708564162038803
narzissmus	0.057082413789338204
beackern	0.057074383873203224
analysieren	0.05707014427421282
uneinsichtig	0.05706218292077382
beobachterin	0.05705282938649068
bigott	0.05703899255704432
diffamieren	0.05703533948972783
fremdenfeindlich	0.05700787841919333
kritisch	0.05698626803705147
erwehren	0.05698294203185056
entartet	0.056967882499938616
ablehnen	0.056958334836854016
automatismus	0.05694882479133849
tiefflieger	0.056928471899003595
lippenbekenntnis	0.056921490608400724
ohrfeige	0.056915142384958275
neutralisieren	0.05691468724131239
mischpoke	0.056910896127112504
faschistisch	0.0568903432237784
begrenzt	0.056874196332784344
irrglaube	0.05686660535426431
erschleichen	0.056861537602884815
zwang	0.05684738200901702
widerlegen	0.05683840097721043
faschist	0.056823820924337715
verherrlichen	0.056812753211167244
entfremdet	0.05679170007137233
strafbar	0.05678195081293857
auseinanderdividieren	0.0567079083491674
zweifelhaft	0.05665219461201485
zersetzen	0.05661277648857184
unzumutbar	0.05659746367363376
verweisen	0.05654882119166173
anachronistisch	0.056546129544273654
ermahnen	0.05652221211907725
blindheit	0.056520708970479436
drohung	0.05649020443122977
degradieren	0.056432332494344074
vertuschen	0.05642189357470879
verkommen	0.05640805369714959
inkompetenz	0.05640290312064197
einfordern	0.056396349326706466
unvernunft	0.056361093670256615
verschlechtern	0.05636055380404686
gleichsam	0.05634553101694835
unterlaufen	0.05631786182756398
hohn	0.05628699008023398
handhabe	0.056276863956759106
diskreditieren	0.05626144693615411
verbieten	0.056258234115597695
schuldiger	0.056247057761775625
austreten	0.056225588581456876
fehlleistung	0.056218358616524904
schnapsidee	0.05619739864686858
ermahnung	0.056177303936542494
aufschrei	0.056122357379203756
unwahrheit	0.0560966221652504
vorwand	0.056089405348730435
distanzieren	0.05604947283062338
kleinreden	0.056044275643764796
verwehren	0.0560440615957363
geisteskrankheit	0.05601402708777761
missstand	0.05601214092313893
befragen	0.05597667755023042
kurzsichtige	0.05591486280487387
minderwertigkeit	0.05588823965505516
unzufriedenheit	0.05588570726899825
xenophobie	0.05581396519751579
mutlos	0.05581186669754398
dekadenz	0.05579800478113299
ungerechtigkeit	0.05576728465143376
politikerkaste	0.05575771477463349
grausamkeit	0.05573818490995771
unerbittlichkeit	0.05573549927281028
turbokapitalismus	0.055707530788889986
borniertheit	0.05569197728464152
deeskalieren	0.055643769875184594
untragbar	0.05556091766762424
verurteilen	0.05551434212091559
verfehlung	0.05550520973609515
unsolidarisch	0.05546505894119229
amtsdeutsch	0.055453521418523166
provokation	0.05544878367499124
abschieben	0.05544471065399191
obrigkeit	0.05543620495191773
unwille	0.05535991085228917
mundtot	0.05535374357733801
eklatant	0.0553515416523144
verzerren	0.05535023785084074
proletariat	0.05529285564699845
fadenscheinig	0.05527053513852647
unwissen	0.05522657279055303
einfluss	0.05510389910446132
widerspruch	0.05501459531999053
chuzpe	0.05496633285813724
beschneiden	0.05491660072185122
kritiker	0.05491374028094478
hirngespinst	0.054911714884697475
abtreibung	0.054872999879490354
krude	0.05480448849114754
kommunismus	0.054761258932425824
einseitigkeit	0.05471645675110931
verharmlosen	0.054670469095527724
unbehagen	0.05459920115379874
