kanacke	0.14702683402873584
hurensohn	0.14079740124638132
spast	0.13864701673505178
mutterficker	0.13698168706561364
schwanzlutscher	0.1368094909516677
tunte	0.136805760428609
hundesohn	0.13673922234496574
sackratte	0.13320175036080611
assi	0.13282696081147305
anmachspruch	0.13226337875910624
hure	0.13160106984669348
wixxer	0.1303077834403319
sau	0.13009412990927566
arschgeburt	0.1296520942724556
eierkopf	0.12955033427129278
fickfehler	0.12890921621957807
missgeburt	0.1288010269169296
ehrenlos	0.1283316699648265
bratze	0.12731916346073852
mistkind	0.12655111120071252
tussi	0.12543364105435206
mannsweib	0.125112219967872
fettsack	0.12453241175706338
vollspast	0.12448615925301054
dreckskind	0.12405032965606343
scheiss	0.12381622788602073
weib	0.12374122724433968
japse	0.12333181618115752
pervers	0.12299450405029325
schmock	0.12275658190724723
pummelig	0.12273818252429114
schlingel	0.12268560965695882
untermensch	0.12247876438603802
titte	0.12241574729406866
lappen	0.12197716999707832
eingebildet	0.12113761745696407
affenarsch	0.12056399593390468
fotzen	0.12049755853856997
dummkopf	0.11999168886000733
kackbratze	0.11997424815353591
anlabern	0.11983340622762036
ficken	0.11945796666054512
abgehalftert	0.11925610014863801
spacko	0.11920447059043641
ficker	0.11870150863124986
zicke	0.11865585927427251
sackgesicht	0.1186108532413296
geil	0.11847619760607261
schreckschraube	0.11832807497959372
labbern	0.1183133782377673
selbstverliebt	0.11816952692870512
drecksau	0.1180871930347003
bart	0.1179967418183056
abgehen	0.11743666127033175
schwuler	0.11742860623597717
du	0.11727954459863228
verkackter	0.11726177177767011
gesichtselfmeter	0.11710377740246704
prollig	0.1168694179746415
kacker	0.11684642047469335
stinkstiefel	0.11680742291403924
sperma	0.11663771288047521
nuttensohn	0.11636201534153941
arschgeige	0.11626192245012003
schlawiner	0.11617987962104594
trottelig	0.1161624189664006
wichser	0.11589492696265043
dirne	0.11580260338420383
gefickt	0.11575769048992525
horrorfilm	0.11571924816506513
legasthenikerin	0.11561663283212897
transe	0.11559691727733065
untalentiert	0.11550530590684024
versaut	0.115405152964228
fotze	0.1153278249361383
schlampe	0.11528582340170145
ungeschminkt	0.11522900187056875
pottsau	0.11513946728390666
flachlegen	0.11508185120492707
kanalratte	0.11506780435098993
labersack	0.11499958153773931
haarig	0.11482382224300214
schlampen	0.11478971135774864
muschi	0.11441468373091772
notgeil	0.11435632658201325
krass	0.11434583106230341
verkuppeln	0.11431579322181358
tucke	0.11418931205157413
schnepfe	0.11415745087940275
zweideutig	0.11410331804460386
arschkind	0.11400050674873885
pimpf	0.11390739156293354
schisser	0.1137258534191393
stiefmutter	0.11365862275862001
arschficker	0.1135354340611134
lutschen	0.1135038429113465
labertasche	0.11341265998127945
schwanz	0.11337679187682703
flittchen	0.11297149949329707
lecken	0.11293087629778455
wütend	0.11284007932122025
petze	0.11283501811620764
macker	0.11277400639215404
melodramatisch	0.11276784666587994
schlappschwanz	0.11276140170241666
geschreie	0.11275739616817997
sklaventreiberin	0.11256014017643474
kerle	0.11250689855878462
ohrwurm	0.11246166703923216
abrasieren	0.11234646813486657
orgasmus	0.11228606176272761
heulsuse	0.11223599574305149
ekelig	0.11218222923857948
schiss	0.1121020818064729
verfickt	0.11206805731809837
fresse	0.11201844722568688
anpissen	0.11183094712631689
spanner	0.11174123368856165
stinktier	0.11164671162781181
waldschrat	0.11160988970407425
fatzke	0.111592996760439
kacke	0.11150889978698662
vegetarierin	0.11143598888263741
arschig	0.1113616867697133
unnötig	0.11132426432736582
schirch	0.11131681329587412
unmensch	0.11111097826232898
unrasiert	0.11107963525823297
dummerchen	0.11102821119199721
abspritzen	0.11089481579233382
ausrasten	0.11068236649089791
gemein	0.11063233364699945
ach	0.1104981792303522
penner	0.11041374474767074
garnichts	0.11030327980666131
woher	0.11029480643525857
viech	0.1102745304366412
entstellt	0.11025987257738362
brillenschlange	0.11021805395533595
gammelig	0.11021385433889962
memme	0.11013438459936581
heftig	0.11012633061133847
spackig	0.11005840060452544
komisch	0.11003766963154826
hartzen	0.10989743244323448
pisser	0.10983145267519524
intelligenzbestie	0.10968636464388709
weichei	0.10962269264190475
fett	0.10938838644529636
lümmel	0.10930542069153053
gruselig	0.10923223754193007
undefinierbar	0.10918776507650214
schrulle	0.10914787332411173
prengel	0.10897435283029297
fotzenlecker	0.10894342779309794
bedeppert	0.10892612503904277
umbringen	0.10891545620106817
vollbart	0.10876612109977583
schmierig	0.10875844327055961
gehasst	0.10873611306932505
vollidiot	0.10864636398703602
verpissen	0.10861028345653008
trulla	0.10848031306639112
schrecklich	0.1084607508303774
stalken	0.10843277434265727
bocken	0.1083958819948588
verfressen	0.10821815347662687
ekelhaft	0.1081512639464237
verdammt	0.10809425498176552
hinterlistig	0.10808430081159638
flennen	0.10801648848951251
streber	0.10799839743394707
proll	0.10798715608340159
banause	0.10796707912519266
spastiker	0.10796632106059971
leid	0.10794161772592384
idiotin	0.10786651705581686
ungezogen	0.10786140603905418
saufabend	0.10784507124036251
nymphoman	0.10783308276895721
anblasen	0.10780105578847052
sindse	0.10762942534592941
kuhkaff	0.1075949865186887
lass	0.10756736119046484
rüber	0.10755071032865945
hurentochter	0.10751960384522556
zerficken	0.10744083904116117
mist	0.10740667315628492
herzlos	0.10727061814602731
ferkel	0.1072096643480171
schwein	0.10713362668133808
besoffen	0.10712390908999174
flitzpiepe	0.107053765387594
spruch	0.10695916128107442
notschlachten	0.10694238786196751
dorftrottel	0.10693745535682322
spritzen	0.10685231110675004
pejorativ	0.10671581380927347
doof	0.10671080657779737
haaren	0.1066950199707178
dumpfbacke	0.1066933783821923
abklatsch	0.1066846147865973
glatzkopf	0.10648721869917818
ziegenbart	0.10648624841688141
schwulenfeindlich	0.10645798627260238
hyperaktiv	0.10644314009764388
hampelmann	0.10643553354108855
stupsen	0.10637819996566368
ankotzen	0.1063498669875196
menno	0.10634402506870066
steinalt	0.1063121057200321
egoistisch	0.10624057573956634
schuft	0.10619825153073423
nein	0.10610232118078287
unwohl	0.10604860518380572
schickse	0.10604143314670794
witzbold	0.10602005584948646
hohlkopf	0.10601306603341686
talentfrei	0.10600711461138299
erwachsen	0.10597228395000113
sterbenskrank	0.1058347559076898
unfreundlich	0.10577719649092805
vieh	0.10577474425803655
babbeln	0.10574887861067102
deprimiert	0.10557249553952952
vögeln	0.10556016950072936
beknackt	0.10554837544761778
moppelkotze	0.1055362463722034
verkacken	0.10549465395251012
fresssack	0.10540851090343231
fliesentisch	0.10535745954408568
war	0.10532390617484542
petzen	0.10522094490612016
bekloppt	0.10515667192895323
versohlen	0.10506626347569488
heulen	0.1050656781164351
schlaumeier	0.10498713930759752
wehleidig	0.10496676251763462
angetrunken	0.10494450335685736
mistvieh	0.10481053181467073
einfallslos	0.10472480456617508
pissen	0.10461748510837918
schlimm	0.10460261792153282
blase	0.10449962532595332
langweiler	0.10448886698040692
weinerlich	0.10439246536526399
abgewichst	0.10435752506421805
unabsichtlich	0.10435358559803833
wehe	0.10434287657405046
abkacken	0.10433476921524687
bisschen	0.10432002034858504
mal	0.10428361866085528
arschlos	0.1042499715552143
negerkuss	0.10423945781824645
dusselig	0.10418281528612428
unlogisch	0.10415335104373491
deppert	0.10413611190746883
lahmarschig	0.10413464647427649
behaarung	0.10409878251835541
alk	0.10408308715850396
abgedroschen	0.10407691544642368
sippschaft	0.10407633354338947
zotteln	0.10401537368696064
drecksack	0.10400286152893548
schwachmat	0.10399690461061312
verkniffen	0.10394732347959484
peitsche	0.10391183316415312
fotzenknecht	0.10389122133743951
trottel	0.10385930133514314
verabscheut	0.10370327148607746
brabbeln	0.10367353677879758
schnitte	0.10358235186525445
hach	0.10358100412490652
verdorben	0.10356371956661387
hohl	0.1035538835503653
feigling	0.10352026388003625
möse	0.10345703989185337
arschbacke	0.1034493977679596
fremd	0.10344092150684911
gedehnt	0.10339179459050574
grottig	0.10335433447170889
wahnsinnig	0.10332372138105776
kratzig	0.10323226450981127
arschkriecher	0.10321072724311534
hysterisch	0.10318924329652383
zeug	0.10308941588271765
necken	0.10305334277085239
weinen	0.10298879500691199
rohrstock	0.1029842475530326
schimpf	0.10296384342347256
unfair	0.10294184078768374
popel	0.10292269811107034
huch	0.10288820420732099
undiszipliniert	0.10282069943663831
desinteressiert	0.10282023965003409
ziemlich	0.10280567505851808
pimmelgesicht	0.1027783692794515
grenzdebil	0.10276175835793976
armselig	0.10275608597119901
verkleiden	0.10274492944445057
penisbruch	0.10274463425093938
arschgefickt	0.10274080935986316
zeugs	0.10273762184938647
schauder	0.10269714535941148
nackig	0.1026940787901948
landei	0.10264464424443065
lustknabe	0.10261973781331489
frostbeule	0.10256273287765234
unhöflich	0.10254864709101003
unleidig	0.10254072957472068
aggressiv	0.1024203129871124
klamotte	0.10237474204143032
quatsch	0.10236783731948366
nackt	0.10234089910675581
abgeneigt	0.1023226237631778
altmodisch	0.10231331268336674
ungewohnt	0.10226237138053454
heiser	0.10219989297836127
egomane	0.10219765396682398
sensibelchen	0.10217588645483429
primitiv	0.10214794186339894
brüsten	0.1020626328522104
schnuppe	0.10199610733143816
melancholisch	0.10198762792798112
neffe	0.10192766361505802
krank	0.1018865703425869
kaputt	0.10185797038008064
niemand	0.10182062768789418
hase	0.1018094412797804
faltig	0.10180343662975176
aufgeweckt	0.10179078529028496
kuhdorf	0.10169136258902772
krumm	0.10167649883243629
garstig	0.10165465074805086
hungrig	0.10161944745003822
furchtbar	0.10161348338544682
steif	0.10159187805916768
abgehoben	0.10158275892613347
kopfnuss	0.10148096397281509
enttäuscht	0.10147251730915179
abmurksen	0.10146669224347551
schlapp	0.10141138058156933
rausgeschmissen	0.10140748622833913
schucken	0.10135990829363889
dreh	0.10134613228245508
schade	0.10133677132071897
scherzkeks	0.1013319501639034
schmutzig	0.10130234920166681
undankbar	0.10127884632707741
diejenige	0.10126482747119264
schmatzen	0.10121009015699461
entblocken	0.10118739865677695
quasseln	0.101162830312534
blutmangel	0.10115398475868416
softporno	0.1010269465883613
erbärmlich	0.10096831535427964
verkloppen	0.10094441460029512
vermissen	0.10093219636478146
schmutzfink	0.10091904730153933
alkoholisch	0.10091220639783928
bequatschen	0.10090248388686819
cluster	0.1008365427064203
schnecke	0.10082720566186819
irrenanstalt	0.10079275434489458
verrückt	0.10073222149623802
prügel	0.1007146607860862
homophob	0.10067907627243675
unpassend	0.10060379013294828
durchficken	0.10055478503810497
verziehen	0.10054905052422922
unwissend	0.10042780615138726
charakterlos	0.10032534115941476
rebellisch	0.10031840317085448
ungeschickt	0.10028564726785719
hirnlos	0.10028157864963728
unterbelichtet	0.10026830959936554
schlecht	0.10015790651399459
unpraktisch	0.10013934474101462
ganz	0.10008180950606776
vde	0.10007228753174253
erwachsener	0.10006351628015951
abschminken	0.10005384808248782
einsam	0.09996222463003314
zusammenhanglos	0.09994249144401211
analkette	0.09994228893194373
widerlich	0.0999281599456356
wehtun	0.09984031632098354
singen	0.09983751597142378
griesgram	0.09982027553489331
grufti	0.0998184238138205
kaltherzig	0.09981795666147641
untreu	0.09980083414691358
begrabbeln	0.0997477610964808
besaufen	0.09973150367396408
falsch	0.09968901906527454
heimzahlen	0.09968391008254157
einbilden	0.09967642857001084
ekel	0.09967275705272477
ratte	0.09963123767796923
struppig	0.09962207813987495
langeweile	0.09961512685508667
strahl	0.09961112409639009
asozialer	0.0995994495547246
winzig	0.09955585772632927
seltsam	0.09955397957704998
puh	0.0995464254860801
unterbuttern	0.09953842353392775
abwesend	0.09949662181262088
pennen	0.0994930031028713
verdutzt	0.09945763883413865
unbefriedigt	0.09945314566643465
ärgern	0.09943694773010103
langweilen	0.09943169405978809
schnappatmung	0.09937560605677619
gemach	0.0993570003319616
nuttendiesel	0.09925473167904275
aufgeregt	0.09924908893339005
keiner	0.09918069425186331
sabbeln	0.09911397221250261
seicht	0.09910063711500616
anstrengend	0.09908901242641946
schrott	0.09907348035685022
rothaarig	0.09902304288399406
grunzen	0.09899716125267992
hodensack	0.09899177399388924
uninteressant	0.09898485407297229
alleine	0.09897921452123691
jammerlappen	0.09895615291686763
begriffsstutzig	0.0988629827137848
gesabbel	0.09884153097128535
unfassbar	0.09884075150913899
aufregen	0.09874555879419264
abtreiben	0.09868591375203135
schlabbern	0.09866526598883563
leberfleck	0.0986284848845914
tragisch	0.09862297857671325
stuss	0.09856536227394368
miesepetrig	0.09856423716045502
grottenschlecht	0.09854402400974863
gesabber	0.09849189082632157
nervenzusammenbruch	0.09847503143074661
zahnfee	0.0984475887231493
tratschen	0.09844339919894751
miefen	0.09843231318686951
fertigmachen	0.09842377952250574
rwk	0.09835435550957698
kusshand	0.09833101973727883
übertrieben	0.09832028527607274
weggehen	0.09829108730705938
wampe	0.09828617539247522
karre	0.09828180551713894
fanatisch	0.09826420760412508
tarnung	0.09825845772737264
grobmotoriker	0.09818550870905293
morgenlatte	0.098165000070331
idiotisch	0.09814842972603528
wildenbruch	0.09811792794889712
kompliziert	0.09809703960508202
plinse	0.09809312233072262
bp	0.0980409360686683
verlobte	0.09800437605275567
pieseln	0.09797202435850658
zeitlang	0.09793753204726284
belabern	0.09791444424399944
borstig	0.09787153134637377
zecke	0.09786375509528124
aufkreuzen	0.0978012354221675
mund	0.09775663212901901
vergessen	0.09767932053185496
unwichtig	0.09766742464148376
spontan	0.09765625181196765
elendig	0.09765240683958462
patzig	0.09762823456619897
erschrecken	0.09761867350859905
spucken	0.09758271171514707
beule	0.09757275893064225
gequatsche	0.09755358802162428
alkoholiker	0.09754215402415038
angewidert	0.0975250212202926
korinthenkacker	0.09750074328812951
hau	0.0974882771182019
frustrierend	0.09747255731892086
mundfaul	0.09745666320806122
boshaft	0.09745648029646357
unwirsch	0.09743723748486445
auwei	0.0974222112914726
chaotisch	0.09738901603023707
stillos	0.09735669709963632
aufbleiben	0.09735540975772894
untertreiben	0.09734656281464396
eigenartig	0.09731635570794121
unhygienisch	0.09731195615890763
schwachkopf	0.09730533436859327
nerven	0.09722333762680044
beschiss	0.09721559925052659
grenzwertig	0.09720950058758425
ungeduldig	0.09717204002298316
feuchten	0.09716002952338057
platt	0.09715722972170239
uralt	0.097151587596288
herzschmerz	0.09714548630742299
anreden	0.09713860368041119
weinend	0.09711122913703742
schelm	0.0971031017720565
schwanzlos	0.09710018326015364
unbewusst	0.09706701930340746
duden	0.09704550538449006
zusehen	0.09704518405725944
fuchsteufelswild	0.09703947054632225
dusslig	0.09703748618612851
warmduscher	0.09702752564376686
unterschwellig	0.09702388696183534
dreckskerl	0.09698074421418855
sediert	0.09697717661802265
zeichnen	0.09690741093690886
anstrengen	0.09688435553570715
gebrabbel	0.09687882635167222
vollpfosten	0.09687258817378987
vollkommen	0.09686726056604196
vertauschen	0.09684882381882201
kotzbrocken	0.09684620619957336
laufmasche	0.09683503031512213
auweia	0.09680592922182862
daneben	0.096735069497284
dreck	0.09672778099985611
schizophren	0.09672111097513608
kinderficker	0.09670449623889096
unkorrekt	0.0966465279253592
schieflaufen	0.0966452190351936
umstimmen	0.09661816414102949
zeiger	0.09659477338310586
unangenehm	0.0965755394183306
einschlafen	0.0965256146737064
sinnfrei	0.09649306612460024
sklaventreiber	0.09648164662732674
unappetitlich	0.09632826538237182
klischee	0.0963266933090795
katze	0.09626765758780648
aufschreien	0.09625820751907754
ertragen	0.096236898040507
zahnweh	0.09620804219318897
animalia	0.09620450610251363
bierernst	0.09620120498012318
frau	0.09619412033270398
meckern	0.09618757472981485
herziehen	0.096184571488882
missraten	0.09617952773181282
pegasos	0.096171933043418
feige	0.09614562571713237
versehen	0.09610717478393914
feucht	0.0960591786708226
umkippen	0.09605009338750388
rücksichtslos	0.09604416545959776
verschlagen	0.09604316457698873
pickel	0.09603132120916448
geschimpfe	0.09603109501545234
hibbeln	0.09598987162411364
engstirnig	0.09598776931129521
putzfimmel	0.09598182871186396
blocken	0.09592434987999511
fluchen	0.0959151554052455
ochse	0.09591390885192017
undurchschaubar	0.09591016922386673
gnadenschuss	0.09590155121126573
kastrieren	0.09590014699869233
bespritzen	0.09589123723813021
geschert	0.09587951668024974
verscherzen	0.09584237045979117
ungewollt	0.09584164293413026
misstrauisch	0.09582394128862054
schnake	0.09581254623640602
ungehalten	0.09577931595617949
hirn	0.09577173174836266
pikiert	0.09574450944715548
hinlegen	0.0957252629139624
hinterlaufen	0.09570399943100767
rechthaberisch	0.09569747934758524
schlag	0.09566677974527486
balsa	0.09563400391004183
glied	0.09562125676527186
moppel	0.09562025597577534
esel	0.09561498900109891
aufreibend	0.09560586630785566
schwachsinn	0.09556955772685082
sinnlos	0.09556299543253545
ausgemergelt	0.09555093399354968
saline	0.09553359679629637
schmu	0.09553099805392903
triefen	0.09552658535063027
pathogen	0.09548141613884285
stur	0.09547338580496695
verwirren	0.09546020113608343
wurstblatt	0.09543883237217089
verzapfen	0.09543839621481935
haufen	0.09542536543501379
auffallen	0.09540945445122105
belanglos	0.09538250080818116
dfv	0.09534534547344681
schamlos	0.0952377774027213
endprodukt	0.09522650879983087
beschimpfen	0.09519595195114823
bema	0.09517886015370845
weglaufen	0.09517210471147096
doppeldeutigkeit	0.09513793020640597
nappel	0.09513777517404193
merken	0.09506817929049377
hofnarr	0.09504725355997336
nachstellen	0.09502959711413503
abknallen	0.09494613186204748
vergasen	0.09492229485088659
frischling	0.09492160310425801
ablenken	0.09491902643480953
wegfahren	0.09490671107521302
gammeln	0.0948873339089411
oder	0.0948797927699935
hoffnungslos	0.09486085778200863
lieblos	0.09482424223652736
wespe	0.09481861412149274
stramm	0.09479443718929316
kurzsichtig	0.09477260354591048
abgefallen	0.09476605017286932
wegziehen	0.09472499427360921
inkorrekt	0.09472058133359126
daherreden	0.09471927202984337
schlosshund	0.09470818194526139
zwiespalt	0.0946937339800759
suppenkasper	0.09468339863933202
dwv	0.09467391290213009
schocken	0.0946589063330239
schmerzvoll	0.0946362702650398
unehrlich	0.09463272288805863
fressen	0.09462460014643718
abschreckend	0.0945843056700135
maulen	0.09458366853777209
hochtrabend	0.09458205489482276
durcheinander	0.09458138318129448
abschlagen	0.09457860076849246
schrieb	0.09457791077503618
beschweren	0.09456184391273816
herumhacken	0.09454995366654728
behinderter	0.09454972547655212
unsauber	0.0945475122762229
tennisarm	0.09453544871894518
regenwurm	0.0945212388214052
pfeife	0.09450825641708774
rumgammeln	0.09449737226426905
hucke	0.09448358541055762
gelbsucht	0.09445974695486249
aufstehen	0.09442290398502778
abraten	0.09439107234200725
unbeteiligt	0.09437083424359383
verkriechen	0.09436275323151537
verräter	0.094361408717485
kraulen	0.0943603987828351
unterentwickelt	0.0943355976193479
zimperlich	0.09429721328018266
grütze	0.09428281937956515
streng	0.09427516280463447
stuhlgang	0.0942479381070901
fremdschämen	0.094235999996356
unterleib	0.09423307949840216
lasch	0.09421078477464916
profan	0.0942024525758714
berichtigen	0.09409251778628742
todmüde	0.09409082529574558
pillepalle	0.09405087669611448
leichtsinnsfehler	0.09399917985447251
verschlafen	0.09399632416763373
spritze	0.09399413918904213
endlosschleife	0.09397991178160278
knilch	0.09397437690435859
schuld	0.09396921053120462
demotiviert	0.09395781666374432
hektisch	0.0939134698716476
ungerecht	0.09391339513335854
pech	0.09390885351218577
fliege	0.09389472878292036
weder	0.09388822483227173
undankbarkeit	0.09386220805877461
inkontinent	0.09385257013417912
abkratzen	0.09383632291739571
homophon	0.09383388674860958
bammel	0.09380300044790693
bauch	0.09376747127390679
panisch	0.09376555933509798
juckpulver	0.09371107891119908
hund	0.0936868688269292
abfallen	0.09363205195758242
hornochse	0.09362912946548843
morgenmuffel	0.09362822238038772
weglassen	0.0936196136232411
singsang	0.09360665142214694
verzweifelt	0.09359446857436382
hornbrille	0.09353827578411608
milchtritt	0.09351779220801733
profilneurose	0.09347719142278317
zottelig	0.09347597913874588
befremdlich	0.09346825871439358
rds	0.0934609798429241
langsam	0.09343438771702416
flunsch	0.09335030481587694
gedankenlos	0.09334722420029078
irrenhaus	0.09332388093623772
madig	0.09331512802702276
schweinerei	0.0932993047050731
unbedacht	0.09329687846384115
aufscheuchen	0.09328943001436171
miese	0.09328337199672561
entsetzlich	0.09327465644247009
verpetzen	0.09325447264553868
unhold	0.09323465876138841
ruppig	0.09323068361948536
gebrechlich	0.09318523042179738
furchterregend	0.09318298531397147
witzfigur	0.09314665107347497
panikattacke	0.09309674419080323
lügner	0.09306209805914922
ungesund	0.09305086240534025
selbstironie	0.09299480151102672
totschlagen	0.09298798713924
dekadent	0.0929877237609272
japanisch	0.09296946778270103
jammern	0.09296639507500615
ablenkung	0.09295066643293924
hat	0.09294744211609286
vorhersehbar	0.09294069892466687
bartstoppel	0.09291511015763249
weichklopfen	0.0929073771631128
kopfschmerztablette	0.09289028043311402
abrackern	0.09287666792794598
unfein	0.09286686057981171
berieseln	0.09286641223536687
zahnstocher	0.09284772534477206
muffensausen	0.09284384534233342
eingebung	0.09283668422758666
ceres	0.09283569752051668
nervenaufreibend	0.09283014501287679
urinieren	0.0928244242212607
blubbern	0.09282362923645285
unfreiwillig	0.09276138011954584
verpeilen	0.09274610827827375
wackelzahn	0.09273438975204959
geifer	0.09273118029669355
faulheit	0.09272688813257755
verwechseln	0.09269253425709247
beschreien	0.09269048671704104
gnadenlos	0.09268286253047191
unverständlich	0.09267948792314423
gegend	0.09263807356662865
gottlos	0.09260686909113841
freistunde	0.09249169816295069
frechheit	0.09246450843064653
schleiche	0.09244524764213438
vergammeln	0.0924353669756077
wegkommen	0.09242363599005686
dampfplauderer	0.09242271019573405
unbedeutend	0.0923984297478479
notschlachtung	0.09238305842874237
flegel	0.09235676184308617
schlafwandeln	0.09235039649424392
duschen	0.09234238505427399
wutentbrannt	0.09232373706362855
erzkonservativ	0.09229684393929727
auseinandernehmen	0.09227712331280939
teleportieren	0.09225866093206216
asoziale	0.09225647914733899
schreiberling	0.0922404830915855
kleinkariert	0.092233228819485
nageln	0.09220704778100819
schmiere	0.09220471702993416
brandblase	0.09219837290880661
piefke	0.09216583047415654
verdummen	0.09215030837293572
pusten	0.09214627177304897
sippe	0.09214194054279677
missverstehen	0.09213993043929791
teplitz	0.09210536969408548
unfähig	0.09208423979195579
seufzen	0.09207241393801678
komma	0.09205716126837628
drogenfrei	0.09204025428101624
speichellecker	0.09203499085209624
ablation	0.0920211191181308
verhasst	0.09201404582759877
nacheinander	0.09196151753737972
kauleiste	0.09189498113121553
unchristlich	0.09189125881111741
trennungsschmerz	0.09187352262440404
qualle	0.09187346260051339
konterfei	0.09186113349564563
mimen	0.09184457075585908
schubsen	0.09178030470278038
hinten	0.0917564788388977
unzivilisiert	0.09173028308665081
widerstehen	0.09171963639056006
verarschung	0.09171622118521995
gefasel	0.09171125351596508
zumuten	0.09170591182020707
provozieren	0.09170252169272732
trollen	0.09168935980390747
herausfordern	0.09168632161595404
verletzlich	0.09164996448376371
sterben	0.09163744634812325
unsicher	0.09163668278629945
apathisch	0.09163225230564108
medienhure	0.09162062513483395
herinnen	0.09157810734414253
unschön	0.09155980121794384
dummheit	0.0915294597186187
verzagen	0.09147775552510759
finster	0.09143517031708197
gockel	0.0914283904671489
verwickeln	0.09139431679519187
schieben	0.09132899264674307
kriechen	0.0913086609968671
saftladen	0.09129545668813116
abschaum	0.09125605224343848
bestrafung	0.0911941555383489
sauhaufen	0.09117805775850484
unaufgefordert	0.09117670280549174
hopsen	0.09116249288335684
neidhammel	0.09113891563469241
zotig	0.09113201919858516
eingraben	0.09113160015917084
abschreiben	0.091124334438641
wessi	0.0911218250709088
ausbaden	0.09111988845943297
verwerflich	0.09108660300349629
schmoren	0.09107411182909683
agnostiker	0.09106237778653521
ausspucken	0.0910551265913618
tyrannisieren	0.09105253628354484
zwicken	0.09102861260238106
etepetete	0.09099026155181185
schwer	0.09098727198494976
stimmlage	0.09098343436923045
larifari	0.09098003184439687
spaghettifresser	0.09097403515792024
stake	0.09097211931389378
herumgammeln	0.0909242491585071
zetern	0.09090622458111491
wedeln	0.09089937320756078
fetzen	0.09086887507174851
unklug	0.0908644694524899
weiterrauchen	0.09084944521819913
disziplinlos	0.09084541354268102
gassi	0.09083860151285857
schulter	0.0908206826168951
verhohnepiepeln	0.09082010046984632
beinhart	0.09081695701923717
unmotiviertheit	0.09081206339676191
abbrechen	0.09080868085749648
sprachzentrum	0.09080314131255501
nebensatz	0.09079576316910547
gesocks	0.09079281018929658
masochismus	0.09077803384267102
wisch	0.09074562238277568
ovum	0.09073455207250654
sonnenstich	0.09070596530397174
ausschalten	0.09070577120709394
klöppel	0.0907007053088986
abkupfern	0.09069091032476127
mitleiden	0.09068168034119226
verzweifeln	0.09067669330319802
binnenstaat	0.09066974543244215
krabbeln	0.09063654877841446
erbrechen	0.09063597389362313
suboptimal	0.09062557576124133
oberfaul	0.09059183203622882
verbohrt	0.09059180859599054
allerwertester	0.09058379118654819
angst	0.09055092833349225
knurren	0.0905420469041044
verlogen	0.09053435223110207
abtrocknen	0.09053155194978309
beerdigung	0.09051014623412923
streiterei	0.0905018169885459
scheinheiliger	0.09049952411899645
unruhig	0.09049887316130202
unqualifiziert	0.0904836953675682
gesindel	0.09044275194555046
beschnitten	0.09042112598395508
buckel	0.09040716778469265
unsittlich	0.09036825825388524
seelenstriptease	0.09036341185451797
steinigen	0.09035549315637333
kurz	0.09035191237454426
veralbern	0.090350452502309
weihnachtsmann	0.09034364363397393
taubstumm	0.09033709343239099
frustriert	0.09033335710078655
unterstellung	0.0903208448371185
kratzen	0.09032069286342229
ungebeten	0.09031246512297247
wegtreten	0.09030989731226682
nass	0.09030960950200789
versuchen	0.09029463809467103
meute	0.09029186709041212
unfreundlichkeit	0.09028545823123321
betonkopf	0.09027311521069438
grenache	0.09026967365549629
hilflos	0.09026952588066213
verwachsen	0.09024140078712188
bizarr	0.09022477718011118
nagetier	0.09021066911827554
phlegmatisch	0.09018780250734436
fehl	0.09012140328826568
untergehen	0.09010711581030853
sprechdurchfall	0.09010027454069829
zerfressen	0.09007969600339959
lynchen	0.09007899051093976
aufblasen	0.09007620651965603
soll	0.09005404644640869
blutig	0.09004996668165885
irritieren	0.09002132654068203
feindselig	0.09001905727768812
begafft	0.09000302583870298
heucheln	0.08999209208808119
schwamm	0.08998990967034484
inkonsistenz	0.0899871378986702
sekunde	0.08998679779797994
schniefnase	0.08997861182100116
kokeln	0.08997739376326325
vollnarkose	0.08996338921829405
kriegerisch	0.08995780739615412
zornig	0.08995701396255766
wichteln	0.0899188892440135
unbelehrbar	0.08987266147916179
flach	0.08986369729819892
wasserkopf	0.08984900322709183
niederschmetternd	0.08984411638344528
bude	0.08983744611988692
einander	0.08980415833665663
zeitgenosse	0.08979799440778452
appetitlos	0.08979231897731955
wischiwaschi	0.08978353423839346
zerhacken	0.08978015740902688
besinnungslosigkeit	0.08972796356469895
hanuman	0.08970682331042079
verdreckt	0.08969617875638654
vegetarier	0.08968470674435201
instinktiv	0.08968020813108371
schreck	0.08966873024794669
lund	0.08966843619137127
aufplustern	0.08965389701835952
borniert	0.08965239057447673
charakterschwach	0.08964559675846066
wildsau	0.08963340829077468
moralkeule	0.08963188010113338
schmiss	0.08960373062936602
pfaffe	0.0895964116816125
palavern	0.08959569672606026
fusel	0.08954843041693662
anbellen	0.08952261350934873
florid	0.08951057955976699
erledigen	0.08950327326804824
prophylaktisch	0.08949307755813866
serpentine	0.08947715468135518
weg	0.08945716395387665
schauderhaft	0.08945062927904311
schmonzes	0.08943042728164556
kardiologin	0.08938928615330483
knopf	0.08933050399438076
schiefgehen	0.0893160961173637
hausieren	0.08926287108760153
schorf	0.08924165178236415
sprechweise	0.08923605538372698
plebejer	0.0892258533857467
verachtet	0.0891877104187726
riechsalz	0.08918600982238317
pfote	0.08914438227992144
davit	0.08911239917835968
versuchung	0.08907025855392002
sezieren	0.089059556876803
halbfertig	0.08905701139363578
ammonium	0.08904016949519178
ausrichten	0.08894399996384633
auseinanderdividieren	0.08890074446842128
ausgrenzen	0.08882985574100487
abfackeln	0.08882261419237707
verarzten	0.0888159133487479
marktschreier	0.08880667663850719
raufen	0.08879727153890585
bewegungslos	0.0887752583392233
antriebslos	0.08875665686621209
meerschwein	0.08875632311174068
langatmig	0.08872090708657421
unlesbar	0.0887012391031357
juckeln	0.08869709617984604
schlange	0.08867040899377301
zwerg	0.0886357947593086
indoktrinieren	0.0886328860268889
umziehen	0.08862527646926602
undiplomatisch	0.08862172424121252
lebensfremd	0.08860558968771615
wackelig	0.08856677379016388
wadenkrampf	0.08854293570601768
luftnot	0.08853756885550422
fremdenfeindlich	0.08852280818400782
sesselfurzer	0.088486842305695
knirps	0.08848289452904205
windelweich	0.08848265378963137
rammen	0.08841947642318496
mischpoke	0.08841209861942602
homophobie	0.08839420337162925
qualvoll	0.08836998801941405
genieren	0.08836732080444423
classis	0.08836677250679063
anbrennen	0.08835095810308212
seitenhieb	0.08833191528229986
harmonia	0.08832046129421321
einschlagen	0.08830857255636908
schaf	0.08828433469134328
bland	0.08827100862912737
wackeln	0.08825735801859538
leer	0.08824164411446189
malochen	0.08823844576385444
uneinsichtig	0.08819163111765098
seitenstechen	0.08817470313917941
tobsuchtsanfall	0.0881704821116162
missmutig	0.08814550929459443
schmieren	0.08810229998349832
bevormunden	0.08809100134018487
behelligen	0.08805707494286999
claret	0.0880370942994739
schmerzen	0.08803244826950155
erektion	0.08798888155846903
fuchsen	0.08796719386871361
null	0.0879399931274137
diffamieren	0.08793491635589576
spuken	0.0878935939299269
patschen	0.08789289777023292
askari	0.08785512828326071
pellen	0.08784522713763081
schnauben	0.08779751384084973
hieb	0.08778269920354104
sauwetter	0.08777739305528769
tattergreis	0.08776441966500698
schlappen	0.08774437055920532
sterilisieren	0.0877269106181609
malbec	0.08770615871179901
herumlungern	0.08766908631554593
kippen	0.08766586764122566
umnieten	0.08765160358454467
zerschneiden	0.08764585021259146
verknacken	0.08763112902828807
bisswunde	0.08758329510845624
infam	0.0875697570012956
knoblauchgeruch	0.08754824842970389
diez	0.08752186253710313
robinson	0.0874953671120425
einlauf	0.0874832265473089
anglesey	0.08747848638120842
frotzeln	0.0874288712755612
verbrannt	0.08740520263571726
pinotage	0.08737147016557988
denkfaul	0.08736579026144568
eiern	0.08735278749339538
giftig	0.08734776783990879
stopfen	0.08732207085939449
schutzbehauptung	0.08730449035326161
unbekleidet	0.08726485450268943
rothaut	0.08726446285019965
herumwuseln	0.08726288727735487
meucheln	0.0872614557893891
distanzlosigkeit	0.08725886548433089
verschwurbelt	0.08719243979422996
sarg	0.08716974558998368
unbewaffnet	0.08716325317003387
schramme	0.08713537862383947
charter	0.08712999568465397
eimer	0.08712869416932138
diktion	0.08708569069489436
nachtfalter	0.08708161352329497
waisenknabe	0.08707082587572323
nachtragen	0.08705526130711431
dressieren	0.08703845381179665
gurkentruppe	0.0870311727724717
ankreuzen	0.08702710922934871
verscharren	0.08702133104635408
psychisch	0.08701297621027967
verzwickt	0.08695084916357054
auseinanderfallen	0.08693824553323704
vorbestraft	0.0869288569906813
zerren	0.08691890185876279
anlassen	0.08689296360414356
rivier	0.08688274505800074
schneien	0.08683693391796739
anachronistisch	0.08681637541646353
wuseln	0.08681128886017257
verschwitzen	0.0867957682144983
erfrieren	0.08675929509536603
hehl	0.08669343661844302
rücken	0.08667691208953374
energielos	0.08665545323121837
wunde	0.08665039758989584
tamil	0.08660892171972372
unaufrichtig	0.08660097048980663
kretin	0.08659857417155567
platschen	0.08657045934138978
sausen	0.08655673621396742
schaukeln	0.08655332628066138
abladen	0.08653215053996073
idk	0.08651981124728594
auspowern	0.08651052854625167
trocknen	0.08650836826811283
blutabnahme	0.08650348562548324
narkose	0.08649647105367651
kohlen	0.0864922365086333
ichthyosis	0.08647602389318411
ballern	0.08646863757930277
lateral	0.08646521252309702
ausschaffen	0.08645536146737096
inhaltslosigkeit	0.08645528290550138
fleischwurst	0.08640752730348922
krankschreiben	0.08637072888603593
stuhl	0.08630772063597918
achatz	0.08628816703950445
wendehals	0.08628758652174946
onus	0.08628569186072453
metaphysisch	0.08628350593899578
erriechen	0.08627185755815754
batavia	0.0861824966821762
bundeskanzler	0.08616023438067795
matsch	0.0860660409189571
abschleppen	0.08605523022349659
nackend	0.08603804120632254
nabob	0.08603040253070819
heimleuchten	0.08596597232773692
totenbett	0.08595267563702551
isba	0.0858877898873993
auseinandergehen	0.08586456213135092
donnerwetter	0.08585687220104915
juvenil	0.0858414374008887
bluff	0.085821426515166
einklemmen	0.0858113911723818
lebensmittelvergiftung	0.08579002466859552
exkommunizieren	0.08578205940633496
asylkritiker	0.08575877839680167
preisschild	0.08566260590464637
basisdemokratie	0.08563474719113744
verbaseln	0.08563462511999291
kralle	0.08562312056678598
exorzismus	0.08553980520747007
wischen	0.08553900075997459
heuchler	0.08541277753911626
aast	0.08541078755605552
leib	0.08539039769827067
habenichts	0.08532103299508247
krauchen	0.08529689626166734
regenschirm	0.08523215535005116
verwelken	0.08522123631362666
rechtsausleger	0.08515161866134785
zigarettenrauch	0.08514485247947519
misshandeln	0.08513350671109961
karden	0.0851089810249753
alte	0.08509277873225778
versumpfen	0.08508371284986088
birdie	0.0850756604289026
augenauswischerei	0.0850616194372376
kelp	0.08503833659407803
demaskieren	0.08503522462170274
hussen	0.08502315091140235
schimpfend	0.08500344004299794
pedersen	0.0849919442031297
gurgeln	0.0849803433786523
heimatsprache	0.08496916786377887
landmacht	0.0849115692226208
schleppen	0.0848574535327332
distal	0.08480951331005221
getier	0.08475962138924256
gastroschisis	0.08467912357461276
schlottern	0.08467207874259118
aasgeier	0.084660668672406
furchen	0.08461218427217024
schnippeln	0.08458591256598376
konkani	0.08458507772374141
unsanft	0.08450024622263959
zischen	0.08444682657655699
kannibalismus	0.08443711521926806
arbeitend	0.08443425337069682
umami	0.08439558134426751
bekleckern	0.08435121252569765
stange	0.08434610711430766
schwingen	0.08430043221474541
paaren	0.08424428631327878
schmalz	0.08414130230911228
ronde	0.08412557766344783
kleinhirn	0.08408813828809267
kiste	0.08404684589953114
schlurfen	0.08403303823553525
rechtsfrei	0.0840283257512987
hypochonder	0.08400766499501953
elch	0.08400476025117797
kopfschmerz	0.08399897710712673
affenhitze	0.08387057382394474
trotten	0.08387022233662883
blutlache	0.08378431932790502
krakeelen	0.08371892667541662
glucksen	0.08361656522079744
verschimmelt	0.08342008678448852
kritikerin	0.08332388128942375
fruchtfliege	0.08330933938830956
gewusel	0.08330624136433824
streichelzoo	0.0832747509322136
juristerei	0.08316755462736813
handkantenschlag	0.08302809605324978
maskulinum	0.08300459044899453
schuldig	0.0829655232713588
joghurtbecher	0.08287402241980776
fahren	0.0828627146769086
unachtsam	0.08265539824830728
zerteilen	0.08263736568468272
umlagern	0.08262070607528922
laterne	0.08258212182950536
flasche	0.08240089495671804
schrubben	0.08220148781429681
unbewacht	0.08215175763161471
antifaschistisch	0.08211225188149651
gerollt	0.08208361873218659
schnitzen	0.08116543149503382
