schlampen	0.04406824471750163
hure	0.04401439967841933
kanacke	0.04397456253218448
schlampe	0.043870813394471755
hundesohn	0.04384171023979361
pisser	0.04380610492445524
transe	0.04373883793841326
schwanzlutscher	0.043731533553408565
arschgeburt	0.04371575181893519
tunte	0.04368707864541016
notgeil	0.04363892346509486
missgeburt	0.0435428673735676
pimmelgesicht	0.043526783123340435
stalkerin	0.043415004292675606
arschficker	0.04330918913918019
fotzen	0.043302262506197065
nuttensohn	0.043182728282169014
schrulle	0.04313965994957708
hurensohn	0.04313390275842226
mutterficker	0.043113205734097895
schwuchtel	0.043098333345959666
extase	0.04302815941438344
ficken	0.043020543917149746
prolo	0.043011052105708984
ehrenlos	0.042983207797823504
flittchen	0.04296930166655532
tussi	0.04280998101661025
brüsten	0.04280783085189615
arschkind	0.04275081218594965
geil	0.04266310559843303
eierkopf	0.042652889967842715
fotzenknecht	0.04264918119258191
androgyn	0.0425483196235179
brillenschlange	0.0424610905376833
labersack	0.042382222525758906
grufti	0.042292551857918026
hurentochter	0.042164198856168095
pickelface	0.042089142069172976
gefickt	0.04205447626020712
schlitzauge	0.042052499451210444
prengel	0.04173246626268238
verrucht	0.04164776296961709
protonentherapie	0.041517692505224336
