kanacke	0.12729925696549038
missgeburt	0.12194370235963993
hundesohn	0.12066113669061503
mutterficker	0.11674043739188772
schwanzlutscher	0.11439162128615572
tunte	0.11254918480165381
hurensohn	0.11005034707379661
arschgeburt	0.10989914451691946
ehrenlos	0.1095833229558912
bratze	0.10644063177963417
assi	0.10506085849957444
transe	0.10469839466210865
hasch	0.10402707694623285
eierkopf	0.10352306372714572
hurentochter	0.10290744205829426
anmachspruch	0.10276014017385954
spitzname	0.10274879431821662
sackratte	0.10217684964566776
nuttensohn	0.1021460067311231
pummelig	0.10156894042044762
kanalratte	0.10154017748976281
geil	0.10153069609024949
milchbubi	0.10120520713035244
nachname	0.10112068737525157
mannsweib	0.10090133545252601
sau	0.10086052775054703
dreckskind	0.10076534367171346
wixxer	0.10038119358405054
fotzen	0.10025600264249422
pisser	0.09989810433626828
fickfehler	0.09971043319430503
mistkind	0.0996813311326196
gelabber	0.09966266152142322
ficken	0.09940481075084048
schlampe	0.0991009605086178
klingelstreich	0.09909586402784691
notgeil	0.09867383336439448
vollspast	0.09844799732628615
arschficker	0.0983654848440967
bengel	0.0983291575481932
untermensch	0.09825657254168964
gefickt	0.09818553232432416
tussi	0.09812125867727294
japse	0.09778964432155622
bepissen	0.0976248322651785
arschkind	0.09735244778603708
eingebildet	0.09727311151293037
dummkopf	0.0971584576084662
schlampen	0.09705143775490217
schwanz	0.09701474019584248
blasen	0.09695093616521577
fettsack	0.09694953926900683
titte	0.09693675313262702
weib	0.09678917552137548
strippen	0.09674194940955598
fotzenlecker	0.09672365960267938
muschi	0.09672239394891574
zerficken	0.09636221463304456
schreckschraube	0.09627052980014672
unlustig	0.09620099958579482
fotze	0.09614702551931788
ficker	0.09605123695208073
labersack	0.09603100072834626
brüsten	0.09587075705730204
fetisch	0.0958191869360158
fotzenknecht	0.09577120520824156
sperma	0.0957664588397194
drecksau	0.09551056553692537
knackarsch	0.095509808048202
er	0.09512258446599578
affenarsch	0.0950884173209821
schmock	0.09492467618076976
selbstverliebt	0.09477480491394447
schleimer	0.09473782663389563
flittchen	0.0947077067092
lutschen	0.094694893355622
du	0.09464464478427734
bart	0.09458967281974369
brillenschlange	0.09457128534989581
arschfick	0.09454386365136928
grufti	0.09452258133236005
lappen	0.09451247643277988
abgehen	0.09449347760343708
schlingel	0.09441124808974273
scheiss	0.09434315379563367
sexsklavin	0.09432923430494423
labbern	0.09426380954887466
schrulle	0.09422386162608395
legasthenikerin	0.09413629981236186
sklaventreiberin	0.09402901490723596
schlappschwanz	0.09384511032024598
versaut	0.0937421991169424
ohrwurm	0.09368619603457054
spackig	0.09367630484993336
anlabern	0.09353408817794528
lecken	0.0935099031556269
kackbratze	0.09347002663792667
krass	0.09343636961154164
nymphoman	0.09321072253908769
prengel	0.09310276590228082
verkackter	0.09297418384471405
tucke	0.092907753536902
pottsau	0.09274598263794957
sackgesicht	0.0926513364207648
trottelig	0.09256370070166364
russin	0.09252491588260016
ungeschminkt	0.09252152097320288
stiefmutter	0.09242783025003387
vögeln	0.09241541340276364
kacker	0.09241081769900122
lümmel	0.09202774510624663
rothaarig	0.09201904669763376
spacko	0.09188568696608646
abgehalftert	0.09187878441671583
dirne	0.0918475834737407
schirch	0.09170547011833012
pimpf	0.09165619285887262
anpissen	0.09153358894276638
zicke	0.0914480798421369
strohdumm	0.0913754607606608
zweideutig	0.0913361331436853
tippse	0.09131983949332467
wuschelkopf	0.09118685048977251
abspritzen	0.0910961444126575
schlawiner	0.0910007808574925
anblasen	0.090941072019785
haarig	0.09087084708736846
aussaugen	0.0908700226531113
wichser	0.09086039833766796
melodramatisch	0.0908447227103151
gesichtselfmeter	0.09084164364405514
pimmelgesicht	0.09080483893867929
prollig	0.09066150936891872
boah	0.09061806721967983
abgewichst	0.09060585073951344
ungezogen	0.0905078054834585
nymphomanisch	0.09048014135744559
spanner	0.09038384795753904
hartzen	0.09034408808245148
orgasmus	0.09019882859280454
flachlegen	0.09015060857764053
suff	0.09014230938282723
arschgeige	0.09013973544817012
untalentiert	0.09007742822745206
reallife	0.09007190175953093
schisser	0.08988226486708077
verkuppeln	0.0898122120384766
arschlos	0.0896659382689125
horrorfilm	0.08951546591152625
unrasiert	0.08946701914592825
schwuler	0.08937169570773154
wütend	0.08922881144686787
lustknabe	0.08921967402128442
heftig	0.08918281222919049
kerle	0.08895302656080492
sickig	0.08879898818130694
ach	0.08877563056840912
schnepfe	0.0887495890615321
unhöflich	0.08868168600776614
pimpern	0.08867034999684313
petze	0.08856114887096306
vegetarierin	0.08855273863526802
teufelsdreier	0.08852904105747715
übertrieben	0.08850460094061749
backpfeife	0.08847790616642247
gammelig	0.08847135842198262
prügel	0.08834928256355777
geschreie	0.08826595674305657
arschig	0.0880835848571928
kacke	0.0880130407065722
versohlen	0.08786659755700435
gutaussehend	0.08786164192279679
macker	0.08776892231981481
stinkstiefel	0.08769296879110519
negerkuss	0.08764105149081017
schiss	0.08763616048862533
unnötig	0.08761662865745269
spritzen	0.08759665242259085
verfressen	0.08754570052985364
garnichts	0.08730666809029869
verrückt	0.08725002026033611
unfair	0.0872498012999323
fresse	0.08724593421882096
undefinierbar	0.0872022967202014
labertasche	0.08716177773390267
rohrstock	0.08709339892839953
verfickt	0.08698981206107596
ausrasten	0.08697789758155654
dialekt	0.08689764320121893
gemein	0.08682201608085578
stinktier	0.08673030181228723
heulsuse	0.08669065371022122
durchficken	0.08664122395842745
penner	0.08657335033717074
softporno	0.08649783400984486
dummerchen	0.08643332624205959
spastiker	0.08627695912624343
fresssack	0.08618697728942937
verpissen	0.08618329259754165
abrasieren	0.08618041788748197
umbringen	0.08609951580751748
kuhkaff	0.08609373714601773
entstellt	0.08605266984566655
zwillingsschwester	0.08586468752350532
intelligenzbestie	0.08585482645210035
pavian	0.08583806992956279
spüren	0.08581358758489825
idiotin	0.08579069873359242
möse	0.08564012423677429
bocken	0.08563622327341458
lockenkopf	0.08559665887928856
waldschrat	0.08558911625983597
unchillig	0.0855423215832402
gehasst	0.08552160654995225
flitzpiepe	0.08544803722507176
zotteln	0.08541695282149184
gruslig	0.08540003025659282
gruselig	0.08536878391037382
woher	0.08533368463228738
unmensch	0.08529079665538235
weichei	0.08527405225393118
vollbart	0.08520504185858332
spalte	0.0851978605377514
viech	0.08519696458697879
haaren	0.08518402279723324
hinterlistig	0.08515921894283879
arschgefickt	0.08514029345246356
stalken	0.0851121346201847
komisch	0.08508247338302799
verdammt	0.08508207292012022
fliesentisch	0.08505590949907009
dildo	0.08503470986593979
abmurksen	0.08500779703850861
memme	0.08499703689597751
vorlaut	0.08485609605820195
streber	0.08477717971964312
vollidiot	0.08473790835899143
fett	0.08472906117758391
abkacken	0.0847158048563349
schwulenfeindlich	0.0847106109260108
verschissen	0.08465495066714836
leid	0.08464452004623398
fatzke	0.08461819014851382
mist	0.08460482143956626
entblocken	0.0845866921750335
stupsen	0.0845848134415326
rüber	0.08456222868266272
schrecklich	0.08452665235735032
analkette	0.08452576024134874
farbenblind	0.08451112351977513
egoistisch	0.0845077131074373
piercen	0.08446774043193331
ferkel	0.08443065872659741
steinalt	0.08429687237407939
nein	0.0842841284807351
schuft	0.08423948702162172
saufabend	0.08423613997498189
landei	0.0842092358577328
dickkopf	0.08404491777034338
herzlos	0.08400431294591287
verficken	0.08396780685484953
banause	0.08395260344760606
flennen	0.08393620766355403
peitsche	0.0839352171617557
pejorativ	0.08393284840041491
schlimm	0.08391722659241867
abklatsch	0.08384589287466826
talentfrei	0.08377004964979405
toupieren	0.08376658844613594
sindse	0.08373158877741572
pissen	0.08371473703998537
doof	0.08370836319081593
ziegenbart	0.0837051225980441
dorftrottel	0.08370482254748746
dumpfbacke	0.08370109383768415
trulla	0.08368653344180234
unwohl	0.08365820645791512
ekelhaft	0.08364378313746118
bullenschwein	0.08363274566304776
hyperaktiv	0.08360597873680703
sahneschnitte	0.08357785182467116
strafarbeit	0.08355168845411919
unbefriedigt	0.08354503151301453
babbeln	0.08353856332836085
hohlkopf	0.08353441704426251
besoffen	0.08346322935178627
nackt	0.08342715107729229
lass	0.08336208398252241
ankotzen	0.08335953803427838
schickse	0.0832724550118047
war	0.08326486930453822
headbangen	0.08324638520875538
menno	0.08322800631618621
wehleidig	0.08319307858518818
behaarung	0.08318964652602683
herzchen	0.08317486785795865
proll	0.08311455878429261
begrabbeln	0.08305669387209721
fuchsteufelswild	0.08304051372761798
faltig	0.08296678838288757
kratzig	0.08293423869441595
gedehnt	0.08291810149349785
nimmer	0.08291615752208577
notschlachten	0.0828802466769725
verdorben	0.08287907827994224
erwachsen	0.08284604110025488
schmierig	0.08281137312165975
spruch	0.08280140705047967
grindig	0.08276967543377048
schwein	0.08272398232571633
muttermal	0.08270425870174032
rotz	0.08266767643666303
unleidig	0.08266350653981233
hampelmann	0.0825863813132428
vieh	0.0825836853060207
petzen	0.08257975968950086
heulen	0.08257682092334011
dicklich	0.08254429050836247
schusselig	0.08252914528786781
deprimiert	0.08252909059625639
verabscheut	0.0825266397156751
beknackt	0.08251358496942908
halbglatze	0.08251286709384328
buschschwein	0.08246479572619475
drecksack	0.08239054380837613
abgedroschen	0.08237738962777429
necken	0.08235054611127965
aufgeregt	0.08232258712678499
gekrakel	0.08232214035834899
frischling	0.08229542665314851
unfreundlich	0.08228118597204305
sterbenskrank	0.08228080337903804
schucken	0.08226093189468094
blase	0.08225442608517755
weinen	0.08216448050426502
witzbold	0.08213829701077144
erbärmlich	0.08212292287960876
dreckskerl	0.08210969084308983
bisschen	0.08209127120447575
pisse	0.08207165584354026
schlaumeier	0.08205979243146311
unlogisch	0.08204522476521706
angetrunken	0.08203788964100928
glatzkopf	0.08200280042025283
schwachmat	0.08198549439152493
matschbirne	0.08193629436530762
steif	0.08191462547815292
hach	0.08187846344873291
nappel	0.0818652581562018
melancholisch	0.0818637289102734
grottig	0.08182790784934724
weinerlich	0.08182364293149794
lahmarschig	0.08171717665875275
undiszipliniert	0.08170239734204396
popel	0.08165716045085979
kaltherzig	0.08165263773922368
langweiler	0.08157704051749247
wehe	0.08156818818844869
garstig	0.08155532186245566
konversation	0.08155391497959191
gebrechlich	0.08153078469699396
feigling	0.0815082053801156
frostbeule	0.0814535572008252
knarre	0.08143799562943649
sippschaft	0.08143142154923998
abblasen	0.08139492231828388
desinteressiert	0.08139123378252772
bekloppt	0.08135744460285861
penisbruch	0.0813457121679479
hau	0.08132570879879823
krank	0.08132197131372898
arschkriecher	0.08128318295105945
mistvieh	0.08127267965397364
verkacken	0.0812544597462257
hase	0.08122391544527237
schlapp	0.08116396305405911
dusselig	0.08115723059369148
schmutzfink	0.08115151951534827
klatsch	0.08114918745691808
unabsichtlich	0.08114292840330695
seicht	0.081124282563071
enttäuscht	0.08109630586919184
arschbacke	0.08106283266768127
nuttendiesel	0.08103928486134875
wahnsinnig	0.08103272207349589
fremd	0.08099239385318109
trottel	0.08098473182498528
einfallslos	0.08096761828623995
deppert	0.08094406889068995
mal	0.08092549287493021
nackig	0.08091319784786137
egomane	0.08090024376388871
fremdschämen	0.08088068754167661
brabbeln	0.0808740233196288
verkniffen	0.08080295302760089
ziemlich	0.08075229763406547
neffe	0.08072156405060069
hohl	0.08070679994612566
quatsch	0.0806983832481064
moppelkotze	0.0806609931636246
quasselstrippe	0.08063567093329188
verräter	0.08063421406304257
aggressiv	0.0805610196426748
taschenbillard	0.08055132963933483
kotze	0.08054188641902175
zeugs	0.08047136176290064
koks	0.0804448377743843
grenzdebil	0.08040764810779877
schnitte	0.08040533477132493
undankbar	0.08034216147672055
krumm	0.08029630278476443
niemand	0.08029140414091057
abgeneigt	0.08026372807744075
heiser	0.08024951357757842
irgendjemand	0.08022846836015418
schnuppe	0.08022629442585825
schmatzen	0.08022423069647484
vermissen	0.08021979188715278
primitiv	0.08021901361882697
untertreiben	0.08019943581933507
pennen	0.08017687229103528
abwesend	0.08017111089690586
verkleiden	0.08016465668484579
armselig	0.0801468257993589
abgeschwollen	0.08012058834640949
widerlich	0.0801008846756507
schimpf	0.0800960917236791
kirre	0.08009424408122845
laufmasche	0.08006406700936919
diejenige	0.07995862858754152
kopfnuss	0.07995597727757892
schauder	0.07994253499706469
zeug	0.07994031550614612
alk	0.07993816425847988
dreh	0.07990426713213684
altmodisch	0.07990410150432543
autsch	0.07989935724185834
rechtschreibfehler	0.07988200760903395
hysterisch	0.07984048024720529
schnecke	0.07983168638496595
heimzahlen	0.07982666269482938
bierschiss	0.07982590269031634
morgenlatte	0.07982442553685976
sensibelchen	0.07979387624351299
sturmfrei	0.07979381146852178
bequatschen	0.07977920401664872
aufgeweckt	0.0797300513425333
fetten	0.07972878514405203
wurscht	0.07970228499399452
abschminken	0.07968361569965159
langeweile	0.07968077832521098
unwissend	0.07964431669040827
kuhdorf	0.07961822101312212
irrenanstalt	0.07959128533743268
strahl	0.079548611997579
asozialer	0.07953913450873659
homophob	0.07953460095048147
einseifen	0.07953000677347605
mund	0.07950815222599332
struppig	0.07949977905505176
abgehoben	0.07948561319609886
puh	0.07948437010850296
wehtun	0.07948218504827806
hintergedanke	0.07947444531210933
huch	0.07947069369132025
unterbelichtet	0.07944329531068502
kaputt	0.07943987719154766
quatschen	0.07942766042443213
ungewohnt	0.07942256300777559
furchtbar	0.07940650354425086
schmutzig	0.07940623336255473
ratte	0.07939569587357745
erwachsener	0.07937892674994723
kiffen	0.07935500252261114
zusammenhanglos	0.0793464715568789
schade	0.07934539068432606
unfassbar	0.07932640365268928
singen	0.07930629972286574
unterbuttern	0.07929201185632888
pech	0.07928994607377109
hirnlos	0.07925597215247861
klamotte	0.0792428991568415
verlobte	0.07921458154271943
einbilden	0.07919405560757317
schlampig	0.07918838251380157
einsam	0.07918172055627025
griesgram	0.07917523904006986
rausgeschmissen	0.0791469951332236
bekritzeln	0.07910176508748694
anstrengend	0.07907192425638321
schlecht	0.07905741455901018
blutmangel	0.0790506833794199
quasseln	0.0790180975281582
sabbeln	0.07901084478398446
miesepetrig	0.07896689450621434
charakterlos	0.07891199565536956
kusshand	0.07889274558984832
verziehen	0.0788639351840607
untreu	0.07884562015691593
grunzen	0.07883841145633473
bizarr	0.07883621350967719
hungrig	0.07879102341098303
seltsam	0.0787904283133753
verkloppen	0.0787558286393237
falsch	0.07874745191725148
langweilen	0.07871932863424894
mundfaul	0.07871846969440491
abtreiben	0.07864924282655134
bartstoppel	0.0786127605867259
tragisch	0.07860971673758202
japanisch	0.07855580226889933
besaufen	0.0785450833255299
schwindelig	0.078537433130006
hodensack	0.07851710995438305
weichklopfen	0.07851545658908597
rücksichtslos	0.07849031115513365
sterbenslangweilig	0.07848710744004361
alleine	0.07848365347782929
liebeskummer	0.07847511226684135
man	0.07845809404189354
begriffsstutzig	0.07842453299978043
auwei	0.07841957142211924
nebenmann	0.07840092552591765
kranker	0.07838263522021953
unpraktisch	0.07836146407161429
schnappatmung	0.07835497393825701
todmüde	0.07833894337608593
stutenbissig	0.07833861535792597
schlosshund	0.07833719925199224
ekel	0.07832472580911407
durstig	0.07830520772039257
buschfunk	0.07830029028111553
pickel	0.07829982271605605
herzschmerz	0.07829033155628481
homophon	0.07826878735129225
putzfimmel	0.0781753340101915
fragerei	0.07817436270142816
knilch	0.07816009629776743
karre	0.07815910753904878
tratschen	0.07815613656103633
beschwipst	0.07811563004087158
gelbsucht	0.07811058686786122
schwindlig	0.07809651703633118
ungeschickt	0.07809603434187197
pudern	0.0780864852726771
rebellisch	0.07808195037847884
ärgern	0.07804842567914227
schieflaufen	0.07804693329394974
verdutzt	0.07804001967856451
topfpflanze	0.07803755888777388
keiner	0.07799617134143265
unwirsch	0.07792661216509039
weiterrauchen	0.07792633331248482
ausgemergelt	0.07792203953356054
belabern	0.07791961455434017
jammerlappen	0.07787624341521189
scherzkeks	0.07784037398744537
weggehen	0.07783516951655794
schwanzlos	0.07783393937243319
angewidert	0.07780092751141847
feuchten	0.07779752012778497
grütze	0.07777544032197872
gemach	0.07776728514358645
sack	0.07775389682820921
winzig	0.07775235897528984
aufreibend	0.0777398890658805
rumgammeln	0.07773430220696304
alkoholisch	0.07771943071850426
schmarrn	0.07771449010037601
inkontinent	0.07767578046025622
katzendreck	0.0776686322762613
freistunde	0.07766583558907349
raucherin	0.07766398433317934
ganz	0.07763793238211887
uninteressant	0.0776359679919362
spontan	0.07762199555698601
unpassend	0.0776135059117698
anreden	0.07758607368973658
boshaft	0.07755238216943923
beule	0.07753705354872287
flunsch	0.07753314465899258
anstrengen	0.0775330357117147
zeiger	0.07752499650859057
idiotisch	0.07751973565686551
tarnung	0.07749373831456259
weinend	0.07749046309432021
lauthals	0.07747754877507057
miefen	0.07746756239681045
grottenschlecht	0.0774637028092471
schrott	0.07745917002027307
gesabbel	0.07740939236728665
wampe	0.07740837443332792
missraten	0.07737721419177108
zeitlang	0.07737045866885721
pieseln	0.0773564316662593
zusehen	0.07735479293674265
abstreiten	0.07733986177497916
nacktbaden	0.07733860779201239
animalia	0.07733490608992066
anorektisch	0.07732988853676927
stuss	0.07732923732481321
schmerzhaft	0.07730572519289855
unhygienisch	0.0772974062001643
unwichtig	0.07728311247259585
frustrierend	0.07726994897084696
kinderficker	0.07726291504374971
gammeln	0.07725360575771154
itaker	0.07724571116958649
geschert	0.07723954611830067
feucht	0.07723835836235907
kimme	0.0772212425205895
grobmotoriker	0.07721659207038377
beschiss	0.07720023821567572
putze	0.07716913567363336
schelm	0.07716726134179745
fanatisch	0.07716350779792945
korinthenkacker	0.07715760933509497
verschlagen	0.0771542819286315
zecke	0.07714181081997622
zahnweh	0.07712936987042036
nervenzusammenbruch	0.07712485569227111
leidtun	0.07711115583161572
dwv	0.07710244382422449
plinse	0.07709662801478001
aufregen	0.07708062273424682
fertigmachen	0.0770748565282554
drehe	0.07706219401647871
no-go	0.07705067059938604
doppeldeutigkeit	0.0770500351298748
platt	0.07704970715205371
hornbrille	0.0770496276108857
ungeduldig	0.077042162719895
raus	0.07703645746359934
arschkalt	0.07700590143117084
unbewusst	0.07698510599661877
chaotisch	0.07698297804808145
jaulen	0.07696194268059352
qualle	0.07695205505609355
leberfleck	0.07695065061273874
furztrocken	0.07693420755242476
aufbleiben	0.076919690488785
schlabbern	0.07691804760881202
grenzwertig	0.07690795074931615
katze	0.07690700026076895
schwulenbar	0.07685145247118635
unterschwellig	0.07685093725726322
eigenartig	0.07685042714037482
gesabber	0.07683878450831257
endprodukt	0.07683010913689056
unterleib	0.07682970837523272
bespritzen	0.07681433200673801
einschlafen	0.07679943655655923
notschlachtung	0.07679876658591722
balsa	0.07679505406686414
vergessen	0.0767913555154138
nerven	0.07678359082090118
siezen	0.07677063564675628
bema	0.0767530522651422
kind	0.07674721351476019
alkoholiker	0.07674077245168484
spucken	0.07673138236176112
auweia	0.07670730954661015
gnadenschuss	0.07667807330858702
feige	0.07665256868901135
kompliziert	0.07664630224195548
allerwertester	0.07664471123958087
engstirnig	0.07663669155725242
warmduscher	0.07663420420003622
frau	0.07662968705332016
mann	0.076613458947487
pupsen	0.07656978423339648
pinkeln	0.07656877314865541
moppel	0.0765346402713816
aufkreuzen	0.07653015720266078
elendig	0.07648010663667383
zahnfee	0.07645730664178214
borstig	0.07638427841499809
patzig	0.07637832792015366
vollkommen	0.07637314946546593
gebrabbel	0.07637020547842496
teleportieren	0.07636536800959942
erschrecken	0.07636272964875591
ungehalten	0.07634134529175522
anagramm	0.07633830216868363
dusslig	0.07632661335704685
dreck	0.07632239611909757
schwachkopf	0.07631633882125242
stirn	0.07629436771309031
drogenfrei	0.07629403829745078
aufstehen	0.07624061443754993
geschimpfe	0.07623915318940275
zwerchfell	0.07618095335198483
kastrieren	0.07617740049740468
ertragen	0.07614818240247676
duden	0.07614497205803186
schmu	0.07611939088911364
vertauschen	0.07611895772670263
prostituieren	0.07611477026434377
hinterlaufen	0.07607853842696145
versehen	0.07607152224373682
dfv	0.07606375866093364
tatschen	0.07606289157913962
kaff	0.07605744572217667
deplatziert	0.0760523232135756
umkippen	0.07604796263377378
abgefallen	0.07604774439771164
rubbeln	0.076038054608974
verscherzen	0.0760232838230459
spreche	0.07601943506327885
gequatsche	0.07601497739504044
unscheinbar	0.0759904785665078
misstrauisch	0.07595444884936768
unangenehm	0.07595431851983073
vollpfosten	0.0759409185405941
waschlappen	0.07593588586683417
juckpulver	0.07593055084873966
komma	0.07592868827978792
klischee	0.07592835001120206
husten	0.07591620589389453
hibbeln	0.07588405834546033
sediert	0.07588105640146701
umstimmen	0.0758562181299542
hochtrabend	0.07585609384810652
bierernst	0.07585557197508036
zeichnen	0.07585139929317816
hucke	0.07583990717278168
meckern	0.07583726166602825
schreibfaul	0.07580900939714377
abschlagen	0.0757932318504778
fluchen	0.07578253768430235
verletzlich	0.07577301848452046
schizophren	0.07574394818876445
bammel	0.07571473129905963
ungewollt	0.0756781788126827
abknallen	0.07566981418856883
suppenkasper	0.075657244930601
ablenken	0.0756567297881582
hinlegen	0.07563668012896155
unkorrekt	0.07563314440957414
ochse	0.0755994969974847
sinnlos	0.0755875738369031
schnake	0.07558378015466168
pfeife	0.07557975343094303
manche	0.07557849427326094
lästig	0.07556912253538701
hirn	0.07556041183958057
uralt	0.07555759089574834
zwiespalt	0.07555012283659548
wegziehen	0.0755356386045478
pikiert	0.07551299946298681
wurstblatt	0.07548502879105103
pickelgesicht	0.07548124837414684
daneben	0.07547549535573347
weglaufen	0.07546866829792138
rechthaberisch	0.07542801976584197
zwiegespalten	0.07542688693651489
nachstellen	0.07542319372452935
demotiviert	0.07541317455856748
fliege	0.07540500481205555
spaghettifresser	0.07536322884644184
fressen	0.07533540876893109
glied	0.07533406720984649
merken	0.07531756827885563
unappetitlich	0.07531139225321332
pathogen	0.07530425582113455
liebesbeweis	0.07530076806394458
nigl	0.07528343919220132
pillepalle	0.07526528449065731
kartoffel	0.07526346266471352
sinnfrei	0.0752619778769382
verzapfen	0.07525768644360145
unsauber	0.07524803083892197
nass	0.07522440634109714
besucherritze	0.07521854127293921
kotzbrocken	0.07520234574024671
herziehen	0.07519733128242193
aufschreien	0.07518190177681128
stillos	0.07517874806057297
belanglos	0.07515814242449403
brechmittel	0.07515788073619496
hoffnungslos	0.07515493479090206
unmotiviertheit	0.07513883992181114
behinderter	0.07513700667528003
duschen	0.07513065379677403
abschreckend	0.07512592268286365
runter	0.0751198633152256
schmerzvoll	0.07511828751858307
auffallen	0.07511773464618957
platzangst	0.07510910236333099
schrieb	0.07508323201001614
blocken	0.0750802029616249
tennisarm	0.07507579588925821
schnapsleiche	0.07507212127403155
schwachsinn	0.0750658582529324
befremdlich	0.07506372027683778
auweh	0.07505883949864385
schwippschwager	0.07504779319637692
abfallen	0.07504754134308285
hund	0.0750420671070262
stur	0.07502293982631637
haufen	0.07500624293674293
vergasen	0.07500534629572621
verwirren	0.0750027181638926
panikattacke	0.07500150228447477
beschreien	0.07497893423705265
nabelbruch	0.07492054018727401
sklaventreiber	0.07491521899217535
beschweren	0.07490921891012102
nervenaufreibend	0.07490693593071368
beschimpfen	0.07489866549421027
schnupfen	0.07489313808529294
befruchten	0.07487506253335234
schamlos	0.07486874887803158
ungerecht	0.07485028683378142
schlag	0.07484512599664835
durcheinander	0.07483197826624308
verschlafen	0.0748261944394673
hintreten	0.07477338513823413
wisch	0.07475713131690573
unscharf	0.07474360604333077
triefen	0.07472705256963931
keifen	0.0747256089531088
schubbern	0.07471596056719926
herinnen	0.0747130623254949
oder	0.07471063028434557
kurzsichtig	0.07470447565999783
wegfahren	0.07468460987368719
hofnarr	0.0746590441298198
heruntergekommen	0.07464652879919953
daherreden	0.0746414789339891
sippe	0.07462716656091573
schlaf	0.07461606320825777
abraten	0.07461224612459566
streng	0.0746028448016528
abkratzen	0.07459329226482475
kretin	0.0745882084643956
esel	0.07458552352455235
schocken	0.07457999801807164
irrenhaus	0.07457864375580693
gelinde	0.07457669086302791
anbellen	0.07456895274258453
verkriechen	0.07456808428885714
berichtigen	0.074564975401378
undurchschaubar	0.07455807471142147
wessi	0.0745503036895394
milchtritt	0.07454721164829649
zottelig	0.07448824534406516
panisch	0.07447022902371658
maulen	0.07446865445786653
hornochse	0.07446617507057297
muss	0.07443721454362266
vorrechnen	0.07441607409851238
schmiere	0.07440353717339929
profan	0.07440046314394302
widerstehen	0.07438607479868582
vorhersehbar	0.07438073922589689
hektisch	0.07436827416241713
stuhlgang	0.07434310924381443
spritze	0.07433762290195456
kopp	0.07432770262230508
regenwurm	0.07431893176476038
knebeln	0.07429227723813446
schrullig	0.07429172297767363
verzweifelt	0.07426693702512766
langsam	0.07425982316665773
aufscheuchen	0.07425810469629807
zimperlich	0.07425573671767625
begafft	0.0742492960125968
kauleiste	0.0742471932654076
weglassen	0.07422638423408559
winseln	0.07421442397338641
kabbeln	0.074189163600008
wespe	0.07418146366696785
leichtsinnsfehler	0.07417973796651496
zahnstocher	0.07417246442863802
weder	0.07417137077956988
zotig	0.0741699545973295
bauch	0.07416172533127019
verpeilen	0.0741616284072939
appetitlos	0.07413745398528018
verzwickt	0.07413469734701891
morgenmuffel	0.0741331499221464
auseinandernehmen	0.07413189449687829
herumhacken	0.07412044806101034
wichteln	0.07411049488881469
unhold	0.07408700908693992
berieseln	0.07408167804991615
unfein	0.07407077037829354
kraulen	0.07405790756531912
todkrank	0.07405224455929885
lieblos	0.0740404303783329
ungesund	0.0740379040441726
miese	0.07401077624935293
erguss	0.07397059369127588
seufzen	0.07396181751712984
unbedacht	0.07393329732667722
blubbern	0.07392238309528167
etepetete	0.0739090028040202
endlosschleife	0.07390553729633956
dazwischenfunken	0.07389584579340736
allgemeinwissen	0.07387020729004505
unterentwickelt	0.07386403189857492
unbeteiligt	0.07385703423293603
druckstelle	0.07384907160789976
herumgammeln	0.07382494522447584
sonnenbank	0.0738092338123447
zeitgenosse	0.07380131775750091
seelenstriptease	0.0737979568574304
flitschen	0.07377730119820058
abrackern	0.07376691389032745
phlegmatisch	0.07374718224054486
totschlagen	0.07372843381060361
hinziehen	0.07372337406878615
dekadent	0.07372300038089735
schweinerei	0.07370638809000987
madig	0.07370544311076467
auftauchen	0.07370442450604003
empl	0.073698303633192
zahnklempner	0.07369045201369086
kalt	0.07368490633038591
eingebung	0.07367151538142014
leiden	0.0736687831159045
nageln	0.07366809680095249
nagetier	0.07365901257303015
trennungsschmerz	0.0736417207458279
schweizerisch	0.07364092518928228
verhohnepiepeln	0.07363987033891273
ruppig	0.07363800321688892
zucken	0.07363332055700454
sterblicher	0.0736024723910379
unfreiwillig	0.07359824480057206
neid	0.07358353050701044
synchron	0.07357734928274706
singsang	0.07357176288684467
schubsen	0.07355169865602482
mückenstich	0.07350239770826761
kurz	0.0734995114274214
schuld	0.07345582825922707
urinieren	0.07341237825624548
beinhart	0.07340664415421391
unbedeutend	0.07340435130306465
furchterregend	0.07340014839257537
finster	0.07338425444670807
stramm	0.0733568346219971
wedeln	0.07335339516884541
zwicken	0.07334753067746864
oberfaul	0.07333945119934651
unehrlich	0.07332961003152327
ablenkung	0.07332550210686543
jammern	0.0733165549476271
unschön	0.07329551097548596
muffensausen	0.07329502678424313
entsetzlich	0.07329272217234387
musikantenknochen	0.07329263394120711
piefke	0.07328523717827869
kopfschmerztablette	0.07327796861949867
profilneurose	0.07327458258339228
ojemine	0.07326745634023739
mimen	0.07325745870245699
muffeln	0.07325568261201483
gnadenlos	0.07325493351887047
inkorrekt	0.07324861456568135
besinnungslosigkeit	0.0732459726063794
ablassen	0.07323893997464834
hinten	0.07323521466776405
pessimistisch	0.07322327448843019
selbstironie	0.0732181265182034
fetzen	0.07321296600967858
vierteilen	0.07321235920311871
nacheinander	0.0732059460208776
medienhure	0.07318908283896401
geifer	0.07318413059765282
unsicher	0.07316361534774396
zusammenschneiden	0.07315702659483839
flach	0.07315302937244829
juckeln	0.07314695396235898
pusten	0.07314451212670102
klopfer	0.07313975759559106
bespucken	0.07313602854459444
legostein	0.07310754395879587
neudeutsch	0.07309850500696663
schreiberling	0.07309687921536948
striemen	0.07308464897725517
ausspucken	0.07308227861494276
wegkommen	0.07307679926718978
saftladen	0.07307392735455435
einzig	0.07306609696740414
kleinkariert	0.07305299647008655
gedankenlos	0.0730498328629879
windelweich	0.07304000094168209
latschen	0.07303551227559948
kriechen	0.07303454654344504
unverständlich	0.07302342823024359
hopsen	0.07302320493615082
verwechseln	0.07302198094055698
sterben	0.07300419545173273
entgegnen	0.07299169995631882
verarschung	0.07295658937996974
schlafwandeln	0.07295436828067617
apathisch	0.07295234207418852
hageln	0.07294742333224911
wasserkopf	0.0729446922961569
ungebeten	0.07292160405460406
gegend	0.07291494763529192
missverstehen	0.07291149450534927
kardiologin	0.07289111524794985
asoziale	0.07288370527236171
brandblase	0.07287963652065901
doppler-effekt	0.07285928426125543
kurven	0.072856247148543
schieben	0.07284915011902103
verwickeln	0.07284115334994003
hat	0.07281518751993266
teplitz	0.07280891025638395
gottlos	0.0728083154133277
arier	0.07280357230721424
seitenstechen	0.07280281155686635
bestrafung	0.07279812572986456
desillusioniert	0.07279001719273104
unfähig	0.07278811044119594
tattergreis	0.07277836297792872
disziplinlos	0.07277339932693548
verzagen	0.07276925407352913
frotzeln	0.07275765246472263
unzivilisiert	0.0727565454109203
zerhacken	0.0727304351380774
sekunde	0.07272748096932034
einordnen	0.0727122224786917
triggern	0.07271131637745912
fusel	0.07270739046307531
vergammeln	0.07270027302634804
bekehren	0.07269835641127378
neidhammel	0.07269549828608862
langatmig	0.0726950223963752
kokeln	0.0726877425626048
verarzten	0.07267421423805444
tierchen	0.0726644860115863
hanuman	0.07266235648095681
schnarchen	0.07265639287142925
witzfigur	0.07264723505744364
larifari	0.07264036665588962
beinkleid	0.07263555993596871
angst	0.0726181468521298
ironiezeichen	0.07259819723543252
vegetarier	0.07259210137539059
unruhig	0.07258968175631118
stimmlage	0.07258617087346529
schleiche	0.0725595346115294
ausbaden	0.07255688050823304
verdummen	0.07255651409075722
konterfei	0.07255394537945109
zumuten	0.07254768924504483
trollen	0.07253748826339024
qualvoll	0.07253026979713392
ausknocken	0.07251403926419019
verpetzen	0.07250496787500245
einander	0.07248145844746391
ehemann	0.07246539128360192
zerfressen	0.0724580067805975
leichtsinnigkeit	0.07245553349131115
gewissen	0.07245474870367481
erbrechen	0.07245280056170049
halbfertig	0.07244705812123367
undankbarkeit	0.07243279230100033
verzweifeln	0.072418816489154
schreck	0.07241520074747357
unverheiratet	0.07239727813067326
kratzen	0.07239376522597119
verhohnepipeln	0.07238284886876281
erzkonservativ	0.07237336078655239
sonnenstich	0.07237305897087029
fuchsen	0.07237119513803768
wutentbrannt	0.07237019333510891
gottlob	0.07237007487860488
lasch	0.07236899503149233
mitleiden	0.07235805462799835
schauderhaft	0.07235335127612683
antialkoholiker	0.07234980042281251
suboptimal	0.07233381461664289
dummheit	0.07232487700090247
klatschvieh	0.0723247819536821
schmiss	0.0723233138074397
unfreundlichkeit	0.07232009544123315
wackelzahn	0.07231230045012407
als	0.07230560918751812
schiefgehen	0.07229716177838758
luftnot	0.07228720641329386
herausfordern	0.07228532900289968
eingraben	0.0722814116876967
abtrocknen	0.07227791345319982
sauhaufen	0.07227342276566616
buckel	0.07225541544662406
schmarren	0.07224810035096255
zetern	0.07224528467967738
unsittlich	0.07224290659259167
wadenkrampf	0.07221033900221983
nackend	0.0722055394222648
blutig	0.07218457911896473
scheuklappe	0.07215581019644134
verwachsen	0.07215187070259908
antriebslos	0.07214679793026986
krabbeln	0.07214634929229931
abbrechen	0.07212982501132874
schniefnase	0.07212783563547998
geschafft	0.07210549144436874
taubstumm	0.07210371476958022
futschikato	0.07210024442492602
versuchen	0.07209506026976427
vollnarkose	0.07209486696857853
frustriert	0.07209461826546126
steinigen	0.07208394166533869
schwamm	0.07204077939762103
tobsuchtsanfall	0.07203852579794576
bisswunde	0.07203575703452475
provozieren	0.07202950593443128
weg	0.07202834876014337
unaufgefordert	0.07201553493526086
schneien	0.07201480881976388
gassi	0.0720133006956521
schulter	0.07201293333728076
schwer	0.07199894701640967
gefasel	0.07197812285695042
ungeordnet	0.07197387613455901
schmerzen	0.07196282040159119
schummeln	0.07195335606456935
spuken	0.07194170685409602
riechsalz	0.07192866680929853
null	0.07192493816756089
erriechen	0.07190555999666151
heidenangst	0.07187011473116096
nachtragen	0.07186654139589232
abstand	0.0718536103757345
trinkerin	0.07185334048325173
abschreiben	0.07184008695482574
fehl	0.07183609459687086
tyrannisieren	0.07183308286813407
verletzen	0.0718266515857319
kleiden	0.07180801714174408
abschaum	0.07180054388653552
wackeln	0.07178572299934483
untergehen	0.07177889669463612
instinktiv	0.07177103894066554
schmerzlich	0.07175530289150951
moralkeule	0.07175454605127327
holzbein	0.07174542350018087
nachtfalter	0.07174413690176808
gockel	0.0717408361313896
verdreckt	0.07173707039715864
schaf	0.07171079687468117
magenknurren	0.07170891375474722
unsympath	0.07169740254599331
kriegerisch	0.071697163742174
raufen	0.07169688668885563
gesindel	0.0716884174530077
bude	0.07168534561846382
unklug	0.07168235602554864
wegtreten	0.0716744256164679
charakterschwach	0.07165343861522619
verhasst	0.07164677252470517
ausschalten	0.0716467643143885
prophylaktisch	0.07161853124251515
ausgestorben	0.07160481279535168
irritieren	0.07159235993028135
loswerden	0.07158875359835279
aufblasen	0.07158206686126373
sehne	0.07158142163228277
verschimmeln	0.07157769242058953
verlogen	0.07156067631943205
verknacken	0.07155264318614483
lügner	0.07155043092590263
schmoren	0.07154452715759671
unqualifiziert	0.07153269373392411
beschnitten	0.07152791773531413
wahnsinniger	0.07152355233880867
schmonzes	0.07152334625652176
sprachzentrum	0.07152264643917161
unterbewusstsein	0.07149705735793245
sesselfurzer	0.0714970272850317
hilflos	0.07148512051695595
ablaufen	0.07148453008078431
beerdigung	0.0714732532300924
versuchung	0.07146728743918722
masochismus	0.07146161485501491
pollenallergie	0.07145716724773703
verwursten	0.07145289615667592
streiterei	0.07144152919539175
meerschwein	0.07144055843358678
antipathie	0.07143680269273703
amputieren	0.0714321634110269
knurren	0.07142598846565737
schnauben	0.07142137949971337
sprechdurchfall	0.0714167278977743
speichellecker	0.0714140103223013
sehnerv	0.07139415744364135
flegel	0.07138304291398948
anbrennen	0.07138104141336447
verbohrt	0.0713809218099933
entbehren	0.07137147037784879
meinerseits	0.071327791386192
verwerflich	0.07130117618038961
artifiziell	0.07129721207579051
meute	0.07129540852946628
weihnachtsmann	0.0712879657701539
wackelig	0.07128164072325893
soll	0.07128083603040906
stopfen	0.07128058447161609
ehekrach	0.07127921733300999
rammen	0.07126873183346046
denkfaul	0.07126758278238564
herumlungern	0.07126383327564022
zusammenbrechen	0.07126029423603399
lebensfremd	0.07125624253038376
sezieren	0.07124780699666954
zeitverschwendung	0.07124633090651
frosch	0.07124115171826784
besorgt	0.07123545939069405
bewegungslos	0.07122314996085106
zornig	0.07122158834516047
bleistift	0.07121808552213464
inkonsistenz	0.07121102825636233
abneigung	0.07119898907782778
sorge	0.07119854470664304
waisenknabe	0.07119390109211703
ruckartig	0.07118550843695753
verkopft	0.07117965737174137
erektion	0.07117681221646432
unwahr	0.07117612870540103
einbrennen	0.07117549537522735
veralbern	0.07114847364668168
abstellen	0.07114114779688141
knirps	0.07113846627821807
plebejer	0.07113517000638063
inkubationszeit	0.07111579181362317
putzmann	0.0711097077589297
narzisst	0.07110534925762776
fleischwurst	0.07110233689892312
senf	0.0710904233374456
meucheln	0.07109014783586748
erahnen	0.07108056049604665
kippen	0.0710724356640864
abfackeln	0.07106562598745633
einschlagen	0.07104937996585498
palavern	0.07104067525446181
sterilisieren	0.07101595447996087
ausrichten	0.07100017098014642
ausmisten	0.07099647518404399
schmieren	0.07098216603007028
vorurteil	0.07096664149396419
zanella	0.07096269968000034
missmutig	0.07095932308191119
enden	0.07095918419547811
kleingeld	0.07095417951912063
bedient	0.07094973862667972
nachteil	0.07094883268262205
knopf	0.07094601068370432
abkupfern	0.07093823869380693
durchfallen	0.07093787172440971
eiern	0.07092736300846846
verbaseln	0.0709128865657715
schuldige	0.07088769692041902
niederschmetternd	0.07088278617358733
patschen	0.07088139898320325
pathologisch	0.07087603344329642
freiwild	0.07086251066316253
hieb	0.07086061848857149
metaphysisch	0.07085963766602635
genieren	0.07085243990829738
panik	0.07084816729749294
auspowern	0.07084718113047321
widerspenstig	0.07083898256684502
hausieren	0.07083484180266195
anlassen	0.07083210559888777
zyniker	0.07081233315848572
unchristlich	0.0708052581091605
behelfen	0.07080056219708122
ausspruch	0.07079785811458245
verschwitzen	0.07079460470164416
voreilig	0.0707782739778822
deinerseits	0.07077755008840389
dreistheit	0.07077404397193941
undiplomatisch	0.07076975383670923
schinden	0.07076404557010343
feindselig	0.0707622070837355
wischiwaschi	0.07074717033310554
pfote	0.0707427326307783
unbekleidet	0.07074212562607904
fremder	0.07073897571802107
einlauf	0.0707256119285421
behelligen	0.07071411561782531
grausen	0.07070906611263693
vorgaukeln	0.07070806185796633
unlesbar	0.07069633983717714
asthmaanfall	0.0706962994336621
proktologe	0.07069514528947156
verbrannt	0.07069295017808652
schwafeln	0.07066825474234685
claret	0.07066150337823028
eimer	0.0706486832472849
trostlos	0.07064528145327509
lakonisch	0.07062474187942731
taugenichts	0.07062237536779366
marktschreier	0.07062027496403055
schockierend	0.07061844780165139
getrost	0.07061803108346254
zumutung	0.07060867543029854
wunde	0.07060577750217913
kohlen	0.0705959959786207
krieg	0.07059489627744976
aab	0.07058015253810211
aufplustern	0.07056783511277416
abtun	0.0705588597643607
blasenkatheter	0.07055488919812157
selbstgerecht	0.07055328396249738
unterstellung	0.07055256445375753
schorf	0.07055188647114928
nebensatz	0.07055015685657022
vorwerfen	0.07053854695052217
liebestoll	0.07052220342446737
heucheln	0.07052127692589158
herumwuseln	0.07051954833074153
unbefriedigend	0.07050575310372441
schielen	0.07050559650451785
streiten	0.07050556885110433
anwesenheit	0.07049323393208652
gesocks	0.07046998568831953
wahnsinn	0.07046893739115559
entzug	0.0704645532777782
flott	0.07045512049695621
ungenau	0.0704450534615744
blutabnahme	0.07044500111814612
dampfplauderer	0.07044420135695642
erschreckend	0.07044141023136376
affenhitze	0.0704289534185393
beunruhigend	0.07041452033388575
mutieren	0.07040906267538377
herrisch	0.07040736475867575
scheinheiliger	0.07040483987465179
kirchenmaus	0.07040150260582911
fontainebleau	0.07040009984967552
erledigen	0.07039411397026168
malochen	0.07039119483152813
unbelehrbar	0.07038831982739908
kontern	0.07038636759545065
pfaffe	0.0703817514994398
auspeitschen	0.07036693015931575
indiskutabel	0.07035789051638056
agnostiker	0.07035683702430566
umziehen	0.070342891866227
knoblauchgeruch	0.07033954938105082
verworren	0.07031963707271012
italiener	0.07030990672852767
schlappen	0.0703018999209381
wildsau	0.0703006655879933
aufwiegeln	0.0702865202737377
verschrecken	0.0702856184380355
überflüssig	0.07028374002158509
narkose	0.07027364606701017
schaudern	0.07026899738645874
unterbrechen	0.07026844086006429
ankreuzen	0.07024848816341671
abdrehen	0.07024428367065497
paaren	0.0702408477952015
verrennen	0.07023045748127148
verscharren	0.07021680303930862
schlange	0.07021417812165894
unterirdisch	0.0702124063849218
androhen	0.07021143903813981
schwert	0.07019327777800502
tieftraurig	0.07018833561476566
dressieren	0.07018714244079137
erziehungsmethode	0.07017099801799527
unmoralisch	0.07016968299486881
willentlich	0.07016715065310618
frustrieren	0.07015947587502522
verwerfen	0.07015603011045657
zwerg	0.07015377528676378
sockenpuppe	0.07014794639387485
stottern	0.07014502363209744
pellen	0.07014299841066901
ellenlang	0.07014009734211593
morphium	0.07013710919443757
askari	0.07013599466352707
malbec	0.07013564015386416
fehler	0.07012969553111653
unliebsam	0.07012637214685984
poltern	0.07011502987655586
konfrontieren	0.07010993897751795
kullern	0.07009525422099906
kreislauf	0.07007979986678371
krauchen	0.07005910627361783
anecken	0.07005764175991201
klöppel	0.07005052813399101
schramme	0.07004965925007274
totschlagargument	0.07004671722384949
suggestiv	0.07001679253463236
dichthalten	0.07001121203354663
umnieten	0.07000965188370654
blutverlust	0.06999725269927806
verachtet	0.06999655690139936
wegsehen	0.0699759661049019
schmalz	0.06997492502674213
leugnen	0.06996731130648115
wacklig	0.06995794170340879
lebensmittelvergiftung	0.06994764617513909
arbeitslos	0.06994712909666413
heuler	0.06993315474219315
matsch	0.0699270499988415
unsozial	0.06992149382534533
lobotomie	0.06990431927531601
lynchen	0.06989816986550546
täuschen	0.06989608435044725
zerschneiden	0.06989487794776135
umgangssprache	0.06989201956600874
watschen	0.06987479331789503
kohle	0.06987347409219925
rechtspopulistisch	0.06986693589201441
alphatier	0.0698627610951876
lund	0.06985994541561483
zwingen	0.06983971651452664
bestechen	0.06982177345930794
holzsplitter	0.06981573765553752
heimleuchten	0.06981523480572852
misslich	0.06981358900307771
unterfordern	0.06980951578538112
zerstreut	0.06980878415993905
auseinanderfallen	0.06979777882123146
hecheln	0.06979248744803042
fehlbar	0.06978923493109572
erfrieren	0.0697663155389249
kleinkriegen	0.06976490904630482
borniert	0.0697634034927794
unsinnig	0.06975844722825766
handkantenschlag	0.06975405652928467
unterscheidbar	0.06975188279154237
ballern	0.06974870022425933
krankschreiben	0.06974462027362428
wuseln	0.06973053504159235
zerren	0.0697194763509339
zappeln	0.06971646405393903
alkoholpegel	0.06970808595704027
aussichtslos	0.0697067513956612
leer	0.06968718700297774
durchlaufen	0.06967414998008624
aufblitzen	0.06966635270630242
futsch	0.06966484246569091
stecken	0.06966254985016077
unterdrücken	0.06964833169148567
unbewaffnet	0.06962725068067599
vergehen	0.06959870170985365
ausgrenzen	0.06958918608839099
zweitrangig	0.0695725450825115
schulfrei	0.06955926682453954
sauwetter	0.06955063905003532
sausen	0.06952244915237643
verschwenden	0.06951946443614981
lamentieren	0.06951267212112168
schmerz	0.06950891222150554
brotbelag	0.06950736735605818
gurgeln	0.06950551455409279
unheilvoll	0.06950334539644504
y-chromosom	0.06948650394424893
dackeln	0.06948617441048327
prellen	0.06948131258361455
brennspiritus	0.06947631419650183
schwarzfahren	0.06947019372612707
teufelskreis	0.0694657099362922
auseinanderdividieren	0.06946551678896973
versumpfen	0.06946109689292794
vorenthalten	0.0694585374555558
energielos	0.0694574378575654
freudlos	0.06944855506516831
achtlos	0.06943838169533906
losen	0.06943052855888811
schlechtigkeit	0.06942402891610225
einklemmen	0.06942342951432087
einerlei	0.06941366613394355
seitenhieb	0.06940561890287532
zerbrechen	0.0694047247398006
fremdwort	0.06940085642945473
wahnvorstellung	0.06939640355780291
verlustig	0.06939317554473243
reklamieren	0.06938372062595731
schlechtreden	0.06938291855514608
abstumpfen	0.06937786774017422
foltern	0.06937609173629367
samenbank	0.06936967888897572
unzufrieden	0.06936433426423655
zwecklos	0.0693636674187216
verstricken	0.06936079543100748
verfallen	0.06934945060756129
bland	0.06934722099164277
unterlassen	0.06934690507908982
rücken	0.06934641044121477
getier	0.06934087558999219
murksen	0.06933842083235538
ausfluss	0.06932263280586219
zigarettenrauch	0.06930365817133599
bedeutungslos	0.06929242051563138
versklaven	0.0692763431208535
lechzen	0.06927309329629486
unding	0.06927220376690707
destruktiv	0.06926760784587016
darmspiegelung	0.06926238105077771
gurkentruppe	0.06926133242997007
laie	0.06925514471277008
fragesteller	0.06925133793264021
wischen	0.06925062284426121
platschen	0.06924919738470958
schockieren	0.06923767667407925
westler	0.06922987029866651
bevormunden	0.06922715784625225
sarg	0.0692079630417018
heimatsprache	0.06920405630273938
kriegsverletzung	0.06919738439703406
verlustangst	0.069173824586415
schaukeln	0.06917371623732144
aufbrummen	0.06916266955996477
abladen	0.06914609757792692
wollen	0.06913070468402818
umkommen	0.06912779764344996
teilweise	0.06912435367378465
frust	0.06912312999866024
eingehen	0.06911965220456905
kropf	0.06911950758787272
unkritisch	0.06911779580975035
schmackes	0.0691102572003257
auseinandergehen	0.06909656002329591
unerwartet	0.06908038966921946
seinerseits	0.06907823391939927
verspotten	0.06907709650797308
unkontrolliert	0.06907632771426095
abgestanden	0.06906798143874728
mischpoke	0.06906111581194221
totenbett	0.06905446291915504
allgemeinbildung	0.06904803554760237
giftig	0.06904251751449975
kopfmensch	0.06901415825115446
rechtsfrei	0.06900965403519187
zensieren	0.069006513885509
untertauchen	0.06900085426207869
jauche	0.06899846858435654
kranke	0.0689957179624512
stuhl	0.06899437182761137
cherokee	0.06899075689202165
krach	0.06898858320068993
homophobie	0.06898638479171065
zahnlos	0.06898143906917927
batavia	0.0689792661157373
intrigieren	0.06897739804989694
kralle	0.06894951236609875
leib	0.0689490567055237
verzweiflung	0.06894646613451029
kannibalismus	0.06893513988843172
heikel	0.06892591460225507
antisemit	0.06892360433811512
preisschild	0.0689233316817722
halbwissen	0.06892045090942968
ersaufen	0.06891302124810543
versunken	0.06891132231928322
bedrohlich	0.06890049587203885
verschieden	0.06889791576877626
tamil	0.06889285219301952
bekleckern	0.06889130453324985
penetranz	0.06888585416253919
plattmachen	0.0688752433800455
entmutigen	0.06887368391386238
peitschenhieb	0.06885942855765073
irrer	0.06885880846411899
kraftlos	0.0688579068028045
waschbrett	0.06885618229070233
distanzlosigkeit	0.06885593552350344
vergeudung	0.06885591901973856
denunzieren	0.06884560236600193
buckeln	0.06884063070258689
abschleppen	0.06882943655426962
kontraproduktiv	0.06882797089794404
aufgebracht	0.0688261270490512
ruinieren	0.06882140930890243
zugekokst	0.06881875906671393
spezies	0.06881794802899142
bekriegen	0.06881348094195922
hexenschuss	0.06880912195955174
geschwurbel	0.06879879209065132
elch	0.06879745852536345
mogeln	0.06879744644006001
unsinn	0.06878484010249093
unberechtigt	0.06878308134776441
dilettantisch	0.06878300354134931
dereinst	0.06878097651701374
fleischwunde	0.06877928405868076
sprechweise	0.06877689349049439
schlottern	0.0687766853669265
bigott	0.0687756606865013
unversucht	0.06877412693620277
verfrachten	0.06877057146206372
trocknen	0.06876668789387101
ausfallen	0.06876466157290567
instinkt	0.06876184922504612
kleinhirn	0.06875228067958178
unwillig	0.06875214946920905
sexismus	0.0687468831705376
laienhaft	0.06874587197493184
schlamassel	0.0687378493936551
beichtstuhl	0.06873174862943322
verwelken	0.06872774438292742
zuwider	0.0687165039330727
unrecht	0.06871193114363223
unrettbar	0.06870872239139769
schädlich	0.06870057528638175
furchen	0.06869579893361893
rasend	0.0686888742244477
folterinstrument	0.06868434904892297
schutzbehauptung	0.06867466998526806
inhaltslosigkeit	0.0686735230330239
glucksen	0.06866833796581648
konservativ	0.0686555683910765
faschist	0.0686542821336609
genugtuung	0.06865376155936273
zeugenschutzprogramm	0.06865360542204815
wogegen	0.0686511432606776
abzocken	0.06864487703897652
heuchlerisch	0.06862844186568877
sprachbarriere	0.06862832037551225
fehlen	0.06862777693705788
unterordnen	0.06861255962374678
makel	0.06860365851220447
schwerwiegend	0.06860143541007623
schwingen	0.06857708939783204
psychisch	0.06857430762026251
desensibilisieren	0.06856908461968883
synchronschwimmen	0.06856401905806088
hypochonder	0.0685559830229963
nachgehen	0.068554014253609
unsanft	0.06854899444765061
wursteln	0.0685477004152848
schwurbeln	0.06854301137966728
einlullen	0.06853956611251116
reaktion	0.06853609109367755
bosheit	0.06853602220740718
ausschaffen	0.06853222414196765
verderben	0.06853076856945682
unterstreichen	0.06852102042371605
verfetten	0.06851985499074416
verleiten	0.06851482872497061
wochentag	0.0685106792981633
entgleiten	0.06850889629572626
priapismus	0.06850730012995686
wertlos	0.06850348598273158
niedermetzeln	0.06849623160508196
stirne	0.06849189582118195
zahnfleisch	0.06848699413940898
habenichts	0.06847757073183865
schnippeln	0.0684774859655157
einheitsbrei	0.0684642537995469
unstimmigkeit	0.06846406467274746
gepfeffert	0.06846379302621451
zerplatzen	0.06845535321544609
schleppen	0.06845353711480216
verrat	0.0684504658800245
erniedrigung	0.0684313120275985
fabulieren	0.06841052466132977
paarhufer	0.06839936568098702
unfug	0.06839704942200753
unvorhergesehen	0.06839551896869434
letzte	0.0683918748044268
ausnehmen	0.06838952897973702
erregen	0.06837997385536818
donnerwetter	0.06835841843756191
serienkiller	0.06834681897586756
infam	0.06834609205694891
buhler	0.06834334150428639
schwangerschaftsstreifen	0.0683405512615429
hehl	0.06833977820403954
sehtest	0.0683275429710108
osterhase	0.06832324650290073
diffamieren	0.06832285364006012
betonkopf	0.06831648536896189
mangeln	0.06830990524794311
fernhalten	0.06829950907884044
arbeitend	0.06828381930804978
desinteresse	0.06828107701228187
diffus	0.06827481582518619
lippenbekenntnis	0.06827131010328104
suppe	0.06826512538085833
vorbestraft	0.06825712806022696
elend	0.06825614431474242
entartet	0.06825525407297511
aufbringen	0.06825278014260806
indoktrinieren	0.06825023820939832
kleinvieh	0.06824675512029471
handgemenge	0.06824528116318523
melancholie	0.06822385514013427
rothaut	0.06822355183861722
auslegen	0.06822070409071558
deppenleerzeichen	0.06820772574392799
umlegen	0.06820619122620372
grotesk	0.06819832729908314
gegenmittel	0.0681947468147225
krampfader	0.06818591551755021
feminismus	0.0681845047455114
borniertheit	0.06818094018198494
entfremden	0.0681783359417289
uneinsichtig	0.06817728097488285
verzichten	0.06817321884316209
unaufrichtig	0.06816951294771748
kopfgeburt	0.06816491121305
alte	0.06816395748795823
piksen	0.06815579932030581
verlieren	0.06814080067362326
problematisch	0.06813277050276766
dorthin	0.06812825175962751
schubs	0.0680961579483033
unbewiesen	0.06809498700940039
sturheit	0.0680932587558955
bedenklich	0.06809247320299239
schweigen	0.06809105613166969
unübersichtlich	0.06807866767192147
zischen	0.06807762846172173
ungeschoren	0.06807285803209821
unterwerfen	0.0680715874236609
loslassen	0.06806588319141102
maschmeier	0.0680595840875083
allier	0.06805909794774316
abnutzen	0.06805652147911896
missfallen	0.06804655826368704
exkommunizieren	0.06804635850285919
unangemessen	0.068040980808642
duftwasser	0.06803990343115192
schulsystem	0.06802129485521198
unehrlichkeit	0.06801186401964057
tba	0.06800674635379042
schneemann	0.06799679323527444
abreissen	0.067993197597045
auseinandersetzen	0.06797302809721946
operieren	0.06796170493939681
fehlleistung	0.06795769526910764
verschlingen	0.06794657955928855
politikerkaste	0.06794512208793137
grippe	0.06793663149219901
krakeelen	0.06793421752378655
begehen	0.06791315149704853
kopfschmerz	0.06791237685661838
verschwurbelt	0.06791146957115621
duktus	0.06790228716889175
hemmschwelle	0.06789810880953165
widerstreben	0.06789571833687975
alterserscheinung	0.06789189349282757
verschwinden	0.067891089916957
kehlkopf	0.06789013756111266
traurigkeit	0.06788598490216069
geizen	0.06787657373301384
ihrerseits	0.06786689890749989
leeren	0.06786568522422903
verhaken	0.0678632274060687
widersinnig	0.06784990000680526
vergangen	0.0678449572379171
auftischen	0.06783708973943782
fremdenfeindlich	0.06783650982329781
vergeblich	0.06783413702864081
widerhaken	0.0678303712613703
abschlachten	0.06782824563393883
proletariat	0.0678225129340152
unsolidarisch	0.06781980260470448
zugrunde	0.06781868353260935
funken	0.06781041189641676
vegetarismus	0.06780959555383188
arbeitsloser	0.06780505099206628
haltbarkeitsdatum	0.067803254334013
unverantwortlich	0.06779447207008871
misshandeln	0.06778997719557835
machtlos	0.06778607668377278
revoluzzer	0.06777458740230755
unerquicklich	0.06776767686766728
teufelswerk	0.06775577109132129
tibetisch	0.06773759040712683
anachronistisch	0.06773692578826021
leere	0.06773500274493108
schimpfend	0.06773499444720095
einwenden	0.0677297287938186
joghurtbecher	0.06772612564188125
unerfreulich	0.06772475494096526
turingmaschine	0.06771321388972454
salbadern	0.06771274585461938
zerlaufen	0.0677098472648718
tadeln	0.06769967453019315
ostler	0.0676985307159169
sinnlosigkeit	0.06769608792760248
verschimmelt	0.06768176333623283
regenschirm	0.06767700390758152
verachtung	0.06767276830837247
maskulinum	0.06766814698026052
schmerzgrenze	0.06766021644454306
beschatten	0.06763742588207083
diskreditieren	0.06762856464896533
zweifeln	0.06762753915836182
feilen	0.06762726028822441
sorgen	0.06761520127736181
rabiat	0.0676097805379402
erschleichen	0.06760792884336336
leidende	0.06759151918284854
fehltritt	0.06757825401792109
verdrecken	0.06757464753016937
schwund	0.067566195823932
verdecken	0.06756075109415177
dumpfheit	0.06755818564753717
abdriften	0.06754110396946247
erwehren	0.06753873867678824
verwaist	0.067538393070895
aufgeben	0.06753790095636344
ablehnen	0.06753227819018551
widerlegen	0.06752746557316026
schlurfen	0.0675242145063004
funkstille	0.06751419841286928
klinkenputzer	0.06751068365023542
degradieren	0.06750735599069382
verboten	0.0675064810078232
unzumutbar	0.06749197124846452
beschuldigung	0.06748438262739541
verstummen	0.06747855977340768
tiefflieger	0.06747770477944108
unerbittlichkeit	0.06747479520896138
unfähigkeit	0.06747263153697233
glucken	0.06746908649996378
schach	0.06746351848752463
fruchtfliege	0.06745693885385644
flokati	0.0674509630117026
abhelfen	0.0674497782504986
kritisch	0.06744420286722927
unvermittelt	0.06744386320155527
beunruhigen	0.067429833358947
erziehung	0.06742682993711847
diktion	0.06742443983376002
unversehens	0.06741847592513635
asylkritiker	0.06740204798689742
pathos	0.06739595663202386
mobbing	0.06738755372055728
ziellos	0.06738164730573677
zerreden	0.06738105021838348
xenophobie	0.06737311527984337
heuchler	0.06736457072244817
keinerlei	0.06736235542323395
qualmen	0.06735245628212505
austreten	0.06735021885171993
prokrastination	0.06734891708172051
mehrfach	0.06734270191616996
schelten	0.06733944712616352
rappeln	0.06733618684392466
konzentriert	0.06733494398354568
ununterscheidbar	0.06733135108837107
abstinenzler	0.06732591468370214
verschwendung	0.06731741205553242
antrinken	0.06731472468637432
herzinfarkt	0.0673145659579908
aufwerfen	0.06731156672891403
strafzettel	0.06731149081762391
exorzismus	0.06729688540250542
abwerten	0.06729542523508118
unvollkommen	0.06727775129891361
denkweise	0.06727594208837216
unwissenheit	0.067275937421059
verkeilen	0.0672720577312201
kolportieren	0.06727118299549238
stange	0.0672602329952671
lymphknoten	0.06725940332849557
unwahrheit	0.06725286009940255
blutlache	0.06725165208680838
verbrennen	0.06725075337311817
rechthaberei	0.06724482282176363
ermahnung	0.06723753508783413
flatulenz	0.06722782268506165
hemmung	0.06722523964858598
wendehals	0.06722030807545766
vergesslichkeit	0.06721410398220559
behandeln	0.06720154715426466
automatismus	0.06719573988449465
ungeeignet	0.06718647920873709
einstellen	0.06718403166966204
explodieren	0.06716727670508846
einsamkeit	0.06715988011099386
umlagern	0.0671593226193207
entgehen	0.06715207891685267
buddeln	0.0671436866511609
groll	0.06714039675536766
zappenduster	0.06712923631301387
vornehmen	0.06712596813678375
onanie	0.06712452979146515
skeptisch	0.0671187498320495
rotieren	0.06711435774021919
untragbar	0.06710526649693269
deeskalieren	0.06710417691115791
empirisch	0.06710410173665116
fahren	0.06709001630182995
torheit	0.06708981665693933
denkfehler	0.06708810343706104
missstand	0.06707470623622085
wegbrechen	0.06707207507677017
verherrlichen	0.06706932432662273
pflicht	0.06705365650543599
vergeuden	0.06705267884815641
alkoholspiegel	0.06704974750478605
kiste	0.06702920300326531
hasskommentar	0.06702741232211734
amtsdeutsch	0.0670215152090014
aufeinander	0.06702111455903717
beackern	0.0670158948731804
rechten	0.06701212828878332
schwenken	0.0670084811381459
ohrfeige	0.0670079303336877
ermahnen	0.06700702191957221
strafbar	0.06700623392849013
bitterkeit	0.06700350751951922
hohn	0.06699431876268472
inkompetenz	0.06698813989453076
rettich	0.06698759575259215
pferd	0.06698754698157548
gaunerin	0.06698499647908944
normativ	0.06698304507417631
schnittwunde	0.06697804612616907
kondensieren	0.066973901971351
einfordern	0.06696303739844946
unachtsam	0.06696169801325397
handhabe	0.06695048332795431
flasche	0.06695027458317782
brandfleck	0.06694779728137579
verfliegen	0.06694159543642911
befragen	0.0669310146773685
fachchinesisch	0.0669310058353029
krankheit	0.06692972420757838
brechen	0.06691872918043422
deformieren	0.06691741889682089
tropf	0.06691142677586613
beobachterin	0.06690730691730891
versieben	0.06690354215268891
unwiderruflich	0.06690301069969681
zersetzen	0.06689843860103864
streichelzoo	0.06689363653587371
kleinreden	0.06688567538608721
verschlampen	0.0668732364750092
winterschlaf	0.06686714302744368
mistwetter	0.06686648583714344
zerfallen	0.06685689978061397
eintagsfliege	0.06685661136494753
gerollt	0.06684825139742713
spickzettel	0.06683880065921148
mundtot	0.06683758778432658
teppichfliese	0.06682894814383718
beengt	0.06682356698553048
brennen	0.06682284496226967
anfallen	0.06681733302825027
verbieten	0.06681713514921203
illoyal	0.06681680072674447
zweifel	0.06680790453920474
erblinden	0.06680752656107754
tauschen	0.06680652275091309
trotten	0.06680222181486453
rumpeln	0.06679691583780355
hypophyse	0.0667910279041454
zwang	0.06678896904467874
halbstarker	0.06678764344969115
neinsagen	0.0667870822211675
abschussliste	0.06678568775670392
feind	0.06678110114613975
gewusel	0.06676107025590716
krakeeler	0.06676029654981498
losgehen	0.0667585086881966
klappern	0.06675442398562043
halsbrecherisch	0.06675432262461142
versuchskaninchen	0.06675182772096008
verplempern	0.06674818132673785
todesangst	0.06674608747324778
unheilbar	0.06674478913277215
vertuschen	0.0667433751546267
stoiber	0.06674315870426059
verschreiben	0.06674226075179535
pessimismus	0.06673750651913501
gauner	0.06673731490101725
basisdemokratie	0.06673690376717
unredlich	0.06673199477045627
schrubben	0.06672526486175237
verharmlosen	0.066722488699894
irrglaube	0.06671845126685418
unterlaufen	0.06671823498963661
patsche	0.06671765207990242
gegenzug	0.06671685476452703
verteidigungskrieg	0.06670587551750913
alptraum	0.066704140679348
bringschuld	0.06670161019804452
seuche	0.0666763442178419
renitent	0.06667335365315248
kopflosigkeit	0.06665691795950868
verfehlung	0.06665487715256338
missgeschick	0.06664419705551433
teutonisch	0.06664353818543857
eurerseits	0.06663857071472752
aufschrei	0.06663459510360971
chuzpe	0.06662868824118437
kathole	0.06661447340534316
eingrenzen	0.0666143087860142
fruchtlos	0.06659752087460984
verrotten	0.0665891584194054
pressen	0.06658242651234916
drohung	0.06656091434399178
zweifelhaft	0.06655595317676521
losigkeit	0.06654779188540483
verkommen	0.06652244390503252
entfremdet	0.0665212242340153
ermessen	0.06650910365660666
wertlosigkeit	0.0665070535600085
entbinden	0.0665045359451839
bundeskanzler	0.06650244060204302
trostpflaster	0.06649793923509603
ertrinken	0.0664920520560228
ungerechtigkeit	0.06649011699655674
selbstdarstellung	0.06648890664049294
endzustand	0.06648672769736068
nestbeschmutzer	0.06648629548882179
verzetteln	0.06648491581075311
verurteilen	0.06648102470675245
klackern	0.06647892400634163
herzschlag	0.06646582335041967
turbokapitalismus	0.06646562470125528
schuldig	0.06646161912800472
schmierentheater	0.06645898363096825
schnapsidee	0.06645467065545048
boulevardjournalismus	0.06645326536869954
entziehen	0.06644517357278801
minderwertigkeit	0.06644433205244153
abzocker	0.06643381138989318
erlegen	0.06643222422953761
zerteilen	0.06643021140707593
dekadenz	0.06642702617134195
knast	0.06642384962157738
beschallen	0.06640577553658633
aufschrift	0.06640310098112237
bunsenbrenner	0.06638901369708841
kurzsichtige	0.06638395989060682
schleudertrauma	0.06637946736085389
gewehr	0.06637635880691711
beschneiden	0.0663673310830343
angreifen	0.06636691173382635
starrsinn	0.0663597697212321
anstrengung	0.06635883987323168
unwille	0.06635749137339401
zerlegen	0.0663548666063917
schluss	0.06635307348908089
niedergeschlagen	0.06634864548511152
aufbrechen	0.0663084109877073
entschwinden	0.06630755308715375
halbdunkel	0.06630314602427696
umweg	0.06628986626483836
weltuntergangsstimmung	0.0662894356204901
blindheit	0.06628792536407772
vorwand	0.06628675383627776
juristerei	0.0662852525475454
einseitigkeit	0.06628357297302366
ungesetzlich	0.06628344399206931
zahn	0.06627835132632358
unmoral	0.0662743996108061
befangen	0.06627194766616672
suizid	0.06625731330157049
dinosaurier	0.066250934384209
hirngespinst	0.06624676868825173
erblicken	0.06623899806539689
redundanz	0.06623834660956052
trennen	0.06623422912683305
undemokratisch	0.06623156555272927
verteufelung	0.06621477310899276
unterschreiben	0.06620470829636696
abschieben	0.06620209465873746
demaskieren	0.06619280302675412
schockstarre	0.0661920393752722
unbewacht	0.06619001692667725
federkleid	0.06618097461656795
erschlaffen	0.06617366774071819
ruchlos	0.0661619784699247
hitzschlag	0.0661617591280446
achtlosigkeit	0.06615944422401245
anbinden	0.0661583267397305
schwimmen	0.06615128561005015
provisorisch	0.06614698229722774
schizophrenie	0.06614674400872153
abwenden	0.06614467544008401
gedankenfreiheit	0.06614162331841072
krude	0.06613772517750056
spott	0.06613698368492349
laterne	0.06613603330068404
bonmot	0.0661354558533713
verzerren	0.06613231010911107
verwehren	0.06613185596807306
einsinken	0.06610432460184075
kommunismus	0.06610276268560603
grausamkeit	0.06609639268731685
flicken	0.06609575787392526
narzissmus	0.06609168376436288
systemfehler	0.06609103319687835
kompromittieren	0.06608879626887
dickdarm	0.06608539957544132
verfallsdatum	0.06608477570079559
altmeier	0.06607810029290097
unvernunft	0.0660776551016859
verjagen	0.06607238842007636
betroffener	0.06605445548535924
kanonenfutter	0.06605012611864994
jagen	0.06605007249363126
kampfbegriff	0.06604077003053635
tatenlos	0.06603799652728487
auffliegen	0.06603670982179642
redefluss	0.0659965203520377
hinterzimmer	0.06599628768498819
aberglauben	0.06598806437726973
internetsucht	0.06598320437621477
ausgeschlossen	0.0659789672846722
diktatorisch	0.06597403952060488
rechtsausleger	0.06597266040232797
abweichen	0.06596468264377964
rempeln	0.06595723016391863
unwissen	0.06595523226709778
dilettant	0.06595192106626097
verblassen	0.06594619716402643
abtreibung	0.06593929882686661
schuldiger	0.06591661719642314
geburt	0.0659123070558271
aufwickeln	0.06591136321418163
faustkampf	0.06590983510726067
ungeschicklichkeit	0.06590643994711404
dienern	0.06589685666400304
selbstzweck	0.06589498896362234
klemmen	0.06588488914753872
beanstanden	0.06587156368064713
wegelagerei	0.06583859426347927
gedankenexperiment	0.0658327202805246
versenkung	0.06582743281197498
unvollkommenheit	0.06582730995811269
verleumdung	0.06582638795281047
partiell	0.06582624666372393
provokation	0.06582210410022275
antiquiert	0.06580697954418509
ideologie	0.06580560441597742
entscheidungsfrage	0.06579730490910261
kapitulieren	0.06579586861694704
privilegieren	0.06579146100558741
schnitzen	0.06576279722247626
tischtennisball	0.06575897514722137
neandertaler	0.06574979067080008
verprassen	0.0657446132710478
anderswo	0.06574174567679604
irrtum	0.06573143780930078
prasseln	0.06569879015338392
beibehalten	0.06569387720696532
unbehagen	0.06568982483074153
durchsickern	0.06568796574469338
korken	0.06568292577226387
pappkamerad	0.06567179957405611
vorverurteilung	0.06567117911609037
verlorengehen	0.06566747387141578
klartext	0.0656501763276135
auswuchs	0.06564815802069225
rutschen	0.06564791759221149
stillstehen	0.06564359248469528
bugsieren	0.06564324007054204
obrigkeit	0.06563800635722805
maschinerie	0.06563769301263254
streikbrecher	0.06563757957364173
zeitlimit	0.06562741167399952
kleptokratie	0.06562297241134496
verdorren	0.06561363775936706
mundgeruch	0.0656085152670478
schock	0.06559136175583787
bedeutungslosigkeit	0.06558898532820717
eindringen	0.06558033157570482
aufreger	0.06555800852916553
kavaliersdelikt	0.06555236757100034
ungeduld	0.06555056653896625
abschrecken	0.06554469860716598
schrotthaufen	0.06554039599221259
ende	0.06553845601138364
populismus	0.06553456647605312
widerspruch	0.06551844907919359
karussell	0.06551266143752775
manipulieren	0.06550829683216823
aasgeier	0.0655062021508469
beklagen	0.06550583699087466
unteilbar	0.06550223293769282
lavieren	0.06549860311929166
bevormundung	0.0654760293233898
verkleinern	0.06547106808455234
verschwunden	0.06546869308750904
verkennen	0.06546403792585294
positivismus	0.06546359328748526
ehebruch	0.06545771613955265
versagen	0.06545632662709931
feldwebel	0.06544658116880919
meinungsfreiheit	0.06544619026039811
angehen	0.06542280174562756
beschuldigen	0.06542157829348563
berauben	0.06541776944209073
innehalten	0.06541289483546465
bestrahlen	0.0654086615260688
zusammenfallen	0.06540804512397887
minderleister	0.06539897847303278
undurchsichtig	0.06539884946475252
leichtsinn	0.06539642249300406
fracksausen	0.06539621808237027
augenauswischerei	0.06539540764254215
versetzen	0.06539282301532008
ausbleiben	0.0653899601474051
herabsetzen	0.0653825065545923
verweisen	0.06537261778274181
papierkorb	0.06537112017028973
pornografie	0.06536916666412637
anwalt	0.0653597702927387
aussetzen	0.0653527891493624
einheitsschule	0.0653462263909437
skrupellosigkeit	0.06534388192513339
hetze	0.06533695335894121
konstante	0.06533492941426232
verprellen	0.06533253319864937
antifaschistisch	0.06532573278245173
machtmensch	0.06532156654502792
vorwurf	0.06530735449257033
verschaukeln	0.06530702313644314
fehlanzeige	0.06529986625311565
verpacken	0.06529520444820969
dreschen	0.06526998389107526
wegen	0.06526876040329636
kauderwelsch	0.0652604870771968
abweisen	0.06525938245327109
hysterie	0.06525198338773616
pinseln	0.0652494648543326
fehlerhaft	0.06524735808378218
rauschen	0.06524389528524462
variante	0.06523727445370674
flirren	0.06523074023492603
kritiker	0.0652242609216365
watsche	0.06521504678665367
kindeswohl	0.06521050198366991
taubheit	0.06519966311298594
kostspielig	0.06518680170782269
wahrheitsanspruch	0.0651809198162413
gegner	0.06517884579696508
unterdruck	0.0651741440786116
abrutschen	0.06517054504961371
unerkannt	0.06516370568877584
kastration	0.06515777288606546
schnipseln	0.06515749234271541
redeverbot	0.0651560552291342
bewerberin	0.06515403895793359
selbstoffenbarung	0.06513993966655272
existenzbedrohend	0.0651306843568707
kontrolliert	0.065102385613554
abdanken	0.06508599318867633
verschlechtern	0.0650859732772924
krankengeschichte	0.06507775861488604
zittern	0.06507706143756471
strampeln	0.0650742809111981
wienern	0.06507417129013882
herangehensweise	0.06507079569399479
periodisch	0.06505753520651263
monotonie	0.06505487238725179
trennung	0.0650522952254281
strittig	0.06505119867985022
verebben	0.06505075786990394
abnicken	0.06504852287821197
psychoterror	0.06504799928686648
schwappen	0.06503905048703112
trommeln	0.06503135576689796
gespalten	0.06502454787273726
erwiderung	0.06501616290270765
fehlverhalten	0.06501181115439413
handeln	0.06500836825717324
kugeln	0.06498277858669672
denunziation	0.0649802554811352
alkoholismus	0.0649788959603732
vorstrafe	0.06495977174521846
erbitten	0.06495969597771929
unvermeidlich	0.06495600701296529
einbrechen	0.0649557474640993
wegfallen	0.06494743717352722
antifaschismus	0.0649453158821579
unterdurchschnittlich	0.0649394465207011
mutlosigkeit	0.06493804343167661
abschaffen	0.06493771916759176
hilflosigkeit	0.06493379354005163
verzocken	0.06493181028300576
differenzierung	0.06493096808263454
knallcharge	0.0649233190707927
handlanger	0.06491599493913841
primat	0.06491461920267015
wasserscheu	0.06490473339168908
raffgier	0.06487855441753751
durchschlagen	0.06486788799586407
sportverletzung	0.06486172866714546
fürchten	0.06483965890934261
schmach	0.06483819531826873
kollateralschaden	0.06482999983522016
gebrechen	0.06482349854892956
warnhinweis	0.0648216276230815
wegelagerer	0.064804425268613
einfluss	0.0648018102133944
abgelehnt	0.0647929340277613
kollabieren	0.06478594772624865
niedergeschlagenheit	0.06478441544406882
widerrufen	0.0647842053430529
diskriminierung	0.06477801040453274
begrenzt	0.06477740254752296
demokratur	0.06475804926700317
atomkrieg	0.06474591148190563
konsument	0.06474527137716654
dissens	0.06474516579267112
neutralisieren	0.0647416758781282
fehlkonstruktion	0.06473938092252053
obdachlos	0.06473294910605147
schachmatt	0.06472441810047085
aufbegehren	0.06472065329002942
ausufern	0.06471130807219716
hinkend	0.06470738479941554
verstopfen	0.06469613617076105
sittenverfall	0.06469496477558928
kehrtwendung	0.06469177813550915
hungern	0.06467546090789796
schornsteinfeger	0.06465040161438779
ungleichgewicht	0.06460581322237696
groteske	0.06459939035914596
ausloben	0.06458995627503403
verlierer	0.06457375806055551
breitseite	0.06457102793793829
unmenschlichkeit	0.06456732948136723
untergraben	0.0645659262587236
interessenkonflikt	0.06454051822056076
durchtrennen	0.06453801915139923
trudeln	0.06453264483096027
schwarzmarkt	0.06451221372749714
herausschneiden	0.06451024850716185
nachteilig	0.06450511676279062
angesicht	0.0644950973225128
scharren	0.06449249496077322
zensur	0.06449091610378972
verantworten	0.06448709230310257
besorgniserregend	0.06448127171062189
galoppieren	0.06446802138863016
kritisieren	0.06446358217772495
analysieren	0.06446079437777713
abwertung	0.06444782570531633
spanne	0.06444473576479416
gleichsam	0.06443468576129997
verdienstausfall	0.06443109576847024
heimatdorf	0.06442262782458925
pleite	0.06442134159426284
intervenieren	0.0644187518103638
unerbittlich	0.06441452458775344
herzstillstand	0.0643794806750622
luftblase	0.06437416622831019
ausladen	0.0643708846610376
fleddern	0.06436983345062991
erbost	0.06436556392208219
makulatur	0.06435801663181016
prostitution	0.06435302478778593
fremdenfeindlichkeit	0.06435101159521135
dezimieren	0.06434518237827137
sabotieren	0.06432658478673955
diskurs	0.06431504431473925
pfuscherei	0.06430702008251032
verzerrung	0.06430592198568737
rasseln	0.06429924281817573
ziellosigkeit	0.0642956203811607
gratwanderung	0.06429366547039993
schelte	0.06429268520357068
dichotomie	0.06428776338554104
geradewegs	0.06428701343358938
durchsagen	0.06428600850997794
entkommen	0.06428098374851972
absolutismus	0.06426929020744458
debattieren	0.06425771738422341
apparatschik	0.06425739276740537
tabuthema	0.06424920300560319
menschenopfer	0.06424841070298505
bestimmen	0.0642405795105242
betonklotz	0.06423918920234464
tunnelblick	0.0642093196127985
manipuliert	0.06420446079894983
dichtmachen	0.06420390626267826
helfershelfer	0.06420131094830137
blockieren	0.06419960221089419
meinungsforscher	0.06419565017440891
anachronismus	0.06419234212325689
verstimmen	0.06419038038509775
schwarzgeld	0.0641888070822553
zermalmen	0.06418709939775585
tyrannei	0.06417553900044808
sprachpolizei	0.06416135527253193
divergieren	0.06414704052468317
diffamierung	0.06414525677926484
sacken	0.06414381775548283
verschleiert	0.0641427601471129
zwischenruf	0.0641398096215833
vorgarten	0.06412800518490952
reibung	0.06412050395241188
aussterben	0.06410487323048664
absperren	0.06409910363057318
sozialstaat	0.06409046966368197
atem	0.06408648986307357
alarmismus	0.06408142361540356
verwahren	0.06407395615219605
sargnagel	0.06407186974493201
aufweichen	0.06405794218169941
opfer	0.06405702120515246
ausbluten	0.06405520250686723
habgier	0.06403466953212623
kakophonie	0.06403463488901075
notfall	0.06403331444983265
wahlkampfthema	0.06402034403623001
beschneidung	0.06401935199633717
gewaltenteilung	0.06398551710654325
uneinig	0.06397889880813894
schlepperei	0.06396904359365504
sprengen	0.06396550747138778
entfremdung	0.06396484177335386
konkurrieren	0.06396326080077533
riesending	0.06394253896796173
hinterlist	0.06393614994213354
gegenwind	0.06393069082023747
rebellieren	0.06393050971412369
abspalten	0.06391159055197967
annektieren	0.06391064421856936
vordringen	0.06390842273320133
ratlosigkeit	0.06389836538839115
nebelkerze	0.06389574850563791
hervorgehen	0.06389404951235562
abblitzen	0.06388995376760961
eiertanz	0.06388398490422235
fehlentwicklung	0.06388259741069162
antisemitismus	0.06387070603762633
etatismus	0.0638697307781932
kumpanei	0.06386731226527619
kritikerin	0.06386686296479877
rettungsring	0.06386358198862027
pflastern	0.06385968741061161
messern	0.06385404827218788
meinungsbild	0.06385232186020526
zivilcourage	0.0638461984501251
reihenweise	0.06384098694793941
murren	0.06383516361533872
klassenkampf	0.06383229532739573
degradierung	0.06382270688842655
zwangsheirat	0.06381285545402182
rosten	0.06381264679365503
wesensart	0.06380728066717213
etikettenschwindel	0.0638061877661824
steinzeit	0.06380364483336637
deportieren	0.06380317302850806
dringlich	0.06379402936089508
rausschmiss	0.06378527817782653
unzureichend	0.06377995000131337
zeitungsente	0.06376227988629424
evolutionstheorie	0.0637573489146205
ehelosigkeit	0.06375654390503735
verfolgter	0.0637429812869715
gretchenfrage	0.06373106629736897
schiene	0.06372848358297593
schurkenstaat	0.06372394385692991
selbstanzeige	0.06372027571511442
verharren	0.06368977401819499
zaudern	0.06368345258323586
abstumpfung	0.06367660994074216
abfuhr	0.063670066536579
konkurrenz	0.06366850794080499
cybermobbing	0.06363525987694375
befangenheit	0.06362904029632539
tabubrecher	0.06362858608212045
islamophobie	0.06360270644876635
antikapitalismus	0.06359967439787724
unterminiert	0.06359182471844471
liquidieren	0.06358395387611306
hinunter	0.06357957638049716
perfidie	0.06357414999842051
privatwirtschaft	0.06355727590254183
existenzangst	0.06355347112728699
infantilisierung	0.06355285228376721
verheerend	0.06354900558519472
rasen	0.06354875370843328
zweite	0.06354354692993258
verdunkeln	0.06354347241949841
religionskritik	0.0635320720180841
fegen	0.06352936956587243
merkel	0.06352851109765889
verweigerung	0.06352814870897257
mangelware	0.06352056650341904
androhung	0.06351517556968025
gesichtsverlust	0.06351351339014347
widersetzen	0.06351261364882266
exekutive	0.06350735609172033
befriedung	0.06348884395387674
feindstaat	0.06348049553604074
wanken	0.06346322965244815
scheitern	0.06346249660788038
beunruhigung	0.06346022949812981
schwindel	0.06345158055980253
beulenpest	0.0634416431682066
ableben	0.06343914884310362
putin-versteher	0.06343747392145216
selbstzensur	0.06343680047909298
leerlauf	0.06342583412877656
fischen	0.0634229220753428
hadern	0.06342116879937129
grenzziehung	0.06341364772544543
pegida	0.0634131052063101
wirkungslos	0.06339811498982952
schleudern	0.0633949703550424
berufsverbot	0.06339111924188504
scharfmacher	0.06338720590443375
wunderheiler	0.06337235562528383
kritik	0.0633649195327821
aufwand	0.06336265672703514
rollstuhl	0.06335794913665675
schikane	0.06335071807146843
aporie	0.06333822247923024
farce	0.06333283240819329
idiotentest	0.0633132658920362
wulff	0.0633098990027502
wortbeitrag	0.06329720873300294
unmut	0.06327600894450644
nabelschau	0.06327509432646028
schlichten	0.06326644992390261
spieltheorie	0.06326573542080217
konstruktionsfehler	0.06326499963091121
rumoren	0.06325086501445058
verhindern	0.06324756278156417
zwei	0.06324264027187693
unvereinbar	0.0632309629609105
unwirtschaftlich	0.06322104842609183
rechtsstaatlichkeit	0.06321317017280126
kulturschock	0.06321003325666842
pseudowissenschaft	0.06320978156912661
ausbeutung	0.06320736403097092
landen	0.0631987783055247
wortwechsel	0.06319191578329408
kapitalverbrechen	0.06317605697472319
europapolitik	0.0631678092423415
vermeiden	0.06316758877842471
beeinflusst	0.06316247413433078
sklavenarbeit	0.06315810963798377
schuldhaft	0.06315328871978536
menschenrechtsverletzung	0.0631504137345853
ablehnung	0.0631401536716763
kriegstreiber	0.06313738972945059
aushungern	0.06313174224928587
skandal	0.06311952001838626
ungehindert	0.0630987012551436
versklavung	0.06309281356936361
seehofer	0.0630842244021432
rassenhass	0.06307431541856394
ausgrenzung	0.06307411030166443
verweigern	0.06305423107152003
ruder	0.06302841132635718
torpedieren	0.06302594051302614
protokoll	0.06302562843980453
waldsterben	0.06301922042306538
normen	0.0630112392399258
technokrat	0.06301050174976103
erleiden	0.06300155031903727
unbestimmtheit	0.06299976121320408
ungehorsam	0.0629851317384321
verfehlen	0.06298325253021077
antikommunismus	0.06297471672092259
desaster	0.06295941613885143
abfall	0.06295092308330588
vorbedingung	0.0629295600146655
betrug	0.06292662737806318
rassentrennung	0.0629204421192002
provisorium	0.06291852340355517
unterlassung	0.06291397689163084
klagen	0.062909213895085
vergewaltigung	0.06289508619176137
krux	0.06289096861265253
anspannung	0.06289051403364072
machtpolitik	0.06287289919416164
obstruktion	0.06285711256432609
zusammenrottung	0.06285515113547623
vasallenstaat	0.06284655427233007
sprunghaft	0.06284438760837989
volksbefragung	0.0628413160213694
unterbrechung	0.0628405306694478
unverantwortlichkeit	0.06283275861549248
welthunger	0.0628225125343999
bestreben	0.06282147376546077
kapitulation	0.06282095633727394
infantilismus	0.0628150557087171
konnex	0.06281061193624163
ineffizienz	0.06280122478354223
geheimhaltung	0.06279956921156957
verbrechen	0.06277708698013278
brausen	0.06275381324931788
unterwerfung	0.06273603345882865
rechtsbruch	0.06273586897794443
beschwerde	0.06273467695321147
machtverlust	0.06271768422988237
kleinkrieg	0.06271510459848614
zweck	0.06271334567052092
eingreifen	0.06269570414220808
verdacht	0.06269523092907393
gewalt	0.06269377728706851
belegt	0.06268735905888176
niedertracht	0.0626519030104188
schreckensnachricht	0.06265165075298193
siechtum	0.06263458185848593
durchbrechen	0.06261652790535537
unklar	0.06261608682587884
notdurft	0.062593588815402
schuldner	0.06258133055008891
abschaffung	0.06257282857061992
hassprediger	0.06256376323609103
zerschlagen	0.06250786862120038
missachtung	0.06248616837914466
menschenrecht	0.06248068691184726
verhaften	0.062448434235886544
kleinmut	0.06243822716451665
unruhestifter	0.06243365245806116
volksverhetzung	0.06243147618636234
volkszorn	0.06242725130296421
sanktion	0.062425470876905496
analphabetismus	0.06238620738297109
schrecken	0.06238571436879021
umstritten	0.06233143047676508
folterverbot	0.06232230816257242
todesstrafe	0.062281834998380255
mehrere	0.06225787472788347
sackgasse	0.0622388246262126
verzicht	0.06222076408420724
rauchverbot	0.0622003712377941
begrenzen	0.06219572406056301
korruption	0.062186113701948716
nieder	0.062176823415617956
kontroverse	0.06217366465021678
verfassungswidrig	0.062171550092539773
terrorismus	0.06215492854353435
unsicherheit	0.06215436740322993
verfall	0.062151105384674124
bundesregierung	0.06214513714773755
ethik	0.062142057474647655
absurdistan	0.062138952771205895
konfrontation	0.06213138221404126
widerstand	0.06212085247443974
bredouille	0.062105465997223684
zivil	0.06210177289830703
niedergang	0.06209686262296875
auseinandersetzung	0.06209291761880717
furcht	0.06207571381334204
normierung	0.06207451575376987
kommerzialisierung	0.06204627784754406
verbot	0.06201980421462953
katastrophe	0.06201661712301966
unterziehen	0.062012124518427726
erschweren	0.06197947667982282
atomwaffensperrvertrag	0.06194429666114836
ausschuss	0.06189886644440119
westerwelle	0.0618875984729178
beobachter	0.06187989545719858
achillesferse	0.061874917327501236
leiharbeiter	0.061873709007017344
papiertiger	0.061857938295560674
widerrechtlich	0.0618537127383517
horrorszenario	0.06184511876139269
holzweg	0.06180538502437378
fiasko	0.06180117628443796
bedrohung	0.06179963998036602
abgrund	0.06177646274954802
armut	0.061775232375944754
lynchjustiz	0.06176066265824476
gesichert	0.061750268603424766
besorgnis	0.06174357632470596
kindesmisshandlung	0.06170575484219509
geburtenkontrolle	0.06170494033898926
krise	0.061690382714696186
internetpiraterie	0.061677637769805296
sprengstoff	0.06165029475973658
uneinigkeit	0.061621662577191615
judenverfolgung	0.06160900801058362
hetzjagd	0.06160420018643329
irakkrieg	0.06160066576214181
jugendstrafrecht	0.061519541964340535
nazismus	0.06151596460583929
machtspiel	0.06144072208311779
drohen	0.06142074511936418
besatzer	0.06134221079985975
uneins	0.06131812600474118
brandbeschleuniger	0.06131190791779519
begrenzung	0.06129201573928101
zusammenbruch	0.061281685287520975
zersetzung	0.06127400792839943
vonseiten	0.06126353616342398
kabinett	0.06125411141627837
bewaffnung	0.06123215619935441
sozialabbau	0.06122162248781256
faustrecht	0.06120166698127119
freilassen	0.06117886576597258
waffenrecht	0.06110993833716473
russophobie	0.061080674972037084
durchgriff	0.0609986563088511
giftgas	0.060994887539584736
wirbel	0.060987127536822845
rechtswidrig	0.06097395542475437
steinmeier	0.06096134042504562
kurswechsel	0.06090078030323137
abweisung	0.06089914006259963
vorfall	0.06087579965957489
verschlechterung	0.06077236805012363
bedrohen	0.06072145291402169
geiselhaft	0.06065186568693109
vertriebene	0.060651341057441764
ernstfall	0.06047932080668725
verurteilung	0.060469185102494986
aufstand	0.060410309244091374
unklarheit	0.0599685804237115
