schlampen	0.18440806299609605
transe	0.1763531459778468
spanner	0.17219923046340985
fotzen	0.1666085621013004
flittchen	0.1646776695079548
arschficker	0.16388263013778642
ficken	0.16384672809980205
schwanzlutscher	0.16126652449347864
prengel	0.16008291499785493
tussi	0.15901045805016498
notgeil	0.15717017821505422
lutschen	0.15654905323152152
lecken	0.15560175617504537
orgasmus	0.1550138940714427
peitsche	0.1539850283014593
brillenschlange	0.15393242226997553
schwuchtel	0.15300506056949345
schlappschwanz	0.1526555516803118
arschgeburt	0.15259953144029623
kanacke	0.1523913898460695
rohrstock	0.15224291355053068
titte	0.15220991779939175
anpissen	0.15187901524002898
brüsten	0.15074501642941657
fotzenlecker	0.14984916623793748
sperma	0.14977958855134307
bengel	0.1491093692553516
tunte	0.14885470923307942
anblasen	0.14822771673933907
stricher	0.14781951341232777
unrasiert	0.14775709852655605
lustknabe	0.1476755930291281
anmachspruch	0.14703471316217182
spritzen	0.14636348430851956
spasti	0.1452919672327162
wixxer	0.14477573426358592
mutterficker	0.14303743706085964
blase	0.1429029729402807
hundesohn	0.1425282948268286
ehrenlos	0.14240099517029592
pissen	0.14204196473902125
abspritzen	0.1418505014863932
gedehnt	0.14172907733772355
pummelig	0.1415821207934213
fettsack	0.14105267737140756
lutscher	0.14068451265329954
arschgefickt	0.14045129915657992
versohlen	0.1400927147627673
missgestalt	0.1400500663717276
heftig	0.1396725310233877
lappen	0.13900271405096926
vögeln	0.1387399954628707
abgewichst	0.13858112066656358
fickfehler	0.13856868972093483
pisse	0.13816235357742226
miststück	0.13788050474807936
durchficken	0.13779746311372412
nymphoman	0.1376579076213958
untermensch	0.13655962024529142
extase	0.13651510816757548
bratze	0.13572348300513812
mannsweib	0.1353491184919206
schucken	0.13532246673851583
abblasen	0.1352687048446322
dirne	0.13525159155722746
mistkind	0.13504324918145283
lümmel	0.13503707050413802
japse	0.13474428237093425
prügel	0.134490606136907
dreckskind	0.1343416924956132
arschgesicht	0.13392168838257443
vollspast	0.13364355860505
sklaventreiberin	0.13358812206557405
rothaarig	0.13343307456025372
eierkopf	0.13330101800201777
kerle	0.13327166659949913
fotzenknecht	0.13187052418047454
eingebildet	0.13141979302916737
anlabern	0.1313457267334742
stiefmutter	0.1313146743778931
ungezogen	0.13078260937133948
nuttensohn	0.1304928864890259
flachlegen	0.12987801498225027
analkette	0.1297280389892694
zicke	0.1294615446271063
tucke	0.12912917953961217
früchtchen	0.12895654890139618
dussel	0.12895421354910522
schmock	0.12886813947672474
bespritzen	0.12885260602635654
kackbratze	0.12849391769301743
schwuler	0.1280402668116258
sackratte	0.1277753431183934
haarig	0.12760995853714366
kacker	0.1274388748413485
ungeschminkt	0.127369725656553
selbstverliebt	0.1273106264173086
abgehen	0.12667045192424034
macker	0.12655282472582263
labbern	0.1264669923146494
schreckschraube	0.12557442768869828
nuttenkind	0.1253987988602324
verkackter	0.12516654806038144
schickse	0.1250388959630199
schnitte	0.1249178304704907
frivol	0.12475705027147241
geldgeil	0.12458602261320295
abgehalftert	0.1245388594531714
arschkind	0.12434805716203343
gesichtselfmeter	0.12419737748192604
kanalratte	0.12374238919994092
spacko	0.1234724752972938
legasthenikerin	0.12343748267847593
schlingel	0.12342997785076897
labersack	0.12298672521552322
trottelig	0.1229736674827003
dildo	0.12295284047010319
pottsau	0.12255376519880759
spackig	0.12233010530478465
abgefuckt	0.12224329460480297
arschgeige	0.12219930350213747
unnötig	0.12202518034231166
steif	0.12200917699652075
feuchten	0.12196002785713744
flachwichser	0.1219431955126823
verrucht	0.12170866542954768
grütze	0.1214235190541003
schnepfe	0.12134103349450219
sackgesicht	0.1209986924594722
gottverdammt	0.12080171329931604
landei	0.12074146432822476
feucht	0.12059149936837778
zerficken	0.12038724164223794
softporno	0.12036928176902434
wütend	0.12016391402077838
hackfresse	0.11990966156036485
verfickt	0.11988054013676415
melodramatisch	0.11984857592667522
zweideutig	0.11961183903041682
gammelig	0.11950406272655786
verkuppeln	0.11944893482595491
morgenlatte	0.11929515765651909
heulsuse	0.11918395939999947
bedeppert	0.11889876372161522
untalentiert	0.11881305893878585
nackt	0.11869839013033559
prollig	0.1186369420810137
schisser	0.11848763058297104
vegetarierin	0.11846335448835939
gammler	0.11845844014144734
entstellt	0.11834876359200318
affenarsch	0.11818606551316944
verfressen	0.11804935192315459
du	0.11789639474395067
alk	0.11777122065323645
bocken	0.11764315660044607
undefinierbar	0.11748896509144169
schwulenfeindlich	0.11736907902000963
schlawiner	0.11736398963229182
pimpf	0.11718149983912776
ferkel	0.11705817213713463
proll	0.11700644917929494
behaarung	0.11699723575855886
memme	0.11687138373015393
schiss	0.11680983328850049
sack	0.11665784993884339
hurentochter	0.11662481496398731
unbefriedigt	0.11660346034395726
dummerchen	0.11657940358544752
geschreie	0.11654203033499907
verdorben	0.11637892526300236
schirch	0.11636677200482211
bart	0.11636398488437652
abrasieren	0.11634626148942458
labertasche	0.11623886456442946
nackig	0.11599026560280438
ach	0.11593254922516479
arschig	0.1159267048260497
minusmensch	0.11583649735861413
stinkstiefel	0.11576859099590228
spastiker	0.11574644793862415
umbringen	0.11539080038543717
viech	0.11533849719141984
intelligenzbestie	0.11508864497212135
garnichts	0.11490593054525149
horrorfilm	0.11472977727732994
saufabend	0.11457817631050991
gemein	0.11424340021357529
petze	0.11397826305617341
woher	0.11397673153551369
rüber	0.1139694423379421
schnecke	0.11386326786831585
haaren	0.11385447209304832
verpissen	0.11365629158420888
streber	0.11354820963084429
ausrasten	0.11337294482460489
weichei	0.11333003580495801
idiotin	0.11315938891724998
mund	0.11312574756167623
hau	0.11310063561155892
besoffen	0.11291394003373044
spacken	0.11281495787175022
unmensch	0.11276303193694334
stalken	0.11274002750649172
würgen	0.11270050728498002
hyperaktiv	0.11268956739548382
vollbart	0.11252488427046532
schmatzen	0.11248757508144966
hartzen	0.11248485293551654
moppel	0.1123232856041639
lass	0.11232102200358411
trulla	0.11229142713629058
fresssack	0.1121295866807075
vde	0.11210328872864508
negerkuss	0.11207865152778203
spritze	0.11189061366334488
unwohl	0.1118091335139088
stupsen	0.11170447647761662
strahl	0.1115799193431203
necken	0.11149901266386339
glatzkopf	0.11140813950282523
stinktier	0.11136470189643653
hodensack	0.11134815022799015
babbeln	0.11133853314205056
schmierig	0.11131625854631333
zotteln	0.1112259656923002
abkacken	0.11119093950428653
abklatsch	0.11112280751511525
hinterlistig	0.11109365496027665
penisbruch	0.11088334902966077
unfreundlich	0.11082860874249661
abmurksen	0.1108229412678609
grindig	0.11081329134166631
angetrunken	0.11078225417324042
betrunken	0.11073445474055552
fliesentisch	0.11068035619915453
schrecklich	0.11065889329039591
unleidig	0.11065404182910223
nervös	0.11062782672292507
schwein	0.1105536621553566
gruselig	0.11053706777697282
hampelmann	0.11042939826093005
flennen	0.11040649388885149
ankotzen	0.1101984420470899
arschlos	0.11014297016339361
neffe	0.11004270456635869
ohrwurm	0.10986009538598428
deprimiert	0.10982138280213016
nein	0.10969357932876624
fremd	0.10967120699898109
spruch	0.10965840545012183
nymphomanisch	0.10964448277845437
sindse	0.10963972638054334
nuttendiesel	0.10959028557847449
dreh	0.1095623727584814
herzlos	0.10954842692434251
drecksack	0.10945841538512463
sterbenskrank	0.10940193662851419
unfair	0.10933546784141769
dreckskerl	0.10914086758316814
talentfrei	0.10899996870407119
kuhkaff	0.10899940608470259
pieseln	0.10895010643380189
asozialer	0.10893334374367641
erwachsen	0.10887275721642514
aufgeweckt	0.1088423219466297
faltig	0.10883909224183429
beknackt	0.10878486938487306
schuft	0.10876544333057026
dumpfbacke	0.10872655125810339
schlabbern	0.10872322248721389
vieh	0.10871242034325668
heulen	0.10860917188387384
wehleidig	0.10860189462340628
mann	0.10858373026698952
kratzig	0.10848457029230282
unsportlich	0.10844577879610195
fatzke	0.10843291049910685
flitzpiepe	0.10836759472820161
war	0.10827588774128147
abgeneigt	0.1081846418392394
rücksichtslos	0.10815829477211003
schmutzig	0.10806513764118593
laufmasche	0.10804547661280764
bisschen	0.10804326560005
schmutzfink	0.10803767112928415
klamotte	0.10803709976389556
verkacken	0.10788675986631527
unlogisch	0.10785064274443612
hungrig	0.10780427630875025
mal	0.10780399057537993
notschlachten	0.10772724885215569
verlobte	0.10766460604364943
rwk	0.10765010595359563
unabsichtlich	0.10763872475197749
brabbeln	0.10760609708829573
langweiler	0.10760091452505718
schlaumeier	0.10758310578245167
menno	0.1075674214944153
mistvieh	0.10749475430367078
hohlkopf	0.10745690778990931
pejorativ	0.1073537158792231
wildenbruch	0.10730766895521103
wehe	0.10722542898548612
ungehobelt	0.10714565705467816
frostbeule	0.10712521244474997
dusselig	0.1071130416378473
verabscheut	0.10698934483239915
fettarsch	0.10693615463010281
unhöflich	0.10693179290203053
ungeduscht	0.10690365794095612
undiszipliniert	0.10690084634942276
popel	0.10677333010331891
petzen	0.10675065739903317
banause	0.10672573158945133
schlapp	0.10671706251839826
zeugs	0.10665431140129168
wahnsinnig	0.10652012372354892
steinalt	0.1065083648206078
leberfleck	0.10650670239021867
dorftrottel	0.10645828527044203
arschbacke	0.10641296743751115
lahmarschig	0.10634144245522101
struppig	0.10633382037025331
witzbold	0.10629455694209926
sippschaft	0.10625888039052905
moppelkotze	0.10622937317734397
einfallslos	0.1061955748660955
grimmig	0.10618386539327136
kuhdorf	0.1061786084507486
vdi	0.10615348501000416
ziegenbart	0.1060601298351387
feigling	0.10601450049090289
zeug	0.10582703241473024
niemand	0.10578298212378254
alkoholisch	0.10570492369166558
vermissen	0.10569843951993477
stramm	0.10568292844034519
begrabbeln	0.10567186125024289
blutmangel	0.10566025766940136
aggressiv	0.10566014138978316
pickel	0.10565948863947103
einsam	0.10564921070754668
hysterisch	0.10556510181108184
abgedroschen	0.10553140298339495
heimzahlen	0.10552263614423288
beule	0.10544526366585147
weinerlich	0.10538883370480634
pimmelgesicht	0.10537309281924637
krumm	0.10533688955833523
hohl	0.10532778599844674
egomane	0.10522153322196531
kopfnuss	0.10519532511962643
karre	0.10518156413758839
entblocken	0.10511970234686631
grottig	0.10510987147472507
schauder	0.10510161113033557
schnuppe	0.10508036547563668
verkleiden	0.10506913055467022
zusehen	0.10503441522501701
untreu	0.1050269944076702
grufti	0.10501582585036368
übertrieben	0.10500031942633616
deppert	0.1049793858020171
frau	0.10489588478141937
altmodisch	0.10479514598548045
ungewohnt	0.10478659346711429
aufgeregt	0.10475152231669524
hypovitaminose	0.1046672576156397
holzkopf	0.10466374666414928
undankbar	0.10456235658259215
plinse	0.10453421393862071
grenzdebil	0.1045294386579659
putzfimmel	0.10450731740320329
melancholisch	0.10441396683981648
wampe	0.10437971828965131
hach	0.10432824744774977
verkniffen	0.10431421457408888
abschminken	0.10429230297190714
besaufen	0.10428392329129527
enttäuscht	0.10422865862032996
ausgemergelt	0.10411649643695875
rausgeschmissen	0.10408356806746334
schwachmat	0.10407961733331578
miesepetrig	0.10403463650207428
untertreiben	0.10401248309608208
wehtun	0.10399643461594142
unterleib	0.10397444121740834
quasseln	0.10387803289680186
bequatschen	0.10384384706753469
heiser	0.10383399362093362
spontan	0.10380121451111968
desinteressiert	0.10375917754847207
unterbelichtet	0.1037479326702995
sensibelchen	0.1037243315084492
cluster	0.10365878163226148
langweilen	0.10362055273925946
alleine	0.10357673304358028
huch	0.1035567078895572
arschkriecher	0.10355145861748025
quatsch	0.10350189449681978
herzschmerz	0.10343785543252254
nass	0.10339483534487828
begriffsstutzig	0.10338821024127258
bp	0.10338229427026974
singen	0.1033217851075252
anstrengend	0.10331854766072403
schimpf	0.10329925557300712
pappnase	0.10327311376666741
grunzen	0.10326283657265826
weggehen	0.10320622415308281
diejenige	0.10316006310864347
furchtbar	0.10313719298540033
hase	0.10311633306833447
pennen	0.10310230993798132
erwachsener	0.10306981003142272
animalia	0.10304488345362564
abgehoben	0.10299942768255013
sabbeln	0.10299683576082205
unhygienisch	0.102990067709562
tratschen	0.1029240841385388
frischling	0.10289655543151703
kaltherzig	0.10286551132010599
zahnweh	0.10286092929233938
todmüde	0.10278895736265106
einbilden	0.10278242564888912
triefen	0.10270142062908189
schwindlig	0.10268169731772478
garstig	0.10261914062533249
winzig	0.1026172821352329
rebellisch	0.10259696351804481
abtreiben	0.10258671171559264
abwesend	0.10237251407372493
gemach	0.10236283692121796
schrott	0.10234410299583252
unterbuttern	0.10232579326301931
verkloppen	0.10225193384673101
weichklopfen	0.10224230519347709
brand	0.10213739118095361
dfv	0.10211722091056047
belabern	0.10205646249682718
gesabber	0.10201277234743804
salm	0.10196437539515033
scherzkeks	0.10196419121109987
ärgern	0.10194640310334523
verziehen	0.10186697418750092
jammerlappen	0.10178390340325195
waldschrat	0.10177401485778051
juckpulver	0.10175601305158574
ungeschickt	0.10175157861942177
bauch	0.10160286233229328
nappel	0.10155830151773443
zahnfee	0.10154293677914837
pegasos	0.10151502289206496
bartstoppel	0.10148988399884336
balsa	0.10146696372106483
spucken	0.10144062317641603
unwissend	0.1013560020088464
anstrengen	0.10131154049948857
verdutzt	0.10127543871332893
zeiger	0.10125537741187432
seicht	0.10121827834321419
ellrich	0.10120786085750326
gesabbel	0.10119844565799742
nervenzusammenbruch	0.10117488142767433
alkoholiker	0.10117193340922355
scheusslich	0.10105009681412289
einschlafen	0.10100670716010896
korona	0.10098329391130792
weinend	0.10098068863427177
bema	0.10097257625813777
seltsam	0.10092276815788775
schnappatmung	0.1009215909633964
klatsch	0.10091437279369593
unbewusst	0.10091401610817816
missraten	0.10084105139495407
itaker	0.10084008963830944
unpraktisch	0.10080724449170386
zusammenhanglos	0.10073404795406335
unpassend	0.10070757056881462
ekel	0.10068205405826426
schmu	0.10064929854617324
borstig	0.10059644223533691
aufbleiben	0.1005783636995933
keiner	0.1005712884231013
geisteskrank	0.10054937854480997
kompliziert	0.10049383741164482
fertigmachen	0.1004664842818912
boshaft	0.10046435412847182
schlag	0.10044012119143171
auwei	0.10043658705097709
miefen	0.10037376351080748
tragisch	0.1003380141011321
aufregen	0.10024159406551834
primitiv	0.10023976696942477
ratte	0.10016622085702816
bizarr	0.10015911762135636
rds	0.10014852250005309
glied	0.10014119586715968
undankbarkeit	0.10012378688273564
puh	0.0999862497882043
zecke	0.09996832964718662
kusshand	0.09994457687518639
hirnlos	0.09991822240191026
hinterlaufen	0.09988755292018177
elendig	0.09986186987710644
hibbeln	0.09984560055701476
komma	0.09983815444368864
schmerzhaft	0.09981586630531526
gammeln	0.09980902677024756
schamlos	0.09979833614579538
zeitlang	0.09975150111818942
kurven	0.09971526614643414
kraulen	0.09970306475880976
brandblase	0.09966198899652132
schieflaufen	0.09965535982510193
chaotisch	0.09964889658119704
katze	0.09963022230934847
charakterlos	0.09962159667466326
versehen	0.09961411721886272
blocken	0.0995982731193977
irrenanstalt	0.09955451788369114
unwirsch	0.09954793285234174
vergessen	0.09952140627930817
hinlegen	0.09951506677449048
milchtritt	0.09947114576459772
wespe	0.09945436128546657
uninteressant	0.09944852192973606
zahnstocher	0.09944684821616323
unwichtig	0.09944522860907024
zeichnen	0.09938093932601381
vertauschen	0.09933788891055072
grottenschlecht	0.0993149470266169
abschlagen	0.0993069390494629
angewidert	0.09926523555753862
dwv	0.09926044805817812
frustrierend	0.0992340838820776
mückenstich	0.09923242298803796
vollkommen	0.09922993002801686
dusslig	0.09919131899713156
unangenehm	0.09919082475183223
platt	0.09913670061238211
umkippen	0.09912219261948978
anreden	0.0991167862177045
aufkreuzen	0.09906989003906026
korinthenkacker	0.09895232705662284
kopfschmerztablette	0.09891339209524862
stuss	0.0989109825947185
duschen	0.09885769613562577
fressen	0.09877764249412822
mundfaul	0.09876748760934924
schmiere	0.09874350931228927
tarnung	0.09874265626825575
erschrecken	0.09872958979823895
umstimmen	0.09872521746700721
gebrechlich	0.0987205606105775
schwanzlos	0.0987150214480036
fluchen	0.09868117561481436
aufreibend	0.09866017437039695
besorgt	0.09864215072343235
gnadenschuss	0.09860385671496882
anwendungsserver	0.09859532056298462
gequatsche	0.0985697896539822
verletzlich	0.0985048214399957
sediert	0.09849756012640239
knilch	0.0984973983117672
idiotisch	0.09845608627662358
duden	0.09842686617273326
ungeduldig	0.0983938302169405
hirn	0.09835071320884335
warmduscher	0.09829734937888443
tennisarm	0.09829320291403457
fremdschämen	0.09826799404957884
verschlagen	0.09824079636985984
weglaufen	0.0982394594961505
ungesund	0.09821283560500119
daneben	0.09819909888668941
binnenstaat	0.09818681278720885
notschlachtung	0.09816812498170094
geschert	0.09814962217625714
grobmotoriker	0.09813017628241277
sippe	0.09810857095881904
uralt	0.09802786947026815
ablenken	0.09798840881859856
patzig	0.097985042615907
rumgammeln	0.0979819055204784
abgefallen	0.09797995775127201
beschiss	0.09793976909762152
oder	0.09792837806445169
regenwurm	0.09791152893683416
eigenartig	0.09789229099013255
hucke	0.0978845861845428
suppenkasper	0.09787829153671179
abfallen	0.0978427865056356
stuhlgang	0.0978312553146697
japanisch	0.09780945656594632
ungewollt	0.09774347770888508
saline	0.0977326909455958
vegetarier	0.09773144642347512
urinieren	0.09772931584497012
dreck	0.09769177436353617
streng	0.09764765625143089
meckern	0.09761759786555813
köhler	0.09760844165012707
berichtigen	0.09759612286351341
zwiespalt	0.09759468103883376
schlosshund	0.09753967528048368
auffallen	0.09747748250772645
homophob	0.09744349067962804
medienhure	0.09744212434971829
nageln	0.09738120343727388
klischee	0.0973766296509528
merken	0.09737466118899951
auweia	0.09737429392092942
abkratzen	0.09737078952948856
fuchsteufelswild	0.09735778933317286
gelbsucht	0.09721921348910498
wisch	0.09720576480293609
ausspucken	0.09720177688915638
pathogen	0.09717243820490613
fanatisch	0.09716398610676485
wedeln	0.09715854584983943
geschimpfe	0.09715851359773771
sinnfrei	0.09712089847853954
endprodukt	0.0971197277575958
esel	0.09709616965434179
wegziehen	0.09708426486463852
dwb	0.09703011746558753
hornbrille	0.09700936662947461
verscherzen	0.09700630865746783
durcheinander	0.09699347998475884
zottelig	0.09699243117148076
ertragen	0.09699088395213891
schocken	0.09697986926815065
trinkerin	0.09693919457788834
gebrabbel	0.09690417178073912
schnake	0.09689622417401444
flitschen	0.09688613514359491
nachstellen	0.09682828870613472
ungehalten	0.09682474374612449
verkriechen	0.09681781973171956
sinnlos	0.09681307347918792
leichtsinnsfehler	0.09678763096692988
hinten	0.09676946949153882
panisch	0.09675345122615125
griesgram	0.09675226538159674
berieseln	0.09668956648851323
abraten	0.09667874752365346
freistunde	0.0966169458500456
nagetier	0.0966100807842741
aufstehen	0.09659076843663948
verwirren	0.09657520439090445
hybrid	0.09657453520876112
misstrauisch	0.09656947942281485
kastrieren	0.09656331767677223
behinderter	0.09653400414775051
schmerzvoll	0.09653053707204871
hektisch	0.09649987033292412
panikattacke	0.09649850557365225
pikiert	0.09647606397217928
grenzwertig	0.09646716809020912
flunsch	0.09646689474293133
schwachkopf	0.09646123827159672
demotiviert	0.09642526434893793
aufscheuchen	0.09642507246425147
gnadenlos	0.09635750055792261
sterblicher	0.09635632913539899
irrsinnig	0.0963549080914273
versuchung	0.09634488077776773
beschweren	0.09630579944301262
pillepalle	0.09630221107977796
inkontinent	0.09629751122111312
undurchschaubar	0.09627747657939284
herziehen	0.09623955840570958
wegfahren	0.0962260189918588
bammel	0.096215519978618
fusel	0.09621027199161013
unterschwellig	0.09609441239188195
sklaventreiber	0.09608664038187303
kotzbrocken	0.09608603522199102
daherreden	0.09605530407123745
ochse	0.09595066749961219
engstirnig	0.09592392257020375
progress	0.09592013091066157
kartoffel	0.09591729130369622
schubsen	0.0959171395573967
dekadent	0.09590127411111937
unappetitlich	0.09589474739093337
bierernst	0.09587740137283536
ablenkung	0.09587308801314838
nacheinander	0.095849461777871
rücken	0.09584272422488396
schelm	0.09582851443296549
kauleiste	0.09581806997823027
abrackern	0.095808994493098
teleportieren	0.09580086147071716
etepetete	0.09579240947530143
unsauber	0.09574900429779704
singsang	0.09572862428455622
abtrocknen	0.09572425694905204
pfeife	0.0956952387249008
brass	0.09569144378478478
trennungsschmerz	0.09567271779007328
apathisch	0.09566314904562878
weglassen	0.09566083491151614
haufen	0.0956593950516636
unmotiviertheit	0.09562929119034139
spaghettifresser	0.09562516271950686
unschön	0.0956243111946308
verpeilen	0.09561445542966314
blubbern	0.09560169591964231
schwamm	0.09558660924344961
gegend	0.09557231037429242
beschreien	0.09555586669841777
morgenmuffel	0.09554725922751743
pellen	0.09553095076649633
vollpfosten	0.09551086606969912
madig	0.0954714815065686
abknallen	0.0954708565114869
stillos	0.09534596318556926
verschlafen	0.09530611448251264
lieblos	0.09526933764556236
maulen	0.0952593927616295
fliege	0.09521623230469341
pusten	0.09515429244476731
vergasen	0.09512577464281367
miese	0.09510934240952018
vollnarkose	0.09510071638358937
hornochse	0.09508844832161141
hoffnungslos	0.09507818452382842
schorf	0.09507084745498882
unsittlich	0.09504122038134516
auseinandernehmen	0.09502975234819602
ruppig	0.09502294951387869
vorhersehbar	0.09501661760699803
antialkoholiker	0.09501485640792084
drogenfrei	0.09501253754932094
windelweich	0.09500958258712418
pech	0.09500464661551018
verzweifelt	0.09498605060537646
wackelzahn	0.09498338956148866
belanglos	0.09497500551975441
wildsau	0.09492742779675989
ablation	0.0949239541560611
hopsen	0.09490762391580397
oberfaul	0.09479184299213703
erektion	0.09475860523987198
davit	0.09475384413813868
weiterrauchen	0.09471523297097421
umtauschen	0.09470030250142827
widerstehen	0.09469080616710995
hübner	0.09468227613680823
schrieb	0.09465580835455845
herumgammeln	0.09462754918647995
aufschreien	0.09458786697793214
irrenhaus	0.09457606618622746
unbedacht	0.09454053648422123
wackeln	0.09453958544147344
profan	0.09453490357336562
kinderficker	0.09452934961539741
aufblasen	0.0945246888655344
schizophren	0.09450981064177193
schieben	0.09447895790551929
erbrechen	0.09447570211271625
allerwertester	0.09447133380681091
homophon	0.09446015052175624
anspannen	0.09445948355137973
schlafwandeln	0.09445447417167917
saftladen	0.0944185705034821
hat	0.0944177782912767
kriechen	0.094406670953508
teplitz	0.09435047192130543
meerschwein	0.09432369390910568
florid	0.09432218294688238
wutentbrannt	0.09430994901434353
nervenaufreibend	0.09427601893757807
verzwickt	0.09426277443217994
kratzen	0.09426132865627714
schwachsinn	0.09423943312187621
verhohnepiepeln	0.09423023605702666
krabbeln	0.09421934751034307
schleiche	0.09420407116296603
doppeldeutigkeit	0.09419832971905162
tattergreis	0.09419309031683176
totschlagen	0.09415985137890938
eiern	0.09412993428235984
begafft	0.09410865963886914
stake	0.09409926111577491
wadenkrampf	0.09408656010638952
beschimpfen	0.09407926978868826
seufzen	0.09403451680648175
unbedeutend	0.09401987164024057
charakterschwach	0.09400594182401167
zahnklempner	0.09399085775022975
vergammeln	0.09397763607812977
weihnachtsmann	0.09395033496901219
wegkommen	0.09394073827166195
rss	0.09389835714472873
eingebung	0.09388718772927884
rammen	0.09387358975483774
stur	0.09383091517286787
trollen	0.09380379495702082
mitleiden	0.09377555205385735
geifer	0.09375458163084117
hochtrabend	0.0937396174166238
herinnen	0.09373171909768958
herausfordern	0.0936902982279579
unbeteiligt	0.09365771619124844
unsicher	0.09365063160141616
ausschalten	0.09364646890276522
verwachsen	0.09363606018559079
stimmlage	0.09363143677472609
ungerecht	0.09358954234710534
blutig	0.09358394727746341
herumhacken	0.09357212070135089
inkompetent	0.09355393920219446
seelenstriptease	0.09346762963946573
schmieren	0.09344299026612919
klopfer	0.09344190009093342
befremdlich	0.09343822017158104
schweinerei	0.09342706260683319
verfluchen	0.0934110956538599
fetzen	0.09340493832827171
bestrafung	0.0933997664505966
buckel	0.09339154162144218
mimen	0.09333129843498575
unfreiwillig	0.09327600147632284
wurstblatt	0.09325397044333016
weder	0.09323887495396847
schmoren	0.0932133934157471
muffensausen	0.09316797266025141
hofnarr	0.09315844460310316
zumuten	0.09313180060370309
unterentwickelt	0.09312193183897498
knurren	0.09311588198053897
schulter	0.09311073602081978
schwierig	0.09310438304527036
lund	0.09309109427536294
sonnenstich	0.09309059146007212
jammern	0.09307814609683099
verarzten	0.09302500245436143
wasserkopf	0.09299175284429348
anbellen	0.09298434293707346
eimer	0.09295990306129587
arrondissement	0.0929385401474214
bewegungslos	0.09292617681709853
beinhart	0.09291214086119563
halbfertig	0.09291113908118977
kurzsichtig	0.09288220947379265
kokeln	0.09287618498344896
flach	0.0928515279763228
ungebeten	0.0928484241918152
gedankenlos	0.09283125929131457
verdreckt	0.09281998142237194
juckeln	0.0927707288741118
fleischwurst	0.09274372407076835
pfote	0.09274252659321136
gassi	0.09272807582238735
unscharf	0.09272765511945193
verwickeln	0.09271643027690402
verpetzen	0.09269340995946983
unfein	0.09267431748294774
wpm	0.09267321041162663
riechsalz	0.09267030001473743
hanuman	0.09265597218871231
furchterregend	0.09265285334797506
schreck	0.09256522571728762
abbrechen	0.09255835178920051
abschreckend	0.09253712773490129
ceres	0.09253619722511211
grob	0.09249458990009365
stopfen	0.09248966598730789
giftig	0.09247536711504645
verzapfen	0.09244028140383474
einlauf	0.09239947392262164
witzfigur	0.0923368807046105
verdummen	0.09231470175328224
verzweifeln	0.09230999443084714
zimperlich	0.0922833982169426
qualle	0.09227834076972571
untergehen	0.09227144427623377
verbrannt	0.09224363380243815
zwerg	0.09224067133668373
meute	0.09221814543761757
profilneurose	0.09213305203195822
ovum	0.09212385148677783
endlosschleife	0.09209840904100185
wichteln	0.09209162768408764
abschreiben	0.09208109948475046
umziehen	0.09207561751734403
piefke	0.092067560834586
knoblauchgeruch	0.09205662807903062
zeitverschwendung	0.09194909409334609
speichellecker	0.09192879664102283
unruhig	0.09191959173700714
unterbewusstsein	0.09190105730695049
ammonium	0.09189683722453132
zwicken	0.09188797534389348
unfreundlichkeit	0.09186607697515194
kardiologin	0.0918414624701948
verzagen	0.09180088174435266
versuchen	0.09175953592993567
erledigen	0.0917427043152592
verwechseln	0.09173136952444112
abstand	0.09172865145422777
unaufgefordert	0.09170397562805652
suboptimal	0.09169331081369744
habgierig	0.09168696519633299
verletzen	0.09167592190212533
rechthaberisch	0.09166557983340004
neidhammel	0.09165834001390738
patschen	0.09164105754548706
frustriert	0.0916380558012832
einander	0.0916346581375365
meinerseits	0.0916312784510531
eingraben	0.09159359268726387
schmerzen	0.09154714420951167
serpentine	0.0915193049875713
grenache	0.09151145215061827
gurgeln	0.0915102508257184
tobsuchtsanfall	0.09150383628565656
neid	0.09150267723932118
wegtreten	0.09149305242493488
seitenstechen	0.09149184853934915
phlegmatisch	0.0914552565174541
instinktiv	0.09143257382676141
gewissen	0.09142608391397694
ausbaden	0.09141484579393783
bude	0.09137817336824011
finster	0.0913590491437211
weg	0.09134508563369181
schreiberling	0.0913228647110511
bisswunde	0.09130578190023697
schneien	0.09130491092776591
schmiss	0.09130005386468512
unhold	0.09129435358453691
prophylaktisch	0.09128411790189703
zerhacken	0.09122795451215791
schnippeln	0.09121492688510693
unkorrekt	0.0912061688245205
appetitlos	0.09117881887501707
missverstehen	0.0911632219269391
steinigen	0.09116256923702673
unbekleidet	0.0911467333985193
schlange	0.09113962136705206
abfackeln	0.09112907927659765
einklemmen	0.09112386171266167
abgestanden	0.09109457820314062
schnauben	0.09109285425521554
schmerzlich	0.09109281185448326
loswerden	0.09107759361055617
zusammenbrechen	0.09106108801406616
knirps	0.09102030965991706
unverständlich	0.09101783524172127
soll	0.09098397343105043
entnervt	0.09094872094528256
disziplinlos	0.09094494166339509
selbstironie	0.09090079879320276
hilflos	0.09088603098121757
streiterei	0.09085014404524182
schiefgehen	0.09082304592100614
entsetzlich	0.09079069018640004
hieb	0.09078912301413743
malbec	0.0907221696583377
schniefnase	0.09070100364729536
fehl	0.09068545615077708
unehrlich	0.09065683329026455
sezieren	0.09064564605335225
schimmelig	0.09064001143802833
einschlagen	0.09063309245022035
sprachzentrum	0.09058958484101245
schwangerschaftsstreifen	0.09058855579884652
irritieren	0.09058749452749006
entbehren	0.09054603291651762
claret	0.0905320871133539
kippen	0.0905271791137168
askari	0.0905247316893263
ablaufen	0.09050559199284475
zotig	0.0905034398721425
raufen	0.09049726315065075
lymphknoten	0.0904815973940298
lasch	0.09046640307161821
inkorrekt	0.09046059748893993
anbrennen	0.09043925938185081
lebensmittelvergiftung	0.09043133898651141
verhasst	0.09039432302712577
zerfressen	0.0903879930506252
traumatisieren	0.09038321769951996
qualvoll	0.09038205218426663
antriebslos	0.09035873573879538
enden	0.0903535711189218
diez	0.09033832424901148
charter	0.09027966014072412
besinnungslosigkeit	0.09026587852186824
trocknen	0.09021129277546303
verachten	0.09019289377394944
verschwitzen	0.09018599297564374
geiz	0.09017545862318978
asoziale	0.09016878714253054
nachtragen	0.09016593794828719
fuchsen	0.0901487314296249
ausgestorben	0.09013819465097377
leichtsinnig	0.09013164002480537
erriechen	0.09011391110458891
zerschneiden	0.09009797146395049
verschimmelt	0.09008428903917833
langatmig	0.09008262712913796
zetern	0.09007738882455948
angola	0.09007249781209871
unzivilisiert	0.09006972799909985
energielos	0.09006637170468172
beerdigung	0.09005823900978066
agnostiker	0.0900581100324277
barabara	0.09005322664635963
schramme	0.09004851207733468
tyrannisieren	0.09000816502959116
wackelig	0.08999570187540995
gottlos	0.0899514861229896
unfähig	0.0899410577066874
rothaut	0.08993867727101845
schauderhaft	0.08991852256158783
herumwuseln	0.08989955461808295
paul	0.08989846989272067
harmonia	0.08988639021036916
abenaki	0.08987331605454668
provozieren	0.0898595807357085
preisschild	0.08980644946851797
zigarettenrauch	0.08978241189711768
krankschreiben	0.08971132554518602
ekelerregend	0.08971034037295497
anwesenheit	0.08969336922725354
sorge	0.08968283687284476
kohlen	0.08968196153733361
verarschung	0.08966506399386795
brotbelag	0.08965683741761539
flott	0.08962574322737923
fremder	0.0896006007014444
aufschlagen	0.0895940329814387
sauhaufen	0.08958974839345203
nachtfalter	0.0895195556563264
beschnitten	0.08951478156780865
flegel	0.08951285971064302
matsch	0.08949615850840112
peitschenhieb	0.08947651654649652
missmutig	0.08944751298696366
luftnot	0.08942531986661029
anlassen	0.08937292054686662
ungeordnet	0.08936387676959873
abschleppen	0.0893637345803976
ausrichten	0.08936051227707272
entrepreneur	0.08935560910008307
stottern	0.08934672192451586
kleinkariert	0.08933778724057902
durchlaufen	0.08932328487281767
narkose	0.08928011113105093
pinotage	0.08927346512718355
inkonsistenz	0.08925033467038229
robinson	0.08921288288785764
pedersen	0.08920720183628568
kontern	0.08920500257241423
ballern	0.08919293681532169
kretin	0.08919015306095959
nackend	0.08913614617981842
malochen	0.0891275276711318
sterilisieren	0.08909851947019835
vorurteil	0.08908639277399985
larifari	0.08907469365117666
schielen	0.08904916760842266
nachteil	0.08904904905942107
veralbern	0.08899606559684524
sprechdurchfall	0.08899218091147688
umnieten	0.08896743337194177
niederschmetternd	0.08896192697643615
juvenil	0.08894913756995165
zerren	0.08892738739198444
trostlos	0.08891710719978504
taubstumm	0.08887293439808194
unlesbar	0.08884761973554167
abneigung	0.08883465062720808
dressieren	0.08883399392929055
denkfaul	0.08879939854743372
genieren	0.0887971151635068
classis	0.08877109412931668
herumlungern	0.08876014597236322
sinhala	0.0887600777082234
asthmaanfall	0.08867281782221761
rivier	0.0886551426606049
unterbrechen	0.08864967234486404
masochismus	0.08863959305700335
achtlos	0.08858310756283905
sauwetter	0.08855851891194112
seitenhieb	0.08855840556504832
schaf	0.08855391467832029
wunde	0.08852917182855886
anecken	0.0885082943559415
varietas	0.08848166564469331
zumutung	0.08846393425009641
freudlos	0.08843308250105902
unklug	0.08839908710341617
scham	0.0883968658395995
verworren	0.08839045188904043
gesindel	0.08836613021948386
behelligen	0.08836492320100779
schlappen	0.0883455479880097
lateral	0.0883183514185886
erfrieren	0.08831058108714394
gockel	0.08829753629694016
abladen	0.0882892274953324
bland	0.08826134238318024
pessimistisch	0.08823133093850757
unqualifiziert	0.0882209801844532
blutabnahme	0.08821357299782101
batavia	0.08821182850488707
blutverlust	0.08821074020528079
verlustangst	0.08817463161090407
instinkt	0.08815690567908879
frustrieren	0.08814522180488171
verrennen	0.08813050433518163
heimatsprache	0.08811359424924829
tamil	0.08810917279038911
platschen	0.0881050773239613
meucheln	0.08809315425900174
zugekokst	0.08808179584473269
hausieren	0.08806745693268052
gefasel	0.08806118309355607
sesselfurzer	0.08802535792058327
verwerflich	0.08801940123574181
schockierend	0.08799081443171328
wessi	0.08796986365229333
verscharren	0.08796759852159329
kralle	0.08794999227248017
regurgitation	0.08794710576857333
spuken	0.08794486598200742
schaukeln	0.08794390806651953
unbefriedigend	0.08794122534689355
schmerz	0.08793181885356122
hypochonder	0.0879306324565855
kriegerisch	0.08792286042831056
zornig	0.08791949118368768
stange	0.08789720400360862
mutieren	0.08789641773731265
ichthyosis	0.08788488718141382
abdrehen	0.08788419849100372
marktschreier	0.08787128053948852
bluff	0.08785746711779409
ungenau	0.08777760161808865
wuseln	0.08775876441389474
verachtet	0.08773753585257549
auseinandergehen	0.08771879102599577
wischen	0.08770238066963221
nabob	0.08769280249863365
sausen	0.08767469983811152
streiten	0.08767152252444728
furchen	0.08766841815773373
verwelken	0.08765576689719345
krach	0.08765228348593974
bekleckern	0.08763589330768504
sarg	0.08763559985070125
irrer	0.08759143158233758
pathologisch	0.08758129459461855
stuhl	0.08754995843703152
umkommen	0.087544825334364
dreistheit	0.08754212485371723
sprachbarriere	0.08753808843070207
serienkiller	0.08753382952803676
palavern	0.08752686948284777
nebensatz	0.0875244234663558
teilweise	0.08749062369908904
erniedrigung	0.0874559668901345
krampfader	0.08744279871655707
zweitrangig	0.08742954389701055
erschreckend	0.08741284036802498
onus	0.08738054391629492
grausen	0.0873710623433694
ersticken	0.08736934162826974
isba	0.08735511671776243
impeachment	0.08735400702629642
flasche	0.08733644802930782
achatz	0.08733268731278192
schmonzes	0.08733199234353287
verfallen	0.08732934972489474
ankreuzen	0.08731642385298025
auspowern	0.08727276541392988
darmspiegelung	0.08726459853743423
leib	0.08725804873695298
beunruhigend	0.08725619367753537
unzufrieden	0.08724267617555968
verlogen	0.08723937766383442
antipathie	0.08723693417914562
bestechen	0.087219172963966
hecheln	0.08721736099164008
krauchen	0.08721089181785902
regenschirm	0.0871818726260597
habenichts	0.08718128141730598
zappeln	0.08717878474998893
lebensfremd	0.08717614720561054
piksen	0.08717096640535713
poltern	0.08715162847193521
verfetten	0.08711531389794172
widerspenstig	0.08710779247810486
arbeitend	0.0871068607654496
hehl	0.08706277424633042
idk	0.08705252257177189
kopfschmerz	0.08703727767712088
vergehen	0.08702016997700404
aufplustern	0.0870085234089853
lechzen	0.08700060539738207
futsch	0.08699893006392025
rasend	0.08698542272953673
verspotten	0.08697794370156552
ausfallen	0.08696810053283106
auseinanderfallen	0.08695527756496389
karden	0.0869514622335913
pferd	0.08692051223067943
zyniker	0.08688098226213678
verschwenden	0.08687842591507712
hussen	0.08686665330801506
heucheln	0.08685198515197594
handkantenschlag	0.08683399936023281
metaphysisch	0.08682212586611517
gesocks	0.08681895258395003
konkani	0.08679328576483825
unheilvoll	0.08675281252418247
frotzeln	0.08674834465319689
vorwerfen	0.08674219554891156
glucksen	0.08674153739417295
konfrontieren	0.08673172730686719
melancholie	0.08671695419903536
alte	0.08669822288075582
verbohrt	0.08669733965462087
schimpfend	0.08669532903869565
vorenthalten	0.08669341281022028
entzug	0.08667535893979601
unterirdisch	0.08666625887619153
schinden	0.08665883776482391
lobotomie	0.08665629323256743
verfrachten	0.08665162265960401
ellenlang	0.08663673022357557
getier	0.08659474622382031
schleppen	0.08658560899839234
totenbett	0.08658544677984834
seinerseits	0.08658498349023606
heimleuchten	0.08658315633730644
cricket	0.08656778869324923
kleinhirn	0.08655629420645934
durchfallen	0.08655244514288239
geistlos	0.0865323237374654
abtun	0.08651734901525265
verderben	0.08650539670571095
loslassen	0.08649788423915505
scheinheiliger	0.08649532482907281
unbrauchbar	0.08648633809280955
joghurtbecher	0.08647876765327876
zischen	0.08647640517960996
unsinnig	0.0864572907517142
untertauchen	0.08642718271580963
aast	0.08642689280716023
distal	0.08642262157509799
kranke	0.08641555387703623
riskieren	0.0864105540003901
kleinkriegen	0.0863937054473877
zerbrechen	0.08638985429589842
mogeln	0.08638436438698381
handgemenge	0.08637767166833865
dermatitis	0.08637648486187324
unbewaffnet	0.08637198241123331
unterdrücken	0.08637074806709341
androhen	0.08636983967353419
halbstarker	0.08635433849183827
elch	0.08633612511302279
schwingen	0.08633271122049681
fruchtfliege	0.0863046110843523
entmutigen	0.08627978080181957
exorzismus	0.08626192723459165
schlechtigkeit	0.08625266856890575
unsanft	0.08624030198321693
abkupfern	0.08623820466948351
misslich	0.08622607801649194
schwafeln	0.08621611303218335
landmacht	0.08620261003232717
abstumpfen	0.08618196049844475
verzweiflung	0.08618051210202794
knopf	0.08616375463007325
paaren	0.08615320011524974
schrubben	0.08614556366429997
rojer	0.08613899380631317
allgemeinbildung	0.08613435725222272
fremdwort	0.08610263935417845
klöppel	0.08608961607637872
aussichtslos	0.08608426719087629
verschieden	0.08607926836366431
widerhaken	0.08607460873576989
verbrennen	0.08607422097323428
suada	0.08607239367432772
wischiwaschi	0.0860528609095108
nachgehen	0.0860499971127923
leeren	0.08603944589535754
buran	0.08603916501090897
leugnen	0.08600416957886348
brandfleck	0.08600160226719115
erregen	0.08599582035478157
unkontrolliert	0.08597650516227244
erzkonservativ	0.08596119607435036
gastroschisis	0.08595637310440628
eingehen	0.08591931704787273
reklamieren	0.08591672404586709
abdomen	0.08590654858722359
laie	0.08590631973119443
ersaufen	0.08589942339352283
hamen	0.08588925047416554
fahren	0.08586832932021632
unterstellung	0.08586775594880501
arbeitslos	0.08584826527486675
kelp	0.08584309349188302
lamentieren	0.08581109334641125
ovar	0.08580614792920174
kriegsverletzung	0.08578877674494068
unmoralisch	0.08578328220475022
leere	0.08578099027773471
frust	0.08578021887862361
verbaseln	0.08577741659976962
spezies	0.08576453973073916
schmalz	0.0857587962232578
verschlingen	0.08574904282583554
abnutzen	0.08574421939333081
umlegen	0.08572643135826226
lynchen	0.08570849329829994
ausfluss	0.08570715673392887
mundgeruch	0.08568392705126972
bedeutungslos	0.08565863713801992
schlitterbahn	0.08564055480029466
qualmen	0.08563508658997557
unterlassen	0.08561220100232803
umami	0.08560708588179228
laienhaft	0.08560365970768702
unübersichtlich	0.08559396016605204
folterinstrument	0.08558739919214481
zerteilen	0.08558398864520582
löss	0.08557721656617175
aufbrummen	0.08557622163877063
ronde	0.08556293421618417
feindselig	0.08555230544989938
mangeln	0.08553005059683695
fernhalten	0.08552735687129688
unvermittelt	0.08552192536861242
feilen	0.08551188607441877
blutlache	0.08548054084439811
wegsehen	0.08547676939922887
streichelzoo	0.0854693368880503
einstellen	0.08546868067763702
teufelskreis	0.08544447548131101
zwingen	0.08544261877608965
schlurfen	0.08543493908951379
traurigkeit	0.08543147116096557
makel	0.08538806687419788
aufbringen	0.08538037372693788
verdrecken	0.08537121869276955
affenhitze	0.08536912150478425
penetranz	0.0853678033006896
schlottern	0.08532530298396461
grippe	0.08531092560933719
jeu	0.08530625322371242
undiplomatisch	0.08528709573998505
tadeln	0.08528032163226722
gegenmittel	0.08525321154898893
haltbarkeitsdatum	0.08522953179673932
schmarotzer	0.08521542041702604
neinsagen	0.08520521507948152
federkleid	0.08520492767438989
scrip	0.08518427641518841
fehlbar	0.08514333754697855
unversucht	0.08513030349477646
zwecklos	0.08508031485739005
sprechweise	0.08507576225714654
desensibilisieren	0.08507276877631186
verleiten	0.08507051104831558
ruinieren	0.08503770480097023
hurt	0.08503542504776
verschwinden	0.08501367725542414
verlustig	0.08500707503620811
entgehen	0.08499884152097706
krakeelen	0.08499268986557058
unliebsam	0.0849901204129755
panik	0.08496971627241746
unrecht	0.08496044002904259
pfaffe	0.08495723513502837
verknacken	0.08494877971579282
kraftlos	0.08494776850693044
aufgebracht	0.08493318008590428
verschreiben	0.08492354824840823
schockieren	0.08490862750010426
umlagern	0.08481672378423104
denkweise	0.0848134867511059
hemmung	0.08481072396532408
versumpfen	0.08479686475572878
plebejer	0.08478959796485037
gerollt	0.0847773345527716
wollen	0.08477135248188161
dampfplauderer	0.08475933893397089
kiste	0.08475835232621101
birdie	0.0847418955089089
einsamkeit	0.0847203442590236
schonungslos	0.08470487205903403
funken	0.08469433995732494
destruktiv	0.08469229924539573
unachtsam	0.08468792603599747
schach	0.08464940985799431
unstimmigkeit	0.0846347450567299
verhaken	0.08460992421704522
aufwerfen	0.08458684761971962
bosheit	0.08458660197797319
wursteln	0.08458104407012602
geizen	0.08456877325140218
dorthin	0.08453338822998963
dinosaurier	0.08451650712261741
wertlos	0.08451330598809108
ausgrenzen	0.08449926549163236
prokrastination	0.08448672214400146
aufregung	0.08447781033548613
psychisch	0.08445079336237618
bedrohlich	0.08442770906890325
ungerechtfertigt	0.0844030047111483
hitzschlag	0.08439595899348021
klinkenputzer	0.08435776978782215
verzichten	0.08434551501115901
schwimmen	0.08434301384371506
lakonisch	0.08432871166253082
ziellos	0.08432610183052759
widersprechen	0.08431094620517471
watschen	0.08430936965644568
verirren	0.08430898923393629
schnitzen	0.0842944625335785
borniert	0.08427140967598536
rabiat	0.0842662702481829
abreissen	0.08426430786157135
pressen	0.08424513475279159
plattmachen	0.08414978607668645
archaisch	0.08413595398353677
veraltet	0.08409870448089705
variante	0.08409841356710177
funkstille	0.08409616376356742
verschwurbelt	0.08408582709064752
unberechtigt	0.08401866800496223
entschwinden	0.08400589231159031
schlechtreden	0.08400485351709099
rappeln	0.08398289492929215
verfliegen	0.08397835245460292
entgleiten	0.08393367524572085
vergeblich	0.0839213552472093
elend	0.08391502895086844
trotten	0.08391493258925269
anbinden	0.0839097184806916
korken	0.08386797256820963
hemmschwelle	0.08383425336760712
unbewacht	0.083826385286914
unbelehrbar	0.08381534299384527
spickzettel	0.08381286587895252
rumpeln	0.08380234373047966
schleudertrauma	0.0837975551300607
unsinn	0.08379621798507024
einsinken	0.08378863215049595
zahnlos	0.08374641677848679
vergeuden	0.08374303467947361
laterne	0.08373278074016556
zensieren	0.0837257605644783
provisorisch	0.0837226444147409
missgeschick	0.08370205134560386
missfallen	0.08366586832495264
behandeln	0.08364814575763732
wogegen	0.08364456081126637
unwillig	0.08355011217421529
fachchinesisch	0.08353737363573914
kropf	0.08350992509224651
operieren	0.08350740382611012
foltern	0.08349453169796218
schwarzfahren	0.08348627955572148
genugtuung	0.08347213849838796
begehen	0.08345459762707917
anfallen	0.08344955049208665
brennen	0.08344586404364085
erschlaffen	0.08344580376182277
eingrenzen	0.08342614664047761
problematisch	0.0834036648878966
desinteresse	0.0833620054009168
kontraproduktiv	0.08335592789557085
verdecken	0.08334406830580585
antiquiert	0.08333766712964251
schutzbehauptung	0.08333319863753388
unchristlich	0.0833120553057598
moralkeule	0.08330286239536812
heillos	0.08329849021542794
galoppieren	0.08327820211914129
vornehmen	0.08327244030939047
gewehr	0.08325453617123287
unfug	0.08324502938317951
feindlich	0.08324396311401454
weltuntergangsstimmung	0.08323357112781772
unsozial	0.0832305632419497
bekriegen	0.08322288209002641
auseinandersetzen	0.0832214570646394
eintagsfliege	0.0832143387309785
geburt	0.08321262123958785
verstricken	0.08320649341634959
widerstreben	0.08319866795991715
vernichtend	0.08319812681676604
verblassen	0.08317495777865583
lachnummer	0.08317437679587486
abzocken	0.08317176479561202
rüde	0.08314201080730947
heuchlerisch	0.08313510718398669
verboten	0.08313074794562834
mehrfach	0.08311903554535925
gewusel	0.0830798821646173
leidende	0.08307746860401155
umweg	0.08305599670625219
beschwerlich	0.08304686950946902
sinnlosigkeit	0.08304228810158229
schweigen	0.08303749189168387
verstummen	0.08301649468584733
distanzlosigkeit	0.0829910560435697
beschallen	0.08297077463670376
sexismus	0.08296280240939458
redefluss	0.08295679079065564
heikel	0.08294767533351195
tropf	0.08292405964322905
aufeinander	0.08289230596299159
schmerzgrenze	0.08289162676380141
skrupellos	0.08287914638579337
dilettantisch	0.08287361170750882
unerfreulich	0.08286150167812824
schlamassel	0.0828585949924476
vergeudung	0.08285460176911871
sturheit	0.082849285588835
rutschen	0.0828456306206617
salbadern	0.08282208456659743
bugsieren	0.08281613386073886
denunzieren	0.08278680415952029
verfallsdatum	0.08278043575637166
entfremden	0.08277625224356193
bitterkeit	0.0827466631335848
erlegen	0.08271611508949156
internetsucht	0.08269764323626762
konkurrenz	0.0826668073376253
trennung	0.08265853704186167
vergesslichkeit	0.08265493504723447
verschlampen	0.0826407765764968
brechen	0.08262595525708025
misshandeln	0.08262138960106362
grotesk	0.082611627894911
bedenklich	0.08261095513655232
verlorengehen	0.08258173661631525
unterordnen	0.08257824344736811
keinerlei	0.08255620157442473
deformieren	0.08255123127673829
fehltritt	0.08251655348808401
feminismus	0.08250669461914276
fremdenfeindlich	0.08247100740984421
zeitlimit	0.08246309233528354
beunruhigen	0.08246185693255352
schulsystem	0.08245855726801125
verkleinern	0.08245727734007528
schwenken	0.08245400584699188
krankheit	0.08239253944536855
anstrengung	0.08238895296451551
ausnehmen	0.08237530929781164
erblinden	0.08237036248455425
angehen	0.08235978416380688
verplempern	0.08234454502462112
ihrerseits	0.0823046704595914
uneinsichtig	0.08228980529870891
niedermetzeln	0.08228423236565646
patsche	0.08227698172092891
rempeln	0.08226001950531109
verschwendung	0.08224712047190902
kostspielig	0.08223375107350614
verrotten	0.08220612273520582
aufbrechen	0.08220493490666433
machtlos	0.08216701913192627
mobbing	0.08212832772274861
zugrunde	0.08209457100369699
niedergeschlagenheit	0.08203391091009721
unangemessen	0.08202559253056296
unehrlichkeit	0.08202261587313604
mischpoke	0.08200924949340638
unkritisch	0.08200150950812381
gurkentruppe	0.0819992877620133
pflicht	0.08199918601505397
hinkend	0.08198901329068382
schwund	0.08198577936263392
explodieren	0.08197050322570736
fegen	0.08196453989039647
bevormunden	0.08195433421638156
strampeln	0.08194700700985001
zweifeln	0.08191759889282524
schrotthaufen	0.08191204812139616
schwierigkeit	0.08190908733712679
fischen	0.08190010268620082
ungeduld	0.08189637272819354
bonmot	0.08189448808291502
bestrahlen	0.08188839660337568
redundanz	0.08188750133645739
versklaven	0.08188557978029767
unverantwortlich	0.08186445742568313
wertlosigkeit	0.08185603094898733
ununterscheidbar	0.0818517752383206
verebben	0.08183895897723328
buckeln	0.0818373465817919
taubheit	0.08183376373965537
dienern	0.08183142691501902
unterdruck	0.08183067085737271
kannibalismus	0.08182722528996655
zerreden	0.08182225943860613
einheitsbrei	0.08181402371920987
ungeschoren	0.08180563067452229
gegenzug	0.08180112547383418
scharren	0.08174695026793949
indoktrinieren	0.081743577411998
unheilbar	0.08172201108373725
zerlegen	0.08171732341946096
westler	0.08169155616608578
durchtrennen	0.08169134302268247
schornsteinfeger	0.08168735764684823
ungleich	0.08165822216466348
asylkritiker	0.08164812519917053
herausschneiden	0.08164572987972472
rechten	0.08163450931635137
versieben	0.08160506794622506
versetzen	0.08160464702208577
rauschen	0.0815957818541728
hasskommentar	0.08159240296914452
abschussliste	0.08157796279407478
ungeeignet	0.08157565714020226
unwissenheit	0.08156790953378225
fehlerhaft	0.08154692916293652
riskant	0.0815413754406728
stillstehen	0.08152806849662317
schwurbeln	0.08150889978364446
jagen	0.08150062738805158
abwerten	0.08147929642351243
groll	0.08147662273695894
überflüssig	0.08147007689359118
schwerwiegend	0.08146885056931205
ungeschicklichkeit	0.08145107481488593
erwehren	0.08141677344251391
diffamieren	0.08140907531133351
normativ	0.08138066151306465
ohrfeige	0.08137647518503457
vorgarten	0.0813510140891354
angreifen	0.08134227615438387
reibung	0.08133413485221044
fabulieren	0.0813174438646297
waisenknabe	0.08130378605412601
rasseln	0.0812658885152546
diffus	0.08123448775081224
hinunter	0.08120983355434226
verschwunden	0.0812022550237466
abweichen	0.08120127914744575
revoluzzer	0.08118444843657989
konstante	0.08113427374944994
aufwand	0.08113022922172457
verrat	0.08111546118562774
zerfallen	0.08111387321815547
unzumutbar	0.08109594617193976
seuche	0.08105401890297302
unwiderruflich	0.08103126433797377
zweifel	0.08101915108034115
aberglauben	0.08101222217050649
verzetteln	0.08098924720394186
verstopfen	0.0809746020227248
unterwerfen	0.08095600525942409
kritisch	0.08094058965398655
skeptisch	0.08092717296334044
konkurrieren	0.08092520340384064
kopfgeburt	0.08091455628670434
widerlegen	0.08090283108762454
verachtung	0.08090063958552791
zwang	0.08089977024673861
abschrecken	0.08082969221744453
faschist	0.08081517768539004
ertrinken	0.08079811038653435
innehalten	0.08078856571112632
entartet	0.08078708664140033
erziehung	0.08078656418840562
barbarisch	0.08078584201720913
verherrlichen	0.08078539082487043
vegetarismus	0.08077641155311083
irrglaube	0.0807428924583726
absperren	0.08074272835787358
begrenzt	0.08074000077691083
systemfehler	0.08070121012244251
beackern	0.08064500928041436
abdriften	0.0806369008112524
verjagen	0.08062415896820924
rettungsring	0.08061861980291105
pflastern	0.08061425378081741
ablehnen	0.08059003560796844
neutralisieren	0.08056288651101513
diskreditieren	0.08054505602162866
entfremdet	0.08053761553721972
zusammenfallen	0.08053264624509439
distanzieren	0.08052772350080836
verprassen	0.08052472400684331
strafbar	0.08051416248808409
schleudern	0.08050079893991523
homophobie	0.08049890148593726
abschlachten	0.08049556218758076
inkompetenz	0.08049209681294499
vorbestraft	0.08047385846531248
unwahrheit	0.08046742243526221
notfall	0.0804566423193608
unaufrichtig	0.08045586402831638
schwappen	0.08045134212456181
tiefflieger	0.08044822149268091
wegbrechen	0.08044364864632401
rollstuhl	0.08043864201542177
aufreger	0.08043037119149059
pessimismus	0.08040657013020262
widrig	0.08039359762952315
denkfehler	0.08035221225468797
auseinanderdividieren	0.08034474293337594
pathos	0.08034053436517705
trommeln	0.08029904434954294
gebrechen	0.0802774338908958
leichtsinn	0.08027608208698557
mangelware	0.08022468707562842
gleichsam	0.08017995359442913
manipulieren	0.08017826043907532
fruchtlos	0.08014139151402608
versenkung	0.08010747598283878
achtlosigkeit	0.08010153775305501
ermahnung	0.08010091903146686
eindringen	0.08009525101091
einbrechen	0.0800724327633138
abrutschen	0.08006890139435811
ausgeschlossen	0.08005487767478638
drohung	0.08004656781283076
schmuggeln	0.08004558858149115
anachronistisch	0.08002752919244675
konsument	0.07998360488031826
automatismus	0.07997891405961471
zersetzen	0.07994455320201081
blindheit	0.07992799813196998
faschistisch	0.07992744185385844
ausladen	0.07985727883162999
aufschrei	0.07982903344282853
messern	0.07982709392938317
anderswo	0.0797887209845672
verbieten	0.07976353079706319
auswuchs	0.07976061216529802
borniertheit	0.07975638151855474
brausen	0.07969280993953518
hohn	0.0796210578057218
teufelswerk	0.07961031644706572
untragbar	0.07959668657811614
schiene	0.07958171020143022
degradieren	0.07955888602022995
verkommen	0.07955359137780539
ausufern	0.07954751380170313
zermalmen	0.07953492797994043
verstimmen	0.07952743151370557
fehlleistung	0.07952427844406323
rechtsfrei	0.07952193597114086
kleinreden	0.07947516212832442
suizid	0.07946848605808009
herabsetzen	0.0794559386312824
kolportieren	0.07939632072567088
luftblase	0.07938757625558793
unvernunft	0.079386771838614
schmach	0.079335754239718
exponentiell	0.07932105494300033
kauderwelsch	0.0792837709868819
unzufriedenheit	0.07927110410940727
torheit	0.07927047480680013
bundeskanzler	0.0792515869670233
infam	0.07924494305534058
verschlechtern	0.0792316760626332
beschuldigung	0.07919333611540479
hilflosigkeit	0.07918976106220654
lippenbekenntnis	0.07918885975568213
missstand	0.0791868969339126
wegfallen	0.0791842206925823
beibehalten	0.07918422051607686
abwenden	0.07916257546149144
befragen	0.07915748118878733
schnapsidee	0.07915571396736151
verweisen	0.07911309895839257
tunnelblick	0.07911113962415378
ausbleiben	0.0790959923598169
murren	0.07909381939731375
entziehen	0.07909313911191772
vermeiden	0.07908418768257877
grausamkeit	0.07908181704860102
minderwertigkeit	0.07905920431088301
zweifelhaft	0.0790364935063436
geisteskrankheit	0.0790349859806137
austreten	0.07902529816187405
verwirrung	0.07902385859341435
handhabe	0.07901865446581988
provisorium	0.07900939848767063
fehlanzeige	0.07899844385862481
terrorisieren	0.07899308849758443
ermahnen	0.07898318342643323
tatenlos	0.07895476449848737
ungerechtigkeit	0.07894900639556342
blockierung	0.07887751979537466
schwarzmarkt	0.0788403660082042
ziellosigkeit	0.07879984709388752
chuzpe	0.07879610909354945
schizophrenie	0.07878368317087511
beeinflusst	0.07876413699554467
politikerkaste	0.0787629331150654
beklagen	0.07875637217222245
fadenscheinig	0.07875509630450239
sacken	0.07874593918902746
gaunerin	0.07874343106639187
mutlos	0.07873453402375245
provokation	0.07872362397942992
amtsdeutsch	0.0787213100149813
vorwand	0.0787200706709377
unsolidarisch	0.07871172183364053
unerbittlichkeit	0.0786947000290103
kontrolliert	0.07868285003534038
schelten	0.0786788750689739
unterdurchschnittlich	0.07867557703633934
schockstarre	0.0786732006820488
verurteilen	0.07862733471891077
dekadenz	0.0786109451779284
ausliefern	0.07860396482730814
nachteilig	0.07858956718703433
kurzsichtige	0.07856575832648759
angesicht	0.07851686550944793
berauben	0.07849887751081487
notdurft	0.07849468094248449
reihenweise	0.07848615963455606
maschinerie	0.07846679386725419
irrtum	0.07845285563083126
sprengen	0.07842204820669234
diktion	0.07842012905377262
beanstanden	0.0784056342345263
hirngespinst	0.07840403209912224
handeln	0.07838130654554018
verzerrung	0.07836474938908304
eklatant	0.07835105432005153
spott	0.07834868928092444
betroffener	0.07831795057580258
verfehlung	0.07830675744099777
versagen	0.07829255541494944
verharmlosen	0.07816225110004814
wegelagerer	0.0781576127670179
proletariat	0.0781059770050195
durchsickern	0.07809479438828222
unterlaufen	0.07804109933080827
breitseite	0.07803701972101808
schachmatt	0.07801993549966145
dezimieren	0.07798428062894563
obrigkeit	0.0779704727710655
krude	0.07794064968837118
abschieben	0.07792441369240509
aussetzen	0.0779001948931522
verzerren	0.07789834148085363
erbitten	0.07784499499560721
unbewiesen	0.07784096859068149
steinzeit	0.07775602791096624
vordringen	0.07770685548385435
korrupt	0.07770642249849383
widerrufen	0.07769142877708689
beenden	0.07765493179349114
unmoral	0.07765140235093705
kanonenfutter	0.07763657106577544
nestbeschmutzer	0.07763543286716552
ruchlos	0.07762937647935408
fürchten	0.07761615893829725
dringlich	0.07760999593686496
verzocken	0.07759232840646332
unteilbar	0.07758482343563326
verwehren	0.07756899367324278
befangen	0.07756636775394303
kritiker	0.0775526606339072
unterschreiben	0.07752487904605196
verleumdung	0.07750115085124194
ehebruch	0.0774928014681621
gegner	0.07748351067264815
einfluss	0.07744854029326685
bedeutungslosigkeit	0.0774042118768569
versenken	0.07739822909702977
unredlich	0.07739185576304367
ideologie	0.07738854799979118
abnicken	0.07737534709132957
verteufelung	0.07737013154400862
schwindel	0.07736551069504884
einseitigkeit	0.07734543769753241
ausbeuter	0.07729765899816471
undemokratisch	0.07729570243565403
kommunismus	0.07729346204615942
heuchelei	0.07728487900695138
hadern	0.07727246847629804
krakeeler	0.07723277831512354
habgier	0.07720250264601629
antifaschismus	0.07720143724751273
sintflut	0.0772002557675582
widerspruch	0.07715462675692497
belegt	0.07714165375586748
widersinnig	0.07712212261710512
fehlverhalten	0.07708150307429029
menschenopfer	0.07707386534648696
religionskritik	0.07706548871578069
unbestimmtheit	0.0770617676845825
bringschuld	0.07706020195389586
gedankenexperiment	0.07704616625624501
pseudowissenschaft	0.07698399337687178
verharren	0.07696635495249433
fehlkonstruktion	0.07693587032805249
klartext	0.076917833735566
kapitulieren	0.07685724614438404
unbehagen	0.0768477120322937
alkoholismus	0.07680889214177943
exkommunizieren	0.07674235170066353
hetze	0.07671422038270703
fleddern	0.07671197282353562
populismus	0.07666580445757064
auffliegen	0.0766524819196849
kollabieren	0.07663127893993808
abstumpfung	0.07663066322013366
beschuldigen	0.07660256728300396
aussterben	0.07659137289922588
sprunghaft	0.07654630383413813
beschneiden	0.07654052948933249
erfolgen	0.07650866705560912
hervorgehen	0.07649122865280682
meinungsfreiheit	0.07648481319424054
holzweg	0.07643136713036701
kampfbegriff	0.07640615394105188
betonkopf	0.0763694990212908
skrupellosigkeit	0.0763536455190951
diskriminierung	0.07634279883337654
gratwanderung	0.07631745166059768
kollateralschaden	0.07627458202734848
basisdemokratie	0.07622484863975046
diktatorisch	0.07620143914888557
schmierentheater	0.07617574661160499
ungleichgewicht	0.07614834559076052
verfehlen	0.07613756836495508
bevormundung	0.07611717066493634
demaskieren	0.07611620104353418
schlichten	0.0760557129833241
kontrolle	0.07603987517166239
verkennen	0.07597747603070562
abschaffen	0.07596557492534409
diskurs	0.07596166870236659
manipuliert	0.07596066572189136
kastration	0.07595971532164497
abfuhr	0.0759547815326717
strittig	0.07594973346763999
tyrannei	0.07589010988456056
unerbittlich	0.07587562983077496
wanken	0.07584992330123205
ruder	0.07581191974140365
atomkrieg	0.07574014155193005
hysterie	0.07572415787181513
blockieren	0.07571183452320347
tabuthema	0.07567917444616468
abweisen	0.07554220490246623
beschneidung	0.075523956323752
unterziehen	0.075448999273609
gauner	0.07542843009705354
kritisieren	0.0754245272624202
vorwurf	0.07542340900092431
ausbluten	0.07539317778570447
nabelschau	0.0753522198202981
erbost	0.07533735539334631
raffgier	0.07532427104030485
idiotentest	0.07531724083537042
existenzangst	0.07530367738538031
ineffizient	0.07528137100123453
unzureichend	0.07528033526102527
kavaliersdelikt	0.07527850789698448
unruhe	0.07527082282795308
kleinkrieg	0.07524839454753834
unvermeidlich	0.07524509403378647
watsche	0.075226461102964
lavieren	0.07518626074390101
groteske	0.07517933357583545
zerschlagen	0.0750915971377539
anachronismus	0.07502927200029562
sozialstaat	0.07502273552175502
aufbegehren	0.07501482464538765
untergraben	0.07499915871922799
entfremdung	0.07492880853579191
mutlosigkeit	0.07492435196037313
meinungsforscher	0.07489067567441238
unsicherheit	0.07488973931789877
zwangsheirat	0.07488444105416885
primat	0.07488239025070703
wirkungslos	0.0748372379160215
verschleiert	0.07482071125656367
gretchenfrage	0.0748003872231016
uneinig	0.07479527778931137
ineffizienz	0.07477889042977331
unmut	0.07477774309398007
denunziation	0.07475787858093562
scheitern	0.07471858597894007
durchbrechen	0.07468018429390372
androhung	0.0746190575319999
liquidieren	0.07460495601902829
missachten	0.07458767789863219
gegenwind	0.07449306909950527
zwischenruf	0.07446843390644674
stillstand	0.07445934254596766
diffamierung	0.07445348596123061
kleptokratie	0.07444123246405392
abwertung	0.07442698424642778
dissens	0.07441200379836806
ausgrenzung	0.0744001099396742
fremdenfeindlichkeit	0.07439216382932054
makulatur	0.0743671400560816
antisemitismus	0.07436610828429745
unverantwortlichkeit	0.0743630337010968
ratlosigkeit	0.07436245844853141
verhindern	0.07433833407266426
pappkamerad	0.07433427260369684
unmenschlichkeit	0.07433042196187244
zivilcourage	0.07421907560137668
sabotieren	0.07420873603117847
handlanger	0.07412807162241697
pegida	0.0740500121988571
debattieren	0.07404495685240567
beunruhigung	0.07403071852577127
verweigern	0.07401688836950614
gespalten	0.07401554070976465
besorgniserregend	0.07399397874811223
zensur	0.07397265933811284
verheerend	0.0739364756643293
desaster	0.07391649402223054
alarmismus	0.07391458628792696
verdruss	0.07389428950150423
widersetzen	0.07386215690189112
selbstzensur	0.07384225927552857
sackgasse	0.07383981034105397
analphabetismus	0.0736685355242376
verweigerung	0.07366619196406007
demokratur	0.07366261972099884
islamophobie	0.07364472095295192
verfall	0.0736375690397536
helfershelfer	0.07362729888900052
eiertanz	0.07355449198510014
unvereinbar	0.07347220020065741
siechtum	0.07333792741761479
furcht	0.0733197414789162
intervenieren	0.0733130049389022
ablehnung	0.07326675407948142
umstritten	0.07322453438967334
abschreckung	0.07317194179186945
verbrechen	0.07316215083986073
sklavenarbeit	0.0731065070838209
schikane	0.0731064833929131
schurkenstaat	0.07296125930909415
besorgnis	0.07285637556360725
klagen	0.07281361173898024
scharfmacher	0.07274678080033346
gesichtsverlust	0.07271189925883653
niedergang	0.07265910764008035
ausbeutung	0.07264871760445195
auseinandersetzung	0.07258610628293827
kontroverse	0.07247099542775931
interessenkonflikt	0.0724396103988591
konfrontation	0.07223004465544923
eingreifen	0.07214080366707892
kapitulation	0.07212399743274533
missachtung	0.0719797943769944
