mutterficker	0.06695151353501431
arschficker	0.06688944487017442
ehrenlos	0.06661383589369871
schlampen	0.06659631445692299
schlampe	0.066595929181822
hundesohn	0.0665557724305944
missgeburt	0.06648736269657418
pimmelgesicht	0.06643531563943605
schlitzauge	0.06641986132945814
hure	0.06641405524653579
spast	0.066309930558169
brillenschlange	0.06629974396362509
tunte	0.06627466266844295
arschgeburt	0.06623285402658201
hurensohn	0.06618587463566858
stalkerin	0.06617448156423471
flittchen	0.06616775742067528
übertreiben	0.06608515147797396
notgeil	0.06606581723276099
schwanzgesicht	0.06606042624330617
tucke	0.06605635358591269
mannsweib	0.06603350319124104
schlappschwanz	0.06599350472529669
pisser	0.06597999442456942
sau	0.06596843997037465
dreckskind	0.0659543557287245
negerkuss	0.06591348130942773
lustknabe	0.06590118651680645
ficken	0.06587348355473972
fettarsch	0.06585195859880189
pervers	0.06584962462493206
unfair	0.06583989774218889
eierkopf	0.06581424482828602
fragesatz	0.06580872655344566
arschkind	0.06577525177764253
nuttensohn	0.06577381710098604
assi	0.06576152145964431
untermensch	0.06572273093464169
fuzzi	0.06570806965963559
rothaarig	0.06570004606323433
wixxer	0.06566116096397319
fotzenknecht	0.06565845236380025
mistkind	0.06565839308257766
geil	0.06564915399589218
weib	0.06564668002795089
kanalratte	0.06564537865950211
bubi	0.06564067601435974
bratze	0.06563701860321847
labersack	0.06562991948594167
dummkopf	0.06559680190989536
überhaupt	0.06558604335820276
androgyn	0.0655843363073085
selbstverliebt	0.06558057754807929
bengel	0.06556289951047788
eingebildet	0.06555271514772265
fickfehler	0.0655301740904357
pummelig	0.0655103216571783
hurentochter	0.06549487778372734
schirch	0.06548747803079455
kuh	0.06548149378773274
ungezogen	0.06546232737235774
ficker	0.06545555567698844
spackig	0.06541632789776435
pickelface	0.06541567814893406
drecksau	0.0653975045678216
nappel	0.06539060452626508
versaut	0.06534430657795598
prengel	0.06534324706531121
kackbratze	0.06533824126883918
unrasiert	0.06533192003991221
schreckschraube	0.06533093738071535
hurenbock	0.0653190410662127
stiefmutter	0.06531214344685517
lutschen	0.06529665582065632
anpissen	0.06528629842939679
fresssack	0.06527279557313186
scheiss	0.06526525977273234
pottsau	0.06526149384319066
kacker	0.06525777252497007
vollspast	0.06525211721688061
sitzpinkler	0.0652449722577974
pissen	0.06523831084549973
trottelig	0.06523791751656498
spanner	0.06522300570089155
köter	0.06521046247297892
prügel	0.06520904822448086
itaker	0.06520302384683471
verrückt	0.06519745459433919
unhöflich	0.06519726607242189
versohlen	0.06518846080368157
bedeppert	0.06517597829178884
übertrieben	0.06517324238406155
antialkoholiker	0.06516966876612296
orgasmus	0.06516748698995789
anlabern	0.06515274978154603
schwanz	0.06514597934213924
bieridee	0.06513976942796088
ungeschminkt	0.06513580708802065
lecken	0.065130977425125
arschig	0.06512175801243879
eisen	0.06512083220051722
trab	0.06511822456882871
du	0.06511685239120485
schlingel	0.06511549445882799
sackratte	0.06511249653694742
schwulenfeindlich	0.06510459515454478
flachlegen	0.06509094073188715
stichling	0.06508932741855841
verfickt	0.06508726162798183
haarig	0.06508349817393651
franken	0.06505823813528683
perkussion	0.06503586780605268
umnachtet	0.0650264324035944
garnichts	0.06502570963664502
gefickt	0.0650165434499654
fettsack	0.06501585388168932
halunke	0.06500514829336108
kotig	0.06499290694728177
krass	0.06498564999455499
zimmermann	0.06498535196324982
alt	0.0649820819197971
zweideutig	0.06497680220396577
lappen	0.0649488921878841
wacke	0.06494565960494345
verfressen	0.06493868905285154
alge	0.0649384957636825
ohrwurm	0.06493452815125118
fotze	0.0649088304911672
piefke	0.06489893637526088
sack	0.06487666411009546
mohrenkopf	0.06487188962827589
druckverlust	0.06486865785437317
abgehen	0.06486793502708546
blattschuss	0.0648581072402026
nille	0.06485280117926798
abklatsch	0.06484417410991236
speckschwarte	0.06484029061998775
überlesen	0.06483481692501765
krampfig	0.06482954325322832
manschettenknopf	0.06482281642299716
klopfer	0.06481588287431272
abtragen	0.0647709314896633
kolchose	0.06475248723844636
nackert	0.06474004941944651
fulminante	0.06471510228021364
laufmasche	0.06470285247319783
schlagdistanz	0.06469517203434468
etepetete	0.06469324861483598
bauamt	0.06466900768949702
beton	0.06465389168422969
erschöpfung	0.0646392981467063
stinktier	0.06462448764515699
tragschrauber	0.06461900367602794
kosmetisch	0.06461301728109879
aortendissektion	0.06460604815308425
frostbeule	0.06460278272507695
mastschwein	0.06457768928010006
holzmarkt	0.06454980074757972
raubfisch	0.06454696338020714
stino	0.06453208480333851
tessin	0.06452235822196264
maurer	0.06451090143290654
lichten	0.06450778656517857
isolation	0.06450294215142884
kündigung	0.06445778013673639
kuscheltier	0.06444213715095264
auflösung	0.0644411303434839
einschränken	0.06443958348722313
clickworker	0.06442833242759295
rapide	0.06441598298236348
schläger	0.06435509138710692
norovirus	0.06434413334631595
diastema	0.06432506035159401
verlangsamen	0.06431243263769444
chemtrail	0.06430806121965317
fibromyalgie	0.06429746270065678
holzapfel	0.0642732815733695
meiden	0.0642351227671081
lebensgefährlich	0.06422970404719984
gastvortrag	0.06421593053074238
behindern	0.0641061417120932
schließen	0.06393884849696604
ambulant	0.06391862360399614
befall	0.0638626571250831
zeichner	0.06376313036395351
