schlampen	0.049779094340048666
schlampe	0.04963890603087425
transe	0.04963639541190862
hure	0.049237220117830785
hundesohn	0.04923037135111326
kanacke	0.04922950498389623
notgeil	0.049116867434796395
pisser	0.04909698705544232
fotzen	0.049094552575079796
schwanzlutscher	0.04906461266207637
arschficker	0.04903746089838927
missgeburt	0.048909835956373285
arschgeburt	0.04888883382321018
stalkerin	0.04887447867840418
tunte	0.048801122718880874
nuttensohn	0.04879143438735835
flittchen	0.048670453084606956
schrulle	0.048657683817264735
pimmelgesicht	0.048630859316463375
prolo	0.04861167898643229
ficken	0.048599853859384444
extase	0.04853998596210201
mutterficker	0.04830062462123894
brüsten	0.04827069551921095
hurensohn	0.04824092622128578
ehrenlos	0.04814194647335856
brillenschlange	0.04806456813825964
bubi	0.048064226841312487
rothaarig	0.048058351785642266
tussi	0.04800245826640298
bengel	0.04790560845550125
arschkind	0.04785313456730117
fotzenknecht	0.0478196261285298
sau	0.04773001082283282
eierkopf	0.04766335919456725
spast	0.047662525915714064
geil	0.04765919141845268
pummelig	0.047655387471823525
bullenschwein	0.04763852577611744
pervers	0.0476232371252015
hurentochter	0.047615498182476214
schlappschwanz	0.047603078498179456
mannsweib	0.047573403418849386
pickelface	0.04752644157431992
androgyn	0.04750055749114325
titte	0.047490842874965196
gefickt	0.04747218186729907
marmeladinger	0.04743677584066718
zwitter	0.04742173666710373
weib	0.04737728002596814
labersack	0.04737283153312865
spanner	0.047325163330306425
prengel	0.04732009798391437
lutschen	0.0473022641790455
mistkind	0.04726765200664217
schlitzauge	0.04721359768030095
grufti	0.04720222091495994
dreckskind	0.04716708074657418
drecksau	0.04716418574976592
nymphomanisch	0.047140224890441146
nappel	0.04704900807421756
wixxer	0.04703746230310763
bratze	0.04702943516043205
liquidation	0.04700993746647489
anmachspruch	0.04699558278344148
ohrwurm	0.04694752103054358
verrucht	0.04688942225447386
schwanz	0.04687284979383018
sklaventreiberin	0.04685405194946389
fotze	0.046783278434975276
schwanzgesicht	0.046769188726530284
fraunhofer	0.046723148462921665
teufelin	0.04671846434131927
lustknabe	0.046673449218832
protonentherapie	0.046657740382998775
kilowatt	0.046635984583041364
negerkuss	0.04659968473441162
fettarsch	0.046575042067875154
schucken	0.04655731631320717
hartzen	0.04643763534237836
spackig	0.04643330679102107
muschi	0.04617907932674349
knecht	0.046177469015130694
frivol	0.046115749865146244
ordination	0.04597319794604083
halunke	0.04596760367683811
hybridantrieb	0.04574633842038289
beckmesser	0.045498536514084253
voyeurismus	0.044719943297174145
