kanacke	0.16702159826064839
tunte	0.15832842589067692
schwanzlutscher	0.15767312816795076
hurensohn	0.15687679675053814
mutterficker	0.15617832872593057
hundesohn	0.15500554145540063
anmachspruch	0.15081713408058384
assi	0.15041135488918644
arschgeburt	0.14925004312904264
sau	0.1481219312922375
missgeburt	0.14701101484381635
wixxer	0.14659324775508104
ehrenlos	0.145063562910215
fickfehler	0.1448803333800607
pummelig	0.1447315339792785
bratze	0.14372250830927982
sackratte	0.14365396951568038
eierkopf	0.14342366232486808
mistkind	0.14297192862502683
mannsweib	0.14230107586237628
tussi	0.14229204875629795
fettsack	0.1418582817222554
japse	0.14173361441089816
dreckskind	0.1411582441844411
titte	0.13981523595340886
weib	0.13947635416753357
vollspast	0.13942452900635638
scheiss	0.13860333994574672
untermensch	0.1384891222371923
schmock	0.13762607315942021
lappen	0.13755288492008436
eingebildet	0.13673591750958244
fotzen	0.136344312079208
schlingel	0.13573693824150984
ficken	0.13513482936106044
abgehalftert	0.13512253935803845
geil	0.13487278506080785
anlabern	0.13479060045173988
kackbratze	0.1345202457407058
kanalratte	0.13447009568852752
nuttensohn	0.13415357919148815
affenarsch	0.13406294414228026
drecksau	0.1337253463786564
spacko	0.1335400696562325
zicke	0.13346538350721737
schlampen	0.13341078711991022
selbstverliebt	0.1331816163159612
dummkopf	0.13294405585267394
transe	0.1328671122709098
ficker	0.13274020246829243
dirne	0.13255678882842387
schreckschraube	0.13228985646191374
sackgesicht	0.13192393082816972
gesichtselfmeter	0.1318569106559439
trottelig	0.13145210091335643
schlampe	0.13114421637473336
labbern	0.13091609154013945
schwuler	0.13063039325201709
arschkind	0.13061548420049757
gefickt	0.13056942726889573
versaut	0.13047713454699733
abgehen	0.13039139174899778
verkackter	0.1303520944274106
arschficker	0.13021533496556528
arschgeige	0.13008640918808365
fotze	0.1299154842093946
du	0.12984620176698944
kacker	0.12979970405054322
notgeil	0.12966454624164261
prollig	0.1294877499861036
legasthenikerin	0.12946930325748027
wichser	0.12944537033670908
flachlegen	0.129434567344131
untalentiert	0.12932833271430563
flittchen	0.12885589740674552
tucke	0.1287706707984828
schlappschwanz	0.12846958784822796
stiefmutter	0.12842242483281763
zweideutig	0.1283716297201891
ungeschminkt	0.1283584845323749
lutschen	0.12823733836088966
schnepfe	0.12812999439264242
labersack	0.12811132302803757
schlawiner	0.12810065365643244
sklaventreiberin	0.12804787313675914
pisser	0.12802793032310106
bart	0.12793617334303412
verkuppeln	0.12771388123490765
krass	0.127685302692378
haarig	0.1275581474016306
pottsau	0.12749979799887587
lecken	0.12747149670740146
stinkstiefel	0.12743897015142575
unrasiert	0.1272771026676596
orgasmus	0.12720847846587044
schisser	0.12714688893210566
anpissen	0.12648561626242813
melodramatisch	0.1263027540732828
kerle	0.1262803542837201
schwanz	0.12622269120376375
sperma	0.12606189398669343
macker	0.12582266675867268
verfickt	0.1258187370635129
heulsuse	0.12578782770596722
horrorfilm	0.12574473273495282
brillenschlange	0.12555252365062908
petze	0.12553456557567386
geschreie	0.12552650380040684
pimpf	0.1255263746650125
vegetarierin	0.12525142556824898
fresse	0.1251820032611662
ohrwurm	0.1251751088880161
arschig	0.12509944170318696
schiss	0.12502175381052752
wütend	0.12494414231163554
gammelig	0.12492203151090667
labertasche	0.1248812003532771
kacke	0.12461304869132708
dummerchen	0.12447249993085481
undefinierbar	0.12428994337702287
muschi	0.1242797450465629
ach	0.12422840989823787
schrulle	0.12421598516813309
stinktier	0.12421007489289304
unmensch	0.12412493856983513
memme	0.12385471097399034
abrasieren	0.12370375358488851
hurentochter	0.123642152142899
fett	0.12362249878818432
unnötig	0.12359554709157283
fotzenlecker	0.12355252400763705
gemein	0.12350483008086054
heftig	0.12348544166628943
penner	0.1234604992164179
intelligenzbestie	0.12334324026671646
garnichts	0.12330740045504189
schirch	0.12318540942793932
spackig	0.12301441879973633
viech	0.12291950060433363
komisch	0.12264644890289328
ungezogen	0.12263062898139704
ausrasten	0.12262695382070393
weichei	0.12258632858930404
woher	0.12247605352864818
entstellt	0.12239904863063293
spanner	0.12216943616247627
fatzke	0.12207992865402725
gruselig	0.12185034838300499
waldschrat	0.12166291439759158
gehasst	0.12160431439182152
umbringen	0.12159563120518019
verfressen	0.12150204705951735
vollidiot	0.12143654915356182
vollbart	0.12137391050704151
idiotin	0.12123038325297061
trulla	0.12120488420217763
verdammt	0.12119665521465324
schmierig	0.12113767627992629
spritzen	0.12110957081865854
schrecklich	0.12095528367030314
verpissen	0.12092500777314312
lustknabe	0.12086100827434508
ekelhaft	0.12080440301417511
hinterlistig	0.1207751877348324
streber	0.1207611195738263
softporno	0.12075670777060643
zerficken	0.12050687253272739
flennen	0.12047729810081723
banause	0.12042239488546631
ferkel	0.12026731878139081
stalken	0.12025601386436323
spastiker	0.12019669227328668
leid	0.12012917981805413
abspritzen	0.12012147923637038
herzlos	0.12000975285329622
besoffen	0.11996502468628648
versohlen	0.11978286879687428
sindse	0.11963158644969016
schickse	0.11945008333265925
haaren	0.11941430576953636
notschlachten	0.11940942032793414
fotzenknecht	0.11935842182776854
hartzen	0.1193363415844465
mist	0.11927283777608573
hyperaktiv	0.11911171403607698
spruch	0.11908493145689625
doof	0.11905164781201039
bengel	0.11904514851370654
fresssack	0.1189675698996127
rüber	0.11889881518968101
bocken	0.11889612376897654
proll	0.11889373709406983
schuft	0.11888737677435267
dorftrottel	0.11877889171320875
prengel	0.11874093173383655
flitzpiepe	0.11861818325055061
schwein	0.11858179380205269
dumpfbacke	0.11854179512703795
steinalt	0.11851748892961567
nein	0.11851387184727497
stupsen	0.11851308841110833
unwohl	0.11844462801456436
unfreundlich	0.11836571410032386
negerkuss	0.11836354915720286
lass	0.11835052526903629
menno	0.11834653175838535
erwachsen	0.11826786746989018
ankotzen	0.11824237675689499
glatzkopf	0.11820289316560924
hampelmann	0.11812013781727836
abklatsch	0.11807247157105615
deprimiert	0.1180022936098769
vieh	0.11798524335598297
talentfrei	0.11797376536732135
pimmelgesicht	0.11795500459034662
pejorativ	0.11793910482044229
schnitte	0.11792709945248277
saufabend	0.11782101242574719
witzbold	0.11778680391381544
petzen	0.11765946173816144
egoistisch	0.1176497525985022
kuhkaff	0.11763399903098054
peitsche	0.11761266239649285
lümmel	0.11760278826997098
war	0.11758655195313109
rothaarig	0.11754069865812886
schwulenfeindlich	0.11754016449918482
beknackt	0.11746353960960343
landei	0.11739262783952023
anblasen	0.11734387552323965
angetrunken	0.117267697041509
brüsten	0.11721135702960922
sterbenskrank	0.11715016429885049
behaarung	0.11712124495568811
hohlkopf	0.11711589895136898
heulen	0.11708474558167019
wehleidig	0.11701297430808959
schlimm	0.11700716186650185
bekloppt	0.11691415207647357
moppelkotze	0.11690515461936685
fliesentisch	0.1168881152321827
nymphoman	0.11679728662221042
zotteln	0.1167701439786754
abkacken	0.11670832334060853
langweiler	0.1166201934872005
verdorben	0.11659467718498787
ziegenbart	0.11644833720371191
einfallslos	0.11638513207093204
unhöflich	0.11638043652666959
rohrstock	0.11636906043941518
bisschen	0.11635904818158975
wehe	0.11632143771521898
babbeln	0.11623434431206987
unabsichtlich	0.11620925131160344
weinerlich	0.11614149430969607
verkacken	0.11613809401187765
abgedroschen	0.11602362068238557
mistvieh	0.11600712435688403
unlogisch	0.11595330570980573
necken	0.11578037496931806
trottel	0.11577221831667407
penisbruch	0.11572832794190009
schlaumeier	0.11570496014323652
alk	0.11567263342440204
drecksack	0.11563492668250973
kratzig	0.11544571045569041
feigling	0.11544103838251
verabscheut	0.1154062506915955
frostbeule	0.11534603970735817
verkniffen	0.11533276262043439
mal	0.11532483953127273
dusselig	0.11521924148705717
hohl	0.11519383273392363
lahmarschig	0.1150915926852384
sippschaft	0.11507805556725137
verrückt	0.11504146085336897
hach	0.11503698591046203
fremd	0.11494641778693243
brabbeln	0.1148069476655989
abgeneigt	0.1147514444359286
wahnsinnig	0.11474908216804895
pissen	0.11473117857730811
zeug	0.11469567439118618
nackt	0.11466442068659782
vögeln	0.11465733475548238
arschkriecher	0.11464648407558346
deppert	0.11458056195501465
steif	0.11455489040956161
ziemlich	0.11444330760521569
blase	0.11444129224179558
schauder	0.11437868304354136
popel	0.11435884128278342
desinteressiert	0.11430253460412736
undiszipliniert	0.11429868446835022
weinen	0.11428039751430343
nackig	0.11418180507483992
aufgeweckt	0.11415648384253262
grenzdebil	0.11413680163796515
hysterisch	0.1141303225000549
arschbacke	0.11412848139383742
huch	0.11408905098869988
nuttendiesel	0.11404894006079386
schimpf	0.11403162899667822
aggressiv	0.11395376849271222
schwachmat	0.11394226959218313
zeugs	0.11390444550610221
quatsch	0.11386655036740301
unleidig	0.11386153828637792
garstig	0.11384420580680787
arschlos	0.11376060126383075
grottig	0.11370743132103552
unbefriedigt	0.11368905519090661
niemand	0.11364980992355637
klamotte	0.11355650193379338
altmodisch	0.11354191526880368
armselig	0.1135181910494039
ungewohnt	0.11344031007050552
schnuppe	0.11339084504431513
abgewichst	0.11338791074717987
heiser	0.113335244465921
faltig	0.11331898356620546
verkleiden	0.11331717376633163
neffe	0.11331574206381703
krank	0.11330515708646069
krumm	0.11316880247580018
schlapp	0.11314369474655624
schnecke	0.11309698074272748
gedehnt	0.11308425847050414
egomane	0.11307491810664781
alkoholisch	0.11302223269047824
hungrig	0.11301330723934062
sensibelchen	0.11292246122667553
primitiv	0.11291349705667446
schmutzig	0.11276165574600847
furchtbar	0.11271322304880853
entblocken	0.11264994894432402
undankbar	0.11257498948100234
diejenige	0.11255652989658588
kaputt	0.11254235981425174
schmatzen	0.1124414056860417
blutmangel	0.11236723021366206
schade	0.11234063017348626
enttäuscht	0.11233851534687977
vde	0.11213473816042327
möse	0.11210068531041606
erbärmlich	0.11197539494356451
scherzkeks	0.11185749949468235
arschgefickt	0.11179220902248886
abgehoben	0.11169827067800976
hase	0.11168179385409659
rausgeschmissen	0.11165154055534673
abschminken	0.11160340325035253
unfair	0.11160335631668586
verkloppen	0.11159866204763014
untreu	0.11158716898596956
verziehen	0.11153861298526516
verlobte	0.11151669436428074
rebellisch	0.11143024787034585
bequatschen	0.11140389784734542
unwissend	0.11139171738181765
unpassend	0.11137267973102308
ganz	0.11136581344259278
schlecht	0.1113552891863029
erwachsener	0.11132756536626348
vermissen	0.11131958542748366
abmurksen	0.11126416893052389
widerlich	0.11124007707100576
dreh	0.1112272160470379
miesepetrig	0.11122267695542731
kuhdorf	0.11119916794273998
unterbelichtet	0.11117541658021193
irrenanstalt	0.11113520043302932
quasseln	0.11111961227480278
kopfnuss	0.11108960828340102
ungeschickt	0.11104179840037134
unpraktisch	0.11099545506956074
cluster	0.1109073171373778
strahl	0.11087406215423251
hodensack	0.11086344827764731
begrabbeln	0.11083249867044676
winzig	0.11080243510299445
morgenlatte	0.11080230313980019
abwesend	0.11080044688447493
aufgeregt	0.11077777818922825
ekel	0.11077083792600452
seltsam	0.11071580743919265
struppig	0.11070836641089943
schmutzfink	0.11066078057501677
einsam	0.11062628605775918
hirnlos	0.11061830592966587
schnappatmung	0.11058194304240007
homophob	0.11057873891651523
langeweile	0.11053692987578916
schucken	0.11051517796872981
falsch	0.11051488327666564
wehtun	0.11050104722271611
anstrengend	0.11045404568789499
auwei	0.11034743707107494
gemach	0.11034075290551888
keiner	0.11031124737931229
griesgram	0.11027724798822815
besaufen	0.110270421891311
einbilden	0.11020548602346782
alleine	0.11017325028751462
zusammenhanglos	0.1101048058856128
langweilen	0.11009628563665409
kaltherzig	0.11006896961692082
abtreiben	0.1100663818141865
jammerlappen	0.11003196505991449
prügel	0.10997931323665153
sabbeln	0.10996577416026167
uninteressant	0.10995440505049221
heimzahlen	0.10988474682435218
charakterlos	0.10986801827292278
asozialer	0.1098167438538102
grufti	0.10981477053034658
grunzen	0.10981226997505655
sack	0.10980668769595076
verdutzt	0.10979945499974154
durchficken	0.10973588723208326
unterbuttern	0.10965295593862684
rwk	0.1096418069241472
weggehen	0.10959549642403242
mund	0.10955243980059223
leberfleck	0.10951614088186061
puh	0.10949215724450267
begriffsstutzig	0.10946899688679552
schlabbern	0.10943908531580458
nervenzusammenbruch	0.10942520356738926
tratschen	0.10941807811285491
singen	0.10940394302391926
ärgern	0.10940282720218986
plinse	0.1093920471561824
unhygienisch	0.10936806944939305
schrott	0.10921934521541574
ratte	0.1092186834954462
aufregen	0.1092169811600565
unfassbar	0.10920872083596447
zahnfee	0.10916671265529106
stuss	0.10916611939658266
wampe	0.10916076661525359
tragisch	0.10913668899349986
borstig	0.10903522551274947
pennen	0.10899564169881767
gesabbel	0.10897138378738797
alkoholiker	0.10896007871005434
mundfaul	0.10893328929463425
grobmotoriker	0.1089289438470987
analkette	0.10890884652840845
grottenschlecht	0.10885946336430884
wildenbruch	0.10880942293441564
unwirsch	0.10880742647158523
weichklopfen	0.10880264118401253
zeitlang	0.10879155668163366
zahnweh	0.10878043117744453
idiotisch	0.10877594507118253
kusshand	0.10870367759085246
frivol	0.10868006557562672
seicht	0.1086784291204697
tarnung	0.10866499882297415
angewidert	0.10860568123855698
kompliziert	0.10860319334586645
ausgemergelt	0.1085854939118139
miefen	0.10855279327932943
zecke	0.10850217616389722
karre	0.10849978039209625
ungeduldig	0.1084721720291931
pieseln	0.10846228304536083
laufmasche	0.10832944634944351
fanatisch	0.10828093091486284
chaotisch	0.10827655293663188
fertigmachen	0.10827154925474607
pickel	0.10821184839377987
beule	0.10811264069519527
aufkreuzen	0.10809130830462053
vergessen	0.10807862345887317
unwichtig	0.10806885259552425
korinthenkacker	0.10797743700794486
übertrieben	0.10795875693816029
frustrierend	0.10793431582850162
eigenartig	0.10790541589244439
grenzwertig	0.10789811940979424
spontan	0.10789269318365165
untertreiben	0.10787842439376889
belabern	0.10786591157128497
boshaft	0.10783118179772265
gesabber	0.1077787762793103
unterschwellig	0.10776368112710484
spucken	0.10769585425820442
erschrecken	0.10768256527562864
gequatsche	0.10767931475117569
herzschmerz	0.10767232735649097
patzig	0.10765273579608618
platt	0.10764754440233013
sediert	0.10761614046745938
elendig	0.10759646297028616
auweia	0.10759371491169378
dusslig	0.10759075953733409
unbewusst	0.10757879806301877
duden	0.10756750903068835
vollkommen	0.1075368153646521
nerven	0.10750560308943008
schieflaufen	0.10748574714142894
anstrengen	0.1074708920376371
uralt	0.10742117726647361
unangenehm	0.10740402450580253
weinend	0.10737520435625147
unappetitlich	0.10733762814884915
bp	0.10730498928575077
dreck	0.10730106021695762
missraten	0.1072990782742833
anreden	0.10725834766964637
beschiss	0.10721091366032899
zeichnen	0.10720642256680839
vertauschen	0.10719909386076548
warmduscher	0.10715490605380859
schwachkopf	0.10711633322700076
daneben	0.10706559343803061
frau	0.10706362402458859
einschlafen	0.10703182214759542
stillos	0.10702220391756788
pisse	0.10701756721660849
hau	0.10699492252400036
gebrabbel	0.10699409207766772
zusehen	0.10698003750463576
aufbleiben	0.10693840774778425
schelm	0.10682994017889136
ertragen	0.10680973035883577
mann	0.10680938600402196
klischee	0.10678711651676717
feuchten	0.10677646447350504
umkippen	0.10676534262999517
animalia	0.10672899293210897
vollpfosten	0.10667224869210444
meckern	0.10666022505606262
schamlos	0.10664772532342824
triefen	0.10663855996981823
ungewollt	0.10663442551136686
schmu	0.1065988507108466
umstimmen	0.10659247709782795
kotzbrocken	0.10659049810231475
sinnfrei	0.10658490947654649
sklaventreiber	0.10655141013324232
dildo	0.10654173496141303
schizophren	0.10653781006817999
pegasos	0.10651866883438539
grindig	0.10649897860459182
misstrauisch	0.10647664039315569
zeiger	0.10644821177903195
ungehalten	0.10637425717799784
dreckskerl	0.10631640364943679
versehen	0.10629649620184754
schwanzlos	0.10627858958347867
fuchsteufelswild	0.10622285764080104
geschert	0.10620825250413007
herziehen	0.10620618107129431
hinlegen	0.10616860268805903
bierernst	0.10615441453032014
aufschreien	0.10612880949117819
geschimpfe	0.10609431825900428
hirn	0.1060893973284622
kastrieren	0.10608823991691688
unterleib	0.10607964885730549
verscherzen	0.10604045790264392
aufreibend	0.10603744032432141
feige	0.10603616259483646
kinderficker	0.10603467558392436
glied	0.10603069134974948
undurchschaubar	0.10602483932508983
fluchen	0.10600006264854174
hammerhai	0.10599375430318442
engstirnig	0.10596233856633716
gnadenschuss	0.10593909978996345
verschlagen	0.1059012430541614
verrucht	0.10586391689115374
endprodukt	0.10585617616096954
blocken	0.10585579961030923
putzfimmel	0.10582785190561955
brand	0.10581132164099959
katze	0.10577662303475546
auffallen	0.10575726609514763
pikiert	0.10571614789494677
rücksichtslos	0.10571335619378099
verwirren	0.10568727049647184
sinnlos	0.10566659848935206
bespritzen	0.10565920709341783
doppeldeutigkeit	0.10563376476118137
hibbeln	0.10562303018982487
klatsch	0.10561066047404752
pathogen	0.10550326619272113
feucht	0.1054982700723628
schlag	0.10546664886485335
haufen	0.10542456193323733
ablenken	0.10541460562479683
stur	0.10538027519077495
verzapfen	0.10533923354169765
wurstblatt	0.1053343435989267
schnake	0.1053210230118303
schwachsinn	0.10532075321970068
weglaufen	0.10530109686944479
verschlafen	0.10527487677577918
merken	0.10526791026806542
todmüde	0.10524616321248925
nachstellen	0.10522958436065155
belanglos	0.10522743258978351
hoffnungslos	0.10518275900251732
hinterlaufen	0.1051759435054228
kurzsichtig	0.10516740328770416
ochse	0.10516233357329721
oder	0.10516170097112468
dfv	0.10515270153170145
abschlagen	0.10513515944787112
daherreden	0.10512911389393098
suppenkasper	0.10509836361466975
bema	0.10508823280128049
unkorrekt	0.10506819362766168
hucke	0.10503486222758351
rechthaberisch	0.1049957555120635
aufstehen	0.10498971502578482
beschimpfen	0.10495391157249456
zwiespalt	0.10495346938757473
durcheinander	0.10494652152152754
hypovitaminose	0.10492904601230944
wegziehen	0.10490862373080266
regenwurm	0.10487813642228222
lieblos	0.10486613411647668
moppel	0.1048573373826678
frischling	0.10483622216824848
balsa	0.10482793261856968
esel	0.10481693195421106
bammel	0.10480338902140186
rumgammeln	0.10479447108323625
abknallen	0.1047933674069453
fressen	0.10478914476214436
schocken	0.10478630600952595
tennisarm	0.10476057959145724
abgefallen	0.10475688773222981
unsauber	0.1047519823689013
schmerzvoll	0.1047482859118016
beschweren	0.10474576769744838
verkriechen	0.10470996484962866
hochtrabend	0.10468872949099922
behinderter	0.10468336896813235
notschlachtung	0.10468189842324176
wespe	0.10466595715493356
maulen	0.10466091268106513
kind	0.10463017088794152
vdi	0.10462983348083188
abraten	0.10462668126257355
unehrlich	0.10457648765390146
vergasen	0.104537129067
schrieb	0.10452473640878941
herumhacken	0.10451868854585421
profan	0.10451321306516174
saline	0.10450030504150362
kraulen	0.10447819298205004
streng	0.10446825082368223
abschreckend	0.10444352077065541
gammeln	0.10441817470418346
pillepalle	0.10441032360447831
stuhlgang	0.10440653657335998
stramm	0.10439958432194231
dwv	0.10439349641932039
pfeife	0.10439024934670126
unterentwickelt	0.10436304387726922
wegfahren	0.1043623810648441
nappel	0.10433573354395549
juckpulver	0.10431828664010045
berichtigen	0.10429832364130763
bauch	0.1042685556412958
unbeteiligt	0.10425945418139825
hektisch	0.1042235992603679
grütze	0.10407449791780293
lasch	0.1040655378186567
gelbsucht	0.10400836870439027
zimperlich	0.10398509643623884
bartstoppel	0.10396638789036715
abfallen	0.10393268675314377
ungesund	0.10392300028005211
inkontinent	0.10390700266515294
hofnarr	0.10386132386121094
demotiviert	0.10385564567763385
weglassen	0.1038543917878849
panisch	0.1038264988797912
spritze	0.1038192279048476
milchtritt	0.10379946585779756
abkratzen	0.10379530725229172
homophon	0.10379380306881288
fettarsch	0.10379280077181478
langsam	0.10372641977910368
undankbarkeit	0.10371389476201388
schuld	0.10369609493172516
ungerecht	0.10369083218031758
morgenmuffel	0.10366433300063937
weder	0.10362975396442657
knilch	0.10361820705507242
aufscheuchen	0.10361352816764417
singsang	0.10352336656934506
verzweifelt	0.10352256804488795
panikattacke	0.10350865065146794
gelinde	0.10348166573583398
fliege	0.10341276174840529
madig	0.10339969729113925
leiden	0.1033901193864638
miese	0.10338909360828126
inkorrekt	0.10338033652463559
fremdschämen	0.10337816721066094
kopfschmerztablette	0.10337644233143069
befremdlich	0.10333411497755937
rds	0.10331179718794295
unbedacht	0.10328155123766129
leichtsinnsfehler	0.10326130897514701
pech	0.10324670380754787
schweinerei	0.1032400267239515
dekadent	0.10322501746642375
irrenhaus	0.10321160331921926
verräter	0.10318700808056233
hornochse	0.10318284967190376
vorhersehbar	0.10316598666757164
eingebung	0.1031619876522631
endlosschleife	0.10314683397881393
schlosshund	0.10314073108474789
entsetzlich	0.10313849568666869
profilneurose	0.10313566385780226
unverständlich	0.10313351459656674
blubbern	0.10312852471686074
hund	0.10310955019917364
gedankenlos	0.10310300000691927
abrackern	0.1030898012081962
totschlagen	0.10305526610950612
hornbrille	0.10305146083980839
ruppig	0.10303462800937527
anwendungsserver	0.10300096651176663
unfreiwillig	0.10298729261948772
gebrechlich	0.10289443516980736
ablenkung	0.1028711926346008
albtrauf	0.10286725609779807
jammern	0.10284996574091244
nervenaufreibend	0.10284296985323144
gnadenlos	0.10282945664406251
berieseln	0.102820212074494
flunsch	0.10279934789908703
schmiere	0.10278386333664605
unfein	0.10277347449009137
zahnstocher	0.10276556464404057
brandblase	0.10275745993854198
unhold	0.10273710412160195
zottelig	0.10272137557792425
hat	0.10266696272724413
selbstironie	0.10263864295776523
witzfigur	0.10256039818233954
duschen	0.10255740572720996
geifer	0.10251381614338508
vergammeln	0.10245671250836638
muffensausen	0.10243206450468925
schlafwandeln	0.10238178898162392
verpetzen	0.10237558454060942
unbedeutend	0.10237325547319619
verwechseln	0.1023633386486689
gegend	0.10236230472132948
abblasen	0.10234645435752344
korona	0.10233292847507458
salm	0.10230060212554203
verpeilen	0.10229282356198065
japanisch	0.10224317137015741
wegkommen	0.10222819043384261
teplitz	0.10222100624153854
lügner	0.1022146294834786
urinieren	0.10211529878728991
auseinandernehmen	0.10210392555280785
verdummen	0.10210307666072788
trennungsschmerz	0.10208435647456743
kauleiste	0.10206861338722983
beschreien	0.10201430186960717
wutentbrannt	0.10201028740185787
seufzen	0.10199618917999416
wackelzahn	0.10198527202778578
sippe	0.10195642239139704
komma	0.10195420726049777
nacheinander	0.10195121085590088
pusten	0.101940510069127
kleinkariert	0.1019186465494209
asoziale	0.10191375608991618
schreiberling	0.10190990281538119
unfähig	0.10182410070853881
verhasst	0.1018006138623064
freistunde	0.10179068514732567
widerstehen	0.10178575365186172
missverstehen	0.10175852950612428
schleiche	0.10175685106957459
nageln	0.10174658297122989
köhler	0.10174450839686747
herausfordern	0.101698205071953
unmotiviertheit	0.10169158955120174
schubsen	0.10167203498751733
gottlos	0.10166304022360532
verzagen	0.10164465182152986
apathisch	0.101604070934933
trollen	0.10158600514850492
sterben	0.10154288388583217
verletzlich	0.10153634892448826
speichellecker	0.10153191427707196
bestrafung	0.10149794761475293
zumuten	0.10149238936515413
verwickeln	0.10146991993849877
unsicher	0.10145489617993361
erzkonservativ	0.10139998767322846
mimen	0.10139615673854226
mückenstich	0.1013815124988613
ausspucken	0.10137736977243825
unzivilisiert	0.10136426052212479
zotig	0.10136106703707533
progress	0.10133532160837505
verarschung	0.10128013676219404
schmoren	0.1012609471631819
schieben	0.10120093851865516
piefke	0.10118276930319171
sonnenstich	0.10116591877010782
ablation	0.10113657972529859
provozieren	0.1011339525769756
gefasel	0.10112731254507114
flegel	0.10110982269230431
saftladen	0.10110887336798498
sprachzentrum	0.10110444565673145
drogenfrei	0.10108969819915438
ceres	0.10108865594025906
nass	0.10108858403216044
weg	0.10107868365633292
dummheit	0.10106524816222441
dampfplauderer	0.10105712360923969
teleportieren	0.10102974462485975
kriechen	0.10102055644957147
neidhammel	0.10100805097806011
qualle	0.10096233017996406
stimmlage	0.10094933108306199
schwer	0.1009252095804785
unchristlich	0.10091995069274666
hopsen	0.10089244931734977
unaufgefordert	0.10089157658446715
abschreiben	0.1008896083794193
disziplinlos	0.10088044016501481
hinten	0.10083800184071025
ausbaden	0.10082443250763459
ausschalten	0.10081694407431809
unschön	0.1008091282815298
oberfaul	0.1007466221866713
wessi	0.10073890996968135
sauhaufen	0.10072895411022537
etepetete	0.1007200324361245
brass	0.10069833533597436
larifari	0.10068013258981731
tyrannisieren	0.10067639579182126
vegetarier	0.10066569443973769
abschaum	0.10065322140549486
abbrechen	0.10063506530860018
erbrechen	0.1006245011301017
herinnen	0.10059186536877397
zetern	0.10058538175423433
suboptimal	0.10058075152613219
fetzen	0.10055056557282059
mitleiden	0.10054919464868319
dispersion	0.10054904226155058
appetitlos	0.100548531503606
unruhig	0.10053049026677753
verwerflich	0.1005192440157015
verzweifeln	0.10051256274719012
abtrocknen	0.10051212732013541
herumgammeln	0.1004845786171039
schulter	0.10047765920266069
krabbeln	0.10047064745080841
eingraben	0.10043588787901257
finster	0.10041702813236889
vollnarkose	0.10040929334897385
medienhure	0.10038625229621212
unklug	0.10035327791031576
wedeln	0.10030327788114
sekunde	0.1002904190048402
bavaria	0.10027180202263736
wisch	0.10027080188884088
binnenstaat	0.10026748330560241
beinhart	0.10022033093883914
phlegmatisch	0.10021953152368362
angst	0.10021715654620948
streiterei	0.10021129557872745
wegtreten	0.10020879360838562
gewissen	0.10019530041671436
weiterrauchen	0.10018734782398137
kratzen	0.1001862325052416
knurren	0.10017541052171626
masochismus	0.1001516792218654
frustriert	0.10014230200676909
konterfei	0.10013002066310613
abneigung	0.10011753194660168
verwachsen	0.1001100513185749
unfreundlichkeit	0.1001025595992031
spaghettifresser	0.10010031471336914
nebensatz	0.10009964576267152
gassi	0.10009439752991446
kurz	0.10009273922667575
agnostiker	0.10007914130127915
aufblasen	0.10004644429319011
versuchen	0.10004345443270854
gockel	0.1000254553097914
abkupfern	0.10002126798014738
gesocks	0.10001888105461393
hübner	0.10000292435641393
verhohnepiepeln	0.09999517176150408
blutig	0.09998770565150945
schwamm	0.09995504552114433
flitschen	0.09994748778262916
beschnitten	0.09991382052152166
steinigen	0.09991262448108251
schorf	0.09990946153009908
kokeln	0.09989525976774048
untergehen	0.09988880864805413
zwicken	0.09988564107653199
flach	0.09986193161948403
veralbern	0.09986153693709227
unqualifiziert	0.09985721938245527
hilflos	0.09984082211151835
ovum	0.09982212880562419
seelenstriptease	0.0998045102972555
soll	0.09979831764843404
verlogen	0.09979381867790793
sprechdurchfall	0.09978573829299553
gesindel	0.09978391876092368
klöppel	0.0997752994334676
fehl	0.09977403913405929
allerwertester	0.09976682812274039
grenache	0.09975929337147918
verletzen	0.09975075785649469
ungebeten	0.09974044111867301
schockierend	0.09973385089399915
verdreckt	0.09971184479178423
zerfressen	0.09971154414612104
meinerseits	0.09969850899747297
stake	0.09963188353653035
irritieren	0.09962975765025274
buckel	0.09962438284010253
hanuman	0.09962037695665994
charakterschwach	0.09961764832762124
verbohrt	0.09960872569466589
fusel	0.09959090986497354
beerdigung	0.09954431666854122
nagetier	0.09948626454737944
zerhacken	0.09946355603574551
lynchen	0.0994533309080435
begafft	0.09945089092211869
unterstellung	0.09942848075764066
kardiologin	0.0994254825411845
unterbewusstsein	0.09942054997508445
wadenkrampf	0.09941880807137608
shuttle	0.09940734997290845
niederschmetternd	0.09940031911170139
schiefgehen	0.09937474745842033
meute	0.09935683625396208
null	0.09933927007245984
zornig	0.09933279647698467
aufplustern	0.09932125459170095
einander	0.09931362936075215
abstand	0.09929780758684052
zusammenbrechen	0.09929573425056615
unsittlich	0.09926950516032516
heucheln	0.09926355641498939
weihnachtsmann	0.09925914902087675
instinktiv	0.09924032355937548
prophylaktisch	0.09922795781129244
wischiwaschi	0.09922085547829536
pathologisch	0.09921818969978777
wichteln	0.09920685593300727
erledigen	0.09920262132104095
kartoffel	0.09918947248406008
kriegerisch	0.09917720205162198
anwesenheit	0.09916857940974351
scheinheiliger	0.09916223568077502
lund	0.09915545308543097
schniefnase	0.09915296275160154
schauderhaft	0.09913486711444185
seitenstechen	0.0991111438898996
schreck	0.09909775808269486
taubstumm	0.09909296357592039
antipathie	0.09908563677358234
sorge	0.09907626185288361
bude	0.09906254633335684
riechsalz	0.09905417547578507
palavern	0.09904342722287862
bizarr	0.09900581701835683
feindselig	0.0990026175557341
vorwerfen	0.09899462096977281
abtun	0.09899357731831089
hausieren	0.09898259211583874
enden	0.0989658780519437
besinnungslosigkeit	0.09894316947197025
loswerden	0.09893947910740113
kontern	0.09891918624030582
schmiss	0.09890567785811882
sezieren	0.09890031534491557
serpentine	0.09888556524945753
florid	0.09886538634607353
zumutung	0.09885966498477158
schmerzlich	0.09881678217562931
unbelehrbar	0.09880322983330965
anbellen	0.09879232167090551
antriebslos	0.09879081019419331
unmoralisch	0.09878307317875744
dwb	0.09877565883675339
ellrich	0.09876055012115703
ausrichten	0.09875815227262962
wasserkopf	0.09875333233641892
kropf	0.09874889309614071
inkonsistenz	0.09873665619916532
wildsau	0.09865539028349134
sterblicher	0.09861839784242153
schmonzes	0.0986158252904342
moralkeule	0.09853367095721388
giftig	0.09851533233783331
zyniker	0.09850041505890841
arrondissement	0.09848749276521697
ablaufen	0.09848624417213345
verachtet	0.09843935833672385
borniert	0.0984363116753664
wackelig	0.09843297489943942
sesselfurzer	0.09842860467008262
wegsehen	0.09842282808614548
zeitgenosse	0.09842235274573079
hybrid	0.09840754273034509
schielen	0.0983836023126736
wpm	0.09838121057510722
liebestoll	0.09837526024200528
bewegungslos	0.09836577876282869
luftnot	0.09836574945852458
schwafeln	0.09833613415896854
abfackeln	0.09832486723929806
halbfertig	0.09828462163142401
streiten	0.0982826357053959
konfrontieren	0.09827270242716583
unlesbar	0.09827195410018559
davit	0.09826252627966947
versuchung	0.09822280942314807
ammonium	0.09817896989301363
verarzten	0.09817701993325444
pfote	0.09816233091994049
knopf	0.09815915303615286
krieg	0.09814170992535148
verspotten	0.09811501132191071
raufen	0.09809303139345593
nachteil	0.09808464305372337
betonkopf	0.09807729188292262
zahnklempner	0.09807204841647173
pellen	0.09806986308466775
fron	0.09804836624363035
tobsuchtsanfall	0.09804594224608335
schmieren	0.09804074019091588
exhibitionismus	0.09802331695081201
schlange	0.09797587469438797
ausgrenzen	0.09796968155430101
erektion	0.0979218272057908
grausen	0.09791582545104248
schmerzen	0.09791191366598632
marktschreier	0.0979022463156718
missmutig	0.09782196494714461
rss	0.09781143028067603
itaker	0.09778098127078762
auseinanderdividieren	0.09778090577974523
sprechweise	0.09776810082320748
einschlagen	0.09776708763204814
umziehen	0.09776290107545715
juckeln	0.09776127823621056
meerschwein	0.09775735399641386
lebensfremd	0.09775503218768339
knirps	0.09775127316888965
unterbrechen	0.09767517581112113
windelweich	0.09765713957214904
pfaffe	0.09764881898909743
klopfer	0.0975913419993688
zwerg	0.09757303603429761
behelligen	0.0975720637174224
wackeln	0.09755190771363002
androhen	0.09755038759393857
qualvoll	0.09753005762158139
sterilisieren	0.09752807940638998
claret	0.09751934743664684
langatmig	0.09749414546212735
pickelgesicht	0.09742435025217498
anbrennen	0.09741386755377508
schnauben	0.09740740146652564
classis	0.09740608742373962
spuken	0.09737062447324467
rammen	0.09735480563950816
undiplomatisch	0.09732843319345721
malochen	0.09730479846102665
genieren	0.09730050292442859
schinden	0.09728711512318342
leer	0.09728615329332338
askari	0.09726876662678495
unwahr	0.09726112926813418
seitenhieb	0.09725472736927686
kippen	0.09725160782404231
nachtragen	0.09724931732825069
frotzeln	0.09722874001047169
herumlungern	0.09722041265485273
trinkerin	0.09720422431356748
bland	0.09719361629616383
plebejer	0.09717886947461077
indoktrinieren	0.09717030486632725
zerschneiden	0.09716759495175553
harmonia	0.09713142273194957
fuchsen	0.09712389956112312
mischpoke	0.09712319081067936
homophobie	0.0971087893318639
psychisch	0.09710528542087085
schaf	0.09706275638858135
bevormunden	0.09706252709211469
kretin	0.09703513574334768
uneinsichtig	0.09700597195109491
auseinanderfallen	0.09700416857951868
herumwuseln	0.09699502350892243
umnieten	0.09696142605097631
denkfaul	0.09695416838671189
fremdenfeindlich	0.09694509428896045
verknacken	0.09694105615549255
verbrannt	0.09691027547744933
fremder	0.09689857053352602
stopfen	0.09689278129289422
bisswunde	0.09687366799563085
creek	0.09687341764626987
energielos	0.09687270986265774
brotbelag	0.09686969152916688
abdrehen	0.09684846476243111
sexismus	0.09682178576482336
patschen	0.09680697528994928
bestechen	0.09680437110843806
erniedrigung	0.09677770280011791
wahnsinn	0.09677592842561482
hieb	0.09676210976799586
heuchlerisch	0.0967166398325915
sauwetter	0.09668718908952353
tattergreis	0.09667874763206519
poltern	0.09667428083415452
schlappen	0.09666157855473671
meucheln	0.09665232839080817
abgestanden	0.09663768499000804
durchlaufen	0.09663425254671684
unheilvoll	0.09663290979845322
ankreuzen	0.09661317920848182
pessimistisch	0.09660497676347893
unscharf	0.09660165008402509
diffamieren	0.09660128181442681
einlauf	0.09658955006783865
eiern	0.09657494412361707
versklaven	0.09656704286654705
diez	0.09656402875483577
dressieren	0.09652692836895918
knoblauchgeruch	0.09652267510587428
dreistheit	0.096520004514053
robinson	0.09651946574100409
pinotage	0.09651492993297599
politikerkaste	0.09645373599336843
zappeln	0.09644582303460525
unbekleidet	0.09642871239287486
malbec	0.09641289340433455
charter	0.09637943805588192
alerter	0.09637399966159352
antialkoholiker	0.0963445157938762
fleischwurst	0.09632755518718124
regurgitation	0.09632347189286485
eimer	0.09629981962489786
zerren	0.09625885661489945
schramme	0.09623055900496147
narkose	0.09622687293126411
borniertheit	0.09621323832759031
foltern	0.09619312015580445
verzwickt	0.09616487256708203
rothaut	0.09612159399744617
erfrieren	0.09609351623761898
filibustern	0.09608749869808857
asthmaanfall	0.0960843381386919
aufbrummen	0.09608069860867556
wunde	0.09605426771620704
verscharren	0.09604417652904845
kohlen	0.09601510942828158
sprachbarriere	0.09600117348646073
trocknen	0.09599529290316303
sausen	0.09599086201516328
matsch	0.09597746732256109
anachronistisch	0.09597315975260953
anlassen	0.09595213476854408
sarg	0.09591947731042692
denunzieren	0.09591915866370983
rivier	0.09585561161344237
ellenlang	0.0958407345408977
nachtfalter	0.09582708490396265
wuseln	0.0958244882653876
widerspenstig	0.09581981465619434
verschwitzen	0.09580589202328904
rücken	0.09580202211238291
anglesey	0.0957996037839595
paul	0.0957878541843745
verschwurbelt	0.09576291071984105
abenaki	0.09575390765878454
bypass	0.09575266671235254
schneien	0.09572842692143717
hecheln	0.09571457018877697
ersaufen	0.0957029956976752
faschist	0.09569781217697705
dichthalten	0.09568201914275855
besorgt	0.09568162920666873
gurkentruppe	0.09566958647321995
blutabnahme	0.09562672098197142
idk	0.09562367425027117
totenbett	0.09561839324528705
preisschild	0.09560490637677622
schutzbehauptung	0.09559779105855157
unbewaffnet	0.09559692198764412
heimleuchten	0.09558801018966574
auseinandergehen	0.0955725874818926
lechzen	0.09556515796589836
abladen	0.09550247340644367
mineur	0.09549997409298695
schaukeln	0.09548487535601034
verbaseln	0.0954670585174965
tamil	0.09545556316918175
ausschaffen	0.09544657920626164
metaphysisch	0.09539150289346433
infam	0.09538526982093101
melatonin	0.09536161903617996
vorbestraft	0.09536125269687667
platschen	0.09535747239256585
krankschreiben	0.09535729092917397
krach	0.09535176898147199
onus	0.09532381960989211
lateral	0.0953231094346849
erriechen	0.0952920340795148
ballern	0.0952662038377678
ichthyosis	0.09526454760274346
auspowern	0.09524094522170529
heimatsprache	0.09522669715149362
diktion	0.09514752117847369
downgrading	0.09512955704900254
entrepreneur	0.09511370322440335
stuhl	0.0951057200642542
abc	0.09507631107956543
waisenknabe	0.09506408908652694
angola	0.09505869198729204
distanzlosigkeit	0.09505729159577425
batavia	0.09502997406204455
kirchenmaus	0.09501986020443716
juvenil	0.09501275170459252
achtlos	0.09500514851921218
nickel	0.09498997518384389
lebensmittelvergiftung	0.09497287487313161
donnerwetter	0.09496700060545145
hehl	0.0949523198666641
abschleppen	0.09494689935285408
verfrachten	0.0949287844520119
depletion	0.094897928527831
einklemmen	0.09489728522871282
achatz	0.09489076339580824
revoluzzer	0.09488913479072476
nackend	0.09488275854136372
bluff	0.09487305498585628
isba	0.09485286939525456
gurgeln	0.09484628471733063
sinhala	0.09479202405543645
letzte	0.09473856197224127
leib	0.0947345022558002
zigarettenrauch	0.09472405521095671
ostler	0.09466647287911516
wischen	0.09460798400350492
entzug	0.09458588943924705
nabob	0.0945272518354062
gaunerin	0.09452499835844648
amsterdam	0.09450050825706731
schnippeln	0.09447827173334736
taugenichts	0.09444212509038079
serge	0.09444075019406921
artifiziell	0.09443388872404851
phenol	0.09441650428484656
unaufrichtig	0.09439444179383885
darmspiegelung	0.09436272305401862
dentin	0.09433886609938487
misshandeln	0.0943315224887686
keloid	0.09433024474528097
futschikato	0.09425770090873069
kilkenny	0.0942474460048336
peseta	0.09424233239442956
exkommunizieren	0.09422794630669197
schimmelig	0.09421057024352367
birdie	0.09421053614626942
aasgeier	0.0941922183543278
kralle	0.09417668171657423
habenichts	0.0941558935080001
dermatitis	0.09414204401110461
kalt	0.09413465484707399
brunei	0.09412354996370642
regenschirm	0.09408557492891889
inhaltslosigkeit	0.09408028196425926
krauchen	0.09402663339580393
serienkiller	0.09401951511528717
hussen	0.09401813277156519
getier	0.09400212258252698
aast	0.0940004636666635
wendehals	0.09398584192233855
alte	0.09396072307292701
verschieden	0.09394442630641502
pedersen	0.09393962648449761
exorzismus	0.09393344090668833
karden	0.09392623212531388
kleinhirn	0.09391180023752757
versumpfen	0.09388664975135237
small	0.09386862975319381
dos	0.09386160067860676
bundeskanzler	0.09385955284204597
hypochonder	0.09384279515967368
schleppen	0.09383938730927749
verwelken	0.09382310113431164
impeachment	0.0938110406461317
buran	0.09377473216750098
auweh	0.09373810172549837
spurweite	0.09372868153577826
distal	0.09370612428920051
landmacht	0.09367670290962786
ununterscheidbar	0.09366596790394684
schimpfend	0.093649284063368
rebound	0.09362400361478801
kopfschmerz	0.09362131111846095
gastroschisis	0.0936028746174171
glucken	0.09359342818364813
feilen	0.09352629375243986
mär	0.09352179407437022
asylkritiker	0.0935217175289499
kriegsverletzung	0.09351799161957505
wegelagerei	0.0935016691504985
perspiration	0.09350098460163167
puffreis	0.09349671352776039
heuchler	0.09345518951248533
furchen	0.09344766546059681
grippe	0.09344409750548723
unsanft	0.09343666113641812
fellow	0.09341137552844099
kick-off	0.09341014372996108
konkani	0.09339234264019926
bekleckern	0.09336988654265325
schwingen	0.09336270401469576
holler	0.09335478539429545
kelp	0.0933475282225557
termite	0.09334632878754608
inkubationszeit	0.09334198676642264
fork	0.09331055976586561
schlottern	0.0933041405331493
cricket	0.09329380761965213
fence	0.09329036033254814
timid	0.09328998566976926
stange	0.0932863371913478
zischen	0.09327826403680306
näto	0.0932657822022237
vdg	0.09325175730142692
chintz	0.09324745842334727
ceviche	0.09323034735009733
verschimmelt	0.09319620397246632
arbeitend	0.09315758165364035
ovar	0.09311789944426464
suada	0.09310438700826804
umami	0.09307593450221231
drive	0.09307574502241485
krakeelen	0.09307559590131662
bleistift	0.0930688622342674
hü	0.09303635422146056
paaren	0.0930039012562041
peitschenhieb	0.0929933051612433
passager	0.09299227804409586
krampfader	0.09298634391893526
komedo	0.09297863981601069
varietas	0.09297180065938328
digestion	0.09296943280877673
schmalz	0.09294928282308755
abstinenzler	0.09291807648476678
bounce	0.09291007375067617
dentist	0.09288267836195493
abdomen	0.09288021734430094
lyssa	0.09285099936949777
ronde	0.09283059882126948
rappeln	0.09282390978448696
barabara	0.09280539093346887
rojer	0.0928008460431785
unerquicklich	0.09279812963668532
demaskieren	0.09276350886245861
rechtsausleger	0.09275481214927943
schlurfen	0.09274923246617282
jensen	0.09272708702380962
murksen	0.09271556484609984
kiste	0.09271335746122682
timor	0.0927092865739903
augenauswischerei	0.09270243042856256
allergen	0.09269737124798605
affenhitze	0.09267946614786551
absent	0.09266982243946094
kannibalismus	0.09265348059683698
brunelle	0.0926116089863457
löss	0.09258995768741429
last	0.09258255793477593
spin	0.0925685220844515
glucksen	0.09256090929789934
surrender	0.09254175771066431
back	0.09253814034867418
papagei	0.09253428614191032
elch	0.0925148195827123
bäbä	0.09250175957154604
walk	0.09250060926796168
hurt	0.09249211002294935
rain	0.09248297921948764
kugelfisch	0.09248129385955975
unka	0.09244054140394745
out	0.09243617380607179
blutlache	0.09243567274605258
qualmen	0.09243045966161803
trotten	0.09242782919234423
mistwetter	0.09242550766233085
zerlaufen	0.09241848868149868
nill	0.09239144909603375
tremor	0.0923913303524074
kurgan	0.09238540569442755
bogey	0.09232325109036223
strike	0.0923029956395509
verschreiben	0.09229202546766344
fight	0.09228326490374891
schwangerschaftsstreifen	0.09223946511524014
charango	0.09222413553810399
retention	0.09222294004466597
zulp	0.0922224143275103
hamen	0.09222086973179351
fruchtfliege	0.09221397062173017
bokkie	0.09213434902435798
anchorman	0.09211231915692712
scrip	0.09209336555241975
bad	0.09208325267009321
shorten	0.09207102546415878
wahnvorstellung	0.09206183205318202
zain	0.09203608360846734
transient	0.0920287997942707
zeugenschutzprogramm	0.09202811129368305
schwert	0.09200985608125009
jeu	0.09200015167030023
rumor	0.09198071497489012
krain	0.09197914128032515
schuldig	0.09193914798008337
emulsion	0.09192839864191085
schubs	0.09191526816578757
rechtsfrei	0.09190601345632834
verhaken	0.09188200322389696
mustang	0.09186405238706787
gewusel	0.09184492031484914
streichelzoo	0.09181003881609699
laff	0.09179445960605584
blutverlust	0.09177433579456762
goal	0.09176486993796794
barbera	0.09176031092064486
handkantenschlag	0.09175376256567862
rowdy	0.09174934688678206
joghurtbecher	0.0917455407838543
luv	0.0917384230232783
exaggeration	0.091732579261052
unloyal	0.09170243600527932
indigestion	0.09170156530896463
banat	0.0916997836259731
schlitterbahn	0.09166862937919429
lymphknoten	0.09166088708944703
turingmaschine	0.0916539101259301
brandfleck	0.09162566966804085
geburt	0.09161151810254554
einlösen	0.09161071645063859
vacat	0.09159584227235858
unterlassungsklage	0.09159481509444167
halbstarker	0.09159164572702039
patsche	0.09158122540552817
lai	0.09157700995770228
amoral	0.09154020805589594
not	0.09151362312475929
poaching	0.09151211091497805
fahren	0.09150782703384744
zerteilen	0.0915005713607051
woopie	0.09149921493335804
mimin	0.09149213739565705
karde	0.09148898565915707
fault	0.09145548910659954
elysium	0.09143385331394197
piksen	0.09141844376313324
rüde	0.09141638150652953
ödem	0.09141110077031785
maskulinum	0.09140790417131602
unachtsam	0.09140626250418384
juristerei	0.09138004888398332
abhelfen	0.09137197701387921
short	0.0913637572746041
gegnerin	0.0913589157536469
internetsucht	0.0913510446626264
zapper	0.09134305899657372
huri	0.0913399487842511
mainman	0.09132195471428672
donga	0.09131691747295176
löffler	0.09127338439636559
sandwich	0.09126450595106166
umlagern	0.09126449010369694
altbacken	0.09126395773278909
drift	0.0912548583503692
flasche	0.09124966528520485
babysitting	0.09121987203574045
buckeln	0.09120779110774774
putrid	0.09120490929675225
juniorpartner	0.0911902779213969
kak	0.09118883136922634
cobbler	0.09110041256288563
odios	0.09109435289927185
laterne	0.09105523423313165
grave	0.09100841618776413
pferd	0.09100518370380511
schleudertrauma	0.09100213740486796
dermabrasion	0.0910003147597992
grind	0.09098246344785968
weltuntergangsstimmung	0.09096985073763403
rettich	0.09094153200074159
zach	0.09093670982634172
obdachlos	0.09093357446421602
nausea	0.0909303980983112
schrubben	0.09090688599189796
rumpeln	0.09089516469490685
push	0.09086902600341376
minderleister	0.09084402669422424
exfoliation	0.09084373489413011
reff	0.09082521810968573
verbrecherin	0.0908231825313093
chleuh	0.09081152879747607
turn	0.0908095472620259
ass	0.09080708016712899
renitent	0.09079860604394115
gof	0.09078590905332291
holzsplitter	0.0907748631146829
walker	0.09077454924468777
kritikerin	0.09074030448721555
gerollt	0.09073467092474341
airball	0.09070654173884507
sur	0.09069461625694468
insolent	0.0906922113147914
stalking	0.09068793786354012
unbewacht	0.09067246279973958
federkleid	0.09065889698526798
negus	0.09064276287667261
aibi	0.09063580381314704
ennis	0.09062309192053898
inkonsistent	0.09060852106135302
tos	0.09060653152892983
zebra	0.09058491760373058
polyp	0.09053638878266583
kata	0.09052208127804509
jäh	0.09045405664741095
schwimmen	0.09041953095967872
losgehen	0.09040534046077853
liquor	0.09037233397186398
zugekokst	0.09033897799219773
zerstören	0.09033820271938262
ronin	0.09033110650580148
peste	0.09030914675752989
einsinken	0.0902599093516667
amber	0.09024010720648734
chamade	0.09023293538349968
mutagen	0.09015858349011836
mundgeruch	0.09014740159445885
hitzschlag	0.0901288706152837
nagana	0.09010449938150605
beriberi	0.09008103217598791
gringo	0.0900079781556617
fleischwunde	0.09000650050464272
fenz	0.08985013856070903
pleitier	0.0898434924590242
vong	0.08981143633360157
nut	0.08980884610196983
schnitzen	0.08979395426211455
albert	0.08975640325513756
entscheidungsfrage	0.08972770227021214
matt	0.08969723034112015
tischtennisball	0.08965813396296883
schwan	0.08964895980477387
ulan	0.08960687614835558
killerspiel	0.08954642414078565
grillen	0.08951691902936572
mindre	0.08946130853290725
schneemann	0.08942360683595872
beschallen	0.08940472024765679
tasse	0.08940226993944014
fa	0.08939990389711602
flamboyant	0.08939384821112924
ritenuto	0.08939021131976069
schnipseln	0.08935110501226264
hoi	0.08933031696582622
schnittwunde	0.08930741027194841
gewehr	0.08929972510522766
klemmen	0.08916132940067699
pinseln	0.08915800537711427
kick	0.08912291615788505
serin	0.08909514928631938
lee	0.08908152516469481
erstatter	0.08901653545728752
apk	0.0889611412172929
einheitsschule	0.08895290325751255
pesante	0.08888513583181878
sang	0.08884210102139106
fucker	0.08882967496672443
propaganda	0.08882394879477604
baba	0.08876916618146548
stupid	0.08869291326815604
volare	0.08868244852679003
korken	0.08868170810218798
wasserscheu	0.08847795296749651
lokalblatt	0.08845552715739168
ziehvater	0.08834313506711904
schornsteinfeger	0.08825817039125887
suchende	0.08825130243562555
check	0.08818337839019187
feldwebel	0.0881290660879722
rod	0.08812683488122676
rechtswidrigkeit	0.08810030448171449
hinunter	0.08799370172963633
durchtrennen	0.08792206767696427
en	0.0877497812597301
zug	0.08767590172172274
unlauter	0.08767136446590201
apparatschik	0.08764783434786534
rosten	0.0873838020979349
ausrutschen	0.08711269570982652
rasen	0.08685062976678798
freiheitskampf	0.08685000121762144
rollstuhl	0.08673734045968821
kungeln	0.08643656605041418
votieren	0.08625741756895036
abbremsen	0.08585038350378447
marder	0.085510389225163
riss	0.08463893630532737
