schlampen	0.05542035783279056
transe	0.0553316401508308
schlampe	0.05531148603151003
kanacke	0.05495702880008779
hundesohn	0.05486133307148009
stalkerin	0.05485838097990196
notgeil	0.05476628810392581
arschficker	0.0547268524536732
pisser	0.054697472519538944
schwanzlutscher	0.05467110265161169
missgeburt	0.054572958493304805
nuttensohn	0.054572954965313274
fotzen	0.054490380315030215
tunte	0.05442087652682145
arschgeburt	0.05438513374081564
schrulle	0.05438214493060964
pimmelgesicht	0.05419949847257881
ficken	0.05414108509641013
extase	0.05412751833092287
flittchen	0.05412153117215233
prolo	0.05396895646675422
mutterficker	0.05394917789716086
hurensohn	0.05394912497260129
bubi	0.05382262113169966
brillenschlange	0.053688119834081394
rothaarig	0.053646097293915465
brüsten	0.053629311700044105
ehrenlos	0.0535753957504714
bengel	0.05356823365120873
tussi	0.05345684363772888
arschkind	0.053445393762363784
pickelface	0.053409501996331446
fotzenknecht	0.053316234522983355
sau	0.05330924401716298
pummelig	0.05325305650785178
eierkopf	0.053221858977209296
hurentochter	0.05313745492341384
geil	0.05312752541831954
bullenschwein	0.05311232813964089
schlappschwanz	0.05308400842972095
zwitter	0.053053455837916395
mannsweib	0.05302212614561832
dummkopf	0.053009476584373334
titte	0.05298636899655555
schlitzauge	0.05297976989720668
labersack	0.05291566139265652
mistkind	0.05279307095134994
weib	0.05276948923609229
androgyn	0.052745505597648915
untermensch	0.05274531205825546
prengel	0.05270446181108556
gefickt	0.05270234544083929
grufti	0.05268996233906113
dreckskind	0.05267754420133825
spanner	0.052655319666156296
bart	0.05263145398410407
marmeladinger	0.05260386395036845
nymphomanisch	0.05258870013996748
lutschen	0.052550662296047664
bratze	0.05254775047269391
anmachspruch	0.05254344209253584
drecksau	0.05253310336109696
kacker	0.05252738000600652
ohrwurm	0.05249308841575739
nappel	0.052487814688475395
wixxer	0.05247412164698573
schwanzgesicht	0.05245469651554272
sklaventreiberin	0.052338231275677445
assi	0.052336473614756344
ceylon	0.05232456462728811
legasthenikerin	0.05225644904124488
fettarsch	0.0522485765055196
verrucht	0.05224684399153981
anpissen	0.05222578653771623
ficker	0.05218555927579659
liquidation	0.052160691426144906
unrasiert	0.052140157485395536
versaut	0.052130526732061214
eingebildet	0.052129105893677335
fotze	0.0521122163096956
negerkuss	0.05209649078852958
du	0.052095262665351735
schwanz	0.05207527597455878
entblocken	0.05197457073322672
tucke	0.051970610255008355
lustknabe	0.05195325143510012
kanalratte	0.051933812587743905
teufelin	0.05191562724630411
softporno	0.0519101137045021
selbstverliebt	0.05188944689130661
spackig	0.051885357062516284
hartzen	0.05187850030161959
kilowatt	0.051874570294482635
unfair	0.05187265453080113
übertrieben	0.051855884578557616
versohlen	0.05184495191030853
zerficken	0.05184344657637484
fraunhofer	0.05183978071659406
vollspast	0.05183175444846061
schirch	0.05181795605931295
fickfehler	0.051804584093940474
schucken	0.05177776861708103
nille	0.05177057922312563
fettsack	0.051724567601265294
protonentherapie	0.0517222542675718
stiefmutter	0.051705866995464915
lecken	0.051692337851895066
stalken	0.05165785556867062
lappen	0.051634678646955645
melodramatisch	0.05162607254750823
arschlos	0.051614661371610436
orgasmus	0.05154662950579545
fresssack	0.051530791566492755
schlingel	0.051524532684709926
scheiss	0.05150893819657686
stinker	0.05150799944088331
sackratte	0.05148545074934298
dirne	0.05147740559269369
kackbratze	0.051470075629854846
ungezogen	0.05144672978976489
unhöflich	0.05143125785164498
frivol	0.05142271524550405
ungeschminkt	0.05140949968621998
gedehnt	0.051409416374150044
pottsau	0.05138409457818407
knecht	0.05138255066404251
zicke	0.051361329178915414
achtzehnte	0.051333432186284944
halunke	0.051329767037241035
muschi	0.05132954546070376
kuh	0.05126955128544177
japse	0.05126708198180332
zweideutig	0.05125679323117174
labbern	0.051248581701246916
fuzzi	0.051243353280897526
grindig	0.05123573228243114
pissen	0.05122412748055302
verräter	0.051205455086713605
mastschwein	0.05118879270453077
wellenberg	0.05115628617685915
faken	0.05115114374424767
ahrwein	0.05113869933616002
gelinde	0.051130308669862824
biene	0.051114527742406206
krass	0.05111382640334168
vögeln	0.051105255633888486
singe	0.05110509147351181
ach	0.05107511272727941
anlabern	0.05105207969357936
abgehen	0.05104560325082923
itaker	0.051021774420143204
undefinierbar	0.050986641276575616
untalentiert	0.050985507993302474
heftig	0.050981450967121276
saufabend	0.0509805468552981
wichser	0.0509727781036456
kotig	0.050972353142800034
übertreiben	0.05095788454263082
prügel	0.05095295028830576
sperma	0.05094191820630759
flachlegen	0.050932290026468215
schiss	0.05092944931114261
köter	0.05092525965092613
zurückhalten	0.05092285312965612
affenarsch	0.05090677770823951
sackgesicht	0.05090272051551436
methanol	0.05089885583772838
studiosus	0.05089068994525892
kerle	0.050887967496675096
verrückt	0.05087145925766715
arschig	0.05085916797114477
unbefriedigt	0.05085781399058765
haarig	0.05084668595818585
schickse	0.05084527915068827
gesichtselfmeter	0.050844935929571
piefke	0.05084486001949581
schlawiner	0.050840489559747945
anblasen	0.05083955855918398
ey	0.0508072649401492
schwulenfeindlich	0.050797692695661326
trottelig	0.050793559887107355
verkackter	0.050788962874320144
abmurksen	0.05078113879120548
quitt	0.05077331645803616
schlosshund	0.050765757904653
myelom	0.05076208560484338
egoistisch	0.05075780773124027
abklatsch	0.050751220158361726
pisse	0.050746380396607775
abrasieren	0.05074061975132514
ordination	0.050733131158876
schreckschraube	0.05073017648764427
gammelig	0.05072809833585296
schmock	0.05072725819549403
landei	0.05072638795823559
pimpf	0.05071862005693378
sack	0.05070862740631356
mann	0.05070289457612454
aufgeregt	0.05068817800643577
fatzke	0.050673438304299455
zotteln	0.05065979187162453
froschfresser	0.05063659311311492
fliesentisch	0.05062729126909295
macker	0.050626855154602954
schisser	0.050626529655715236
verfressen	0.05056510508394465
spritzen	0.05055753699838396
hybridantrieb	0.050555658261937315
rohrstock	0.05055201074494751
petze	0.050549249478929054
pest	0.05054404404065807
türkei	0.05053912548853887
spacko	0.05053463360677674
kartoffel	0.05053284079987523
schnitte	0.0505307571977964
kind	0.050528909609016355
verkuppeln	0.05052398862299259
arschgeige	0.05051114065970072
unnötig	0.0504950667361382
schwulenbar	0.05049086719958045
hau	0.05048028032440909
rüber	0.05043770929700459
peitsche	0.05042589856712054
stinktier	0.050413555645992425
holzmarkt	0.0504085490275163
steif	0.050404307079512815
überlesen	0.05040061120251769
labertasche	0.050387555080477084
analkette	0.05038659676921398
horrorfilm	0.05038361145544681
durchficken	0.05037411055676773
schwuler	0.050368535896198253
wütend	0.05036771944795155
hausgeist	0.050355274784574806
lombardisch	0.0503528037879947
bigamist	0.0503484865089335
holzbau	0.05034841332648907
schwanzlos	0.05034803740694468
fiesling	0.05034212339998235
garnichts	0.050336042687777714
vegetarierin	0.05033220208737881
fremdschämen	0.05031998521564484
nachtbar	0.05031491797080761
banause	0.05028951830589271
verfickt	0.05028007127770169
heulsuse	0.050277577092945704
alk	0.05027518165957702
prollig	0.05027058672854834
seicht	0.05026803245488668
viech	0.05026612526021041
entstellt	0.050266078757154546
nichttrinker	0.05026369788309587
gemein	0.0502617788438539
klatsch	0.05025585631006934
dreckskerl	0.050238269780339795
faltig	0.05023302408507331
nimmersatt	0.050230386620317244
fett	0.050229675076235936
japanisch	0.050218012403629726
pickelgesicht	0.050213021906363044
weichei	0.05021148291866946
schnepfe	0.050203742195495324
flunsch	0.05019648672718046
pejorativ	0.05018900423695773
falter	0.05017539982162535
vdi	0.05016990805615275
proll	0.05016786349886521
fresse	0.05016553309477664
memme	0.050163055218494804
fotzenlecker	0.050157304704198484
kuhkaff	0.05013937164384641
unleidig	0.050125754309071506
bocken	0.050125364692193766
mückenstich	0.05012287879481661
kaleidoskop	0.050116954608027425
alt	0.050110900383002345
kacke	0.05010637098380157
dummerchen	0.05010589169305567
nuttendiesel	0.05010115132598404
frostbeule	0.05009329454575088
abgewichst	0.05009107638409122
abkacken	0.050076999591636306
homophob	0.05007581395220896
hodensack	0.05007427791058486
erbärmlich	0.05007163389869442
leid	0.05006089469799152
nymphoman	0.050038296222191456
etepetete	0.0500370355827056
charakterlos	0.05003411183893107
idiotin	0.050030815822781814
antialkoholiker	0.05002631140528809
ziegenbart	0.050015851696965985
menno	0.05001135128197217
hammerhai	0.05000769064422214
ferkel	0.04999999266390705
vollbart	0.04999539627389514
dhb	0.04997795649664796
nackt	0.04997102321503829
haaren	0.04996984773236505
schwachmat	0.04996788753964473
blase	0.049940672335482134
morgenlatte	0.049936360107500626
stinkstiefel	0.049933218880400976
grütze	0.04993185804845532
verdammt	0.049924482179083386
auftakeln	0.049902989400704936
gehasst	0.04990227711883831
keusche	0.04989748358086812
penner	0.04989325886551047
behaarung	0.049884770786748016
icke	0.049883331617750284
abgedroschen	0.049882720478995585
mist	0.049879518831694704
schlaumeier	0.04987866790878517
frischling	0.04987348834791753
man	0.04987268597338189
lästig	0.04986860702496297
flitzpiepe	0.049867799064216976
psycho	0.0498671253178771
feucht	0.049866900105496645
leberfleck	0.04985810200636001
geschreie	0.04985620803142916
ausrasten	0.04984900085068856
gebrechlich	0.049844648703002675
enkelsohn	0.049831977955089736
lass	0.04982947679796882
klamotte	0.04982426631485969
beckmesser	0.04980982566025875
artifiziell	0.04979871170790597
komisch	0.0497976417086092
besoffen	0.04979022957270822
babbeln	0.049778812807846975
penis	0.049771204796891476
wauwau	0.04977080838030816
komma	0.049770377335545846
äquator	0.04977007814468241
unwirksamkeit	0.049765670121223196
necken	0.04976515226411225
wisch	0.049764983987838705
alarm	0.049764523860403496
antwerpener	0.04976230288537545
flennen	0.04975894294529191
krampfig	0.0497464546617328
spastiker	0.04974517371784654
plinse	0.049736870409699534
abspritzen	0.049734116641030626
steinalt	0.04973184896649497
speckschwarte	0.049725233281282394
brandblase	0.049721447733339856
kinderheilkunde	0.0497164568281481
aortendissektion	0.04970967557541312
schmutzfink	0.04970389769313004
dibbern	0.04970334176079959
moppel	0.04969798356791813
hyperaktiv	0.04969666780633087
bespritzen	0.04969575014166039
zahnweh	0.04969055820534284
verdorben	0.04968920276995714
untertreiben	0.04968831343379732
herrisch	0.04968531148629879
woher	0.049683057099819204
verlobte	0.049681507284959674
kratzig	0.04967814954009831
singen	0.04967809852679575
streber	0.04967338348277915
talentfrei	0.04966926505738088
dbb	0.049667474239088495
nein	0.049663233592454226
schnecke	0.049658416578478894
schlabbern	0.0496510493597561
unmensch	0.04964408529946474
pech	0.049643715698228626
waldschrat	0.04964370218359184
borstig	0.04964368392702972
nackig	0.04963885750288431
strahl	0.04962653911697193
begriffsstutzig	0.049621598173440654
freistunde	0.049620896712721636
sterbenskrank	0.049620365077203216
rückläufig	0.049619832180707535
pennen	0.049619268735304124
juckeln	0.049608233339420583
fuchsteufelswild	0.04959454173819703
kuhdorf	0.049593604776958594
mundfaul	0.04959028405929534
verzwickt	0.04958892795255748
gelbsucht	0.04958723885782913
hohlkopf	0.04958632233753616
egomane	0.04958531898543839
trennungsschmerz	0.04958211445249528
unwohl	0.04958077442587608
begrabbeln	0.049575335573223425
verpissen	0.049572547832521206
adamsapfel	0.04957032135979485
schmiere	0.04956433721647198
mistvieh	0.04956021316608017
dorftratsch	0.049555144690498966
brandschaden	0.0495501698599463
voyeurismus	0.049549373030077504
hornbrille	0.04954782245359312
kaltherzig	0.04954172282317962
sindse	0.0495372073270493
glockenstuhl	0.049535594088810524
gotland	0.049535004158152124
verkacken	0.049532988933732446
doppeldeutigkeit	0.04953208435482071
holzverarbeitung	0.04952895207555153
mund	0.04952812310862616
homophon	0.04951490534684871
unlogisch	0.0495107604398773
sterblicher	0.049508042651171334
dreh	0.04950585274608214
dumpfbacke	0.04949839348625218
umbringen	0.049497659658416175
abgehalftert	0.049491648335124684
zwirner	0.049491127792566966
hungrig	0.04948977533834306
schlimm	0.049488887322015805
trinkerin	0.04948839225682376
tristesse	0.04948562391141159
heulen	0.049484423863288086
median	0.04948362663635272
stupsen	0.04947772820524233
belabern	0.049470686523058235
trulla	0.04946683593943774
schmatzen	0.04946231186153414
knurrig	0.04945500552340862
braunkohle	0.04945231292471598
grottig	0.049450209742531365
laufmasche	0.04944130140847044
grenadinen	0.04943846677117273
erosion	0.04942972970347032
rücksichtslos	0.049426789196946694
doof	0.04942540227821805
intelligenzbestie	0.04941999412157013
niemand	0.04941924589644579
unterbuttern	0.049418569696103185
wicke	0.049416045907981786
vermissen	0.049412817984231396
sitzpinkler	0.049410120283368685
alge	0.04940901254400982
auweh	0.04940862976485534
raufbold	0.04940466021064305
gruselig	0.049403082394995225
schrecklich	0.04939292543378623
wehe	0.04939253865395409
ekelhaft	0.049390009148390285
uran	0.04938204571136215
schwein	0.04938132566160851
abgeneigt	0.049373379875682806
hinterlistig	0.04936497044616427
blocken	0.049364602293535856
wehleidig	0.04935642967927579
beschreien	0.04935336326173426
putzfimmel	0.04934694973370418
pieseln	0.049340672437602276
verletzlich	0.049338353612243785
deprimiert	0.04933700227401443
weiterrauchen	0.04933533018756814
boshaft	0.04932907278129156
beknackt	0.049319287940836086
kopfnuss	0.04931460091283085
unscharf	0.04930955736202164
klopfer	0.049306730494265615
neffe	0.04930456909724799
fleischwurst	0.04930099504615104
pickel	0.049299354219041226
verabscheut	0.04929693358364684
überhaupt	0.04929315286000711
verhohnepiepeln	0.04929248639516897
witzbold	0.04928912336809598
angetrunken	0.0492827665297777
langweilen	0.04928040946942852
kofferdam	0.049278755611434494
defibrillation	0.049275918183265106
kopfschmerztablette	0.04927551429615056
undankbar	0.04927237662093494
althen	0.049271744260304985
weinen	0.049269847566392945
milchtritt	0.04926829938543328
hässlich	0.04926343215147315
deppert	0.04926156932577001
phantom	0.049260042779021775
enttäuscht	0.04925788503825305
ankotzen	0.049257559724355804
fremd	0.049256751921740644
war	0.04925386251645992
andorra	0.0492521048238583
popel	0.04925117595798595
korinthenkacker	0.04923999380381969
total	0.04923807289279429
hucke	0.04923446532807566
vollidiot	0.049234131990055295
drogendelikt	0.049224883010772096
todmüde	0.049221089836128745
drogenfrei	0.04921879459996217
herzlos	0.04921570693834305
arschgefickt	0.04921494567771977
dekolletee	0.04921477610887184
weichklopfen	0.04921314367345705
lotus	0.049210564389317375
undiszipliniert	0.04920983461872887
unterbelichtet	0.049209583831970695
zusehen	0.04920879184894626
puh	0.04920491554925145
krank	0.04920339736225031
umständlich	0.049202826036139534
schmierig	0.04919366601195258
schuft	0.04919096601973909
flitschen	0.049188313141584644
hepatitis	0.04918326260393573
vde	0.04918279958206857
drecksack	0.04918258683973905
notschlachten	0.04918114505394537
hurenbock	0.04918059879523973
undankbarkeit	0.04918053779739209
petzen	0.04918022359148143
herinnen	0.04917856088630251
brand	0.049172570409654975
medienhure	0.04916666968960331
irrenanstalt	0.04916572442192464
vampirin	0.04916123403356211
armselig	0.049159407134427215
teleportieren	0.049157777885532376
virulent	0.04915446417618658
arschkriecher	0.04915288567951588
brack	0.0491493053371893
zink	0.049145373367629405
hach	0.04914240845663313
zusammenhanglos	0.04913969370628298
struppig	0.04913817542237374
unfreundlich	0.04913692354247377
outperformer	0.04913644520734876
aufgeweckt	0.04913416524003132
ziege	0.049133027807351945
ballerspiel	0.04912396419226368
verkniffen	0.049122969673195536
englisch	0.049120572827525126
beule	0.049115516410089044
weinerlich	0.049110492836564566
bartstoppel	0.049108471612566054
arschgeweih	0.04910180283014322
quasseln	0.04909759508981787
griesgram	0.04909487595953903
besicherung	0.04908669280591886
gesabber	0.04908583410590131
schäden	0.049085319412425055
ironiezeichen	0.04908418350333848
allerwertester	0.04908198869190804
ärgern	0.04907230422568133
bequatschen	0.04907130140846143
zahnklempner	0.049071178892005664
asozialer	0.04907096317785344
hase	0.04906597946006923
roden	0.04906253020118782
lahmarschig	0.049060233460390824
abwesend	0.04904645945128951
ceres	0.049045793295906304
fund	0.049041142230347855
altmodisch	0.049040133926593975
vieh	0.049038971160268556
leichtsinnsfehler	0.04903347761475729
zürcher	0.04903191928511686
primitiv	0.04902809926672841
abschminken	0.049026792138712263
bisschen	0.04902591651180323
sippe	0.049024057835406205
hornochse	0.0490225200872032
mal	0.04901278739331477
bekloppt	0.049012329944463286
hyperbel	0.049003421350636074
feuchten	0.04899141916885792
traumatisch	0.048986836164328154
proteus	0.048981193507857346
telematik	0.04897830767617592
zahnstocher	0.04897700362112554
hemmen	0.0489759830791712
wehtun	0.04897560590598083
zwiesel	0.04897507548185448
feigling	0.04897110274952907
bp	0.04897066159026082
wider	0.04896966290158911
schieflaufen	0.048968291459776395
daheimbleiben	0.04896747473783259
schimpf	0.04896437677435491
schlapp	0.04896363281219554
desinteressiert	0.04895637809403249
juckpulver	0.04895542336972818
rebell	0.048951137674295715
penisbruch	0.048942540604976846
kriechtier	0.048941468050798444
grenzgänger	0.04893842590822849
erwachsen	0.04892983784058179
unabsichtlich	0.0489294448953625
abzischen	0.04892923380936254
meerschwein	0.04892818399817624
heimzahlen	0.048925793994044085
spruch	0.04892391898577243
hysterisch	0.048923759793837916
saftschubse	0.04890623548229346
hibbeln	0.0489035323812627
moppelkotze	0.04890329574293221
hochtrabend	0.04890159877100177
onkologie	0.048900033372157266
zahnheilkunde	0.04889331364026222
psychopath	0.04889131725315521
gartenbau	0.04888986320245661
preissturz	0.048888682167621336
einbilden	0.048888651636407765
nass	0.048884863405789014
schelm	0.04888135491536163
knilch	0.04888069364282906
hampelmann	0.04887918695251154
sauhund	0.0488769129255781
weltraumorganisation	0.04887622054666249
einfallslos	0.04887495934826876
einschlafen	0.04886948179340315
abblasen	0.04886714866796466
spritze	0.0488660855563493
uwg	0.04886595669880737
schmutzig	0.04886153878573246
futschikato	0.04886120635134246
korvette	0.04885549001851292
miesepetrig	0.048853175702970486
langeweile	0.048851309202443856
verminderung	0.04884720289324706
abgehoben	0.04884704456495202
sabbeln	0.04883210534591384
abderhalden	0.04883020724885238
dusselig	0.04883008354373013
atom	0.04882994492192263
quirlen	0.048825632327575114
bisswunde	0.04882317033208206
aufbleiben	0.048815734531772834
kinderficker	0.048815447947795694
wacke	0.048814354268979225
rwk	0.0488136071417883
grenzdebil	0.04881142021428118
heiser	0.04880050748040855
verziehen	0.04879685047698527
abtreiben	0.04879456638714239
engstirnig	0.04879303171211226
weinkauf	0.0487927492481727
zeugs	0.04879185545029988
seelenstriptease	0.048791838461139304
geschimpfe	0.04879154764159922
lümmel	0.048788989733385496
mumps	0.048780984667351125
anreden	0.048777476905584136
dsv	0.04877677583415452
hinterlaufen	0.048776540002331996
gwb	0.04877597875739566
ziemlich	0.0487750743001035
unwissend	0.0487745033564549
duden	0.0487732958605029
unterleib	0.048771705357234414
gammeln	0.048764601892081115
brockenbahn	0.048756290573753754
sensibelchen	0.04875338662844461
unpassend	0.048752722581877246
vergasen	0.04875076681009983
schnuppe	0.04875033343865823
abballern	0.0487486957221305
nackert	0.04874637807613911
intervent	0.04874445295855503
schwippschwager	0.048742228942861225
kessel	0.048740759358081066
landsknecht	0.048740654621333174
schleiche	0.04873987713976251
einsam	0.04873968252959074
dorftrottel	0.04873866147709308
duschen	0.04873141019918879
ratte	0.04873022394697194
kusshand	0.04873003874638784
verstauchen	0.04872996375898039
behindern	0.048725857230917546
ausheben	0.048724267831341705
stallpflicht	0.04872114537152897
washington	0.048721139095652656
garstig	0.048717764043789885
arschbacke	0.04871704244312026
versus	0.048716248201005105
uninteressant	0.04871223505463876
zeiger	0.04871211375896962
grunzen	0.04870726571339531
lungenerkrankung	0.04870540143049739
scherzkeks	0.048705295806745874
brabbeln	0.04870310298910822
hypovitaminose	0.048695344113852713
zottelig	0.04869216457721512
bauch	0.04869128096120839
riedel	0.04869125975942925
rumgammeln	0.048690705891962054
quatsch	0.04868486401669461
schwanen	0.0486804033150002
verdikt	0.04867869110689073
falsch	0.04867343256975127
verknallen	0.04867240377408347
dax	0.04866989868181332
ausgemergelt	0.04866684241767172
krumm	0.048661656649125466
schnake	0.04865957697747552
knallen	0.04865537834037648
geldproblem	0.04865528526362889
zeug	0.04865171815547033
furchtbar	0.048651070125019506
auwei	0.04864970511678971
anstrengend	0.04864774189086797
weinend	0.048639697747426956
verkleiden	0.04863842305458156
anstrengen	0.048636791037850256
okarina	0.048635949279536975
schauder	0.04863387730814872
unkorrekt	0.048633060836669184
herzschmerz	0.0486309378440869
sandmann	0.048628584734406066
vegetarier	0.04862496476762624
hinlegen	0.04862239759297458
wespe	0.048619496940404086
lausbub	0.04861350858941414
verschreien	0.04860753116124068
stuss	0.0486073418721608
weggehen	0.048604265930921736
verkloppen	0.04860320907500106
wahnsinnig	0.04860256588204198
wessi	0.04860249502869518
erblasser	0.0486010032827352
vorbehaltlich	0.048599736778170186
wampe	0.0485981107994483
alb	0.048597359815736936
personalvermittlung	0.048596325066026666
fertigmachen	0.04859567987472785
gebabbel	0.04859102100682316
segmentieren	0.04859022247232549
glatzkopf	0.04858981915968581
triefen	0.048589617535921586
besaufen	0.04858252501625291
langweiler	0.04857765967740511
alleine	0.048576982343924394
seltsam	0.0485769005775432
untersetzt	0.048576119257561425
kauleiste	0.0485721595960356
unterdorf	0.04857201936081828
erotik	0.04856871793644814
halligalli	0.04856839534151257
räuchermännchen	0.0485667987049735
puffreis	0.04856515280695668
ärgerlich	0.04856010480501079
tadler	0.0485579444348327
zahnfee	0.04855657597731522
terminal	0.048554412462428094
ochse	0.04855425559920127
bavaria	0.04855262934730042
schlecht	0.04854963390285521
kurven	0.04854933368412341
kaputt	0.048545994598733815
begafft	0.048545444364757634
schutzgitter	0.048543821674902406
frau	0.04854348751088975
nervenzusammenbruch	0.04854076599426752
schlosser	0.048534433672385906
mietpreis	0.04853384960137619
huch	0.048528298318651984
elendig	0.04852323489627107
karre	0.04852265756345397
katze	0.04852207526493148
schrott	0.04852157736251296
hudeln	0.04851844425766575
neuron	0.04851700013505343
unschön	0.048513913624077656
kündigung	0.04851016089147501
miefen	0.04850918210319308
unmotiviertheit	0.04850890625012217
notschlachtung	0.048507870053010924
grobmotoriker	0.048506666725145156
sippschaft	0.04850552438442644
ungeduldig	0.048503505356114154
kretin	0.04850188879139689
refugee	0.04850174738408963
anbellen	0.048501042767836615
hinten	0.04849530297667166
front	0.04849437795387502
showdown	0.048493207212444454
shuttle	0.048490795539766915
rausgeschmissen	0.048490324494598155
spontan	0.04849019086776697
zigeunerin	0.048488064423658724
mitleiden	0.048485637711309135
abhängigkeit	0.048480549145634835
verarzten	0.048478254189009244
schade	0.048476988507446826
rückgang	0.04847584708082246
russ	0.048463246476544874
qualle	0.04845941546521521
flachdach	0.048455877709226894
wingert	0.04845011460860167
gemach	0.04844864464247793
gutenachtgeschichte	0.04844848247471743
ungewohnt	0.04844761799401926
saftig	0.04844591737046727
verschlagen	0.04844439999326668
enttäuschend	0.048442449002477385
panzerschrank	0.048442227367366635
diebstahlsicherung	0.04843619159878345
spucken	0.04843593109571704
niederlassung	0.04843453561182085
umkippen	0.04843408461031324
suppenkasper	0.048428938905256264
dobl	0.04842720434270342
tratschen	0.04842337954696322
weinbaugebiet	0.0484219221321481
anwendungsserver	0.048419585000028194
fragesatz	0.048415324609342544
lendringsen	0.048414732114606555
tennisarm	0.04841131358532846
unsittlich	0.04840629089563936
hole-in-one	0.04840533560551552
albtrauf	0.048404515118815994
klinisch	0.048398915139140124
kraulen	0.048393632340265856
verkriechen	0.04839095126588687
elfe	0.048388723300254975
pegasos	0.04838860407245787
alant	0.04838751517403459
puffer	0.04838480235626114
anbieterin	0.04838296360204887
reiki	0.04838038853672011
kalmar	0.04837984272754799
patschen	0.048373844458780374
bursch	0.04837336307391209
rebellisch	0.04837197993803352
unwirsch	0.04836808698627459
singsang	0.048361672157332905
panikattacke	0.04836100737423202
syrisch	0.04834939195962742
stramm	0.04834907626631899
glätten	0.04834435102696114
abschlagen	0.04833704934332804
unhygienisch	0.04833298010068928
neurologie	0.048329918655659894
fettverbrennung	0.04832817590758774
berufsunfähigkeit	0.048321154304504954
abgestanden	0.0483176013647258
zwicken	0.048314469729303394
pappmaul	0.048313663003815746
lymphknoten	0.04831220195361045
abtragen	0.048310993710466654
verführung	0.048310358967731046
alkoholisch	0.04830651485221395
stressen	0.04830600919556872
nackend	0.04829913563772104
appetitlos	0.04829873344148287
schwamm	0.04829466403428812
verpeilen	0.04829239558684638
kampfpreis	0.048288234065902755
ellrich	0.04828743476090749
aufstehen	0.048281723350033966
aufkreuzen	0.04828071937634182
eimer	0.04827720900752558
apollo	0.048276260584133236
beinhart	0.04827618939583137
dienstleistungsunternehmen	0.04827583625224725
asten	0.048274227571622634
regenwurm	0.04827088050940756
fressen	0.04826429502105604
angiologie	0.0482631557624997
gassi	0.0482564738517987
scheiß	0.04825593274405413
katarakt	0.04825083968217224
wurstblatt	0.048246458940757075
nagetier	0.0482440624104285
concierge	0.048242850107178055
erriechen	0.04823801848132174
schimmelig	0.04823796608603009
ungesund	0.04823718306727834
abgefallen	0.04823699950940747
wegfahren	0.04823265929427558
schnappatmung	0.048226290123938094
jagdpanzer	0.048221951172768715
wadenkrampf	0.04821998492960759
minus	0.048214358997029895
pusten	0.04821259270123919
finster	0.048210466748527483
holzsplitter	0.048208859104534506
pfeifenkopf	0.048197266249891915
sehne	0.04819471926201357
organist	0.04818960777532636
wackelzahn	0.04818397158757294
platt	0.048178848166245576
butterbrotpapier	0.04817808774294963
abkratzen	0.04817753111953512
morgenmuffel	0.04817700042117314
sicherheitsschuh	0.04817690761671905
schramme	0.04817407359899238
fliege	0.048172167087084834
wedeln	0.04817095017227624
abfederung	0.0481666100377515
asthmaanfall	0.04816571332866246
platschen	0.04816112932588232
ellipse	0.0481596743990753
kater	0.048159553914923804
leer	0.048155608043184264
jaffa	0.048150621727905046
cluster	0.04814772196127611
negativpreis	0.048139953117864724
zigeuner	0.04813906125637515
golf	0.04813781443998291
krabbeln	0.04813721032640308
apathisch	0.0481369309755585
crash	0.04813554243395615
hussa	0.04813382307939519
martin	0.04812257119107461
brotbelag	0.04812255132121215
möse	0.04812080467254227
hund	0.04811841150115143
bewegungslos	0.04811138568598946
wust	0.048110943098790486
muttermord	0.04811031378591205
fusel	0.04811030207348428
typhus	0.048106760107197166
zweigelt	0.0481000395175378
gallen	0.048098917298347414
kolchose	0.04809794499083967
anästhesie	0.04809717861734233
wuselig	0.04809169800522143
wanst	0.04809061998518831
holzschlag	0.04808805722968206
offensive	0.04808774756418524
seefahrer	0.04808637885090883
flach	0.04808022591332102
wildenbruch	0.04807691316279982
weihnachtsmann	0.0480725566361927
idk	0.04806777833214633
umleitung	0.04806587895436484
bienenstich	0.04806539127684034
berieseln	0.0480650779804465
gleitgel	0.048061956284783554
saline	0.04805106801230865
abtrocknen	0.04805061353486978
camper	0.048047855551833954
wichteln	0.04804265213647861
lowtech	0.048040743799921945
histologie	0.048029936585694884
zahm	0.04802982907760904
lymphsystem	0.04802743559320698
lotos	0.04802721930276458
allenstein	0.04801593112608655
wüst	0.048009854269760684
schwangerschaftsstreifen	0.048007763968377026
mondkalb	0.04800076910403878
besinnungslosigkeit	0.04799593338252776
intervention	0.04799307313345871
romandie	0.04799241525825627
entkalkung	0.0479907758841413
spanngurt	0.04798966127594644
kriegsverletzung	0.04798578703253527
buckel	0.04798094662386823
dildo	0.04798006499288928
feger	0.047977318194411575
sprachbild	0.04796314334374506
polyneuropathie	0.04795850925469589
umnachtet	0.04794415236671359
hopsen	0.04794009734809101
goschert	0.04793643920699585
zwerg	0.0479298132260305
verletzbar	0.04792872869685968
dpi	0.047926361872763786
bieridee	0.0479245008105027
depilation	0.04792140818336172
wildsau	0.047916647984377086
privat	0.04791578395872911
sonnenstich	0.04791530500849225
rammen	0.04790446042909904
legislative	0.04790355339359437
knopf	0.04790265605404231
ancona	0.04789212809713498
pfote	0.047891559808946146
besen	0.047891263472811814
entfeuchten	0.0478839376046504
tischlerin	0.047877334652479
ziegenpeter	0.047876994606241126
dispersion	0.047869997408931525
katalysator	0.04786251688583815
esel	0.047856099088206094
holzschaufel	0.0478547230102882
schneien	0.04784875030082864
coronavirus	0.04784833585930328
kardiologie	0.047846384366755146
bleistift	0.04784516460832259
standard	0.04784400022354647
schorf	0.04784000075316832
kalt	0.04783763504884042
arabeske	0.0478350289213563
homöopathie	0.047822320371878266
fron	0.047815644580708236
holzpfahl	0.04780772081801402
eiern	0.0477955031326282
googol	0.04779435175608362
kosmetisch	0.047794135797903876
ergotherapeut	0.04779159904256138
viehscheid	0.04778277389743052
politesse	0.047782512629321226
kristallnacht	0.047781164864911234
auschwitz	0.04778105336350555
schreck	0.04777480886581848
stier	0.047773022255959446
dummi	0.047771041150610045
bude	0.047766817636281406
rücken	0.0477662227889347
grenzort	0.04776346996717137
macguffin	0.04775366761208853
motte	0.047751170423425394
schröter	0.0477505542304483
grundstück	0.04774860027521354
tamburin	0.047746166212275294
wahrheitsserum	0.047744658655230005
tischler	0.04774285443250492
architekt	0.047740134812706114
ektoplasma	0.04773646833350463
schläger	0.04773053432870414
schniefnase	0.047727133666201765
abschreibung	0.04772630925448885
schnippeln	0.04772307048303196
zeitungsjunge	0.04770930279150748
drs	0.0477046309361544
brandfleck	0.04770271451238096
urwort	0.04770168758497473
halbstarker	0.04769281944606456
schuppe	0.04769255097309218
hengst	0.0476918715154545
bauklotz	0.047685617155853705
rettich	0.0476785550366241
einklemmen	0.04767679373604814
optional	0.04767584209869943
klettersteig	0.04767478885726103
exklusive	0.047674588549820436
heiermann	0.04767167901146848
kopfwehtablette	0.047669953629233056
quint	0.04766558522189039
dürr	0.04765637544242149
dfv	0.04765319987941872
zeitfahren	0.04764979454915904
redner	0.047646408295488364
schaf	0.04764038888576969
kugelfisch	0.04762762416912907
deformation	0.04762549334571791
byte	0.04762045061856472
rothaut	0.04761311106685789
albrecht	0.04761310061712698
lichten	0.04761039050571294
persenning	0.04760830821880123
übergewichtig	0.04760619522953219
gurgeln	0.04760589626278319
radius	0.04760571094998056
klammeraffe	0.04759932576182054
bildrate	0.047597830931653505
dunkel	0.047597230732533274
binnenstaat	0.047594144345180146
gastvortrag	0.047592953440590176
halbleinen	0.04759092006934265
klecks	0.04757448676216186
sediment	0.0475703841135188
saften	0.04756848907615373
operational	0.04756468290193181
winkel	0.0475644062363325
knirps	0.04755928265499213
rapide	0.04755848716948687
hören	0.04755255427893211
dsb	0.04755201439927258
hakelig	0.04754810546683946
emmerling	0.04754583521067642
hörnchen	0.04754490616868852
via	0.047525579544045224
irr	0.0475235690970925
parallelslalom	0.04751985550833577
schimpfend	0.04750960696992566
zoll	0.047504086233235786
saldo	0.04750038746308817
kaffer	0.047497892360443064
franzmann	0.04749329408631285
flasche	0.04747959646743924
schadhaft	0.04747697587266923
köhler	0.047474456995365684
interimistisch	0.047472253328234744
schutzmantelmadonna	0.047466953252969415
avus	0.047462715965664905
zerlaufen	0.047458819688888224
rebellion	0.04745838753030094
internationalisierung	0.047450872344533976
depression	0.047447144610705295
sachbeschädigung	0.04744589268433847
alpaka	0.04744503925136013
erbsenzähler	0.04743112550979687
geärgert	0.04742947501342016
kriminal	0.04742871281215583
talisman	0.04742521057881489
trippeln	0.0474250057116275
verschwitzen	0.04742105038986926
riesig	0.0474191101107486
abgeschlossen	0.047419018831445746
psychomotorik	0.047404127698054604
dingen	0.047398623668675886
diabetologie	0.04739355217644115
trinkspruch	0.04739286847501343
mecklenburg-vorpommer	0.04739219110718221
papagei	0.04738993234230704
halbstark	0.047383325505722655
crashen	0.047382968170442026
schematisch	0.04738067357544695
mohrenkopf	0.04737303004799645
entfernbar	0.04737117009049673
achleitner	0.047362554934208004
polemik	0.04735112312615648
museumsschiff	0.04734677400811418
stuhl	0.04734008004015868
ungiftig	0.047336580269817026
vermeidung	0.04732741850444819
schneemann	0.04732110843607926
kurseinbruch	0.04731523863303834
tot	0.047314631195009435
manschettenknopf	0.04731327805497177
gabriel	0.04731317043559723
schneider	0.04730675411938108
paladin	0.04730327662278875
islamistenmiliz	0.04728590977005505
scherge	0.04728162663001522
versandkostenfrei	0.04726925878850405
göttingen	0.04726517501128448
übergewicht	0.04726431607665506
entführen	0.04726253028510864
haushaltsauflösung	0.047261180494517135
transaktion	0.04726059313803542
seehund	0.04725057923912384
winter	0.047249762072108716
masche	0.047243904887447834
kauz	0.04722972422336273
affäre	0.04722007900867153
graulen	0.04721897148984154
neuheit	0.04720462453167077
raubfisch	0.047199042163576906
wringen	0.04719732712047965
abstrich	0.04719642613507728
elbin	0.047187300785157954
holzbalken	0.047186324533042064
placebo	0.04718440800794516
altdorf	0.0471828437162998
mädchen	0.047182645626216664
terpentin	0.04717468632338518
radiologie	0.047174342665335524
dataset	0.047167601990514174
python	0.04716232310063493
dorfdepp	0.04715939950269923
ruin	0.04715908365170493
honorarprofessor	0.04715732770239432
partikel	0.047154674774774544
funz	0.04715025596056603
kuscheltier	0.04713917628542105
welschen	0.047133635616906186
wagener	0.047132562997585475
sachs	0.04712135080411021
kralle	0.04711738828568822
gehacktes	0.04711551182606171
visafrei	0.047115323775327476
altenkirchen	0.047103134211126836
infiltration	0.04710248950067462
leibchen	0.04708221074517472
lauch	0.04707649328124862
bohne	0.047076228435571986
gewinnwarnung	0.047073871764447925
iltis	0.04707078562834078
kilobyte	0.04706173220418957
auftragen	0.04704818385890471
schwätzer	0.047048020895679124
löwenzahn	0.04704701993360321
stumpen	0.04704601912111825
pudel	0.0470460136128487
gulasch	0.0470435035114895
negativ	0.04703904699909013
otto	0.047036364419715815
handelssprache	0.04703115804204496
scheren	0.04702137498755147
anbieter	0.0470175195556595
segregation	0.047016161904667265
enkeltochter	0.04701308308336027
schreiner	0.04701118540801264
ceviche	0.04700863802940919
supraleiter	0.04700724128674975
temperatur	0.047005512793370514
fixe	0.04700453675226678
abrasion	0.046996596125327667
pellen	0.04699658749864368
krokodil	0.046992895348388006
schädel	0.04699253089091564
pinseln	0.0469890823634033
dissident	0.04697442369696312
ägypten	0.04697131615791974
kraftmeier	0.04696736170723457
flop	0.04696607693504999
einschränken	0.04696551176413594
rächen	0.04695595987385015
didaktik	0.046951983522750144
titan	0.04694301216161201
schmus	0.046939831306338685
flexion	0.0469389764526213
hiv	0.046937976137469105
kürze	0.046929193773173575
theke	0.04692468102108543
spelunke	0.046924612655533646
rambazamba	0.046919459877040236
loch	0.0469184611215894
lutz	0.046917506449558784
plagiator	0.046914026987002914
aufheller	0.046912627372979035
pve	0.04690840587517264
anleihe	0.04690090532565076
elch	0.04689083449757778
teufelspakt	0.046889115507440175
vierling	0.04688827630374666
franken	0.0468824336415855
sakrileg	0.04687653870030429
tenne	0.04687627890000109
tasse	0.04687332461885755
alkoholfrei	0.04687227330917577
wildfang	0.04685916100963083
keltern	0.04685130688528029
brücke	0.046848813884788745
eule	0.046845060044024625
ansorge	0.04684260311323775
neubau	0.046841944135334955
muffe	0.046837293142525556
maurer	0.04683294392959631
stichling	0.04683250065851559
ammon	0.046828778875762395
holzmast	0.046819569832037645
dreijahresvertrag	0.046818231407423805
tatverdächtige	0.04681505957065216
kanaltunnel	0.04681323483944409
tarifkonflikt	0.04680623287736405
hobeln	0.046801242220958494
holzkoffer	0.04679869860855403
schlachtfeld	0.04679747626048149
dackel	0.04678490907450725
theraband	0.04678046459492787
kälte	0.04678037720645611
marmelade	0.046777611368094656
mengen	0.046772928314783864
hochwasserschaden	0.04676681195077525
engerling	0.046765944635556035
arabisch	0.046757912788063405
meiden	0.0467516809170675
fibromyalgie	0.04674965783140141
sabotage	0.046742683882538605
nomophobie	0.046734868715639324
regime	0.046721849734940576
schurke	0.046704432805855796
absurd	0.046703368954569204
initiativbewerbung	0.04669608773514454
computertomographie	0.04669172011145618
draußen	0.0466829451896171
kaufmann	0.046680356504763966
abtausch	0.046679133359227035
tönen	0.04667564843129894
heizen	0.04667514563432738
bauamt	0.046664003189216284
knacknuss	0.046661454212200325
kaukasus	0.046650203406531365
messie	0.046644209976926414
sepsis	0.04664097328022918
gering	0.04663919608166213
schwarte	0.046621099110995524
amtsniederlegung	0.04661988828489375
stringtanga	0.0466172877650466
haberer	0.046617227289788656
hingucker	0.04660988833487386
kampfmittelbeseitigungsdienst	0.04659692969005937
aschenbrödel	0.04658849967782252
kaffeefilter	0.04658132673331244
blattschuss	0.04657471484442488
sonnenschutzmittel	0.04657236010145233
topografie	0.04657225746371658
echse	0.046571615304795616
tragikomisch	0.046560482416992066
besabbern	0.04655110355891557
thomas	0.04654718440850595
anomalie	0.046545710851924556
pegasus	0.04654316823409402
magd	0.0465412482293844
einsendeschluss	0.0465327920793454
fulminante	0.04651703878245342
retrograd	0.04650255063186926
holznagel	0.04649841188015955
medizinball	0.04649681080853325
gierschlund	0.046495604603971695
dopingsperre	0.04649519128771156
passionsblume	0.04646823141843403
spundwand	0.04646027842363254
glucke	0.04645546657736545
elixier	0.04644921456557443
linux	0.04644666775220017
perkussion	0.046444009486101334
entzündung	0.04644147160190614
wanze	0.04643679861255076
zeckenschutz	0.046435631210691324
holzklotz	0.046421748525384166
amharisch	0.0464199877380361
köpenick	0.04641635777675755
bumerang	0.046409921122835075
soldatenfriedhof	0.046409771592945806
arpeggio	0.04640724836775676
arm	0.04639748240798974
landgraben	0.046389298187108276
bashing	0.046388483087602114
heimsuchen	0.04638834601065376
holztor	0.046388300087724814
unspielbar	0.04638604153919377
polterabend	0.04638411893374827
strumpfband	0.0463838809927778
lutschtablette	0.046371785412431754
schleife	0.04636912848129289
dalles	0.046366324863503394
oger	0.04636424577406942
clickworker	0.046357589675263766
genealogie	0.04634961322781584
saft	0.046341026489995094
neuburger	0.04633632053983963
ossi	0.04633538149465005
statutarstadt	0.04633023932605743
geizhals	0.046327529965677725
canaille	0.04632737427667763
rest	0.046325047257392504
nordosten	0.04632442947807331
heraus	0.046324190309006606
septime	0.04632273757275126
kladderadatsch	0.046320538611585395
ungesalzen	0.046316437938962035
ihne	0.04631471827433408
kontra	0.04631223429410981
teilzeit	0.04631166460412518
speck	0.04630993508789849
neuseeland	0.04630378225487031
putzroboter	0.046296735711118565
kappe	0.046288778101556106
kritzelei	0.0462764092216472
adoption	0.046274572352233055
trunkenheitsfahrt	0.04626185275788078
kaliber	0.04626020905643806
beck	0.046251779465972705
monade	0.04624994280113602
leiste	0.046243023823934845
kegelbahn	0.04623812154617147
steinmarder	0.046234614320207694
schlapfen	0.046228434757822665
verwanzen	0.04620739500988558
balzer	0.04619845632375936
anorganisch	0.04619513361961145
brustpanzer	0.046190952707488
fragil	0.04618366028439205
kernlos	0.04617686858826724
seriell	0.04617647410372086
wickel	0.04617541445324381
hinkel	0.046169970326352554
bohnenstroh	0.04616482334400125
dehnbar	0.046155663155123816
homburg	0.04615517810346324
monoton	0.04614002537306397
privathaushalt	0.04613886048453888
wagner	0.046137102759644846
waschung	0.04612472793076175
kobern	0.046109854050367154
romanist	0.04610670148070598
bot	0.04610055443236764
skalar	0.04609185113995319
frikadelle	0.046089672596495455
hehlen	0.04608332315290281
pubertät	0.046077565241323795
befall	0.0460585500327559
beidl	0.04604856407869454
embargo	0.04604578123006076
schorle	0.04603935513446975
pulverschnee	0.04603434291690359
holzdecke	0.046023923899901974
landkreis	0.046021206989915256
rackwitz	0.04601837058487001
herabstufung	0.0460098672858179
kachelofen	0.04600250520236467
metzger	0.045996468955801756
finte	0.04599145481965834
frustration	0.04598830881476089
isomorph	0.045986222391934256
holzhaus	0.04598229068678927
altenburg	0.04598188550284018
löchern	0.04597661296241983
feldkirch	0.0459693159577089
sandbad	0.0459527437073433
abusus	0.045945721477641165
frankenau	0.045937860487307226
aberwitz	0.04593379039558678
schinken	0.04593209719952658
schnaufer	0.045931949734778134
informatik	0.04590942527964211
mensur	0.04589274187282752
tamilisch	0.04587142744846956
bösewicht	0.04586835839105862
knacks	0.04585834388663944
parkettboden	0.045854648287698925
fungizid	0.04585408043125564
erschöpfung	0.045834757523114014
eidbruch	0.04583287416498144
parodontose	0.045831070020648054
zugluft	0.04582836749048904
analog	0.045818871122782566
nekrose	0.045760437753422145
nocebo	0.045758120913180836
gusseisen	0.04574767016010043
kreuzspinne	0.045744484263395
nordwind	0.04570701876168825
butterkuchen	0.04569970354427562
verlangsamen	0.04568680683484446
seehase	0.045668121914547645
honigtopf	0.04566420417137804
hallo	0.0456631443264453
salzteig	0.04565064982678051
reffen	0.04563212331627032
anfänger	0.04560968879908581
klang	0.045609032750887075
klafter	0.045607455214230555
nordwesten	0.04559781732419104
tingeltangel	0.04559609725097743
tinnitus	0.04558848908124776
verdächtige	0.04556529619419552
gastauftritt	0.04553418112647101
langbogen	0.04550948548182938
ejakulation	0.04549989264738203
salat	0.04549987099066236
holzspielzeug	0.045497007426329616
dianetik	0.04547968754319708
natter	0.045478012240670856
bankrott	0.045475041953895214
diastema	0.04538156361689461
schmand	0.04532515220647992
schober	0.04532203258806399
unverbesserlich	0.0452993703686796
lebensgefährlich	0.04528902828974294
knacker	0.045284257960676144
tranchieren	0.045283267101345795
markus	0.045254048708747927
sucht	0.0452517623169002
stahl	0.045244187755423056
wochenendhaus	0.04523374253333246
uhudler	0.04522195397921644
stino	0.04520757892679673
elaborat	0.045207054422663706
sophist	0.0451418257785808
fritz	0.045140592387440254
nockerl	0.045117386019107704
holzhütte	0.04510679066607151
muskateller	0.04510376579251957
ringelpiez	0.045075074538825415
verwaisen	0.044999654139887484
tasteninstrument	0.04493378155090324
