kanacke	0.097854134989862
missgeburt	0.09150910419652766
hundesohn	0.09063095927895723
schwanzlutscher	0.08542050514813476
spast	0.08540469874929804
mutterficker	0.08483627528849169
hurensohn	0.08394277431206043
tunte	0.08388345211646037
ehrenlos	0.08358974697774058
spasti	0.08288618761142254
schwuchtel	0.0827008702811156
assi	0.08164759253126438
arschgeburt	0.0813093508336781
eierkopf	0.08098075409286608
hure	0.0791248661165135
milchbubi	0.07888657341907244
hasch	0.07861384869948378
sackratte	0.07859264538598351
wixxer	0.07821998877714749
fickfehler	0.07801861678232086
spitzname	0.07799196796333406
bratze	0.07795890057569438
anmachspruch	0.07777951185280198
sau	0.07748757881382558
klingelstreich	0.07736960867104678
mistkind	0.07730971727533105
gelabber	0.07727503085372207
mannsweib	0.07708899466897703
vollspast	0.07706447455257687
spackig	0.07705826548278723
geil	0.07689766907128281
fotzen	0.07667652153368117
dreckskind	0.07661894645525447
schlampe	0.07642603808860808
ficken	0.07629610859765629
pummelig	0.07613012920168778
eingebildet	0.07595530662516006
dummkopf	0.0758150573278147
strippen	0.07566814995422559
unlustig	0.07563678209883845
pervers	0.07563206085185345
kanalratte	0.07554262706102402
notgeil	0.07549630534069221
japse	0.07507870304793626
bepissen	0.0750664722400718
drecksau	0.0749464801373692
untermensch	0.07491507207271636
tussi	0.07476976712567394
ficker	0.07474732557036787
schreckschraube	0.0747046044189878
brillenschlange	0.07466625514348486
weib	0.07464552574431177
schwanz	0.07443626004952213
schleimer	0.07436062465746617
blasen	0.07435626203320725
schmock	0.07424547345300025
fettsack	0.07408058119176557
selbstverliebt	0.07406972340434877
verkackter	0.07402887243100874
abgehen	0.07399929788560604
flittchen	0.07399489692284465
zerficken	0.07398833451240364
labbern	0.07387515511099177
versaut	0.07385992705392365
schlingel	0.07356852127421297
affenarsch	0.07353883938374141
kackbratze	0.0735157850952841
lutschen	0.0731641837145044
scheiss	0.07313226424687959
lappen	0.07300726054416418
krass	0.07285999485754906
schlappschwanz	0.07279174573011415
titte	0.07275597198924608
anlabern	0.07267724903694135
legasthenikerin	0.07267675826192543
nachname	0.07263220389923837
sackgesicht	0.07248666813417576
grufti	0.07247871180943359
du	0.07240713193630782
er	0.07240445815036402
arschkind	0.07239204429157033
lecken	0.07237861205881019
spacko	0.07231097363563994
trottelig	0.07200203654996538
zweideutig	0.07186223349324543
wichser	0.07180356925208127
schirch	0.07179768578151076
prollig	0.0717053629461082
aussaugen	0.07165215936299875
strohdumm	0.07162943239696268
kacker	0.07153639184329505
sklaventreiberin	0.07150861505147868
ungeschminkt	0.07150533808134955
arschlos	0.07148921848643087
zicke	0.0713971303638012
orgasmus	0.07134829645477013
hartzen	0.07132139894988974
anpissen	0.07128010764287611
labersack	0.07126069802360227
haarig	0.07125527359562878
wuschelkopf	0.07124398178241827
abgehalftert	0.07115589485793337
boah	0.07110848765938226
tippse	0.07110369611173814
ohrwurm	0.07102810996158444
schisser	0.0710048372874613
schlawiner	0.07099692349225838
heftig	0.07090256989347514
melodramatisch	0.0709017468126122
horrorfilm	0.07086625113607367
ungezogen	0.0707886830572351
untalentiert	0.07074855972960496
übertrieben	0.07074381472121782
stiefmutter	0.07066790707364665
gammelig	0.07058536037075507
flachwichser	0.07053424255391885
gesichtselfmeter	0.07051702747375434
arschgeige	0.07051010629457598
pimpf	0.07049897099827755
dirne	0.07039593935152774
flachlegen	0.07029885686097166
tucke	0.07023174237229773
pottsau	0.07014920379068286
sickig	0.06997509028960501
verkuppeln	0.06995749177184216
unhöflich	0.06990990920298612
schnepfe	0.06979939399409361
ach	0.0697347110016249
kerle	0.06972437662208998
backpfeife	0.06969066947959052
stinkstiefel	0.06962831162260923
unrasiert	0.06954056037738557
kacke	0.0695316648965552
unnötig	0.06950256468376893
wütend	0.06949077306499753
waldschrat	0.06948423379476852
spritzen	0.06948202243631729
schwuler	0.0694169744654201
arschloch	0.06932302660612696
arschig	0.06923926903616268
geschreie	0.06917816148881552
bedeppert	0.0691198725855651
kuhkaff	0.06911786651476678
petze	0.06908617355141397
fuchsteufelswild	0.06903146979274367
schiss	0.06899845145515444
macker	0.06898439502486214
undefinierbar	0.0689272940562629
garnichts	0.0689199705462378
fliesentisch	0.06885406441413428
labertasche	0.06876879518654898
gemein	0.06867291388279881
ausrasten	0.06865675732797254
ekelig	0.06864841157054126
fresse	0.06858312578958596
dialekt	0.06857688343650534
mist	0.0685318079548256
stinktier	0.06840910193428623
verfressen	0.06836061917985425
teufelsdreier	0.06826252399203786
penner	0.06826237304588995
vegetarierin	0.06822233399744479
spacken	0.06819551228770188
fresssack	0.0680820836385435
verfickt	0.0680477164499297
egoistisch	0.06804064989810235
heulsuse	0.06800059953135885
abrasieren	0.06798319498542106
farbenblind	0.06792848001250597
dummerchen	0.06784000507600683
verpissen	0.06780612388656589
idiotin	0.06774937513434526
umbringen	0.06773589028377634
bocken	0.06769908832508727
pejorativ	0.06769131476854799
gruslig	0.06766780727649303
pimpern	0.06766313877034896
versohlen	0.06765837112812738
gruselig	0.06764671148853137
steinalt	0.06764291596504586
verficken	0.06759311427158858
piercen	0.06758967188046187
spastiker	0.06753704537924934
hinterlistig	0.06752285188387881
unchillig	0.06744894875710027
komisch	0.06744261027653856
vorlaut	0.0674014268285706
rüber	0.06740118370552131
unleidig	0.06739158005406301
intelligenzbestie	0.06737880916740627
babbeln	0.0673180796479383
woher	0.06727251009391833
unmensch	0.06724900719858923
flitzpiepe	0.0672263811630985
saufabend	0.06722031103574823
weichei	0.06718381689661064
herzchen	0.06706770775910745
unwohl	0.06702117634294974
verdammt	0.06702020676671312
verrückt	0.06701963987585717
vollidiot	0.06701136024748904
gehasst	0.06696063845210068
begrabbeln	0.06689907734857624
nein	0.06686123673574718
negerkuss	0.06685912867596172
zotteln	0.06685078345714848
fatzke	0.06684794923895833
sindse	0.06683555562399372
streber	0.06681213270819215
leid	0.06676327924414197
schuft	0.06675619263387826
pavian	0.06675485688714412
abklatsch	0.06673605113137078
memme	0.06670477725831839
haaren	0.06667342628153124
toupieren	0.06666224236559717
viech	0.06665616936823177
dorftrottel	0.06665580265328885
menno	0.06661905474899228
headbangen	0.06660569820236888
gebrechlich	0.06653602506164419
nackt	0.06646474201322417
stupsen	0.06645847929658516
talentfrei	0.06645654318259359
hohlkopf	0.0664515447193995
vollbart	0.06637986262290257
landei	0.06636736558356879
ekelhaft	0.06635415994263875
gekrakel	0.0663452867697851
buschschwein	0.06627689625593972
banause	0.0662598451658045
schmierig	0.06622356121297965
schwulenfeindlich	0.06622093317360661
lass	0.06618817881051721
wehleidig	0.06617335452686479
erbärmlich	0.0661634235219156
aufgeregt	0.06614832303752698
dickkopf	0.06612057708755525
ferkel	0.06611751160325313
ziegenbart	0.06610880340349996
kratzig	0.06607475210137713
fett	0.06602506711548539
faltig	0.06601482266750901
trulla	0.06594968807289053
schusselig	0.06594852539059752
schwachmat	0.06589479026535193
strafarbeit	0.06589295728156656
schickse	0.06587967384877759
abmurksen	0.06580096289046211
notschlachten	0.06577693791521272
besoffen	0.06561817690038145
hyperaktiv	0.06555163097571605
hampelmann	0.06534470481411932
behaarung	0.06534466556168071
unbefriedigt	0.06533265829926041
dicklich	0.06530271090527048
matschbirne	0.06528289327754538
sterbenskrank	0.06514244613740831
frostbeule	0.06512592215360291
vieh	0.06511640736221423
untertreiben	0.06498851819092134
schwein	0.06497954898497386
steif	0.06497196399599121
muttermal	0.06482286456948479
dreckskerl	0.06476611206681053
halbglatze	0.06472174704008003
pennen	0.06471587312872111
hase	0.06467894602412932
kuhdorf	0.06464508071032699
proll	0.06455140779828318
nuttendiesel	0.06448868439359472
alk	0.06440516153183728
frischling	0.0644026922051126
schmutzfink	0.06431628439109426
abgeschwollen	0.06431459039560608
neffe	0.06429139431185323
mistvieh	0.06424047828318082
popel	0.06423477425633821
nackig	0.06420480185726443
bierschiss	0.06416253498947284
laufmasche	0.06406733636932346
dreh	0.06385974251206437
stutenbissig	0.06371304223278887
schnecke	0.06358904603591183
schmatzen	0.06357562590169887
struppig	0.06349082413945663
kopfnuss	0.06322902938537717
morgenlatte	0.06303089254458454
ratte	0.06283373890982073
knilch	0.06278560232805704
koks	0.06273021465042683
fetten	0.06269924277182495
arschkalt	0.0626095501805344
beule	0.0624208150346252
furztrocken	0.06238521807865104
schnitte	0.06238057746362007
flunsch	0.062266134355437985
kimme	0.061972193022044424
hornbrille	0.06164595741778569
katze	0.06159406306691319
juckpulver	0.06151030753671293
borstig	0.061255938331389405
