sexsklavin	0.1181262976899162
bengel	0.11736459838874813
extase	0.115465377833372
transe	0.11541448533183456
spanner	0.11276869363994739
schlampen	0.1117112617240562
fetisch	0.11031375747190257
strippen	0.10912916180635254
arschficker	0.10882454333842283
fotzen	0.10814016521647181
prengel	0.10728589697308137
flittchen	0.10607978168441354
ficken	0.10592596955380354
blasen	0.10302858612739789
stöhnen	0.10242831083111
notgeil	0.1023654984187389
schwanzlutscher	0.10191852776934233
knackarsch	0.10140122133893356
nymphoman	0.10129644291483228
brillenschlange	0.10108798528068584
sperma	0.10093083312531122
rohrstock	0.10070626176206324
brüsten	0.10043419574391309
arschfick	0.10036143412410646
fotzenlecker	0.10032890598326528
mutterficker	0.10011571378547914
tippse	0.09948397327959738
kanacke	0.09932729829081313
lutschen	0.09862799723362588
anblasen	0.09840245597642652
vögeln	0.09793310497283977
miststück	0.09787078930782127
tunte	0.09727814724414147
spüren	0.09721919251414422
russin	0.09719086923100069
tussi	0.09700042171723232
lecken	0.09671291110769181
aussaugen	0.09666779338651366
arschgefickt	0.09620625181396464
drecksau	0.09597590160565074
rothaarig	0.09512661430196086
peitsche	0.09479222848090875
lümmel	0.09478631880205332
lustknabe	0.0947259577702191
fotzenknecht	0.0946748696787538
nymphomanisch	0.09453630085949993
abspritzen	0.0944893501176555
arschgeburt	0.09448506154997498
orgasmus	0.09444430334388473
schlappschwanz	0.09441434173467653
abblasen	0.09439540519536753
titte	0.09438835534098497
hundesohn	0.09381098540072866
schwuchtel	0.09363683357071001
anpissen	0.09347670263494437
pimpern	0.09340154748702957
abgewichst	0.09340071121547863
spalte	0.09335346594353151
prügel	0.09320386484115216
frivol	0.09253675761218805
durchficken	0.0925098943884191
pissen	0.09241570365758524
pisse	0.09222719187009201
schucken	0.09182765291996349
gedehnt	0.09132178914343678
missgeburt	0.0912274711871655
spritzen	0.09119920144648694
pummelig	0.09096627904133107
früchtchen	0.09035964350824892
ehrenlos	0.08996840475687724
lappen	0.08991650085984976
anmachspruch	0.08971070066859305
versohlen	0.08955131047499104
spasti	0.08931181731468357
unrasiert	0.08925440386972279
analkette	0.08922483290113829
wixxer	0.08913079057899122
bratze	0.08889722435125413
blase	0.0887719429934144
stricher	0.08798950767843444
dreckskind	0.08783253658701876
hasch	0.08771836232916157
fickfehler	0.08685226323751732
sklaventreiberin	0.08678277847024385
dildo	0.08676357578703761
möse	0.08647023540890393
bepissen	0.08634774404888307
verrucht	0.08615031068897613
gelabber	0.08612120131639626
minusmensch	0.08571336309636152
spitzname	0.0855571263283498
missgestalt	0.08534933740066254
lutscher	0.08519480681750322
untermensch	0.0851604920967808
spackig	0.08482796394409932
stiefmutter	0.08455298170705057
kanalratte	0.08442755878404917
mannsweib	0.08432917716154299
nuttensohn	0.08417270323933064
hurentochter	0.08412338632117033
fettsack	0.08400096017990136
milchbubi	0.08350027855963667
japse	0.08349298871277296
zerficken	0.0832958315917905
mistkind	0.08324396377798064
feucht	0.08278774614996277
arschkind	0.08257098854312456
eierkopf	0.08252343541220253
eingebildet	0.08247891625375206
arschgesicht	0.08247111667623518
nuttenkind	0.08238656672529976
anlabern	0.08237940972395807
vollspast	0.08201719268937076
tucke	0.08190931392810594
kerle	0.08175646839333894
bespritzen	0.08169099263381839
einseifen	0.08142435610654943
ungeschminkt	0.08132907753990902
labersack	0.0811051722841493
schreckschraube	0.08097276473075284
geldgeil	0.0808230454715637
zicke	0.0808196507670247
klingelstreich	0.08080360016148488
kacker	0.08038922359798768
dirne	0.08034909308841881
ungezogen	0.08021091558316594
dussel	0.08014779545985165
pottsau	0.08006894051369273
toupieren	0.07958183514754472
selbstverliebt	0.07945280607228794
nachname	0.07944505229552377
flachlegen	0.0793789757990222
sackratte	0.07924367492828062
legasthenikerin	0.0792000275497178
horrorfilm	0.0790948456984226
macker	0.07903952770326216
schirch	0.07889096725208196
unlustig	0.07871779987920258
schmock	0.07865588966044296
unfair	0.07845565606872175
labbern	0.07822512029129221
feuchten	0.07807290764946766
kackbratze	0.07799150960575209
ohrwurm	0.07784385611100174
schlingel	0.07771723199387985
schwuler	0.07748830115393376
haarig	0.077443247573963
softporno	0.0773312729469684
sahneschnitte	0.07730003277465831
schleimer	0.07721475151087422
spacko	0.0769560751276244
strohdumm	0.07673392448760982
gottverdammt	0.0766359930212464
sackgesicht	0.0765715139484387
gesichtselfmeter	0.07654696704669917
steif	0.07650471065138306
piercen	0.07644972159664502
boah	0.07636466864148081
hartzen	0.07631182038044601
grindig	0.07631051591190527
trottelig	0.0761366338953802
arschgeige	0.07594804951836101
nackt	0.07585253816419482
unhöflich	0.07563762819433097
unbefriedigt	0.07557344176436426
zweideutig	0.07548765597244232
wütend	0.07524849906189997
schnitte	0.07515995690240747
affenarsch	0.075062158075607
schnepfe	0.07503898037485138
arschlos	0.07495674868751931
zotteln	0.07495367211172087
melodramatisch	0.0748728953866203
schickse	0.07470528942344061
teufelsdreier	0.07462959436233742
abgehalftert	0.07462730886208996
raucherin	0.07461117048592152
landei	0.07455705147318072
pimpf	0.07449792509686065
vegetarierin	0.07446339661187344
hackfresse	0.07445608190669185
flachwichser	0.07440867380095907
gammler	0.07439290800900604
frischling	0.074179296327534
fetten	0.07416816174354593
hau	0.07416402899775226
grütze	0.0739374163778453
morgenlatte	0.0739152139421977
kurven	0.0739016116211704
verfressen	0.0738762815639234
zwillingsschwester	0.0736211209703367
prollig	0.07332501723865119
verdorben	0.07326513041752851
heulsuse	0.07326220084303663
negerkuss	0.07318055529109081
stinkstiefel	0.07309197853706949
alk	0.07286858568011748
nackig	0.07282111521345987
backpfeife	0.07275941424391157
ferkel	0.07262884368633918
petze	0.07261693503464575
fresssack	0.07246090869804193
behaarung	0.07243532213664194
abmurksen	0.07237553784442147
nacktbaden	0.07234268809949168
spastiker	0.07227389701974837
headbangen	0.07205618596229621
intelligenzbestie	0.07191368922040335
schwulenfeindlich	0.071835853105267
proll	0.07181637836599362
undefinierbar	0.07180548847500257
faltig	0.07179300702665936
schmutzfink	0.07173766534161742
schmatzen	0.07170976740450119
haaren	0.07167098294967329
rücksichtslos	0.07163631309868862
memme	0.07162953109758156
egoistisch	0.07155207938988016
abrasieren	0.0714954174312161
dialekt	0.07149344852518223
sonnenbank	0.07128234607361354
dicklich	0.07104900393088057
entblocken	0.07088111320867158
stinktier	0.07087445801145048
spritze	0.07074990328332935
laufmasche	0.07070954364435082
muttermal	0.07069280321402102
pavian	0.07066649773124656
mund	0.0705945562961265
nuttendiesel	0.0705736195719817
buschschwein	0.07055762715754672
kimme	0.07049286562824873
hodensack	0.07045233969355436
dreckskerl	0.07038128835347666
koks	0.07034344704865282
klatsch	0.07015674016336311
vollbart	0.07004823780535925
penisbruch	0.06997499071617136
idiotin	0.06996076162493516
halbglatze	0.06984287492415521
begrabbeln	0.0696318928892558
verlobte	0.06951351449230363
fatzke	0.06920559834942037
neffe	0.06896689650892555
glatzkopf	0.0689513853087577
rubbeln	0.06883740925722594
schwein	0.06882369807898
schlabbern	0.06877823030096256
fliesentisch	0.06856689676756303
taschenbillard	0.06851797194866932
ungehobelt	0.0683108284802991
bierschiss	0.06828680954641143
schuft	0.06817473065167455
ziegenbart	0.06815851212364292
popel	0.0681268202630548
moppel	0.06791038832338814
asozialer	0.06783736355499798
klamotte	0.0676980647096022
grufti	0.06767441920263662
striemen	0.0674102077929426
leberfleck	0.06673012928586054
ausgemergelt	0.0666267763386039
waldschrat	0.0665961833328472
hohlkopf	0.06658813957104241
gesabber	0.06650862508286096
pejorativ	0.06568146739783737
juckpulver	0.06483688882847666
arschkriecher	0.06470806510793946
knilch	0.0644952055941793
hornbrille	0.06410809767304192
schmiere	0.06378373659302372
zottelig	0.06257738758453044
schwanzlos	0.06235879085801326
