schlampen	0.044094782502048124
hure	0.04404191716129177
kanacke	0.04399984961518451
schlampe	0.04389666514013561
hundesohn	0.043866897903912586
pisser	0.04383101866664411
transe	0.043764997872336564
schwanzlutscher	0.043756866670941814
arschgeburt	0.04374132562374324
tunte	0.04371248998570736
notgeil	0.043669233959909834
missgeburt	0.04356836693385939
pimmelgesicht	0.04355636579685565
stalkerin	0.0434396997245217
arschficker	0.04333505743924797
fotzen	0.04332886512762287
nuttensohn	0.04320796151253087
schrulle	0.04316480717995177
hurensohn	0.04316185127428095
mutterficker	0.04313934286849672
schwuchtel	0.0431259138406882
extase	0.0430558592955232
ficken	0.0430502070683322
prolo	0.04303657525179209
bubi	0.04303129649604157
ehrenlos	0.04301136317051149
flittchen	0.042995918177530734
tussi	0.04283920220910612
brüsten	0.04283489271332718
sau	0.04282631986550356
arschkind	0.04278158091731782
rothaarig	0.04272249979287324
pummelig	0.04269937905996736
geil	0.042694052197126374
eierkopf	0.04268335505058573
fotzenknecht	0.04267580751881826
schlappschwanz	0.04264900813448998
spast	0.042627705305938665
mannsweib	0.042626838827308326
pervers	0.04260087486802893
androgyn	0.04257932173802161
titte	0.042514966517962396
ceylon	0.04249110476261964
brillenschlange	0.04248759407908637
dummkopf	0.04247607705366049
untermensch	0.04245857219088702
labersack	0.04241130236702193
bullenschwein	0.04240115299269417
mistkind	0.042376061365181183
grufti	0.04232152099307964
weib	0.042309656690929225
spanner	0.042212934833022256
hurentochter	0.04219058401091893
wixxer	0.042149763509532596
bengel	0.0421448956263521
dreckskind	0.042143351456046384
marmeladinger	0.04213649875781822
drecksau	0.042119026434853664
pickelface	0.04211507074567166
anmachspruch	0.04210454793690178
gefickt	0.04208192385313446
spasti	0.042081502629679246
schlitzauge	0.04207898171345127
nappel	0.04206079590887594
bratze	0.04195683046968246
kacker	0.04192923794111543
sklaventreiberin	0.04189646698914755
lutschen	0.041876620980977775
schwanz	0.041852863249062525
legasthenikerin	0.041842379639254176
eingebildet	0.041836611730128447
anpissen	0.04182770237040077
zwitter	0.04182613289761919
liquidation	0.04181524981702562
assi	0.04180912518808357
ficker	0.04177795315114209
negerkuss	0.04177369965156747
ohrwurm	0.04177331469114236
prengel	0.04176050776955044
versaut	0.04170909788103278
selbstverliebt	0.04168142907213851
unrasiert	0.04167844248625912
verrucht	0.041675599109022195
vollspast	0.04163801058921497
lustknabe	0.041632148280289806
fraunhofer	0.0416297927531961
nymphomanisch	0.041619233121218624
übertrieben	0.04158930950768039
teufelin	0.041585668057009896
du	0.04158301051166892
versohlen	0.04157967626279312
fickfehler	0.04155636314238351
protonentherapie	0.04154592551656514
kanalratte	0.04154048347335402
entblocken	0.041531259286810354
softporno	0.041530132965427215
fettarsch	0.04152964586166984
zerficken	0.041520555828146184
stiefmutter	0.0415109855242647
fotze	0.0415102095824636
wellenberg	0.04150258609934182
schucken	0.041491267129779096
tucke	0.041481908470353705
hartzen	0.041467912602354474
kackbratze	0.04144944759015445
kilowatt	0.04144940008151391
fettsack	0.04144913579651002
schirch	0.04144228496821303
bart	0.041435178870651825
dirne	0.0414274983481862
stalken	0.04142662467093184
achtzehnte	0.04142061542666167
unfair	0.04141790368904234
spackig	0.041375100587099554
lecken	0.04137033667360772
ungezogen	0.04132783314614372
melodramatisch	0.04132108049990748
zicke	0.041301464671387775
scheiss	0.041275153388704196
schlingel	0.041271482301312876
gedehnt	0.04125869449702917
zweideutig	0.04121791842357932
methanol	0.04121714181271159
ungeschminkt	0.041208198589649025
sackratte	0.041189190360925526
fresssack	0.04118876709834074
faken	0.04118517541906739
pissen	0.041180719639539405
arschlos	0.041174144358042716
orgasmus	0.04116830702766413
pottsau	0.04116284759385257
verräter	0.04115949191093534
stinker	0.04115072162392164
muschi	0.04111739976236514
ahrwein	0.04111205621807566
japse	0.04109877096744592
arschloch	0.041090726779073536
wichser	0.04108684377679733
labbern	0.04107796853355004
unhöflich	0.04107486961796626
lappen	0.0410476975078487
frivol	0.0410419531682116
zurückhalten	0.04103216873085361
schwanzgesicht	0.041000912452883904
untalentiert	0.040989547007037004
biene	0.040988014066016314
schiss	0.04094430079439384
ach	0.040925974859628435
bedeppert	0.04091980550802546
krass	0.04091340808236155
sackgesicht	0.04090632659216104
arschig	0.04089748442747142
undefinierbar	0.04087505574351004
piefke	0.040874061973148024
schwulenfeindlich	0.04086164334374049
flachlegen	0.04085933955780203
unbefriedigt	0.04083995532255737
anlabern	0.04083946136717089
nille	0.040831444398866955
gelinde	0.04082963854582786
kerle	0.04082502217848475
kotig	0.04081355713923248
knecht	0.04080967558809326
landei	0.04080351831923554
holzmarkt	0.040803048544147395
gesichtselfmeter	0.04080037335962854
itaker	0.04079194476108329
abgehen	0.040790828637450996
grindig	0.04078965990925288
haarig	0.04078267936378881
fuzzi	0.04078170895098927
sperma	0.040768679190842004
affenarsch	0.04076113289551061
türkei	0.04076082175492574
vögeln	0.0407596500753507
ordination	0.04075714033705632
schlawiner	0.04074808479866996
schwanzlos	0.0407467865697891
myelom	0.04074109133546158
abmurksen	0.04072867500563933
pimpf	0.04072338360436674
halunke	0.040723337492384146
beckmesser	0.040723313396632495
hybridantrieb	0.04072061520652362
schisser	0.040719395831799544
heftig	0.04071819282165971
kuh	0.04071649717625093
übertreiben	0.0407159648343765
macker	0.04070033369519793
fatzke	0.0406933795128254
abrasieren	0.04068823184567163
abklatsch	0.04068312327811729
anblasen	0.04067831288362183
schreckschraube	0.040670365926126356
petze	0.04065095920966501
verkackter	0.040650421081047335
prügel	0.04064788269648212
studiosus	0.04064509745528991
saufabend	0.04064499896216227
pisse	0.040635017596048525
arschgeige	0.04063388432004682
überlesen	0.040627378560539454
köter	0.04062537215715717
schmock	0.04061927572061785
verrückt	0.04061833648752576
peitsche	0.04061413539166821
spritzen	0.040609414409849616
trottelig	0.04060465182982509
gammelig	0.04059781076947492
alge	0.0405899445508766
ey	0.04058773630264409
dibbern	0.04058329479283613
quitt	0.04057805914678329
egoistisch	0.04057514087668492
schlosshund	0.04056942154210381
kaleidoskop	0.04056393013898683
schwuler	0.040563237788998896
spacko	0.04055676066649326
schickse	0.04054207430416829
falter	0.040538006873007244
aufgeregt	0.040535370499710205
rohrstock	0.04053047379604128
holzbau	0.040529243338938495
verkuppeln	0.04052697075422477
fliesentisch	0.04051487188878315
garnichts	0.04050977362972244
verfressen	0.040505923337381254
zotteln	0.04049016173466752
homophob	0.04048432666295795
voyeurismus	0.04047943265188189
ekelig	0.04046735095130841
weichei	0.040465894827990546
unnötig	0.04046148130798715
nimmersatt	0.040459168035101016
steif	0.04045054122298995
seicht	0.04045047963925102
verfickt	0.0404447416679384
nachtbar	0.04043978137307031
gemein	0.040439681027914016
analkette	0.04043957556869066
man	0.04043431846110923
singe	0.04043336256249809
pejorativ	0.04042503644576958
viech	0.040424703014540195
schwulenbar	0.04042325253567544
labertasche	0.040420435292975995
banause	0.040414052094526504
dreckskerl	0.040412149935874275
lombardisch	0.040406165776087244
keusche	0.04039961623398946
schnepfe	0.04039863476400826
fiesling	0.04039181256410846
froschfresser	0.04037867753397628
charakterlos	0.040371822485912486
schnitte	0.040368428245425296
idiotin	0.04034836379394317
heulsuse	0.040345443795778924
fresse	0.040339011650468826
wütend	0.0403361934906883
prollig	0.04033455456080097
zink	0.0403320697092813
faltig	0.04032838483024741
dummerchen	0.040310401670615045
stinktier	0.04030680994920258
grütze	0.040297165908056265
vegetarierin	0.04029679405630054
vdi	0.0402922764677525
entstellt	0.040291197670666065
memme	0.040287929540129254
antwerpener	0.040286179571943366
artifiziell	0.040277057432306466
kacke	0.040275408615994726
mann	0.040267693182554534
brack	0.04025274382812762
durchficken	0.04024744529735598
proll	0.0402461643032481
kartoffel	0.04024473029200939
horrorfilm	0.04024344325250059
abgedroschen	0.040243088699816555
sack	0.04023942018627732
leid	0.04023451299319439
auftakeln	0.040226768019386565
fett	0.04022581255301976
erbärmlich	0.04022575295593797
icke	0.04021866412036438
rüber	0.04021796520998578
flunsch	0.040216653813040376
alk	0.04021545480460594
flachwichser	0.04021071758931473
antialkoholiker	0.04020206978541783
schwachmat	0.04019909199797988
krampfig	0.04019459642050936
vollbart	0.040188689228939235
bocken	0.04017455013914681
verdammt	0.04017315579905841
ferkel	0.040166055019358084
fremdschämen	0.04016459793033047
penner	0.04016076455547446
behaarung	0.04015887067531569
enkelsohn	0.040154808037847455
abkacken	0.04015433229697683
unleidig	0.04015329258959121
menno	0.04014004292023786
mastschwein	0.040135872202756294
pickelgesicht	0.0401347411445004
kinderheilkunde	0.04013092346874607
hausgeist	0.040120474002263415
mückenstich	0.040119168741079694
gehasst	0.04010852411218928
hodensack	0.0401057497299325
lästig	0.04010232136685477
hau	0.040100968744757735
flitzpiepe	0.04009854763793792
haaren	0.04009149801297413
braunkohle	0.04009092243460532
gebrechlich	0.0400827948169128
mist	0.04008136022959699
besoffen	0.04007680239981495
ziegenbart	0.04007485748433991
spastiker	0.040072323039323544
nichttrinker	0.04007058664494005
abgewichst	0.04006988947798637
komisch	0.040069193080814025
japanisch	0.040065711505213666
blase	0.040063699920421164
zwirner	0.04005878744783248
überhaupt	0.04005078777600626
flennen	0.0400417768653173
doppeldeutigkeit	0.0400356779846895
nein	0.04003212847338125
kuhkaff	0.04003032239841621
homophon	0.04002350923433367
auweh	0.040022913192173576
nackt	0.04002076318806031
speckschwarte	0.040016159372171005
kind	0.04000891997350418
verzwickt	0.04000211377544111
tristesse	0.040001102054714695
alt	0.04000096059706806
dhb	0.0400003758227732
phantom	0.04000027333932665
nuttendiesel	0.039993246149992404
geschreie	0.03999242326529049
herrisch	0.03999053295940829
verdorben	0.03998906242766632
morgenlatte	0.03998741930468869
uran	0.03998518900341531
frostbeule	0.03998492857719998
stinkstiefel	0.03998247435893277
rückläufig	0.03997668732398088
streber	0.03997402862078902
brandschaden	0.03997156153604652
woher	0.03997097045813158
begriffsstutzig	0.03996368434805924
ausrasten	0.03996226574638979
lass	0.03996015810765693
klinisch	0.03995921343680524
wicke	0.03995841716224611
bespritzen	0.039953878777641054
steinalt	0.039948250564571734
brandblase	0.03994259849423507
dumpfbacke	0.039942167675458634
klatsch	0.03994216539477585
sauhund	0.0399384460606923
unmensch	0.03993734504315639
alarm	0.03993497621975317
etepetete	0.039932251421286515
hohlkopf	0.0399265568211819
egomane	0.03992302754881122
strahl	0.039922139581790306
schlaumeier	0.03992162316390753
äquator	0.039919309865898256
holzverarbeitung	0.039914842405066334
klamotte	0.039913635247249335
unlogisch	0.039911913252134876
kaltherzig	0.0399096270630922
kratzig	0.039898902250724004
zwiesel	0.0398959508034437
total	0.03989407857993373
knurrig	0.03989046012076791
babbeln	0.039888950116586074
althen	0.03988439588045146
feucht	0.03988202546445648
abgehalftert	0.03987535831983768
zahnweh	0.039875194195742016
plinse	0.03987450604924251
sindse	0.03987310580294227
nackig	0.03987285446969042
trinkerin	0.03987044857098503
schmiere	0.039866247700090396
vampirin	0.039859427522342124
mistvieh	0.039859049549090225
hässlich	0.039858935446186176
fotzenlecker	0.03985739075535833
melancholisch	0.039855843419592314
hammerhai	0.03984605917136174
leberfleck	0.03984329622852275
necken	0.0398423725300202
untertreiben	0.039842138228594476
schlabbern	0.03983971404370834
gotland	0.03982902917733283
mund	0.03982857770969997
kofferdam	0.03982546061589069
schnecke	0.039825220606895056
nymphoman	0.03982130552470998
juckeln	0.039816037917811735
beschreien	0.03981542247992721
defibrillation	0.03981505184827384
hyperaktiv	0.03981331795196266
schlimm	0.0398100060917794
sterbenskrank	0.03980934613727409
frischling	0.03980832813678573
unterbuttern	0.03980258369808765
trulla	0.03980004765777409
erosion	0.03979887232822172
hinterlistig	0.03979809840656937
verpissen	0.03979797760469304
ekelhaft	0.0397967286513708
glockenstuhl	0.03979527900138682
wisch	0.03979485322181955
unscharf	0.03978532022604898
abgeneigt	0.03978178400677008
riedel	0.03977867331873736
gelbsucht	0.039777810618449636
aortendissektion	0.0397759661743843
wehe	0.03977239664952159
moppel	0.03976985426484561
andorra	0.03976873476700878
fremd	0.03976507038676099
grenadinen	0.03976495475962411
umbringen	0.03976439234836121
wauwau	0.03976341972582067
landsknecht	0.03976283591893265
gruselig	0.03976019059145569
fuchsteufelswild	0.03975778113737656
blocken	0.03975624529645455
borstig	0.039755409826075054
heulen	0.03975352458699468
dorftratsch	0.039751424170616445
vde	0.03975123489821308
intelligenzbestie	0.039751148082687995
schrecklich	0.03974572740745328
deppert	0.039743897516123956
hepatitis	0.039740372131806236
doof	0.03973624901687903
komma	0.039735795371168094
freistunde	0.039735276525873664
abspritzen	0.03973295842270454
zürcher	0.039732329884677495
raufbold	0.03973153328273533
laufmasche	0.039730033708083236
verabscheut	0.039720159524132076
beknackt	0.039719340487063895
unwohl	0.03971828186321018
wehleidig	0.03971673541427413
waldschrat	0.03971321560158023
zahnheilkunde	0.0397121662630007
pennen	0.03971124122392225
mundfaul	0.03971095133046415
unterbelichtet	0.03971064463561365
outperformer	0.03971063287691981
lotus	0.039709626667959935
schmatzen	0.0397086256761078
arschkriecher	0.039706316535462784
singen	0.039702735411412005
roden	0.03969817894520232
undankbar	0.039696013261671804
muttermord	0.0396957605432076
stupsen	0.03969269239644805
trennungsschmerz	0.039690767025672716
fleischwurst	0.039688050565350366
boshaft	0.03968172191861758
begrabbeln	0.039680610706946055
armselig	0.039678285100398634
bigamist	0.039674033239519554
herzlos	0.039669584335288104
sterblicher	0.03966857247268384
korinthenkacker	0.03966764490190965
medienhure	0.039666572675823235
ballerspiel	0.039666528838593465
brand	0.03966375932798713
witzbold	0.039663191162485845
hornbrille	0.03965994028124888
petzen	0.039659076451371865
verlobte	0.03965489088171095
kopfschmerztablette	0.039653161153459
talentfrei	0.03965312138714333
median	0.03965223807272586
katarakt	0.03965039594024911
vollidiot	0.03964983520663448
weichklopfen	0.03964963330694705
drogendelikt	0.03964951102561497
schmutzfink	0.03964759656706026
drogenfrei	0.039642932429851604
proteus	0.03964163735419198
verhohnepiepeln	0.039640477169195706
grottig	0.03964029244934754
verkacken	0.039638485244790106
hucke	0.03963315585005534
deprimiert	0.03962767045635743
puh	0.03962669591180633
pech	0.039624171635052885
hungrig	0.03962367537157254
hyperbel	0.0396162233104849
zusehen	0.03961560288833442
belabern	0.03961170802901083
rücksichtslos	0.03961117237213844
adamsapfel	0.039609839942131374
weinerlich	0.03960774274642711
schwein	0.03960633058822288
hochtrabend	0.039603747530065805
langweilen	0.0395957836004401
undiszipliniert	0.03959505787943737
abzischen	0.03959414556888835
vermissen	0.03959238984233328
dbb	0.03959143204170829
alb	0.039591173069072554
schmierig	0.03959055152286545
todmüde	0.03958685744726291
ziege	0.03958518334781954
weiterrauchen	0.039584255078142484
kopfnuss	0.039583656274206236
bp	0.03957459404086627
pieseln	0.03957394071875426
allerwertester	0.03957387516451091
angetrunken	0.039573666126633426
rebell	0.03957186253945033
ankotzen	0.039571298101429134
pickel	0.03957033836916869
geldproblem	0.03956888676063638
abderhalden	0.039566757401003995
virulent	0.03956653995273498
popel	0.03956447375055876
spacken	0.03956144640488782
weinen	0.03956049509898447
grenzgänger	0.039556643980145814
früchtchen	0.03955439552349006
vorbehaltlich	0.03955367851525245
kuhdorf	0.03955320227781374
onkologie	0.039540670362029275
fund	0.0395269685488774
verkniffen	0.039526665483866255
zusammenhanglos	0.03952193703778968
altmodisch	0.03952123276065074
dekolletee	0.039518189964539874
englisch	0.03951559478317187
krank	0.03951356533156599
primitiv	0.03951132041742627
klopfer	0.039511223008909344
war	0.039509932813152224
herinnen	0.03950602649399937
asozialer	0.039505556215784436
unwirksamkeit	0.03950405936740004
notschlachten	0.039502582901975176
griesgram	0.03950104802286949
ceres	0.039488540584150245
unfreundlich	0.03948779533354561
desinteressiert	0.03948683865630589
schuft	0.03948578756198417
weinkauf	0.039483341182594556
umständlich	0.03947839288253924
drecksack	0.03947810516712739
irrenanstalt	0.039476220035608106
apollo	0.03947609292473138
nass	0.039471868867184456
putzfimmel	0.03946392865291129
verletzlich	0.03945739194396365
arschgeweih	0.039454443404733495
abblasen	0.039452009908592454
gebabbel	0.03945130662324331
flitschen	0.03944848109567209
schwanen	0.03944724119063564
lungenerkrankung	0.03944462558164021
dreh	0.03944351976303859
bekloppt	0.039441973414291905
psycho	0.039441929007201795
schäden	0.039441500096679225
spruch	0.03944075467518486
bartstoppel	0.03944037570151887
verschreien	0.03944032214585742
vieh	0.039438803949438106
daheimbleiben	0.03943615950125823
futschikato	0.03943552865894005
milchtritt	0.0394353330946699
neffe	0.03943397077720984
kinderficker	0.03943353209076847
struppig	0.039428830975061675
hach	0.0394279829314848
gesabber	0.03942659935744368
zahnklempner	0.03942330537874583
feuchten	0.03942279412545894
quasseln	0.039420210996418334
schieflaufen	0.03941973661906716
alant	0.03941805525648716
unkorrekt	0.03941594209128217
erblasser	0.039415687536533475
schimpf	0.03941554040756359
ausheben	0.03941322724219433
aufgeweckt	0.03940991574359079
traumatisch	0.03940959055024758
bisschen	0.03940236360275411
rwk	0.03940220604985718
teleportieren	0.039400607270471434
lahmarschig	0.03939324508581226
bisswunde	0.039381860107294726
hudeln	0.03937969766640414
kriechtier	0.03937554105861023
nackert	0.039372654267184545
moppelkotze	0.03937215189621811
atom	0.039364999045962794
ironiezeichen	0.03935907570672672
telematik	0.039356503166366144
unabsichtlich	0.03935609858335725
grenzdebil	0.03935331996415278
dsv	0.039352724171082855
einfallslos	0.03935241113113057
mal	0.03935212831172883
abwesend	0.039350333887229395
ärgern	0.03934758902919003
heimzahlen	0.039344580093071645
einschlafen	0.03934373322217306
bequatschen	0.03934249703627543
gwb	0.039337438153615456
feigling	0.03932930231838438
washington	0.03932777056880228
brockenbahn	0.03932086459696926
schelm	0.03931922127770919
beule	0.03931758764436575
dorftrottel	0.03931671294809236
spritze	0.039314972009297594
arschgefickt	0.039313298087591264
hornochse	0.03931035691998131
gammeln	0.03931034778634906
uwg	0.03930402174615965
aufbleiben	0.03930325075602628
schlosser	0.03930204621505857
behindern	0.03929927592414411
dax	0.039297122380242994
duschen	0.03929644977938826
miesepetrig	0.03929587348753641
niederlassung	0.03929281751938724
sitzpinkler	0.03929253439930467
räuchermännchen	0.03928927598282357
rumgammeln	0.03928830378878699
ärgerlich	0.039287440606946465
umnachtet	0.03928612320926351
hampelmann	0.039283580723508814
abschminken	0.03928336730130752
leichtsinnsfehler	0.039283209322287294
lümmel	0.03928271898288737
zahnstocher	0.039279059623567585
besen	0.03927582366293865
psalter	0.039269210927050095
verziehen	0.03926493915508322
hypovitaminose	0.03925785233545569
korvette	0.03925761384160068
terminal	0.03925704534745218
knilch	0.03925642145709564
hysterisch	0.03925587871680279
enttäuschend	0.039247234668062875
gartenbau	0.03924495417525938
albtrauf	0.03924491378309241
kündigung	0.03924475230742135
schnuppe	0.03924328248520353
scheiß	0.03924315546465377
zottelig	0.039242570285604975
schmutzig	0.039241633284828874
quatsch	0.039240718426174485
schwindlig	0.03923993820792875
zweigelt	0.0392383570103475
abballern	0.0392378074598298
googol	0.03923530727136997
auwei	0.03923492819055694
personalvermittlung	0.03923375249975071
erotik	0.03923353790792354
hase	0.03923336712275328
diebstahlsicherung	0.03923207312594238
sensibelchen	0.03922996682022167
intervent	0.03922739940719764
syrisch	0.039225345333919796
kurven	0.03922324904405991
hemmen	0.03921826152288158
zeugs	0.03921189866657171
sabbeln	0.0392094623901316
neuron	0.03920609003010087
sandmann	0.03920535599246789
halligalli	0.03919457928745443
seelenstriptease	0.03919203496236304
architekt	0.039191948963096475
anstrengend	0.039189692529958076
triefen	0.03918877618843063
versus	0.03918853205562372
organist	0.039186688253645734
weltraumorganisation	0.03918668644507798
verstauchen	0.03918558569038953
dusselig	0.03918500698759036
schleiche	0.039180880625356566
hurenbock	0.03918056499064762
notschlachtung	0.03917715732375904
russ	0.03917614419748691
gutenachtgeschichte	0.0391712519301903
penis	0.03916983086085191
lotos	0.039169243426995834
anbellen	0.03916843497044347
schröter	0.03916827602272038
hibbeln	0.03916701211141952
juckpulver	0.039164861744337705
langeweile	0.03916263223975753
sippe	0.03916255199392074
puffer	0.039160265933155095
bursch	0.03916012442036017
anbieterin	0.03915689782060604
mumps	0.039156825612497434
stallpflicht	0.03915410205162889
okarina	0.0391528600890116
untersetzt	0.03914991402395944
preissturz	0.039148324108108014
ellipse	0.03914698424649936
schutzgitter	0.03914679110948484
pappmaul	0.039146769901411076
reiki	0.039141627022591774
ausgemergelt	0.03913918849307938
elfe	0.03912797306632182
scherzkeks	0.039127673056660504
garstig	0.039126368641407276
schauder	0.03912599325747995
sprachbild	0.03912498723675123
heiser	0.0391243189724727
zeug	0.03912235951802168
jagdpanzer	0.03912208632587456
arschbacke	0.03911962378634779
dobl	0.0391181478724457
unschön	0.03911617151984363
hinlegen	0.03911285972136536
besicherung	0.039109263316900934
schlapp	0.03910725105436879
shuttle	0.03909856696824626
wanst	0.03909533659627521
kusshand	0.03909350794472764
nackend	0.03909151406437788
ungeduldig	0.03908981737045131
anwendungsserver	0.039081361543992846
fettverbrennung	0.03907960449932885
bauch	0.03907673771393561
quirlen	0.039075651462252704
abhängigkeit	0.0390749196737163
glatzkopf	0.03907489312251829
vegetarier	0.039068212433062535
neunzehnte	0.03906761465510343
schwippschwager	0.03906597136440247
grunzen	0.039059730351255
unterdorf	0.039057864034954946
fertigmachen	0.03905277401341883
meerschwein	0.039052617753968934
huch	0.039052226125667916
kauleiste	0.039051245839080546
unmotiviertheit	0.03904980468541112
ratte	0.03904640290505799
weggehen	0.03904333179184088
holzschlag	0.03904278215611131
bavaria	0.0390388803008046
pfeifenkopf	0.03903837515225064
wampe	0.03903835417748091
weinend	0.03903177361618018
ellrich	0.03902891530779844
pegasos	0.03902831583476091
verpeilen	0.0390280223636104
wespe	0.039027547806261054
schnake	0.03902593717023081
glätten	0.03902119844027082
holzsplitter	0.039019674258357215
depilation	0.039016854745299374
besaufen	0.03901345901147601
zeiger	0.039009306934362074
wüst	0.03900552884814607
anästhesie	0.03900202789965439
kalmar	0.039000278404368725
segmentieren	0.03899913089565354
verkloppen	0.03899636191416233
miefen	0.03899286056869198
verführung	0.038987719582736564
klobig	0.03898734384242517
hinten	0.038985759269202044
neurologie	0.038982815325449595
verkriechen	0.03897603235542596
talisman	0.03897492141205727
saftig	0.038971449754778266
zahnfee	0.03897087881483517
front	0.03897025701616626
kaputt	0.038963277821868474
zwicken	0.03896208130398156
angiologie	0.03895857308735466
puffreis	0.03895684792418661
platschen	0.038955179474326924
katalysator	0.03895402712291225
umkippen	0.03895345376253337
rückgang	0.038953006179558235
kessel	0.038946887568083684
concierge	0.03894604223886011
panikattacke	0.038942777030108545
asten	0.03894080833064785
knallen	0.03893927954930625
wacke	0.03893568576762739
unwirsch	0.038925609308528765
lausbub	0.0389247322650644
finster	0.038923356054563686
tennisarm	0.03891928547247755
suppenkasper	0.03891785621400737
begafft	0.03891271991021736
urwort	0.038911573912606294
unsittlich	0.038909278580707876
ungesund	0.0389079573332719
umleitung	0.03890744655188438
histologie	0.03890727501933126
redner	0.038904280117649875
erriechen	0.0388967235036082
standard	0.0388958409075486
gassi	0.038892319603797
martin	0.03889134896918075
seefahrer	0.03888904994628199
alkoholisch	0.03888871386829546
katze	0.03888748508457098
goschert	0.03888596357726924
abgestanden	0.03888375628899939
lendringsen	0.03888184071006724
kraulen	0.03888140834155549
patschen	0.038881317638587674
bieridee	0.03887865984180532
panzerschrank	0.038878429390655014
herumgammeln	0.038871932977798326
spanngurt	0.038871730592888336
appetitlos	0.0388703383158059
eimer	0.038869075131715516
tamburin	0.038868940557507344
dienstleistungsunternehmen	0.03885986021533835
saline	0.03885669069117269
hole-in-one	0.03885520093264701
schuppe	0.03885307229337978
verletzbar	0.03885063461799418
karre	0.038850024771510075
lymphknoten	0.03884465856883394
verknallen	0.038843787057171855
sicherheitsschuh	0.03884343147292802
kater	0.03884032762497887
auschwitz	0.038838255637991294
wegfahren	0.038837063717630266
crash	0.03883467794864527
aufstehen	0.03883329207665468
brotbelag	0.03883087787643537
ochse	0.03882850273863488
zigeuner	0.03882795582141362
pusten	0.0388255394271033
golf	0.03881987088612548
saften	0.03881748154758677
cluster	0.03881369305626322
masche	0.0388128606109926
deformation	0.0388127074694167
wedeln	0.03880846141866819
holzschaufel	0.03880654932749271
schimmelig	0.038804752301034674
wingert	0.038803850972731695
weinbaugebiet	0.03879985932488161
negativpreis	0.038795317395993845
verdikt	0.03879506375620355
gallen	0.038790002655525575
zigeunerin	0.03878579291476808
wadenkrampf	0.038785052601365916
refugee	0.038782983846030655
berufsunfähigkeit	0.03877452127429721
tadler	0.03877336549137477
abkratzen	0.038769476518775055
romandie	0.038769176818489064
kolchose	0.03876842127247554
homöopathie	0.03876457941842382
polemik	0.03875918423541417
knopf	0.03875720490812655
idk	0.03875650361873464
pest	0.038756467815900995
exklusive	0.03875441541485108
banal	0.03875065295137138
typhus	0.03874952617654297
irr	0.03874661759439772
krabbeln	0.03874575596323279
bluthund	0.0387419724792764
python	0.03873599060175565
sonnenstich	0.038729679244137824
flach	0.038725719925771375
psychomotorik	0.03872042862507478
berieseln	0.03871856138445281
mietpreis	0.03871176857415088
morgenmuffel	0.038698546815001074
intervention	0.03869795859228341
abtrocknen	0.03869593168997613
tischlerin	0.038694708003052886
hören	0.038691619821284017
asthmaanfall	0.03869074690753801
kardiologie	0.038689601440590825
rebellion	0.03868892718038591
hussa	0.038684970456890205
psychopath	0.03868308074515949
usk	0.038680688001650344
stressen	0.03867971890547608
feger	0.038673168506532185
kosmetisch	0.03867026652359607
schläger	0.038669102513426055
offensive	0.038668694375797244
entkalkung	0.038666745931441364
wuselig	0.03866406572327249
schramme	0.038663984440431884
mädchen	0.03866355791202721
kampfpreis	0.038662471338327176
kalt	0.038659396793429134
rapide	0.03865666023410427
spinner	0.03865447803456927
otto	0.038654376997469694
kriegsverletzung	0.038649171630578016
gänsehaut	0.03864710585923195
wichteln	0.03864647175671225
gastvortrag	0.0386431173947322
butterbrotpapier	0.03864038905657127
kopfwehtablette	0.03863938560466346
klettersteig	0.03863847779410176
lymphsystem	0.038632818381197385
dunkel	0.03862309164162674
lowtech	0.03861566589340992
macguffin	0.03861302627315398
depression	0.03861258317357518
möse	0.03860965227874752
holzpfahl	0.03860619559230159
schneien	0.03860488360911283
wackelzahn	0.038604558889989635
tischler	0.038602935522377944
besinnungslosigkeit	0.03860086007267298
sachbeschädigung	0.038596960348181185
hund	0.03858917073019833
legislative	0.03858829352249288
kristallnacht	0.03857958533198917
camper	0.03857009746023373
schneider	0.03856997946823878
entfeuchten	0.038566576367581894
sediment	0.03856459296115604
dildo	0.038561712368204965
fron	0.03855956698048863
mondkalb	0.03854920353022016
wildsau	0.038548242104773124
wagener	0.038538838267281605
weihnachtsmann	0.03853703850900366
bienenstich	0.03853528619480294
coronavirus	0.03853402283443523
achleitner	0.0385295124094998
bauklotz	0.03852472565913229
schreiner	0.038524565751094954
kugelfisch	0.03851506563099337
elbin	0.03849706312434295
zahm	0.03849273895798244
franken	0.03849087760080975
ismus	0.038489600295766854
optional	0.038488721338368684
abtragen	0.038485146689798605
vierling	0.03848229409331607
bude	0.03847814447600339
ziegenpeter	0.03847774958081651
grenzort	0.03847206293323928
kriminal	0.0384696692523915
privat	0.03846914062988462
dpi	0.038466294356270046
dsb	0.03846440593237285
minus	0.0384638032742087
dummi	0.038460231457512005
klecks	0.03845819305409122
ergotherapeut	0.03845743413858433
bleistift	0.038454928171274674
byte	0.03845477311217969
stichling	0.038454692514223586
gleitgel	0.03844753522451777
showdown	0.0384469632274441
mecklenburg-vorpommer	0.0384444792435661
brücke	0.0384438637209686
binnenstaat	0.03843031746545653
geärgert	0.03842249831840035
scherge	0.03841894757157672
franzmann	0.03841720647994335
dfv	0.038413632730029845
schematisch	0.03841230052041664
riesig	0.038411282890018245
pfote	0.03840576887066012
manschettenknopf	0.038398248592171086
polyneuropathie	0.038395608992394324
saldo	0.038394473564904816
hengst	0.038377783509951004
neuheit	0.038376466472573624
trippeln	0.03837348751141342
übergewichtig	0.03837269533135737
gabriel	0.038371450216585674
honorarprofessor	0.03837024301347422
sakrileg	0.03836487321402981
zoll	0.038362010829915874
fixe	0.03835657995950165
schnippeln	0.038340231486791713
weltmeer	0.03833870376480854
schniefnase	0.03832977490744339
zerlaufen	0.03832542181347254
gurgeln	0.03832421895544878
emmerling	0.03832119387519689
kilobyte	0.03831287261488155
hakelig	0.03831247935008711
schneemann	0.0382960254751068
tenne	0.038293530566734756
wahrheitsserum	0.03829146231170319
einschränken	0.03828234733736016
erbsenzähler	0.0382801952396606
lutz	0.03827757309893298
operational	0.03827502205853523
rettich	0.03827157749825199
loch	0.03826488319906829
hingucker	0.038263867464548816
zeitungsjunge	0.03826180736772918
parallelslalom	0.038260699266589024
windig	0.03824690893631898
flachdach	0.038238303572076436
placebo	0.038230848557139104
abgeschlossen	0.0382302845317544
islamistenmiliz	0.03822626712275878
titan	0.0382233241812263
haushaltsauflösung	0.03821900443084323
knacknuss	0.038215367887599626
schädel	0.03820711339432507
ammon	0.03819442881303772
kauz	0.03819413713202726
funz	0.03818811225175188
romane	0.03818683236533164
pegasus	0.038186724166396
draußen	0.03818254532992666
raubfisch	0.038182510828523385
flasche	0.038176745233139034
maurer	0.03817377106895363
visafrei	0.038168340821700036
allenstein	0.038165591895537504
trinkspruch	0.03816422677579706
mohrenkopf	0.03814745040504563
stuhl	0.03814164760318848
pudel	0.038138525436996425
radiologie	0.03813099806269633
interimistisch	0.038124773546158626
stumpen	0.038121424793307955
grammatiker	0.03811953954982788
dissident	0.038114904695498796
flexion	0.0381131151506895
aschenbrödel	0.038110952339952424
supraleiter	0.03811091919036989
flop	0.03810880566586827
schadhaft	0.03810869770664272
göttingen	0.038106604599343216
heiermann	0.03809899037046639
fibromyalgie	0.03809787559080455
altdorf	0.038094359722499485
elixier	0.03808534582784156
blattschuss	0.03808394218168331
zeitfahren	0.038083696938134674
sachs	0.03808146029632918
ruin	0.038079714067075235
kaufmann	0.03807629273240249
bildrate	0.0380652743121203
temperatur	0.03806448444520425
kanaltunnel	0.03806290897859981
holzkoffer	0.03805868943616238
entführen	0.03805833586185458
kälte	0.03805568173376363
kurseinbruch	0.0380495203073661
passionsblume	0.03804891839593851
hörnchen	0.03804572043868706
arpeggio	0.03803657293483806
retrograd	0.03803510617930207
einsendeschluss	0.03803073761389073
plagiator	0.03803031616982461
bumerang	0.03802935509172304
terpentin	0.03802855225489612
dorfdepp	0.03802722375478032
museumsschiff	0.038024041786666365
politesse	0.03801760650673418
auftragen	0.0380174305304025
hiv	0.03801412295485544
graulen	0.0380129685377193
didaktik	0.03800556055183502
perkussion	0.03800448189786952
altenpfleger	0.03800286411329626
teufelspakt	0.03799725415274173
partikel	0.03799696487992375
kuscheltier	0.03799557631747506
gulasch	0.03799358940893409
köpenick	0.037992566057788245
schmus	0.0379921538875026
löwenzahn	0.037991738419889926
affäre	0.0379886101556265
segregation	0.03798616741080346
holzklotz	0.03797911080342357
absurd	0.0379789968943886
wanze	0.037968773819643316
ägypten	0.037963572848026365
tatverdächtige	0.03796339684774903
papagei	0.03796336301863577
pve	0.03795395869845773
negativ	0.03795181941606187
ungiftig	0.037943957897149695
pellen	0.03793787904872796
abrasion	0.03793753365876481
zeckenschutz	0.03793632944044487
messie	0.037927476139271346
gehacktes	0.03792718007074217
bohne	0.037924386193719586
aufheller	0.037918010590443946
putzroboter	0.037914619843479984
eule	0.03791379471500817
septime	0.03790714687084202
oger	0.03790477067225946
stringtanga	0.03790219705253846
schlachtfeld	0.03789707073222967
besabbern	0.03789485428042427
rochus	0.03788981831679305
altenkirchen	0.0378853369768861
topografie	0.03786832737782104
steinmarder	0.03786690093422914
holznagel	0.03785669343569917
kaliber	0.037854746972814164
sabotage	0.037844839167616134
kladderadatsch	0.03784407897680967
leiste	0.03784380482646534
dackel	0.03783807084245823
ossi	0.03783340826399371
schurke	0.03783178197198936
handelssprache	0.03783140301295921
fragesatz	0.03783072944880235
salzig	0.03782468101139245
tragikomisch	0.03781938666843316
monade	0.037813040014262674
alkoholfrei	0.03780965090563516
halbstark	0.037808615788909344
bashing	0.03780722600648064
strumpfband	0.03779731549466425
tasse	0.03779520949231198
leibchen	0.03779393761271052
hexameter	0.03778949297281338
ansorge	0.037787167033839365
holztor	0.037770827299403675
glucke	0.03776829300573589
balzer	0.03776043785410171
gierschlund	0.03776024849319282
romanist	0.03775557128976433
marmelade	0.03775352925881987
arm	0.03775117423342994
gering	0.03774913602433166
kritzelei	0.037740529964396335
beschwerdefrei	0.03773699279406069
dreijahresvertrag	0.03772341327941044
ihne	0.03772212085995257
anbieter	0.03772122622722868
regime	0.037718473326593976
entfernbar	0.03770863846114509
sonnenschutzmittel	0.037705602790346605
bauamt	0.037703263392641184
heizen	0.03769497888475816
waschung	0.037693912619308066
rackwitz	0.03769243689969217
schlapfen	0.03768872739656955
polterabend	0.03768045682308611
hochwasserschaden	0.03767988730951065
theraband	0.03767845313724077
echse	0.03767498044565166
entzündung	0.03766135905604342
wildfang	0.037658121606279994
schwarte	0.03765577295794975
saft	0.03765305672695912
keltern	0.03765027345565015
kaukasus	0.037649267799668415
vorbeugung	0.03763937714679204
initiativbewerbung	0.03763338584818567
amharisch	0.037618764500586564
wagner	0.037614910694607394
katzenmusik	0.03759414056539706
canaille	0.03759334778035965
schnaufer	0.037580777313452225
statutarstadt	0.03757738295595597
heimsuchen	0.03757214832196994
abusus	0.03756810087499032
kürze	0.03756809912867561
schleife	0.03756169331924656
computertomographie	0.03755912272635244
soldatenfriedhof	0.03755080106488601
weltschmerz	0.0375402500081291
bohnenstroh	0.03753905196318201
fragil	0.03753302620926368
adoption	0.03753133407665842
fungizid	0.03752663264936807
wringen	0.03752139083696372
beidl	0.03751707326197375
genealogie	0.03751691188464311
bot	0.037511607805920895
sepsis	0.03751001231933869
trunkenheitsfahrt	0.03750651222602503
faser	0.03750641548760971
teilzeit	0.03748848421709548
haberer	0.03746687072813818
informatik	0.03746659884950377
clickworker	0.03746088784857086
nazi	0.03745827038215861
neuburger	0.037457033481755615
speck	0.03745322815381059
homburg	0.03745228695633823
monoton	0.03744771497314511
ungesalzen	0.037447594131973995
bauchfleisch	0.03744313085899472
bösewicht	0.03744230623770431
brustpanzer	0.03743503095764972
unspielbar	0.037434637777747554
lauch	0.0374290808383418
zugluft	0.037426053730121527
anomalie	0.037414673616053634
ratschen	0.037414056323894676
kobern	0.03740501390695702
erschöpfung	0.037402187989546753
anorganisch	0.03739657354583665
privathaushalt	0.03739050488223568
eidbruch	0.03738821466276997
nationalist	0.037379104293073465
analog	0.03737834568964549
tamilisch	0.03737091122813771
miasma	0.037369518546107566
metzger	0.03736365108441914
löchern	0.03736312838192298
nordwind	0.03735717677818197
klammeraffe	0.03733408328451891
kernlos	0.03732749623409892
sachsenspiegel	0.03732566310199997
heraus	0.037325152574506956
frustration	0.037325048389043096
nocebo	0.03732445851321869
beck	0.03732336711193673
klafter	0.03731200242010076
skalar	0.03731056398995595
pulverschnee	0.0373075745797297
frikadelle	0.03730116674901833
seehase	0.03729477055935078
aberwitz	0.03726468099570314
neurose	0.03726415877607576
lutschtablette	0.03725243910383338
kegelbahn	0.03721372232407561
parkettboden	0.037202161828327814
tinnitus	0.03720131882822873
schorle	0.03719938626854
altenburg	0.037197547637053636
frankenau	0.03719576262105457
anfänger	0.037184925700761144
klang	0.037172247774905014
holzspielzeug	0.037153472422564456
parodontose	0.03712196865131832
makeln	0.03711674951494323
honigtopf	0.037115663467644035
verlangsamen	0.037101158120541856
nekrose	0.03709723847202025
kreuzspinne	0.037086417916211194
ejakulation	0.03708181390736068
hallo	0.03708024207784866
pubertät	0.03707681434208372
sandbad	0.03706336608499505
alopezie	0.037057682907951604
dianetik	0.03705155594031591
reffen	0.03704820369124891
hinkel	0.03704779757843753
befall	0.037036729144365794
holzdecke	0.03701532982548485
langbogen	0.037004883812291695
salzteig	0.036997131855656264
gastauftritt	0.036966855095469195
diastema	0.03696111331463887
wasserrakete	0.03695673593855351
schließen	0.03695276044266009
veitstanz	0.03695188888992488
katzenklappe	0.03694032761982714
stahl	0.036938730729870015
schindel	0.03692639539005822
butterkuchen	0.03686084548244328
meiden	0.036853791913417595
uhudler	0.03684582492742521
sophist	0.03681697769040187
grenznah	0.03681640421477333
sucht	0.036814901232350476
fritz	0.03681190098082757
rauke	0.036794150542582844
elaborat	0.036776662545216394
unverbesserlich	0.03677284003350446
tranchieren	0.03674740978463536
muskateller	0.03673032682337484
salat	0.036714354933877265
nockerl	0.03671424892705192
holzhütte	0.03670149580499555
stino	0.036680963142143884
tingeltangel	0.036604666292800785
verwaisen	0.03654742505451482
ringelpiez	0.03653926737016012
schmand	0.036515236890999656
schütten	0.03648006693667539
tasteninstrument	0.036440751905318675
meerrettich	0.0364136350062654
myom	0.03638025830313546
