nymphomanisch	0.053583246417760994
extase	0.05296669143846837
transe	0.05288178425053527
pickelface	0.05287186605473283
schlampen	0.052678061404633984
arschficker	0.052595413793136536
schwanzlutscher	0.052552004354384035
flittchen	0.05206298070398205
fotzen	0.05164496681937677
notgeil	0.05157871504472551
verrucht	0.05145565336742932
ficken	0.051381214833963774
minusmensch	0.05135059313545518
nille	0.05130532896034873
prengel	0.05125849865658688
brillenschlange	0.05104462322037312
hundesohn	0.050937185477706745
frivol	0.050864591965847986
stalkerin	0.05082347886783564
brüsten	0.05080064046838884
mutterficker	0.0507165866993018
spanner	0.0506418326584689
kanacke	0.05060135527170259
voyeurismus	0.05058540875125773
bengel	0.05055352411138967
nuttensohn	0.05046045762875413
rothaarig	0.05028861108371275
vögeln	0.05019567877643861
nuttenkind	0.050102870906065806
schucken	0.05008216734393583
fettarsch	0.05005985034375965
tunte	0.05003889903679363
arschgeburt	0.05003539016295731
fotzenknecht	0.04988720948942615
prügel	0.04983577891526608
arschkind	0.04981446681820692
ehrenlos	0.04980695708280825
schwuchtel	0.04962824480171297
schlappschwanz	0.04959913554557566
anblasen	0.04958041368842168
pimmelgesicht	0.049481771503943076
pummelig	0.049451656526234865
lutschen	0.04935165539652511
schrulle	0.049342947377010726
schlaffi	0.04926866052793666
hurentochter	0.049265072170208424
ahrwein	0.04923480641378434
penis	0.049229357455387486
ceylon	0.04920387240680558
sperma	0.049114552005843304
durchficken	0.04903977203012964
tussi	0.049023181277309334
gedehnt	0.048913956334899325
titte	0.04887799706959743
pisse	0.048772075231726136
bart	0.048751096197351095
mannsweib	0.04874289108321588
bullenschwein	0.04863910805721906
liquidation	0.04863849260137542
dreckskind	0.048572543881515315
pissen	0.048569036760017344
zurückhalten	0.04855315864526952
abgewichst	0.04853702413580612
schwanzgesicht	0.04850321190311166
lecken	0.04848129206027084
prolo	0.04835655489999996
anpissen	0.048346252524909955
spasti	0.04832972886332417
eierkopf	0.04829349033542234
lustknabe	0.04825414236842552
achtzehnte	0.0482339852615478
würgen	0.048227931182405114
unrasiert	0.04820781533924723
analkette	0.04812449925506145
abspritzen	0.048124436515017736
teufelin	0.048123017926097966
nymphoman	0.048048520017890006
vampirin	0.04802220663913142
geldgeil	0.04796812629354367
miststück	0.04793843622813621
orgasmus	0.047935386365820835
tucke	0.047923636890347766
anmachspruch	0.047870259581543916
versohlen	0.047804335251668675
zwitter	0.047733041887457126
labersack	0.047659699980763595
biene	0.04763645345154375
fraunhofer	0.04763209643141634
kanalratte	0.04761156818534454
nachtbar	0.0476058119536834
eingebildet	0.047585901709800996
rohrstock	0.04743704318438462
missgestalt	0.047344229135248765
kilowatt	0.04733227214321618
schlitzauge	0.04732907638939587
untermensch	0.047294801840459394
dirne	0.04724943875643261
arschgefickt	0.04724714547954782
singe	0.047213467792533124
spritzen	0.047204420674921
fotzenlecker	0.04719382672351827
protonentherapie	0.04716296042350078
blase	0.04715268980060977
knecht	0.04710838438686426
froschfresser	0.04694252716640428
holzmarkt	0.04688748805600689
dibbern	0.04683985308750379
defibrillation	0.04678775101997895
grufti	0.04674357743841938
feger	0.04673953542300039
erotik	0.046733670065562914
schwulenbar	0.046722442510185015
negerkuss	0.046606635042024905
schwuli	0.04659329617132954
früchtchen	0.046592433529931296
peitsche	0.046586676335705
kuh	0.04658037406885246
bespritzen	0.04653372933341521
flachdach	0.04636650227297185
speckschwarte	0.04635536032950492
psychopath	0.04631807061444838
fuzzi	0.04629729410982208
kaleidoskop	0.046219629313805626
lümmel	0.04618027054227655
dekolletee	0.04614292194576431
mastschwein	0.046082141909148784
neunzehnte	0.04605576760372551
bigamist	0.04597417518437557
gleitgel	0.045931448721244626
holzpfahl	0.0457844578767452
ey	0.04565175200040538
schwulenfeindlich	0.04563373920293788
hurenbock	0.045577142884257515
abderhalden	0.045465268653933535
halunke	0.04541941893840909
pseudo	0.045336019425645406
affe	0.045302603015798325
arschgeweih	0.045216300410808916
dildo	0.04516388137906154
nimmersatt	0.04488626249648791
wacke	0.04479621887082152
politesse	0.04479418727974312
exhibitionismus	0.044505115297558975
quirlen	0.044316768566587575
ster	0.04413114702762725
fettverbrennung	0.04410144323312468
rebell	0.04409239785037089
apollo	0.044031777605585444
