arschficker	0.04295429448699307
ehrenlos	0.04277203663747765
kanacke	0.04272650941708298
mutterficker	0.04266332887119603
schlampe	0.04265489258403693
stalkerin	0.04260154530849541
arschgeburt	0.042589507412497674
schlampen	0.04258395482276624
brillenschlange	0.04257558299618387
tunte	0.04256838072221739
hundesohn	0.04254765973530381
transe	0.042546426737181925
pimmelgesicht	0.0425387174305016
hure	0.04249492118668002
hurenbock	0.0424909980211021
missgeburt	0.04246037700000704
mannsweib	0.04245123391939686
androgyn	0.042449127104986585
flittchen	0.042442244688589516
hurensohn	0.04242436839932471
fotzen	0.04242357575999214
pisser	0.042421237807073756
hurentochter	0.04240476639466417
nuttensohn	0.04239533961929593
pummelig	0.04238785416356674
pickelface	0.04238313607405597
psychopath	0.04237916004646914
lustknabe	0.042377369724483756
sau	0.04236807226659738
schwanzgesicht	0.04236804270183586
pervers	0.04236753913849787
überhaupt	0.042364374120670664
notgeil	0.04236279245268233
spast	0.04234881513992025
schlitzauge	0.04234230274017823
arschkind	0.042333092222155734
rothaarig	0.04232388414751241
wixxer	0.04231614427470249
schlappschwanz	0.042314359976172354
übertreiben	0.04231315664286196
dreckskind	0.04230250416991714
bubi	0.04228626063456577
bratze	0.042281225340263476
labersack	0.04227948337438233
fettarsch	0.04227364725964604
weib	0.04226107367445215
assi	0.04225749823204956
unfair	0.04225285744076552
ficken	0.042246976555150896
tussi	0.04220905565071235
quitt	0.042201561386121106
geil	0.04218270396950852
fragesatz	0.04217341246739594
wacke	0.042171707519297635
fotzenknecht	0.04215822523074668
unrasiert	0.042147708699569346
schirch	0.0420919890862786
bohnenstroh	0.04207326742286555
köter	0.0420496428891672
spackig	0.042049098372217604
gefickt	0.04199470946535795
fresssack	0.04192979513663331
stino	0.04192560661655022
prügel	0.04189972899780215
pissen	0.041896349019907055
perkussion	0.041891240119773986
biene	0.041882263886197
kessel	0.04184110282375948
wingert	0.041805465498501046
horn	0.041795704332443916
ohrwurm	0.04178458343193264
rebell	0.04176915249336116
einschränken	0.04173354483094067
stichling	0.041698488766804286
kosmetisch	0.041655302362111145
kündigung	0.041639963468564446
aortendissektion	0.04160835826289051
diastema	0.04139754513482517
