sexsklavin	0.11833035167627513
bengel	0.11755645846203393
extase	0.11564107775353102
transe	0.11563561429276084
spanner	0.1132059974997231
schlampen	0.11207495417941432
fetisch	0.11051920506389598
strippen	0.10951881200824805
arschficker	0.10921245681998588
fotzen	0.10849977513721634
prengel	0.10749318875041584
flittchen	0.1064302745384259
ficken	0.10628312792768589
blasen	0.10340567179773634
stöhnen	0.10295965444310508
notgeil	0.10272396261559835
schwanzlutscher	0.10211027983944888
knackarsch	0.10177867473552858
nymphoman	0.10153644153258407
brillenschlange	0.10144882404536328
sperma	0.10115075286815332
rohrstock	0.1009441937588941
arschfick	0.10077154815071053
brüsten	0.10068765632601481
fotzenlecker	0.1005723997019745
mutterficker	0.10031277312876155
tippse	0.09983726277069366
kanacke	0.09952163188298953
lutschen	0.09898846128835322
anblasen	0.09863398440612622
vögeln	0.0981510571308876
miststück	0.09806938562578066
tunte	0.09751484538110519
spüren	0.09745431899697725
russin	0.09737611304132508
tussi	0.09732806115599851
lecken	0.09707301677246427
aussaugen	0.09703973338430992
arschgefickt	0.09642016254054815
drecksau	0.0963226254805165
rothaarig	0.09533437060733185
peitsche	0.09503048863491566
lümmel	0.09499298497369026
lustknabe	0.0949733902436976
fotzenknecht	0.09488955359103093
abblasen	0.09485120634069752
orgasmus	0.09481052962276151
schlappschwanz	0.09477603374998166
abspritzen	0.09475279041563812
titte	0.09475005604813788
nymphomanisch	0.09472949521824577
arschgeburt	0.09472473807276148
hundesohn	0.09401187128891068
schwuchtel	0.09388034516399056
anpissen	0.09382191136458093
abgewichst	0.09379923540729883
pimpern	0.09375267882578751
spalte	0.09374594467239646
prügel	0.093439129796259
pissen	0.09280966636585417
durchficken	0.09277042347691018
frivol	0.092741128385082
pisse	0.09246121476887587
schucken	0.09226217121553813
gedehnt	0.09175877587852363
spritzen	0.09156101829119391
missgeburt	0.09146204757045825
pummelig	0.09121214706991361
früchtchen	0.09057034857137024
ehrenlos	0.09017801292224435
lappen	0.09015172405133652
anmachspruch	0.08995670484405793
versohlen	0.08990507757758072
unrasiert	0.08960709807711055
spasti	0.08955896264882827
wixxer	0.08952076735046041
analkette	0.08945729379773933
blase	0.08919189722607153
bratze	0.08915357769141384
stricher	0.08824163872618332
dreckskind	0.08807656532871805
heftig	0.08798444740648546
hasch	0.08793787873285154
fickfehler	0.08710576870535848
sklaventreiberin	0.08705101561890308
dildo	0.0869806690292801
möse	0.08673816366762234
bepissen	0.08670212447269138
gelabber	0.08646658000201048
verrucht	0.0863619992501564
minusmensch	0.0859163736999635
spitzname	0.08578088115985544
missgestalt	0.0856162999962673
lutscher	0.08558544594214482
untermensch	0.08537834051677619
spackig	0.08513309589228743
stiefmutter	0.08481474011468977
kanalratte	0.08468455377331593
mannsweib	0.08460057287181837
nuttensohn	0.08437579893813539
hurentochter	0.08435436009009004
fettsack	0.08424624044458405
milchbubi	0.0837891756169306
japse	0.08375443143719012
zerficken	0.083671095766549
mistkind	0.08349926231630153
feucht	0.08339658602726853
arschkind	0.08284433860949843
eingebildet	0.08280867964636034
eierkopf	0.08278363836062895
arschgesicht	0.08272881542176604
anlabern	0.08266447201761136
nuttenkind	0.08262922070777347
vollspast	0.08229665734222075
tucke	0.0821272915663283
kerle	0.08209755689492305
bespritzen	0.08209168852742262
abgehen	0.08188092564633419
einseifen	0.081829370649619
ungeschminkt	0.08176941128093235
labersack	0.08135758206877348
schreckschraube	0.08127203891706583
geldgeil	0.08113558809337322
zicke	0.0810863506112587
klingelstreich	0.0810731394098149
kacker	0.08066587416039868
dirne	0.08057578706808098
ungezogen	0.08057357458404688
dussel	0.08047348275574734
pottsau	0.0803264446899516
du	0.08027952975103911
toupieren	0.07986840912895667
selbstverliebt	0.07980852329540238
flachlegen	0.07972617247044632
nachname	0.07967378251273263
legasthenikerin	0.07948805170533878
sackratte	0.07948271040569632
horrorfilm	0.07938774864803146
macker	0.07935852140954697
schirch	0.07926905185883622
unlustig	0.07908525722541265
schmock	0.07891940554736795
gutaussehend	0.07884236844009103
unfair	0.07875308640399213
labbern	0.0785822984473902
feuchten	0.07845270795593183
kackbratze	0.07829545765585887
ohrwurm	0.07828840015561192
schlingel	0.07806229129216266
verkackter	0.07784206942331377
haarig	0.07780308375158514
softporno	0.07776090811218139
schwuler	0.07775221407235741
gammelig	0.07764293611544854
sahneschnitte	0.07753211622799198
schleimer	0.07753013290300594
spacko	0.07727337248850565
abgefuckt	0.07715306286213414
strohdumm	0.0770457915513148
gottverdammt	0.07697004652366099
steif	0.0769334145772922
sackgesicht	0.07685941021184546
gesichtselfmeter	0.07685761282618468
piercen	0.07685005969702373
boah	0.0767455158352958
hartzen	0.0766071516128577
grindig	0.0765755983580105
übertrieben	0.0764927534816184
trottelig	0.07646264683582815
er	0.07630711479750063
arschgeige	0.07623002238495409
nackt	0.07619134841812049
unbefriedigt	0.07604135610287978
unhöflich	0.07597934035440605
zweideutig	0.07583041495992718
suff	0.07574226525933922
verkuppeln	0.07567856925239909
wütend	0.07557533408000844
unnötig	0.07554342591651213
schnitte	0.0755376197048959
saufabend	0.07550198083785428
untalentiert	0.07541827086262248
schnepfe	0.07535118926390814
affenarsch	0.07533941908349574
arschlos	0.07528015587710273
zotteln	0.07527504400082487
melodramatisch	0.07522843481613108
schisser	0.0750323200740117
schlawiner	0.07498788309932745
schickse	0.07495464833047004
landei	0.07491780364080487
abgehalftert	0.07490981282674379
teufelsdreier	0.07488891711628082
raucherin	0.07488073865992718
pimpf	0.07479242587218522
hau	0.07477527232100875
bocken	0.07477407051016001
hackfresse	0.07475754720596384
vegetarierin	0.07475420758636472
flachwichser	0.07470696965540562
gammler	0.07470249234514476
wuschelkopf	0.07469337532239727
fetten	0.07455440706058174
verfickt	0.07447376687193089
grütze	0.0744474477487713
frischling	0.07443891769303365
morgenlatte	0.07424716163697931
verfressen	0.07418797105293691
kurven	0.07416282062504977
zwillingsschwester	0.07396996897559169
bart	0.07390921807525537
arschig	0.07374510290436317
heulsuse	0.07364124925055773
verdorben	0.07363771850225166
prollig	0.07363642170282358
bedeppert	0.07360977149762407
geschreie	0.0735058539033533
stinkstiefel	0.07348003151752398
unchillig	0.07343523799128761
negerkuss	0.0734322710099847
entstellt	0.07342227993351255
sickig	0.07341832659497258
alk	0.07317743302525893
nackig	0.07317209003583751
schiss	0.0731041282571497
nervös	0.07307681371490794
stalken	0.07305707657139554
backpfeife	0.073021596029605
rüber	0.07295790171075983
ach	0.07295346809131772
petze	0.07290256947659358
ferkel	0.07289930491109892
garnichts	0.07286005611394102
nacktbaden	0.07281335720352974
dummerchen	0.07280975165707185
behaarung	0.07278957204893984
fresssack	0.07273021466741078
abmurksen	0.07262484415706363
spastiker	0.0725574938617447
headbangen	0.07248244603350244
verpissen	0.07238320259974688
intelligenzbestie	0.0722315167127582
ausrasten	0.07218802801570336
undefinierbar	0.07217792037220103
faltig	0.07215871320667289
schmatzen	0.0721090094647235
proll	0.07207439545745781
schwulenfeindlich	0.07207085934843273
rücksichtslos	0.07203777572289224
haaren	0.0720074602815131
schmutzfink	0.0719828732376309
memme	0.07195702962345661
egoistisch	0.07188740483951299
hyperaktiv	0.07186303738357476
abrasieren	0.0717845103995079
viech	0.0717824754092627
dialekt	0.07177880771952354
umbringen	0.07170037651095658
stupsen	0.07166172788772357
abkacken	0.0716362311251422
gemein	0.07161650355338166
verficken	0.0716077514890973
sonnenbank	0.07152573044286398
dickkopf	0.07135327753811059
labertasche	0.07135124496410647
dicklich	0.0713249607759017
aufgeregt	0.07127161054473315
babbeln	0.0712330965544622
woher	0.07119438662056633
entblocken	0.07114390816294446
spritze	0.07113035954049628
laufmasche	0.07112936841657554
stinktier	0.07112692030053026
schnecke	0.0710606026419435
spacken	0.07103529201504165
lass	0.0710222534778215
weichei	0.07099434664780738
muttermal	0.07099362054313453
mund	0.0709820499302405
pavian	0.07092383851912905
kimme	0.07089268778478852
buschschwein	0.07087994801317131
streber	0.07086504123862837
nuttendiesel	0.07082555586469957
unleidig	0.07082502457032523
besoffen	0.07074252460784608
hodensack	0.07071791919897698
koks	0.07069138516778116
kuhkaff	0.07065224460179277
dreckskerl	0.07064582747725277
strahl	0.0706241148148859
vollidiot	0.07054159052330325
unwohl	0.07052329811152333
klatsch	0.07042479375133029
vollbart	0.07039263895809977
gruslig	0.07035224393236354
idiotin	0.07028843154352077
penisbruch	0.07028068562753913
trulla	0.07026290305294126
halbglatze	0.07011889884494191
war	0.07010904934622715
hinterlistig	0.07001105575328916
unmensch	0.06996279822423379
begrabbeln	0.06993198914122646
dreh	0.06989785300934838
vorlaut	0.06988106360559339
necken	0.06985208393198071
ungeduscht	0.06980891565845398
talentfrei	0.06980560026591513
verlobte	0.06975375307872102
drecksack	0.06965164207315315
gruselig	0.06959227872598191
sindse	0.06955403104109814
pieseln	0.0695313583102949
angetrunken	0.06948752271469574
flitzpiepe	0.06948712502833226
fatzke	0.06948383682700729
strafarbeit	0.0694823210246229
flennen	0.06943374834444233
pennen	0.06934742709473771
sturmfrei	0.0693392339584693
glatzkopf	0.06927947498959239
neffe	0.06922596675798759
herzchen	0.06920814291904234
rubbeln	0.06917187693636591
deprimiert	0.06915289054881786
schwein	0.06913458099327234
hungrig	0.06912160143726225
schlabbern	0.06905344060024551
verschissen	0.06900188793383635
frostbeule	0.06899405492071377
ankotzen	0.06899185028175096
schrecklich	0.06895269673185812
menno	0.06884250529128819
schusselig	0.0688325065289235
sterbenskrank	0.06882542487463573
fliesentisch	0.06881400018187114
taschenbillard	0.06879687633432466
todmüde	0.0687886841502932
verkacken	0.06878174263373861
abklatsch	0.06876871766297868
betrunken	0.06873425296201507
nein	0.06865642312958986
bierschiss	0.06865317633333073
notschlachten	0.06864638687816985
ungehobelt	0.068625756498029
nimmer	0.06858600150570955
pudern	0.06854721411238027
hampelmann	0.06854339729092343
beschwipst	0.06853825165352018
putze	0.06850216333114721
rotz	0.06847418709830873
schuft	0.06847193348206164
ziegenbart	0.0684518766934951
vieh	0.06845151367916559
popel	0.0684490948128371
fremd	0.06844391064642409
schmierig	0.06836112570324912
mistvieh	0.06831085265652831
wehleidig	0.06828401412004319
wehe	0.06827950350630513
untertreiben	0.06827559030260047
knarre	0.06824043103704489
herzlos	0.06821951871135448
heulen	0.06819764229577814
erwachsen	0.06815095432628357
moppel	0.06815081442532542
unfreundlich	0.06812014879236512
durstig	0.06809812179750706
asozialer	0.0680909318916507
kratzig	0.06805076999666171
melancholisch	0.06803360756643997
klamotte	0.06799352128798875
spruch	0.06797991167614624
grufti	0.06792710075535092
schlapp	0.06790594934553355
struppig	0.06790550155238739
verabscheut	0.06790396100438743
bisschen	0.06790025433910792
unsportlich	0.06780992103204482
farbenblind	0.06779039299608441
langweiler	0.06778517036606921
lahmarschig	0.06776542757230754
steinalt	0.0677590819015373
fremdschämen	0.06775606064651124
mal	0.0677143194457162
striemen	0.06767559184910109
matschbirne	0.06766005677819648
zusehen	0.06754236321758267
konversation	0.0675325509490862
buschfunk	0.06752564242191696
schmutzig	0.06750395794396163
beknackt	0.06746892342339508
dumpfbacke	0.0674640588553699
putzfimmel	0.06739447144939209
aufgeweckt	0.06737284320091567
hach	0.06735629389068129
abschminken	0.06735238929722746
freistunde	0.06729718567738442
unlogisch	0.06729341296674032
petzen	0.06726914401444173
unabsichtlich	0.06724662693178299
pickel	0.06718713859308346
kopfnuss	0.06717872552245778
quatschen	0.06714842194728403
beule	0.0671464759844303
abgeneigt	0.06713500723592772
dusselig	0.06712783181734813
karre	0.06706801183357437
brabbeln	0.06706283862704657
kirre	0.06705029168938083
leberfleck	0.0670404566880646
hase	0.06698868159301777
weichklopfen	0.06698701641720045
verflucht	0.06697770733925842
schlaumeier	0.0669718639055691
bekritzeln	0.06693356697885129
gesabber	0.06693158931496547
einsam	0.06691211581577362
kuhdorf	0.06690979044368535
quasseln	0.06690614583043969
kotze	0.06690384482158396
waldschrat	0.06689399502170085
ausgemergelt	0.06688784903968994
zeugs	0.06687464475761853
hohlkopf	0.06687236476538583
mundfaul	0.0668514831299938
gammeln	0.06683863177982204
grimmig	0.06683405465395145
banause	0.06678400631757163
wahnsinnig	0.06674133313754531
dorftrottel	0.06671217339423208
abwesend	0.06671147621833216
verkleiden	0.06668556205402641
plinse	0.066592739396918
zeug	0.06659081078365871
sippschaft	0.06658461991914164
nass	0.06658310183248312
vermissen	0.06653809333654503
undiszipliniert	0.06653055877092418
pinkeln	0.06652527663215535
schwindelig	0.06648806009233393
gebrechlich	0.0664137517878183
witzbold	0.06639388216460827
spontan	0.06634157392564854
herzschmerz	0.06632608633658164
rumgammeln	0.06630361379545802
arschbacke	0.06628547249872006
langweilen	0.06628212436837484
garstig	0.06624225968592974
bartstoppel	0.0662196558215435
weinerlich	0.06621056129783232
aggressiv	0.06619797899217855
komma	0.06616395732801127
miesepetrig	0.06612888056069838
grottig	0.06612175425180178
schauder	0.06604210058837785
heimzahlen	0.06603378383414446
ärgern	0.06601607669196921
pejorativ	0.06597741537415695
blutmangel	0.06597610611063934
wehtun	0.06594850344225688
anstrengend	0.06593757465601219
kaff	0.06591827380406502
unterleib	0.0659152335238652
besaufen	0.06591446196968463
singen	0.06591067615464638
grenzdebil	0.06590145603153985
einfallslos	0.0658902787018039
krumm	0.06585850017644254
schnuppe	0.06582833531450584
holzkopf	0.06574514831160577
hohl	0.06573483144826239
begriffsstutzig	0.06571158306860017
belabern	0.06570777600427188
bequatschen	0.065705988620048
abgehoben	0.06569977394144173
moppelkotze	0.06569792348095874
heiser	0.06568600489592132
ungewohnt	0.06568193815978772
duschen	0.06562258444909232
quasselstrippe	0.06560628868878429
abgedroschen	0.06553783449041943
kiffen	0.06551489473564459
hysterisch	0.06550384992126965
zeiger	0.0654696940401791
feigling	0.06545667408920205
weggehen	0.065428202790568
sterbenslangweilig	0.06541495223170564
frau	0.06540597143358157
fertigmachen	0.06540358672855437
zusammenhanglos	0.06539486843436833
liebeskummer	0.06539120994928292
altmodisch	0.06536408877675746
untreu	0.06536250104335972
egomane	0.0653432998827231
wampe	0.06533015045197774
topfpflanze	0.06532096265192722
pappnase	0.06529646403653491
grunzen	0.06529093431245765
schwindlig	0.06528320842434679
rechtschreibfehler	0.06523715845501303
milchtritt	0.06522316399549723
niemand	0.0652075582332754
abgeschwollen	0.06518822401884367
deppert	0.06518360030483329
verkniffen	0.06516817254205033
sabbeln	0.06515929979002358
katze	0.06515161241634303
schwachmat	0.06514788733401461
kaltherzig	0.06514406575284272
autsch	0.06513904417706214
rausgeschmissen	0.06510971916272015
zahnweh	0.06510467442143764
bauch	0.06509959797421384
arschkalt	0.06509125365943456
juckpulver	0.06507840986593888
verziehen	0.06506844203199251
alleine	0.06506476993369396
waschlappen	0.06504755242758997
undankbar	0.06499374832476534
einschlafen	0.06499009068071301
arschkriecher	0.06498940178745588
tratschen	0.0649681544548874
kusshand	0.0649547007963539
alkoholisch	0.06494801398577163
schieflaufen	0.06493895828037655
schrott	0.06490804322410282
nebenmann	0.06490801229087671
irgendjemand	0.06489821507811466
husten	0.06487494348948049
enttäuscht	0.0648458263247642
quatsch	0.06483039358288564
scheusslich	0.06482337773498759
desinteressiert	0.06480138992355401
diejenige	0.06479509000312307
schimpf	0.06479488515042953
weiterrauchen	0.0647832857785045
verkloppen	0.06477968166907842
unhygienisch	0.06477773999217161
kranker	0.06475594707381183
knilch	0.06474878180953429
fragerei	0.06471991837150205
erwachsener	0.06463712677118243
schubbern	0.06462996232314593
sensibelchen	0.0646110177763454
verdutzt	0.06460508715755828
befruchten	0.06456141985998569
einbilden	0.0645209873004855
drogenfrei	0.06451933919830369
gemach	0.06450417726507035
winzig	0.06450326650238392
scherzkeks	0.06449462761825639
notschlachtung	0.06449223522702395
huch	0.06447923730050953
nervenzusammenbruch	0.06446914165968465
weinend	0.06445924123530221
gekrakel	0.06444205036841139
hinterlaufen	0.06439241141437894
tatschen	0.06437657048011396
hornbrille	0.0643583821753008
aufbleiben	0.0643388269229633
furchtbar	0.06431889650503664
schlampig	0.06430798906288829
auwei	0.06428044880645375
stirn	0.06427248779555537
miefen	0.06426951690008732
ratte	0.06425849117588242
rebellisch	0.06424198142469367
spucken	0.06417318148518875
flunsch	0.06415552736706198
stramm	0.06414856575800919
borstig	0.0641348915121382
kraulen	0.0641120918843364
lauthals	0.06409189882149606
schmiere	0.06404309571215573
anstrengen	0.06399859307399781
wurscht	0.06390303457014358
schmu	0.06388988849143282
allerwertester	0.06386816325119579
unterbelichtet	0.06385277650117305
unterbuttern	0.06385180847061937
runter	0.06383790701086026
pupsen	0.06383214855889037
zeitlang	0.06376196567387882
katzendreck	0.06375550649018083
irrenanstalt	0.06373495089967013
anspannen	0.06372276377696
zahnfee	0.06370664845629914
abschlagen	0.06369410719769845
platt	0.06365778961306956
zecke	0.06365379371058986
triefen	0.06362617246083797
seltsam	0.06358252325489053
seicht	0.06356292395226246
unwissend	0.06355148323738956
missraten	0.06347679037642806
umkippen	0.06347020167834078
unscheinbar	0.0634331588202486
schnupfen	0.06342828027628819
kauleiste	0.0634126486401
grobmotoriker	0.06341111716735448
hucke	0.06338323610206699
hinlegen	0.06336624865385769
schmerzhaft	0.06335995280435336
verschlagen	0.06335299007034918
schnappatmung	0.06335120704526612
ungeschickt	0.06333179199240915
raus	0.06330310615117835
tragisch	0.0632944809287802
kopfschmerztablette	0.06329427982612995
unwirsch	0.06329258896836738
keiner	0.06328201211670353
alkoholiker	0.06328038233963164
aufstehen	0.06327629084643814
herinnen	0.0632477408931888
unpraktisch	0.06323856376484548
furztrocken	0.06320847656760308
warmduscher	0.06320422385399033
jammerlappen	0.06314853898421975
fressen	0.06314808139938838
unsittlich	0.06314267654508693
aufkreuzen	0.063117354618873
spreche	0.06311532383044559
gelbsucht	0.06311490708153326
geschert	0.06309919670823168
abtreiben	0.06307279689705532
zwerchfell	0.06306242977404054
gesabbel	0.06305512491583648
ekel	0.06303271819162821
elendig	0.06301661430224208
erschrecken	0.06301486693239333
schlag	0.06300456127102787
jaulen	0.06298621154643458
zahnstocher	0.06296756933743278
aufreibend	0.06296644793500972
unmotiviertheit	0.06295562797595969
spaghettifresser	0.06294192200715068
tarnung	0.06293702670086598
versager	0.06293318057212041
uninteressant	0.06292477418511605
schnapsleiche	0.0629246512101941
hinten	0.06290926975843174
fliege	0.06287806732608163
vergessen	0.06287777329056454
zottelig	0.06284077134773212
kopp	0.06282650274832528
tennisarm	0.0628145561368363
stutenbissig	0.06280587935664209
ungesund	0.06277404187924229
wespe	0.06275300919463547
hornochse	0.06275161019165858
angewidert	0.06271582034750235
unpassend	0.06269842298832187
wedeln	0.0626505220520436
widerstehen	0.06264441138222715
glied	0.06264088055843822
schwanzlos	0.06264016543620761
platzangst	0.06263751058362636
abfallen	0.06263333761547367
frustrierend	0.06262751998632494
unbewusst	0.06259531312160299
nageln	0.06257417426166725
schnake	0.06257237967217642
hopsen	0.06257083062596576
inkontinent	0.06256337709183472
sterblicher	0.06255740251640998
kompliziert	0.06255344030251214
hirnlos	0.0625107781011086
geisteskrank	0.06250466549105513
gnadenschuss	0.062492035871888854
hintergedanke	0.06248705172176853
versehen	0.06247559168798317
musikantenknochen	0.0624726056191865
abkratzen	0.06246847848012602
abgefallen	0.06245434371723534
wisch	0.0624498919984524
endprodukt	0.062428031195471315
siezen	0.062414067985313564
aufregen	0.06241129991104187
schmarrn	0.062410770171510914
vertauschen	0.06240540648895311
knebeln	0.06238324505675513
fluchen	0.06237369833964543
schrullig	0.062339832056962675
latschen	0.062297181693991795
begafft	0.062295001472492006
sippe	0.06227980438617754
beschreien	0.06226376367140394
abtrocknen	0.0622575327005701
morgenmuffel	0.06225270459032292
zeichnen	0.062236789609345304
unangenehm	0.062219714338272274
undankbarkeit	0.062219647694645344
primitiv	0.06220657337036305
weglaufen	0.0621983447566262
blocken	0.06216517837289821
grottenschlecht	0.06216513919137586
panikattacke	0.06216032406350025
anreden	0.06213004262161813
beinkleid	0.06209774658670477
dekadent	0.06208931002901989
aufscheuchen	0.06205973534327587
vollkommen	0.06205288441645387
besorgt	0.0620265200235454
verkriechen	0.06202436922957297
verzwickt	0.06200535882180874
hirn	0.06199070634332058
erriechen	0.0619699772945521
besinnungslosigkeit	0.06195345737646166
homophob	0.06195292872935069
regenwurm	0.06194397438085695
unwichtig	0.0619258511433613
panisch	0.06192082543083342
boshaft	0.06189721964647952
dusslig	0.061887432813814314
oberfaul	0.06186769881323577
hintreten	0.061855635117553084
wegfahren	0.061850615702492895
gequatsche	0.06184445672853577
stuss	0.06183884518140877
ausspucken	0.06182597182441894
oder	0.06180559184840182
grenzwertig	0.06179903355207077
einlauf	0.06179849427143758
umstimmen	0.061782663248193835
besucherritze	0.06177482468100071
eiern	0.06176976720242173
leidtun	0.06176223177105142
chaotisch	0.061745894925307285
daneben	0.06173924061425125
zwiespalt	0.061723356830902694
auffallen	0.061708563850253945
beschiss	0.06169978025689775
wegziehen	0.06169823266718601
meckern	0.06166637502201795
pfeife	0.06163898381276747
zucken	0.06162752189042339
ungewollt	0.061611075817055085
pusten	0.061581728249314654
auweia	0.06157370398627708
ablenken	0.06153778771657737
schelm	0.06153443380655094
unschön	0.06153416835275915
flach	0.06152537358077858
suppenkasper	0.06152245013589986
verarzten	0.061516677397802685
berieseln	0.06151378221360228
dreck	0.06150767714331101
nachstellen	0.06149477537883551
schleiche	0.06149294944070906
demotiviert	0.06148944235641529
eigenartig	0.06147924787480854
griesgram	0.061469175237375204
rammen	0.06146144271705748
korinthenkacker	0.06144626282718073
durcheinander	0.06141439296787434
charakterlos	0.061409147757529536
esel	0.06140063129997329
klischee	0.06140007766297567
ertragen	0.061399437586196925
wackeln	0.061373334069913944
uralt	0.06135475519800208
merken	0.06135262461001406
verpeilen	0.061350817394207974
stuhlgang	0.06134719752735653
tattergreis	0.06133987303555354
schwamm	0.061299850112296016
sediert	0.06128620740378937
berichtigen	0.06127999178420752
kastrieren	0.06127863781400497
hektisch	0.06127327548979083
kokeln	0.06126695577787568
verscherzen	0.0612216007979371
muss	0.06120157280913717
blubbern	0.06116665974675681
streng	0.06115291090640839
manche	0.06113958869777232
abraten	0.06112175824211631
umtauschen	0.06110764661175634
fusel	0.0610978053219222
abstreiten	0.06106855310095101
fanatisch	0.06106156115134078
seitenstechen	0.06105083563531059
bammel	0.06105077492314842
synchron	0.06104801961447802
apathisch	0.0610287052453807
wadenkrampf	0.06102858724518386
abknallen	0.06102655846221948
dazwischenfunken	0.06102352959683401
vegetarier	0.061010703547463595
schnarchen	0.060999499122493
vergasen	0.060990185394414406
abrackern	0.06098090866134726
muffeln	0.06095795827797365
gegend	0.06095415036125527
sinnfrei	0.06095009221540548
unsauber	0.06093720575339006
irrsinnig	0.0609187403199913
schubsen	0.060905679908755755
ablenkung	0.06087610113428098
erektion	0.06087362788151823
geschimpfe	0.060863581108205174
anbellen	0.06085412740849327
schocken	0.060850161719620544
legostein	0.060850053350543
sinnlos	0.06084924886948067
vorrechnen	0.06084720595643237
gebrabbel	0.06083536035468473
vollnarkose	0.06083046756288026
nacheinander	0.060828894870478274
urinieren	0.06082323690396291
schmerzvoll	0.06080294968615364
erguss	0.060781214671297885
bude	0.06077423176207519
idiotisch	0.060766381552944386
eimer	0.060763359126263496
krabbeln	0.060760334340142746
windelweich	0.060756796721998726
seufzen	0.060717167558558105
engstirnig	0.06071085641604605
schamlos	0.06070683655432916
verletzlich	0.06069971013563306
ablassen	0.06069569372164155
hinziehen	0.060692696524029706
weglassen	0.06069039979485592
ojemine	0.060674475404323205
patzig	0.06066868499844464
verwirren	0.06066699109526324
duden	0.0606353042104761
homophon	0.0605984742785733
herziehen	0.06059814393725965
beschweren	0.06059436155480544
schieben	0.06057152303821326
magenknurren	0.06056476962653663
todkrank	0.060556112282031525
zwiegespalten	0.0605491711230516
miese	0.060541432895467706
maulen	0.060535421114082756
misstrauisch	0.06050996082265487
verdreckt	0.06050228657084157
kabbeln	0.06045927205019038
verzweifelt	0.06045754978367063
seelenstriptease	0.0604531001271275
eingebung	0.06044202992951919
zerhacken	0.060439675474658186
tierchen	0.0604337512557549
gnadenlos	0.06042660021693419
ungehalten	0.06040457848397432
schulter	0.06039323484233018
prostituieren	0.06037285501293995
kinderficker	0.06035998816445722
pillepalle	0.06035379060273901
triggern	0.06035184513673478
kratzen	0.060350198007470796
wichteln	0.060332599303525025
sonnenstich	0.06028589588389539
no-go	0.06026862832173462
behinderter	0.06025057309637524
phlegmatisch	0.06021643768289929
ruppig	0.060211398880967035
winseln	0.0601926168202101
irrenhaus	0.060168701864951504
haufen	0.06016206695737425
luftnot	0.06013938230541765
buckel	0.06013700180320196
schlafwandeln	0.06011875817561693
vollpfosten	0.06010280149740693
wildsau	0.06007571725151799
vierteilen	0.06006793889371918
halbfertig	0.0600559302619302
gassi	0.06005370471030672
totschlagen	0.060045319479245775
hageln	0.06003791113009757
stopfen	0.06003104796641649
verfluchen	0.060017657932072616
fetzen	0.06000460372609662
schorf	0.05999858230444674
schmerzen	0.05996967889912418
zotig	0.05996619837736092
auseinandernehmen	0.05996459631359066
unterschwellig	0.05996365939434496
auftauchen	0.05993854697010397
erbrechen	0.05989656392098026
tobsuchtsanfall	0.05985906253877006
schwachkopf	0.059837050975769655
anagramm	0.059829150595256876
hoffnungslos	0.05982049578579909
doppeldeutigkeit	0.05980369596921004
vorhersehbar	0.059803217712368247
bewegungslos	0.05980117376670899
schreck	0.05979644452083586
daherreden	0.05979640278962991
singsang	0.05978491505882876
undurchschaubar	0.059776200463654096
verwachsen	0.05976394209865773
wackelzahn	0.05976078650859932
unbekleidet	0.059759152209565826
vergammeln	0.05973028430481098
bierernst	0.05972662305803335
kippen	0.0597213567592403
kriechen	0.0596940509716661
unruhig	0.05966761965955941
sklaventreiber	0.05966045696754294
kotzbrocken	0.05965567237115752
nachtragen	0.0596499717334587
blutig	0.05963078586278274
madig	0.05961370481922314
ungebeten	0.059609389280259335
pikiert	0.05960308209701603
schnauben	0.059582719724613556
lieblos	0.05957805527186744
stillos	0.059574617849235706
anlassen	0.05956680485201338
schrieb	0.05955148574455547
allgemeinwissen	0.05954839961458759
bespucken	0.05954787574141481
knurren	0.05954515955403648
aufschreien	0.059544988134395675
geifer	0.05951340216710513
ausschalten	0.05950115328534492
aufblasen	0.05949548240668655
neid	0.05949250361838887
profan	0.05948445590570065
hat	0.05948302662088076
heruntergekommen	0.05947553027222775
verschimmeln	0.059441181893055785
verbrannt	0.05943110348159109
schmieren	0.059361754362730744
wutentbrannt	0.05933696228162682
ballern	0.05932601749517018
verhohnepipeln	0.059314365303826354
sehnerv	0.059302565704695345
riechsalz	0.059301077151615
grob	0.059299904025714036
amputieren	0.05926402832073346
kleiden	0.05925549789922594
schwachsinn	0.059251564415551086
raufen	0.05921621076244833
keifen	0.05921411782957232
finster	0.05920846897569825
belanglos	0.059204673745577405
mimen	0.059182692557416004
unbedacht	0.059175086296081994
abbrechen	0.05913225967190909
knirps	0.05910767913898281
unappetitlich	0.059105795192289146
ehekrach	0.0590972718994243
doppler-effekt	0.05907783440239214
herausfordern	0.05906855585657548
deplatziert	0.05906176364674848
bestrafung	0.05902591113666858
wessi	0.059019872017651305
schmoren	0.059016828839772426
schizophren	0.059011031753190175
einklemmen	0.059009863724698984
beschimpfen	0.05900880813411407
kohlen	0.05900473870858246
ruckartig	0.05895956141944029
zigarettenrauch	0.058936216423419105
qualvoll	0.05893484553978997
einander	0.05893039008611782
verpetzen	0.05892332597960169
ungerecht	0.05889413779147275
einbrennen	0.058839305452414156
brechmittel	0.05883922720968793
schmiss	0.05882958827787386
trollen	0.0588057561821952
unsicher	0.058803734404811264
wegkommen	0.05879151143656503
stur	0.05877795248794076
weder	0.05876384569303553
kleingeld	0.058711789281717185
stimmlage	0.05871173675123675
unverheiratet	0.05868908801950356
unbeteiligt	0.058677734040991594
hochtrabend	0.058660853451866966
unbedeutend	0.05865820264267706
zerschneiden	0.058574330561182664
unterbewusstsein	0.05857163688505342
muffensausen	0.05856963686732279
abstellen	0.05854059973578981
jammern	0.05853521920475107
herumhacken	0.05852142758672553
unfreiwillig	0.05850143677728936
schweinerei	0.05846420033283427
versuchen	0.05846417476908601
instinktiv	0.05845746896912273
verzweifeln	0.05844760302978942
wahnsinniger	0.05843226263334782
suboptimal	0.05843023070191597
ausmisten	0.058428724858932635
leichtsinnigkeit	0.05841956158845696
wunde	0.058412610515863536
kardiologin	0.05838422079397555
narkose	0.058375541442421144
unaufgefordert	0.05833804798691928
befremdlich	0.058335208642418125
charakterschwach	0.05833149513804884
traumatisieren	0.05831955722501843
herumwuseln	0.0582825216039997
gedankenlos	0.05828199930872078
verwickeln	0.05825890867315524
abfackeln	0.0582349706148429
schlange	0.058230883777173545
furchterregend	0.0582057537764139
schwierig	0.058200392395052196
inkompetent	0.05819394624705732
zumuten	0.05817173219376501
behelfen	0.0581676049193964
ungeordnet	0.05816246389234393
unfähig	0.05815839213447519
neudeutsch	0.05813173363027947
kreislauf	0.05809617351019194
entgegnen	0.058072113388021686
abschreckend	0.058066169701310004
prophylaktisch	0.058060088092805585
larifari	0.058050289662119614
missmutig	0.0580367040860839
meute	0.05802070189077431
zimperlich	0.0579966879169063
kurzsichtig	0.05795055141124883
sterilisieren	0.05792382202812576
frustriert	0.057913336272524124
dressieren	0.05790285552557363
preisschild	0.0578933215153281
untergehen	0.057834551405425
loswerden	0.057822475758538605
verzapfen	0.05780668514900305
einzig	0.05780390693968841
fehl	0.057800614885210655
wegtreten	0.05777843814486391
unfein	0.057765694819729395
zusammenbrechen	0.05775411191161892
abschreiben	0.05775031514174468
neidhammel	0.05774825685115902
einschlagen	0.05771997105166704
verdummen	0.057672779715962415
schaukeln	0.05766356016504
verscharren	0.05763938792745184
schmerzlich	0.057638431254881085
zerfressen	0.05762940434885821
verwechseln	0.057624436442895624
profilneurose	0.05760808264875512
herumlungern	0.057601584361831756
erahnen	0.05753380369866903
unfreundlichkeit	0.0575277863668717
gewissen	0.05751543053483545
verletzen	0.05750223986580074
schummeln	0.05746532439526329
einordnen	0.05742168511794759
erfrieren	0.05741767820033513
unlesbar	0.057407326338831256
hieb	0.05740558532213092
bekleckern	0.05738206999894899
irritieren	0.05737741466605629
hilflos	0.05736937974414338
achtlos	0.05735894867440458
verkopft	0.05734629349718649
fremder	0.05734311656704491
sprachzentrum	0.05733459535052489
ausbaden	0.057281807314618
asoziale	0.05719958567286551
witzfigur	0.05719479498356994
unterentwickelt	0.05716447537346284
soll	0.05715322656204334
metaphysisch	0.05713067400889157
steinigen	0.05713051739767464
sezieren	0.057128729368333714
wischen	0.05710919713986305
abdrehen	0.05710621674062501
zeitverschwendung	0.05710521071380183
entsetzlich	0.05708871463653063
schinden	0.05708525960777703
verachten	0.0570684317737862
ausgestorben	0.05705121812345461
enden	0.057041942253401076
wurstblatt	0.05703406981759809
schmerz	0.05698405136292947
disziplinlos	0.056966929031605294
rechthaberisch	0.05696565953838622
stecken	0.05695133171889101
umnieten	0.056936256901032
verwursten	0.05690170921750896
selbstironie	0.05689368970871507
unverständlich	0.056883174375180666
desillusioniert	0.056833926511718674
schauderhaft	0.05683065273215044
alkoholpegel	0.05682562058966829
sauhaufen	0.056818938197600394
schreiberling	0.05681595577670027
meinerseits	0.0568013330565068
inkorrekt	0.05677976560143629
geiz	0.05676723794504318
bekehren	0.056751952037883635
zerren	0.05675190967999646
entbehren	0.05674913880339423
kontern	0.05674162964939458
schleppen	0.05674078312005531
streiterei	0.05673819830794991
zetern	0.05670594398637416
provozieren	0.05670206983879047
aufschlagen	0.056699856455088
heidenangst	0.056694010548654306
getrost	0.05668763709669961
abladen	0.05664359207011986
tyrannisieren	0.056633992885490085
verhasst	0.056624776762064975
vorgaukeln	0.05661298881212964
meucheln	0.05661103693548429
unehrlich	0.05655708649458812
leichtsinnig	0.05655588442547807
missverstehen	0.05654120868636588
entzug	0.056537862085737564
unterbrechen	0.05653357012516784
inkonsistenz	0.05650732205618224
hecheln	0.056505507897364936
ankreuzen	0.05646191857906369
unzivilisiert	0.056459780909560484
nachteil	0.056458985230612865
genieren	0.05644800560043713
bedient	0.056444074307977495
schielen	0.056398063819728
aufblitzen	0.05637840129712867
verwerfen	0.05625754723884675
ellenlang	0.05624916940253241
anecken	0.0562426885072123
sorge	0.0562100404025666
deinerseits	0.05620877710765908
verworren	0.05620720466222707
taubstumm	0.0561821124170981
stottern	0.05606444356844504
mutieren	0.05605101425188381
ekelerregend	0.05601512925009977
zerbrechen	0.05600733266092088
verarschung	0.05600249341850955
zappeln	0.05600127008484782
sesselfurzer	0.05598348527521761
gefasel	0.0559796246545751
lasch	0.05597467744477842
poltern	0.05594071853512552
ersticken	0.0559228732497433
leeren	0.05591301694745077
niederschmetternd	0.05585570711684682
verfetten	0.05582061990340087
beschnitten	0.05581809255396837
anwesenheit	0.0558145026209879
kleinkariert	0.05580907384863604
gesindel	0.055796886641479145
denkfaul	0.05572792220838266
ungenau	0.05571341691161558
vorurteil	0.05567418226742832
umkommen	0.05559654034148806
abneigung	0.055593225024262075
masochismus	0.05557052444003511
verrennen	0.055549535416141035
verschlingen	0.05552772368205905
lechzen	0.05552569529816906
verschwenden	0.055504954387267005
unqualifiziert	0.05549674505806238
ersaufen	0.055490938856004486
voreilig	0.05546653961029259
hausieren	0.055466187333032914
zerstreut	0.05546157675626682
kohle	0.055453728721128186
grausen	0.05541619764390155
zumutung	0.05541048925281504
veralbern	0.05539432463592958
unbefriedigend	0.05536204728245888
scham	0.05532894921098275
umlegen	0.05531675124319452
schmarren	0.055312046872348045
unklug	0.05530338227911011
palavern	0.055289093183451564
behelligen	0.05524832168744259
bestechen	0.05524539336817485
verfallen	0.05523659551184489
durchfallen	0.055236507609649835
schuldige	0.05523275982060287
zornig	0.05522192275044388
unkontrolliert	0.05519477711995592
vorenthalten	0.0551635461650684
frustrieren	0.055145437836268824
narzisst	0.05513693705952616
schockierend	0.055115270138419936
konfrontieren	0.05511389516318982
erregen	0.055098363518813434
untertauchen	0.05508334731329049
fernhalten	0.05506846698796522
verwerflich	0.05501316574463987
riskieren	0.05500697601763209
unterirdisch	0.05499715058969055
streiten	0.054964471425673726
reklamieren	0.05495741278636628
gegenmittel	0.054900444897496466
freudlos	0.05489654923408625
sprechdurchfall	0.05483849806305699
antipathie	0.05479036356418686
vorwerfen	0.05478273467566742
zweitrangig	0.05478221054854689
unzufrieden	0.05475998127711345
verzweiflung	0.05475666535691494
leere	0.054740666454872244
pathologisch	0.05468730759974035
kleinkriegen	0.05465631139561177
verachtet	0.05464411232089087
eingehen	0.05464393563414234
handgemenge	0.05458978113349867
lobotomie	0.054586597628903576
androhen	0.0545748139314396
nebensatz	0.054545739551866965
wursteln	0.05454563537454176
beunruhigend	0.05454320694618033
makel	0.05453876715777393
abkupfern	0.05449994096709416
ruinieren	0.0544657726973914
fremdwort	0.054426959283391564
erschreckend	0.0544046443624489
ausspruch	0.054396244064705085
zyniker	0.0543914760663041
kranke	0.05438130029719168
schaudern	0.054351618464497764
nachgehen	0.05434075871264631
funken	0.05433388027711605
wertlos	0.054310874551389894
abtun	0.05430928820826386
verleiten	0.054284768488143655
verlogen	0.05428433103085475
mangeln	0.054271744455507906
aufplustern	0.05422707470564292
einerlei	0.05421415383150716
zwingen	0.05420750828336595
spezies	0.05413253947999185
verschrecken	0.05412984470823697
heucheln	0.054114667405829125
gesocks	0.054113393870917466
abstumpfen	0.05410066276060152
auslegen	0.05406129532456527
aufbringen	0.05403759144907418
aussichtslos	0.053999231472648804
arbeitslos	0.05396999630314126
verbohrt	0.05394664466395937
unsinnig	0.05392089484596465
laienhaft	0.0539030895189929
wegsehen	0.053826559605779215
wollen	0.05382222866913046
leugnen	0.05381306245861299
schwafeln	0.05373093079492846
verlustig	0.053659658570797034
schockieren	0.05362694201353823
lamentieren	0.053573771907556675
seinerseits	0.05356299439907546
unmoralisch	0.05350728013177695
bedeutungslos	0.05348603137547967
unding	0.053485095888813686
aufgebracht	0.05346689172747841
wischiwaschi	0.053441568706848304
penetranz	0.05342050082313731
unterlassen	0.053377771643704885
feindselig	0.05335350148363922
scheuklappe	0.05333903401838299
willentlich	0.0532542152269527
heillos	0.05324641675894771
zwecklos	0.05306778536759758
ungerechtfertigt	0.05300534478651446
unsinn	0.05296013161042324
schlechtreden	0.05295745704749848
unrecht	0.05291360955558193
widersprechen	0.05271462970644237
reaktion	0.05268663802834944
unwillig	0.05240262737263437
