sexsklavin	0.14160256899023135
transe	0.13915658349424678
bengel	0.1361697113779526
spanner	0.13587082070620288
schlampen	0.1346582568973063
fetisch	0.12993520379690815
schwanzlutscher	0.12981661661134808
prengel	0.12950034910770702
extase	0.1291614041133984
kanacke	0.1287174396201427
arschficker	0.12849743911220712
fotzen	0.12841367593703565
strippen	0.12632246786295998
flittchen	0.12594917124240174
ficken	0.12562162012812417
tunte	0.12456270723943179
mutterficker	0.12406157857314143
blasen	0.1226401052682698
arschfick	0.12177095156698424
notgeil	0.12138385796764908
knackarsch	0.12127033395908
sperma	0.12122469686251561
hundesohn	0.12093074029669731
fotzenlecker	0.12016588740874341
arschgeburt	0.11900947518502306
nymphoman	0.11892596027784026
anblasen	0.11873333793209202
lümmel	0.11866930749257473
fotzenknecht	0.11812452767372203
brillenschlange	0.1178800663047017
rohrstock	0.11744120331498875
tussi	0.11733184765266771
lutschen	0.11715163124442879
tippse	0.11703125891842935
arschgefickt	0.11684188577341349
vögeln	0.11657081273140338
russin	0.11631618798764369
stöhnen	0.11611257470264043
ehrenlos	0.1160409087257463
minusmensch	0.11569921228420736
miststück	0.11539527982427716
lecken	0.1150120001014374
brüsten	0.11440056040570261
abspritzen	0.11413296166254043
spüren	0.11372975510573723
lustknabe	0.1136504487411051
titte	0.11315966507735124
schlappschwanz	0.11309566326683207
anpissen	0.11306732317811043
abgewichst	0.11289706397648362
aussaugen	0.11288683772156932
orgasmus	0.11232885469690292
rothaarig	0.11186978128400979
anmachspruch	0.11181643292791911
pisse	0.11171706047637704
schucken	0.1116886762340976
durchficken	0.11167105369240093
pummelig	0.11126347764093464
bratze	0.11124984695320005
abblasen	0.11117955802202181
peitsche	0.11105322321863366
pissen	0.11097147610189187
gedehnt	0.11079615668166146
prügel	0.1103754032348854
früchtchen	0.11009456667925635
stricher	0.10995594581025199
wixxer	0.10991278398492459
pimpern	0.10980719113983829
spalte	0.10960289707386865
frivol	0.10954907247645727
nymphomanisch	0.10905894190800808
hasch	0.10896606680413386
analkette	0.10884296772177843
nuttensohn	0.10859745088960893
spritzen	0.10844507546508728
lappen	0.10805373585952467
dreckskind	0.10782160498057528
untermensch	0.10763092674521704
versohlen	0.10745641908204966
blase	0.10722216442293851
gelabber	0.10719055836243846
missgestalt	0.10711630794051603
fickfehler	0.1070798143664952
dildo	0.10645664972743335
hurentochter	0.1063132607906811
bepissen	0.10621511343289135
unrasiert	0.10592139810519638
spitzname	0.10591351839314428
eierkopf	0.10587011833836903
nuttenkind	0.10550673515753733
lutscher	0.10547675662841319
zerficken	0.10528024377938114
mistkind	0.10461794296647196
heftig	0.10461046795576048
kanalratte	0.1044462325516957
sklaventreiberin	0.10388403865230883
stiefmutter	0.10388196548139916
fettsack	0.10372635966353382
mannsweib	0.10361996802968781
arschgesicht	0.10292326162775288
legasthenikerin	0.10277121105868188
tucke	0.10267672039034649
milchbubi	0.10228559886821342
anlabern	0.10208876717330675
nachname	0.10204460519092579
labersack	0.10179420372283011
geldgeil	0.1017678275785588
arschkind	0.10174812227938834
japse	0.10173117800122802
du	0.101287053955191
vollspast	0.10121175096828237
eingebildet	0.10113623041753997
schreckschraube	0.10096664691614549
verrucht	0.10094811379179068
spackig	0.10029530316718016
sackratte	0.10022754044296776
klingelstreich	0.10021541309226456
abgehen	0.1001216070040985
kacker	0.10009840788352918
dussel	0.09973375366494179
gutaussehend	0.09969941947980884
pottsau	0.09916016263518483
kerle	0.09912681226190909
ungeschminkt	0.0989864869841892
ohrwurm	0.09895561599788083
nille	0.09893138147582917
dirne	0.0988686769726674
ungezogen	0.0987398088943219
zicke	0.09829339670436157
labbern	0.09773423144761016
flachlegen	0.09766736420893957
schirch	0.09757250581004358
selbstverliebt	0.09751909289246571
horrorfilm	0.09721913410216511
unlustig	0.09714118728653091
bespritzen	0.09693676786136338
einseifen	0.0968798575547871
hartzen	0.09679958983425056
kackbratze	0.09648388661070663
feucht	0.09647963152381399
schmock	0.09617668018304305
unfair	0.09610691466371764
macker	0.09602739149482625
schlingel	0.09602307696943
pimmelgesicht	0.09558210183232514
schwuler	0.09533537558576169
schleimer	0.09502362647744635
er	0.09490945403969285
haarig	0.09467249611158711
gottverdammt	0.09466401133348805
verkackter	0.09457613461262541
trottelig	0.09454393543889122
spacko	0.0945027002039034
softporno	0.09439925705593165
strohdumm	0.09436291413570334
abgehalftert	0.09434933569713623
gesichtselfmeter	0.09429129992226112
arschlos	0.09414106766671848
sackgesicht	0.0940943421837296
bart	0.09401362507438335
boah	0.09397898341402539
toupieren	0.09387687253409177
gammler	0.09371017579672943
lockenkopf	0.0935864869020336
übertrieben	0.09340289908131941
verkuppeln	0.09331804663720268
arschgeige	0.09330706993149242
affenarsch	0.0932443795032353
teufelsdreier	0.09318195481692343
schlawiner	0.09303883774216935
feuchten	0.09289229529369325
melodramatisch	0.0926700939877973
gammelig	0.09262500587990015
untalentiert	0.09258320269282405
zweideutig	0.09252661038642887
unnötig	0.09242938281882118
wütend	0.09235205800106888
pimpf	0.0923108980201116
schnepfe	0.09230083244310947
schisser	0.0921833121960613
unhöflich	0.09217320332632532
würgen	0.09198650816372293
reallife	0.09192543301855884
wuschelkopf	0.09172183692912625
bocken	0.09158875998101904
steif	0.09128673398799557
hackfresse	0.0912559160884802
saufabend	0.09124925198875891
vegetarierin	0.0912393176705326
landei	0.09123203453491045
nackt	0.09121581323046674
stinkstiefel	0.09112729962744001
sahneschnitte	0.09103280276995145
unbefriedigt	0.09102592489387126
verfickt	0.09091760434181098
flachwichser	0.09088663254763145
backpfeife	0.09088143109124028
piercen	0.09084720285519203
schwuli	0.09081843082797458
prollig	0.09075154114540059
frischling	0.09071632264717469
verfressen	0.09066707652976341
grütze	0.09057473137490234
fettarsch	0.09051501676714344
zotteln	0.09049239522222301
schrulle	0.09029968918260037
arschig	0.09026446546114067
stalken	0.09018576239889564
heulsuse	0.09016827369735443
unchillig	0.09004406698884874
vde	0.08996406933277931
negerkuss	0.08988284539998498
entstellt	0.08985145133900665
bedeppert	0.08984033644683877
geschreie	0.08978266576731504
schickse	0.08972381832452975
schiss	0.0896995488735363
schwulenfeindlich	0.08960007473966351
spastiker	0.08959241305217042
fresssack	0.0895293272999075
grindig	0.0894833034917716
sickig	0.08948305672125496
ach	0.08946519280747875
abmurksen	0.0894242787524126
garnichts	0.08940438700801938
fetten	0.08929823932193777
textile	0.08929450778773965
petze	0.08925449862411768
dialekt	0.08916860163247575
entblocken	0.08907768425816637
suff	0.08905041132038753
ferkel	0.08891379524214948
schnitte	0.08886620662439958
verdorben	0.08882001590311518
behaarung	0.08878955916057489
nacktbaden	0.088715372494811
verpissen	0.08867721064029087
zwillingsschwester	0.08865497816216532
dummerchen	0.08859280526486428
morgenlatte	0.08854815855112737
abrasieren	0.08851266792588607
labertasche	0.08849536658143885
ausrasten	0.08836741432937976
nervös	0.08820734025958496
intelligenzbestie	0.08814331429116383
undefinierbar	0.08805880042811975
hau	0.0880265908467982
umbringen	0.08800993503169388
kuhkaff	0.0879812978867696
nackig	0.08794704057724484
dreckskerl	0.08792110892912278
haaren	0.0878366697567994
raucherin	0.08778846469467176
memme	0.08775747916568215
grufti	0.08757014563391106
viech	0.08752532456287869
gemein	0.0874975007397864
rüber	0.087479255261104
abkacken	0.0874545707342665
woher	0.08735719162604591
pavian	0.08735422663227378
kurven	0.08732942451322691
hyperaktiv	0.08732391085358719
dickkopf	0.0873076672940781
stupsen	0.08717712712162266
aufgeregt	0.08712152884287439
verficken	0.08704835814119702
alk	0.08680140489925653
babbeln	0.08679816342832858
proll	0.08671802052380047
rücksichtslos	0.08666539345318704
schmutzfink	0.08665302844719941
schmatzen	0.08661904089316615
headbangen	0.08659768838188919
weichei	0.08657740628392382
verlobte	0.08645170272456305
vollbart	0.08642192719485091
mann	0.0863833266545554
nappel	0.0863694797914732
besoffen	0.08627202362527774
dreh	0.08626997609838766
penisbruch	0.08615007454615131
faltig	0.08612529189575059
unwohl	0.08611898896022574
lass	0.08611330800942472
talentfrei	0.08609808765300228
idiotin	0.08604810167434389
japanisch	0.08600840349596327
wildenbruch	0.08592989348662203
unleidig	0.08590885473469954
unmensch	0.08580798768529774
stinktier	0.08573722324847774
hinterlistig	0.08567568128065585
vorlaut	0.08565731170961417
fatzke	0.0856342439193973
dicklich	0.08562998649224075
trulla	0.0854891564838867
gruslig	0.08548339440239748
schnecke	0.08545725498782866
muttermal	0.08545317668306406
abklatsch	0.08544709370374103
flitzpiepe	0.08543765124025789
buschschwein	0.08538533767124941
strahl	0.08536701182568453
drecksack	0.08536198972274707
strumpfhose	0.08529972580008258
kuss	0.08528898885019094
war	0.08528436611494616
thallium	0.08526326216915085
necken	0.08517914017270235
kimme	0.08511308341504377
gruselig	0.08511057168614464
mund	0.08507925928058933
rwk	0.085043204089079
flennen	0.08493519348698134
strafarbeit	0.0849346937139623
glatzkopf	0.08480769942062485
hodensack	0.08476608674818231
spritze	0.08474912756013188
verkacken	0.08473965174324746
verschissen	0.08470107716834822
ankotzen	0.08455732912754008
sindse	0.0845379029410286
ziegenbart	0.08452724755935251
fremdschämen	0.08447377892952941
koks	0.08446157634958659
sack	0.08445185118563188
halbglatze	0.08443111413758632
asozialer	0.08441573369890906
schrecklich	0.0843589875338652
schwein	0.08435095044841208
neffe	0.0843442018668059
hampelmann	0.08428174011893912
nuttendiesel	0.0842515020630526
pennen	0.08420446767051347
sterbenskrank	0.08415482915287055
deprimiert	0.084138579405575
fliesentisch	0.08409100090180292
laufmasche	0.0840725392737058
nein	0.08406635819788885
angetrunken	0.0840511576523451
ungeduscht	0.08404941832944811
fremd	0.08398123517484697
herzchen	0.0839692983940946
sonnenbank	0.08389493894852906
übertreiben	0.08388899968257804
gebrechlich	0.08387427417979659
sturmfrei	0.08385734757117604
menno	0.08381627377685685
klatsch	0.08380660352443259
nimmer	0.08379457646825547
betrunken	0.08377684607506275
schlosshund	0.08374789786297537
heulen	0.08373741297871534
verabscheut	0.08366688635353287
unfreundlich	0.08362670659191239
moppel	0.08361523554398946
schuft	0.0836091688230161
frostbeule	0.08350583396277647
begrabbeln	0.0834819880790376
schwulenbar	0.08347512144259328
schusselig	0.08346708462633705
zurückhalten	0.0834449883063438
wehleidig	0.08342424603643647
herzlos	0.08337764483801653
notschlachten	0.08337218218597056
schmierig	0.08334000149887255
rotz	0.08330578409003385
hungrig	0.08328820095464173
knarre	0.08326195051292484
wehe	0.08321501659107018
dumpfbacke	0.08315828623673933
man	0.08312553789286255
farbenblind	0.08310035499285645
erwachsen	0.08309691593221331
popel	0.0830480797963288
spruch	0.08304534792308588
zombiefilm	0.08303620943967419
vieh	0.08299841599007288
langweiler	0.08295791950268812
ungehobelt	0.08291712951456702
melancholisch	0.0828163304150912
unsportlich	0.08280632370166909
mistvieh	0.08280118407432285
bisschen	0.08279377196056553
konversation	0.0827778437214367
bierschiss	0.08274639519424294
beknackt	0.08274147559030817
buschfunk	0.0827240043459552
todmüde	0.08269007389185984
steinalt	0.08267705159343959
kuhdorf	0.08267466935565013
pieseln	0.08264227401060842
petzen	0.08260414308463676
pudern	0.0825683465314262
hohlkopf	0.08256670486547904
untertreiben	0.08255686678180318
abgeneigt	0.082534004307908
schlaumeier	0.08250732112299729
mal	0.08249872132135479
taschenbillard	0.08249612117861883
kratzig	0.08242897586277803
lahmarschig	0.08242163880956062
banause	0.08239597332337888
unlogisch	0.08237576499942417
kopfnuss	0.08226883103447129
freistunde	0.0822274480347698
beschwipst	0.0822235814359772
matschbirne	0.0821878052218309
unabsichtlich	0.08218361529037996
zusehen	0.08218253065706758
itaker	0.08213842079811563
rubbeln	0.08212857245384483
schlapp	0.08204855695028306
dorftrottel	0.08204403423834614
klamotte	0.08202718426910675
waldschrat	0.08201817952811638
vermissen	0.08198928231425767
dusselig	0.08192844512988796
schmutzig	0.0819264445872425
durstig	0.08189776378110117
schlabbern	0.08187435538150536
putze	0.08186487573637276
kaff	0.08186297701756706
aufgeweckt	0.08184934531040851
hach	0.081818649112784
singen	0.08176632918019305
sippschaft	0.08176558847902674
bekritzeln	0.08175211839411727
undiszipliniert	0.08164052596353075
abwesend	0.08161013252233679
einsam	0.08158123954232124
kirre	0.08157607489945733
quatschen	0.081534245266023
wahnsinnig	0.08152665111897575
abschminken	0.08150178111896406
komma	0.08149226724808609
hase	0.08148280403382319
witzbold	0.08148140352281424
kotze	0.08144497570918043
animalia	0.08141910483794378
brabbeln	0.0814034552682822
bema	0.08140001902432577
grottig	0.0813865846389785
zeugs	0.08127764999194864
quasseln	0.08126014328912143
dfv	0.08123980822269469
grimmig	0.08119890754079422
pejorativ	0.08114137303179621
putzfimmel	0.08102322273034927
langweilen	0.08100762059332547
arschbacke	0.08095545033162407
anorektisch	0.08093745079473773
gammeln	0.08091148405068876
verkleiden	0.08088576637464555
karre	0.08088138345200387
weinerlich	0.08087342581050996
struppig	0.08086194752346337
kaltherzig	0.08085072710630842
abgehoben	0.0808492837666801
quasselstrippe	0.08078986930353321
garstig	0.0807651937144555
aggressiv	0.08076190213766515
zeug	0.08074888602081791
balsa	0.0807432586683365
herzschmerz	0.0807389208053662
blutmangel	0.08072217131114598
belabern	0.08068543241305697
ausgemergelt	0.08062782866057126
wehtun	0.08062762771951486
pickel	0.08060629629164123
begriffsstutzig	0.08060243179207989
plinse	0.08059303569661119
einfallslos	0.08056946847675175
beule	0.08056783644312947
bequatschen	0.08054662349553925
feigling	0.0805374060086313
schnuppe	0.0805245414964787
grenzdebil	0.08052415998037403
spontan	0.0805200043129993
arschkriecher	0.08048783216279604
pinkeln	0.0804811001889126
sterbenslangweilig	0.08047282302449918
leberfleck	0.08046316707822142
heimzahlen	0.08043626751577149
holzkopf	0.08040855883536487
schwachmat	0.08040355291313556
ärgern	0.08039040233237206
gekrakel	0.08037741857037531
striemen	0.08033824764204889
weichklopfen	0.08032630875088985
abgedroschen	0.08031522299667404
mundfaul	0.08031145627289024
schwindelig	0.08029919065638093
anstrengend	0.08028029634701922
rechtschreibfehler	0.0802802777212164
heiser	0.080262129422791
hohl	0.08025557498445056
krumm	0.08024141647614284
niemand	0.0802204273699156
miesepetrig	0.080215066757408
gesabber	0.08021454276550435
kiffen	0.08019038854725562
untreu	0.08016703837450953
egomane	0.08014309020570379
unterleib	0.08011761488443811
rumgammeln	0.08009913199469307
drogenfrei	0.08005107402662658
besaufen	0.08003581763937213
moppelkotze	0.0800287399292354
zusammenhanglos	0.07999749370332303
schauder	0.07997517035481679
pappnase	0.0799535307719235
deppert	0.07993461723281972
liebeskummer	0.07990915710504005
frau	0.07988358807401778
undankbar	0.07987842373287664
irrenanstalt	0.07985522973654446
altmodisch	0.07985052868951283
bartstoppel	0.07984531415948674
sabbeln	0.07984511614168587
hysterisch	0.07982430653406468
pegasos	0.0797537676055996
fragerei	0.07973464725198895
ungewohnt	0.07970125616207134
verkniffen	0.079662702761643
rausgeschmissen	0.07964606003694447
zeiger	0.07963382673676134
diejenige	0.0795503378494452
grunzen	0.07953879057926386
verziehen	0.07951388747957008
bizarr	0.07950707092421319
kranker	0.07950029952982983
irgendjemand	0.07949478513686194
quatsch	0.07946298279476582
fertigmachen	0.07946136001579036
weggehen	0.07940849257394825
mückenstich	0.079380358146032
alleine	0.07936029553161823
desinteressiert	0.07933954015401662
kusshand	0.0793182792297703
autsch	0.07931563074832768
schieflaufen	0.07928597600673243
schimpf	0.07927293021709904
topfpflanze	0.07927224657811152
schrott	0.07926575026950874
bemba	0.07923665722968604
spreche	0.07919457831798218
tratschen	0.07917866000808503
weiterrauchen	0.07917351763980514
verkloppen	0.0791464001704168
wampe	0.07911924168186357
schwindlig	0.0791132607468014
sensibelchen	0.07910040281203982
nebenmann	0.07908575563126649
scherzkeks	0.07907499598543781
pech	0.07904750148607587
aufbleiben	0.07902951365944816
erwachsener	0.07902409305979537
nass	0.07901535674431583
einschlafen	0.07900787267887091
seicht	0.07899128304624181
lästig	0.07897602505678003
ausknocken	0.07893386122308628
schlampig	0.07891773882104695
einbilden	0.07888504140861297
zahnweh	0.07886422259083632
nigl	0.07886209105837011
gelbsucht	0.07877726281003383
furchtbar	0.07876047534840003
puh	0.07872976867652304
huch	0.07872571124191263
hinterlaufen	0.07869219127829184
scheusslich	0.07867246414928343
duschen	0.07867171819254944
weinend	0.07856235675580066
dwv	0.07855318309528525
gemach	0.07854913057564511
waschlappen	0.07854861574167125
nervenzusammenbruch	0.07853725063138277
unterbelichtet	0.07853348983286615
abgeschwollen	0.07851783126907139
verdutzt	0.07851403875827641
lauthals	0.07840070728068473
stinker	0.07836914657263128
wurscht	0.07835568534520951
unterbuttern	0.07835554207234564
befruchten	0.07835519419633143
alkoholisch	0.07832039839026463
anstrengen	0.07828486370543786
abtreiben	0.07826274952779973
ratte	0.07826208627529592
unwissend	0.0782080978342388
drehe	0.07820411355080338
katze	0.07818914995101071
stramm	0.07817318573047134
hucke	0.07813217021773146
rebellisch	0.07812337283632391
unhygienisch	0.07807927490643787
saline	0.07807435886608467
arschkalt	0.07805511280222059
spucken	0.07805442676449284
knilch	0.07803605738134375
winzig	0.07802760548252664
husten	0.0780092788770728
seltsam	0.07800076572290143
antialkoholiker	0.07793208836775126
notschlachtung	0.07790891879716288
miefen	0.07788753756687739
geisteskrank	0.07787553528697906
bauch	0.07784864274514859
teleportieren	0.07779825739032295
hibbeln	0.07778335004410425
milchtritt	0.07775252301644987
verschlagen	0.07774278097598769
tragisch	0.07773997388612795
zeitlang	0.07773303652872887
schreibfaul	0.07771261439774957
stirn	0.07768919339113091
jammerlappen	0.0776788198533509
hornbrille	0.07765471437622212
auwei	0.07765420747583322
schlag	0.07763363483912218
zecke	0.07761262393905687
platt	0.07759265579513643
zahnfee	0.07756312562695149
keiner	0.07754835130664904
gesabbel	0.07754421886077448
runter	0.07751253254135418
schmu	0.07749839815585673
katzendreck	0.07747226894097102
pickelgesicht	0.07747209963391413
juckpulver	0.07745814693336868
elendig	0.07742685477339199
fuchsteufelswild	0.0774241138987603
ungeschickt	0.07739382206125327
pupsen	0.07738582149975613
hirnlos	0.07736379293135422
binnenstaat	0.0773633665378665
schmerzhaft	0.07733728131339358
schnappatmung	0.07732282685598708
tatschen	0.07728777714358083
umkippen	0.07727669622199089
primitiv	0.07727172696046047
geschert	0.07725911136506211
abschlagen	0.07725392918295827
unpraktisch	0.07725006300789189
grobmotoriker	0.07724894208377067
schubbern	0.07724654465080205
raus	0.07723219962453133
flitschen	0.07722677579773778
uninteressant	0.07721160451920912
aufreibend	0.07720417508108542
warmduscher	0.07720050929061002
spaghettifresser	0.07719499506669113
aufkreuzen	0.07717294736841945
hinlegen	0.07714717371024632
missraten	0.07714240368734593
flunsch	0.07713973255907286
angewidert	0.07711833965856033
ungeduldig	0.07708670763852857
druckstelle	0.0770733234298571
alkoholiker	0.07706101541666344
borstig	0.07702048026430407
unwirsch	0.0770122352605619
charakterlos	0.07696012983729046
nabelbruch	0.0769481433593505
siezen	0.07693986513868255
gnadenschuss	0.07693953086191982
ehemann	0.07693825817416151
sippe	0.07693661546061867
homophob	0.076934743807934
ekel	0.07693207023005713
unpassend	0.07691398679961388
kompliziert	0.07691256828119614
kartoffel	0.07690027613574246
frustrierend	0.07689817569630043
unsittlich	0.07689424131693798
pathogen	0.07687137822215265
schnapsleiche	0.07685506428952397
aufstehen	0.0768383802612925
allerwertester	0.07683671677714157
schrullig	0.07680986469917449
knebeln	0.0767808195890297
schwanzlos	0.07677027378345964
kraulen	0.0767591571357881
unscharf	0.07675143739954
hornochse	0.0767418327145627
undankbarkeit	0.07673151354527447
vergessen	0.07672138217711892
jaulen	0.07672085821235698
hintergedanke	0.07671436259009227
grottenschlecht	0.07671316236086877
erschrecken	0.07671145918784456
aufregen	0.07670061907036495
tarnung	0.07663495087205319
fressen	0.0766198588987543
leichtsinnsfehler	0.0766168477537226
endprodukt	0.07661574393122368
zeichnen	0.07661530257149725
zwerchfell	0.0765999729270264
unbewusst	0.07654140743539892
kauleiste	0.07653981644183454
leidtun	0.07652577584597152
anreden	0.07651674453385364
fliege	0.07649303755566868
besorgt	0.0764833297447699
schmarrn	0.07646314864674994
schnupfen	0.07646136673524818
unscheinbar	0.07645984575355884
unmotiviertheit	0.0764410255393822
etepetete	0.076423396681579
dusslig	0.07640870891297731
boshaft	0.07640132683675487
vertauschen	0.07639164790496886
schmiere	0.07635921634117866
blocken	0.07633573398599584
schweizerisch	0.07632659531809863
tennisarm	0.07628451812821632
liebesbeweis	0.07625824374680285
nageln	0.07624612821138355
sterblicher	0.07622878721098023
unwichtig	0.076219005626323
stuss	0.0762095379902843
versehen	0.07619823930007597
triefen	0.07619691518070922
kopfschmerztablette	0.07618395272353917
gequatsche	0.0761705294259843
fluchen	0.07617011813588091
hinten	0.07616863550309463
oberfaul	0.0761583652083249
umstimmen	0.07615752834777045
trennungsschmerz	0.07615038544915961
anspannen	0.07608610213361397
wespe	0.0760729361498297
inkontinent	0.0760720736868374
vollkommen	0.07606980864261835
abfallen	0.0760461996769352
brandblase	0.07604380357315509
auweh	0.07604067163166146
verpeilen	0.07602248836864657
suppenkasper	0.07601215646548178
trinkerin	0.07600918783506175
glied	0.07600628344148451
demotiviert	0.07600416016779755
platzangst	0.07599660684120502
abgefallen	0.0759839614377709
herinnen	0.07597978996840173
beschreien	0.07597397871389723
wedeln	0.07595061539950883
panikattacke	0.07594638553782007
begafft	0.07594062693835699
verzwickt	0.07593253239508505
schelm	0.07593020403182357
abkratzen	0.07592371809790667
kopp	0.07590060621626524
chaotisch	0.07589196527341938
ungesund	0.07588614481309505
weglaufen	0.07586958230135213
zahnstocher	0.07586608977748735
unangenehm	0.07585689715347377
stutenbissig	0.07584329166472951
dazwischenfunken	0.07584313729257353
juckeln	0.07577244724452938
kinderficker	0.07576539092181389
korinthenkacker	0.07576252213527787
seelenstriptease	0.07575743435360234
navarra	0.07573172423791222
grenzwertig	0.075717410618362
widerstehen	0.07571451268883937
appetitlos	0.07571383997871606
fanatisch	0.07566767428939444
morgenmuffel	0.07566074809091058
beschiss	0.07565566280858242
schnake	0.07564824402913249
furztrocken	0.07559257862422651
zottelig	0.0755863732549636
auffallen	0.07557017037290235
wegfahren	0.07556005458994108
hirn	0.07554922730193693
klischee	0.07550451137585414
meckern	0.07549140953312665
herumgammeln	0.07547795084972132
griesgram	0.07546917994028449
nachstellen	0.07546818623010564
hopsen	0.07543018765064523
kastrieren	0.07542943321389865
schlaf	0.07542912672943437
latschen	0.07542894934530074
empl	0.07540874188634408
geschimpfe	0.07540192715977749
ablenken	0.07540179096432345
eigenartig	0.07539232882249663
verkriechen	0.07537656861323806
zwiespalt	0.07536949320561814
synchron	0.07536617572916463
hintreten	0.07536291365177586
oder	0.07535791650897086
ungewollt	0.0753548325642099
ertragen	0.07533953922663593
gebrabbel	0.07532135829730602
dreck	0.0753168497810162
panisch	0.07531135886478886
berichtigen	0.07531000371333645
medienhure	0.07530873113847296
wegziehen	0.07529177347430066
idiotisch	0.0752635238319108
aufscheuchen	0.0752633387396928
auweia	0.07526016920748782
abstreiten	0.07524844149948304
nervenaufreibend	0.0752475643084389
schamlos	0.075246981693238
verscherzen	0.07524594783003577
streng	0.07524065501625798
dekadent	0.07523322546214907
besucherritze	0.0752259840244857
engstirnig	0.07517927560128444
daneben	0.07517383262453664
manche	0.07516493893476578
vorrechnen	0.07512376100865133
patzig	0.07511743347416264
verhohnepiepeln	0.07511138824499089
schwippschwager	0.07511020811987794
musikantenknochen	0.07510129820177583
todkrank	0.07509542397355656
regenwurm	0.07508799186928039
merken	0.07508468875007629
windelweich	0.07507316036530898
tattergreis	0.07504890237018028
wisch	0.07504692891474467
pfeife	0.07503261440319775
durcheinander	0.07488510525571371
duden	0.07488096672782892
sinnfrei	0.07487487689917725
esel	0.07487444469232983
verschlafen	0.07485931653322404
uralt	0.07485271422537282
abraten	0.07483291809687594
muss	0.07482531697764329
sinnlos	0.07482337139449827
herziehen	0.07482129735485533
sediert	0.07481232994356184
ausspucken	0.07478941408919403
wackeln	0.07478210523972033
erriechen	0.07475814783924603
zusammenschneiden	0.07475527645273079
putzmann	0.07475489417066879
bammel	0.0747422635351262
zucken	0.07472034111522262
stuhlgang	0.07471216634262602
eiern	0.07470722550661126
ojemine	0.07467798402075226
vergasen	0.07467156864917263
berieseln	0.07466883997954864
beinkleid	0.07466515240450736
unsauber	0.07466076254465097
endlosschleife	0.07464224127256538
prostituieren	0.07464158475031273
versuchung	0.07462938345181871
verletzlich	0.07462483842652474
umtauschen	0.07462152862496817
klopfer	0.07461434335029586
schmerzvoll	0.07460600133790517
behinderter	0.07458490939256286
besinnungslosigkeit	0.074567196944412
hektisch	0.07453141434648394
abtrocknen	0.07453023816378834
verwirren	0.07452506369464532
irrsinnig	0.07449982967866366
schocken	0.07448434822074392
umständlich	0.07448157730945225
ochse	0.07447528560200346
unterschwellig	0.07446785008186738
abknallen	0.07446594191071387
nacheinander	0.07446308513635821
ablenkung	0.07444376757707295
schwachkopf	0.07441707971018993
blubbern	0.0743839098492332
beschweren	0.0743684334869049
muffeln	0.07436628289144374
abrackern	0.07435270239843869
pusten	0.0743502830682686
zahnklempner	0.07434718899186443
gegend	0.07430348799845923
hinziehen	0.07429125549915182
weglassen	0.07428652896384041
verarzten	0.07428024488207828
vollpfosten	0.07427547597978101
urinieren	0.0742750285466228
apathisch	0.07426850097252592
einlauf	0.07425286723662217
misstrauisch	0.07425216356449853
vegetarier	0.07424870473057943
zwiegespalten	0.07424559867016713
legostein	0.07424016861386039
schulfrei	0.0742207164679162
miese	0.07421176961127698
davit	0.0742096754247464
eingebung	0.07420269642049361
unschön	0.07416869888367654
weihnachtsmann	0.07416414857077402
nackend	0.07416042214217877
erguss	0.07415416564378213
ungehalten	0.07415050071333817
anbellen	0.07414847564307193
flach	0.0741180997017081
gnadenlos	0.07410230691258872
maulen	0.07409209936365453
kabbeln	0.07408280884402128
verzweifelt	0.07407300874663066
seufzen	0.07405906827301426
no-go	0.07405308238420319
schwamm	0.07404333306809528
sekunde	0.07403071743240455
pillepalle	0.07402452500813322
nagetier	0.07401750624066661
schleiche	0.07401399087052249
schubsen	0.07401131808094237
schnarchen	0.07400892939697691
anagramm	0.07397143881009453
wichteln	0.07396892180811714
piefke	0.0739681045473246
saftladen	0.07394882019195397
rücken	0.07394199842037623
bierernst	0.07394136833090766
vorhersehbar	0.0739189287818998
daherreden	0.07387841264089429
irrenhaus	0.07385285870082513
auseinandernehmen	0.07384320644867086
pikiert	0.07384254270886335
kokeln	0.07382994822179258
triggern	0.07381251209147484
ruppig	0.0737686405307649
kotzbrocken	0.073746500951931
homophon	0.0737403672118774
schneien	0.07373958405427514
doppeldeutigkeit	0.07373425626803501
schrieb	0.07371918626823394
undurchschaubar	0.07370261945433111
singsang	0.07369690164388219
neid	0.07368091453506817
rammen	0.07367369252636755
erektion	0.07367018779281799
schieben	0.07365897683111786
winseln	0.0736566707012018
ablassen	0.07365610095639767
fusel	0.07365463558135278
verhohnepipeln	0.07364531663533626
totschlagen	0.0736414472348687
ironiezeichen	0.07360799251781498
bestrafung	0.07360791100204646
haufen	0.0736018580606163
aufschreien	0.07357246693909085
zerhacken	0.07356382044265397
vollnarkose	0.07354196026474749
allgemeinwissen	0.07353454555635361
hoffnungslos	0.07351566143161234
hanuman	0.07350655461397303
fleischwurst	0.07349478369889997
nachtragen	0.07347328179948746
hanswurst	0.07346969614585103
auftauchen	0.07346284239695756
tobsuchtsanfall	0.07345920252750701
krabbeln	0.07345700164389332
sklaventreiber	0.0734235168500536
wildsau	0.073401235098427
nachtfalter	0.07340052013567361
schwachsinn	0.07339171578237891
zwicken	0.0733840250799975
belanglos	0.07336635699883012
meerschwein	0.07336092517105217
gelinde	0.07334938200121358
wadenkrampf	0.07333076934650704
vierteilen	0.07332866112146387
beschimpfen	0.07331361513788406
verfluchen	0.07330208831530141
madig	0.07330186351022132
zotig	0.0732995370786669
lieblos	0.07328623786401753
seitenstechen	0.07328233407411286
phlegmatisch	0.07328083991610654
magenknurren	0.07327947887714793
schlafwandeln	0.07327695825370503
ungebeten	0.07327506549953682
beinhart	0.0732679629126916
schmerzen	0.0732467911463202
schizophren	0.07324257474518013
bespucken	0.07323121297735459
erbrechen	0.07320716171794892
langatmig	0.0732071124721132
bude	0.07319340096818013
verpetzen	0.07319040627632253
habgierig	0.07319020392210905
mimen	0.07318140520756676
schulter	0.07316733612131003
fetzen	0.07316370483713064
teplitz	0.07312660311490463
aab	0.07311793944420628
wackelzahn	0.07311325358769624
pellen	0.07311052352706442
hageln	0.07310585933941643
eimer	0.07309420966434398
kratzen	0.07309378240343277
kriechen	0.07308654463523971
buckel	0.07308340638841368
deplatziert	0.07304825615267489
stillos	0.07300629380757281
doppler-effekt	0.07299655368172725
tierchen	0.07298792290976969
wegkommen	0.07297383399153329
florid	0.07294816014706994
ehekrach	0.07294146963205522
futschikato	0.07293644302935193
ungerecht	0.07291499675665766
profan	0.0729121141693129
antriebslos	0.07290673804128299
hat	0.0729016598548479
qualle	0.07289772860430557
luftnot	0.07289339156213065
keifen	0.072889347057835
brechmittel	0.07287589410933086
hochtrabend	0.07287048766385391
schreck	0.07285303540946476
claret	0.0728400589487123
wasserkopf	0.07283194122908304
einander	0.0728246466028526
amputieren	0.0727998737590566
vergammeln	0.07279256131142026
abbrechen	0.07278544309788146
ballern	0.07277584483089192
unruhig	0.07273545727726811
herausfordern	0.07271837317494126
unverheiratet	0.07271577283642754
finster	0.07269433355753643
patschen	0.07269216809031856
unbedacht	0.07268624512127092
grob	0.07266119267746278
unbekleidet	0.07264576749158824
stopfen	0.07263577523938719
geifer	0.07263556830465397
unbedeutend	0.07262488665534766
stimmlage	0.07262007163376301
bisswunde	0.07261842872242552
sonnenstich	0.07261698069223411
verdreckt	0.07260833803985929
wutentbrannt	0.07260655605166479
verschimmeln	0.07259880929954524
gassi	0.07259324435436583
stur	0.07257688272382275
verwachsen	0.07256100653453477
ausschalten	0.07253744714813215
halbfertig	0.07253460454462386
herumhacken	0.07253457077219842
inkompetent	0.07252914563840406
weder	0.07252308501093267
heruntergekommen	0.07251554110773914
mitleiden	0.07251288197101749
fuchsen	0.0725063156563655
verwickeln	0.07247552426871118
lund	0.07247236168854039
kardiologin	0.07246783298609538
leichtsinnigkeit	0.07246196610968585
kippen	0.07245273182241896
blutig	0.0724487171071788
serpentine	0.07242964447174742
zanella	0.07240989249712718
unterbewusstsein	0.07239991872505133
sehnerv	0.07239626116408436
befremdlich	0.0723929538279101
unsicher	0.07238539338629953
senf	0.07231627247833317
unaufgefordert	0.07231593253378651
erziehungsmethode	0.07231343773750493
schmiss	0.07230749958743073
versuchen	0.07230260320806543
unbeteiligt	0.07230118872670524
unappetitlich	0.07229537275539774
artifiziell	0.07229482410275359
muffensausen	0.07228081740454068
samenbank	0.07227554034969132
schnauben	0.07226921152339849
trollen	0.07225808631074611
eingraben	0.07223526573433546
wessi	0.07223087860901517
knurren	0.07222779627242842
schnalle	0.07222289533203376
aufblasen	0.07220376982443341
schmoren	0.07219450161692216
pollenallergie	0.07217626210109895
charakterschwach	0.07217455285917583
schorf	0.07217107826242622
malbec	0.07216284581265517
zimperlich	0.07214996219246865
abschreckend	0.07214007548169238
anlassen	0.07213304051357149
bewegungslos	0.07211709091197598
schniefnase	0.07210684935942047
raufen	0.07210261119309987
verbrannt	0.0720894994634768
kleiden	0.07206223877412116
peitschenhieb	0.07204545543102002
verzagen	0.07204365109175079
jammern	0.07204033811342601
qualvoll	0.07203515501754475
verzapfen	0.07201277567357628
knirps	0.07199656077445121
verzweifeln	0.07198186819803222
entgegnen	0.07197770983891054
anbrennen	0.07196900610010673
schmieren	0.0719661921824248
morphium	0.07193014142596392
kleingeld	0.07190510086518241
krankschreiben	0.07189381592007633
wahnsinniger	0.07186882772574116
brennspiritus	0.07185296631846451
umziehen	0.07185204299803845
unfreiwillig	0.07184675953132394
zumuten	0.071827435155002
riechsalz	0.0718090571120924
neudeutsch	0.0718081252479262
gedankenlos	0.07180215128569688
shebeen	0.07179555737565786
waschbrett	0.07177351517908968
hofnarr	0.07176700380984848
sehtest	0.07175900138148687
schweinerei	0.07175758310343078
tieftraurig	0.07175106809169059
abstand	0.0717401833407433
ruckartig	0.07173953248960324
blutabnahme	0.0717297558127006
pfote	0.07172800340151712
kohlen	0.07170997919137145
abstellen	0.0717017539052462
einzig	0.07166631030176526
furchterregend	0.07166577841616087
gurgeln	0.07165148747645435
unhold	0.07164339333207083
knoblauchgeruch	0.07163344325220082
instinktiv	0.07162386794278308
neidhammel	0.071614690983625
traumatisieren	0.07160834693897751
blutverlust	0.07160668049763169
frustriert	0.07159180734046028
verschwitzen	0.07158173862184902
profilneurose	0.0715752206986585
unterentwickelt	0.0715440423620328
suboptimal	0.0715288731116379
einbrennen	0.07151955265932412
zeugenschutzprogramm	0.07150445033488596
unkorrekt	0.07149470440030434
larifari	0.07148073899022264
narkose	0.07147654935489264
unfähig	0.07144903259041285
holzbein	0.07141648958234587
loswerden	0.0714076043808253
untergehen	0.07138616305793408
abschreiben	0.07137141840750681
zwerg	0.07136287274066905
verletzen	0.07135519950151192
frosch	0.07134508645117849
knopf	0.07133952285041281
verwechseln	0.0713331738201306
abschleppen	0.07133196901131049
abfackeln	0.07132458218158949
unfein	0.07131974174474069
kurzsichtig	0.07131872269758693
lebensmittelvergiftung	0.071299757538871
schummeln	0.07128328314886383
einordnen	0.07127688088915601
flott	0.07127679816115863
zusammenbrechen	0.0712602963641357
spuken	0.07125524531844776
schlange	0.07125364253287939
zugekokst	0.07124407798576157
einklemmen	0.0712233564570402
italiener	0.07122112447028264
inkubationszeit	0.07121914422855444
disziplinlos	0.07121067160860879
asoziale	0.07120532985218593
verdummen	0.07117065734561323
fehl	0.07116367169542154
meute	0.07114377809623065
zeitverschwendung	0.07113874656801039
prophylaktisch	0.0711358488823504
ungeordnet	0.07112125802104602
asthmaanfall	0.07111240534356691
proktologe	0.07110893832958372
herrisch	0.07110679365999137
ausmisten	0.0710950449309452
schramme	0.07109380234409751
schwangerschaftsstreifen	0.0710758435670457
rechthaberisch	0.07107142005054773
erledigen	0.07106868585274247
zerschneiden	0.07105601427523421
schmerzlich	0.07105298862576997
wegtreten	0.07102790536580386
hilflos	0.07100633708018728
schiefgehen	0.07099474954889241
zerfressen	0.07099198820128651
behelfen	0.07099101726790367
brotbelag	0.07098790736930628
zigarettenrauch	0.07098509167778252
klatschvieh	0.07097878615445627
blasenkatheter	0.07097641252911495
weg	0.07096990673701171
missmutig	0.07095146856244908
gewissen	0.07093941664224687
dackeln	0.07092388717992437
unfreundlichkeit	0.07090546450647729
malochen	0.07089335282366678
kretin	0.07088602807175154
sprachzentrum	0.07086734452480593
selbstironie	0.07086598772047366
affenhitze	0.0708640190532496
entnervt	0.07085569323702665
auspowern	0.0708493637273704
wackelig	0.07084496081947954
entsetzlich	0.0708441756695433
steinigen	0.07083718329543998
witzfigur	0.07083163899853687
handkantenschlag	0.07083120885591186
sehne	0.07083043826876943
wunde	0.07078924536157634
ausbaden	0.0707760905513918
verhasst	0.07076575989316208
ablaufen	0.07074971424245964
verachten	0.07074343374096194
schnippeln	0.07072473838250525
irritieren	0.07072232994406229
kullern	0.07070477912813197
wurstblatt	0.07070215589253324
preisschild	0.07069221498627219
herumwuseln	0.07065803940468873
erahnen	0.07065011016775913
einschlagen	0.07064355571354408
askari	0.07063881729426898
bekehren	0.07063317297035758
kopfmensch	0.070629754389448
verkopft	0.07062959104980289
abgestanden	0.07062062997896253
schlappen	0.07061433550424692
zeitgenosse	0.07060476685861239
desillusioniert	0.0705590857473441
dressieren	0.07055715093481076
sezieren	0.07055233352843857
unehrlich	0.07053002563853797
alphatier	0.07051386481829139
meinerseits	0.07049853881577388
sauhaufen	0.07047028113449139
unsympath	0.07045588472290558
schreiberling	0.07045500872706645
holzsplitter	0.07044311793958762
fremder	0.07044193265590337
sterilisieren	0.07043806873774267
heidenangst	0.07043492943239707
missverstehen	0.07043400530187549
beerdigung	0.07042867207680407
zerstampfen	0.07042574422634978
zetern	0.070382413172509
verscharren	0.07037433829954681
verwursten	0.07037076449215872
streiterei	0.07033996600040192
provozieren	0.07033121467404181
liebestoll	0.0703287121506166
schauderhaft	0.07032532837663157
enden	0.07032028351173965
ausgestorben	0.0703090921209481
soll	0.07030235375302306
hieb	0.07028722742909344
entbehren	0.07027291867460739
energielos	0.07026245182830247
suppe	0.07026124177329489
pinotage	0.07025510139698539
herumlungern	0.07024674192951931
unlesbar	0.07024180494815858
lymphknoten	0.07023913643802553
kreislauf	0.07023664823965275
geiz	0.07021346629235752
widerspenstig	0.07020683432229474
tyrannisieren	0.0702037774964752
schinden	0.07019739110379446
wuseln	0.07019518946762512
allier	0.07018653145990528
gepfeffert	0.07017025174927559
bekleckern	0.07013903194206285
vorgaukeln	0.07013529847303407
heimatsprache	0.07012648319512096
unverständlich	0.07012431204026655
batavia	0.0701025647136838
ekelerregend	0.07009035152051601
matsch	0.07008851109401547
zahnfleisch	0.07006987234858952
weinschorle	0.07006355309577439
pessimistisch	0.070057942564032
schmerz	0.07003398880247
kontern	0.07002067581177693
leichtsinnig	0.0700051805676221
abdrehen	0.0700043619676602
kriegsverletzung	0.06999336004829805
meucheln	0.06997110424025454
verarschung	0.06996632792238941
krauchen	0.0699199588990609
schmackes	0.06990679588028124
als	0.06990548536420466
metaphysisch	0.06988598397148807
gefasel	0.06988465687136718
achtlos	0.06987989703718772
umgangssprache	0.06987920426445768
unzivilisiert	0.06987308232140446
inkorrekt	0.06986728897265226
getrost	0.0698663045101451
piksen	0.06983759388263108
duftwasser	0.06982553981071932
verschimmelt	0.06981455235492146
inkonsistenz	0.06980581141851976
zerren	0.0697843713181001
unterbrechen	0.06976233229765012
kleinvieh	0.06975828085155983
erfrieren	0.06975381630413235
schaukeln	0.06974819290143547
juvenil	0.06974453613299236
dreistheit	0.06974134128033337
verbaseln	0.06973746341618628
genieren	0.06973356854253812
umnieten	0.06972729537199171
instinkt	0.06970352123072096
happig	0.06970098357938703
frotzeln	0.06969447813086559
stecken	0.06967741356654981
krampfader	0.06967403126621492
trocknen	0.06965838652921624
ausrichten	0.06965361424513783
darmspiegelung	0.06965004527247853
trostlos	0.06963915298684986
ankreuzen	0.06962282522214247
durchlaufen	0.0696187152046297
alkoholpegel	0.06960852979751068
giftig	0.06960395821618226
deinerseits	0.069598381600014
aufschlagen	0.06959534203541752
taubstumm	0.06959452027271323
schaf	0.06957869795346645
anecken	0.06957065651226467
nachteil	0.069569687970016
ellenlang	0.06955344784997655
beschnitten	0.06953911032762183
paarhufer	0.06952813295188862
verworren	0.06951125979498117
nabob	0.06949108711321139
kirchenmaus	0.06947628434817057
masochismus	0.06947626543064409
flegel	0.0694581222198413
schielen	0.0694510130811078
verwerfen	0.06943081558351703
speichellecker	0.06941150679413471
vorurteil	0.06940793113909818
kleinkariert	0.06937444854532356
gurken	0.06936709488687907
entzug	0.06936673813726549
bedient	0.06936282749170801
desensibilisieren	0.06935568060388385
furchen	0.06935430154455001
aufblitzen	0.06935247784937629
glucksen	0.06933530476560473
anwesenheit	0.06932029142756549
hypochonder	0.06929429616913642
vergehen	0.06926894222316508
abladen	0.06925976552999563
sesselfurzer	0.06925843937559924
stuhl	0.06925805327910871
stottern	0.06925451556318918
sauwetter	0.06924675836008755
abneigung	0.06924244398129162
sausen	0.06924017065975996
wischen	0.06923807306581177
gesindel	0.06923376627953681
getier	0.06921799720816935
tamil	0.06921781950558338
mutieren	0.06916566345610578
unqualifiziert	0.06916081980847849
stange	0.06915407937045912
niederschmetternd	0.0691497285969276
bland	0.06914356872968769
joghurtbecher	0.06913718038752127
narzisst	0.06913381917998696
folterinstrument	0.0691305488943988
versumpfen	0.06912537594447539
schmarren	0.06909983921816706
lasch	0.069099553653267
kralle	0.06909889212249981
entmutigen	0.06909693949843256
wacklig	0.06907587214650973
flokati	0.06905702462354822
paaren	0.06903910296324872
sprechdurchfall	0.06903823667478966
fontainebleau	0.06903196228468968
rothaut	0.06903088417702691
y-chromosom	0.06901051766635316
zerbrechen	0.06900611675993318
poltern	0.06899132991496475
schuldige	0.0689781050404294
halbstarker	0.06897400155377534
veralbern	0.06897275115432572
platschen	0.06897226778645565
isba	0.06897015536234515
unklug	0.06896880380944714
agnostiker	0.06895701732243205
futsch	0.06895558231721244
verrennen	0.0689388097882093
schockierend	0.06890827815250473
denkfaul	0.0688808911221703
gockel	0.06887826237044252
osterhase	0.068874456513625
zornig	0.0688577204819349
voreilig	0.06885359396213968
leib	0.06885166402062451
auspeitschen	0.06884382441194306
zappeln	0.06884368433343657
schubs	0.06884157769666316
versunken	0.06883450621614796
hecheln	0.068829116380426
flasche	0.06882602633945026
krach	0.06880288507968364
schleppen	0.06879953183248132
habenichts	0.06879852873358215
ausfallen	0.06879445848198934
verschwenden	0.06879383020063447
zumutung	0.06878995234844665
ungenau	0.06878420403763036
scham	0.06877698165820924
dickdarm	0.06877322905679242
rettich	0.06876374691959487
arier	0.06875561582935727
losen	0.06875098697462124
kopfschmerz	0.0687479123819434
kohle	0.06874522307657525
palavern	0.06873747159951131
sarg	0.0687356767598627
schimpfend	0.06870839624579479
hausieren	0.06867691344204034
fruchtfliege	0.0686650180321434
fahren	0.06866433519198625
grausen	0.06864496881880457
hexenschuss	0.06863550807044448
marktschreier	0.0686353443312768
brandfleck	0.06862227627782613
heuler	0.06861964571159081
verwerflich	0.06861808003590175
unbefriedigend	0.06861499744877005
ersticken	0.06861144653794402
antipathie	0.06860921654661678
kriegerisch	0.06860181506767972
seitenhieb	0.06859523232260746
verlustangst	0.06856345327532527
konfrontieren	0.06854393570190145
verfetten	0.06850765127539887
bleistift	0.06848543625213906
verwelken	0.06847791959980454
auseinandergehen	0.0684604106400741
schwingen	0.06844277572850879
gottlos	0.06843877479522296
kehlkopf	0.06842287145622615
verfrachten	0.06841835347403355
leeren	0.06840524669859838
vorwerfen	0.06840501728191895
behelligen	0.06839332937153728
nebensatz	0.06838273245542048
blutlache	0.06837519702962781
umkommen	0.06837024777413883
streiten	0.06835345061765177
regenschirm	0.0683529989371694
losgehen	0.06834680268339406
unsanft	0.06833221104500027
konterfei	0.06831083021167725
unerwartet	0.06830819216925925
frustrieren	0.06829667453997507
unterirdisch	0.06829455460976243
zerstreut	0.0682881821300495
dichthalten	0.06828497178110668
schrubben	0.0682798922934215
heimleuchten	0.06826532444698963
bestechen	0.0682644535189434
zerplatzen	0.06826342366844745
unvorhergesehen	0.06826243304939529
misslich	0.0682564706304146
riskieren	0.06825564675049714
verderben	0.06824597329003614
pathologisch	0.06824483971798292
schlottern	0.06824383026189636
verachtet	0.06824271155084971
unkontrolliert	0.06824140201934324
lechzen	0.06823861004644077
unterfordern	0.06823859173103816
verfallen	0.06823565187832528
unterdrücken	0.06822690914119384
kleinkriegen	0.06822612564595533
teilweise	0.06821992570305926
durchfallen	0.06819640265255057
schmalz	0.06819276096430099
zischen	0.06819091773942018
rasend	0.06818243955886699
kleinhirn	0.06818034512064797
ausspruch	0.06813852399906245
freudlos	0.06813132830604833
krakeelen	0.06812597815250028
zerlaufen	0.06811785468121055
stirne	0.06809942207019273
alte	0.06809740817671474
umlegen	0.0680953213961121
zyniker	0.06809366203231071
vorenthalten	0.0680865373752585
untertauchen	0.06807046493851618
verschieden	0.0680511694446448
freiwild	0.06804768213368738
verlogen	0.06804197417707233
zweitrangig	0.06803727670722436
fremdwort	0.06802956342080195
fesseln	0.06799314227268101
buhler	0.06799124193366622
makel	0.0679912061089848
beunruhigend	0.06798647605723629
irrer	0.06797836231729273
erschreckend	0.06797815934246756
sprachbarriere	0.06796950016165432
androhen	0.06795788148033477
schneemann	0.06794909990868131
hussen	0.06793213982082824
umlagern	0.06790625783487726
ersaufen	0.06790345094931571
totenbett	0.067850905312811
reklamieren	0.06784793947533607
unzufrieden	0.06784446044665589
unbrauchbar	0.06784087483017133
kranke	0.06783751439422299
abtun	0.06783219135028393
serienkiller	0.06782920053391642
verknacken	0.06782096257028762
pferd	0.06781434797389183
elch	0.06780794955129993
gottlob	0.06780698980344602
arbeitend	0.06780382195377274
qualmen	0.0678003452301503
verbeulen	0.06779424132746002
abreissen	0.06779213294726363
verschlingen	0.06778074608102541
loslassen	0.06777772987346384
heucheln	0.06777540985180168
fleischwunde	0.06777458019139351
lebensfremd	0.06777342427944782
ruinieren	0.06777014103707005
verzweiflung	0.0677686690689248
lobotomie	0.06776113650581986
auftischen	0.06775185728686517
überflüssig	0.06771783070183642
abkupfern	0.06771045099365229
laie	0.06770087411075101
erregen	0.0676932330777952
hehl	0.06768891558382317
frust	0.0676862468316145
alterserscheinung	0.06766794856473393
pressen	0.06764828209939304
unbewaffnet	0.06763828834544494
hemmung	0.0676145159571229
tasse	0.06761057464429104
arbeitslos	0.06758556620263828
zwingen	0.06757964667695719
klackern	0.0675746469249846
fernhalten	0.0675693623941555
bunsenbrenner	0.06756177248892484
melancholie	0.0675598848250889
verbohrt	0.06755490050350968
verhaken	0.06755474059437018
synchronschwimmen	0.06753282023265378
eingehen	0.06752646868404201
dorthin	0.06752434798444111
unachtsam	0.06752390009120061
traurigkeit	0.06752304710599222
verkeilen	0.06749567302638694
aufplustern	0.06748204176303375
gesocks	0.06747071708730035
unliebsam	0.06747026710571656
schnittwunde	0.06746588589437254
gegenmittel	0.06746404989404339
mogeln	0.06746218114334228
handgemenge	0.06746012188824657
unversucht	0.06743641532932856
schaudern	0.06743224673875106
sockenpuppe	0.06741672213526956
kraftlos	0.06741650627250008
schwafeln	0.06740634676635858
taugenichts	0.06739028581149688
unversehens	0.06737829244029614
aussichtslos	0.06736817721079728
verspotten	0.06736497221579202
lakonisch	0.06735679583906014
auseinanderfallen	0.0673492654717508
wertlos	0.06734263352914219
teufelskreis	0.0673351256817307
wegsehen	0.06732620270363582
verleiten	0.06732335295946204
gerollt	0.0673143691370836
leere	0.06731201674133798
haltbarkeitsdatum	0.06730639297061124
leugnen	0.06730135340002924
erzkonservativ	0.06730007423430345
buddeln	0.06729773683744919
beichtstuhl	0.06728722986868728
einerlei	0.067274463913713
mundgeruch	0.06727108449145555
nachgehen	0.06727033984590564
schlechtigkeit	0.06726628985766259
schwimmen	0.06724489550304119
unheilvoll	0.06724488549011974
erniedrigung	0.06724127691524717
alkoholspiegel	0.06723471519221516
unvermittelt	0.06723060808940771
spezies	0.06723006659839091
verdrecken	0.06722772648819042
grippe	0.06722164314965977
verschrecken	0.06721511627764261
schmonzes	0.06720974906170876
buckeln	0.06719232989915201
schlurfen	0.06718902992549297
korken	0.06718650021779454
panik	0.0671772538080509
unsinnig	0.06717476028506068
mistwetter	0.06716160578420782
abstumpfen	0.06715554136063909
kiste	0.06715467550186423
scheinheiliger	0.06713692805780618
herzinfarkt	0.06713633218315687
widerhaken	0.06712707311374905
wollen	0.06712474294514949
abhelfen	0.06711429061738747
flicken	0.06708647212464086
funken	0.06708445948102923
rappeln	0.06708436149214514
lynchen	0.06707579616337658
kondensieren	0.06706042866454326
zerteilen	0.06704303191978872
feilen	0.0670422535280765
unmoralisch	0.06704061201032846
zappenduster	0.06703943957757474
schnitzen	0.0670236169141331
aufwickeln	0.06702075594207527
abnutzen	0.06701130032361377
verlustig	0.06700887141067018
verschwinden	0.0670064137619343
wursteln	0.06700517709873219
unübersichtlich	0.06700349347877829
tischtennisball	0.06700102398457858
verbrennen	0.06698255832908685
waisenknabe	0.06696738684477074
unvollkommen	0.0669328773537916
glucken	0.06692199730375305
missgeschick	0.06691136219370424
tauschen	0.0669102303116179
eurerseits	0.06690846597424027
seinerseits	0.06689870545574313
verirren	0.06687794315286129
selbstgerecht	0.06686776753230536
kugeln	0.06685441279318653
laienhaft	0.06685420398201977
feindselig	0.06685148063142343
wischiwaschi	0.06683893697227493
deppenleerzeichen	0.06683570176439116
bedeutungslos	0.06683515275588633
penetranz	0.06683239127395418
antrinken	0.06682674399934788
fragesteller	0.06682339475020788
moralkeule	0.06682245486416008
hitzschlag	0.06681817652599922
turingmaschine	0.06681231924440849
rumpeln	0.0668107575703765
schockieren	0.06680795224510742
aufbringen	0.06680293121041082
klappern	0.06676425488553937
mangeln	0.06675749997895158
unding	0.06675600973938142
klemmen	0.06674693078973995
ziellos	0.06674546372855802
lamentieren	0.06673132892480567
pinseln	0.06672927484692165
willentlich	0.06671444379754102
winterschlaf	0.06670506977294212
einstellen	0.06669496780499543
bosheit	0.06669478393349884
verzichten	0.06669167259673195
unterstellung	0.06667896481608765
abstinenzler	0.06667242963867864
vornehmen	0.06666645192589232
unstimmigkeit	0.06663411981534488
todesangst	0.0666330751939662
federkleid	0.06663239823999399
streichelzoo	0.06662916611650088
allgemeinbildung	0.06662587207600784
auslegen	0.0666255090937059
unterstreichen	0.06661073651522928
gewusel	0.06659985816677107
verwaist	0.06659752846813168
niedermetzeln	0.06659231041732153
geizen	0.06658098010022845
aufgebracht	0.06657762047260893
ausfluss	0.06657618378163463
kannibalismus	0.06657297184005988
zahn	0.06656427108595502
neinsagen	0.06656206118970248
schach	0.06655055141638956
anbinden	0.06654639141020723
aufwerfen	0.0665449307782089
aufbrummen	0.06654046866777077
unterlassen	0.0665404564064589
undiplomatisch	0.06653691314904311
grillen	0.06653314187098855
verdecken	0.06653089442468713
scheuklappe	0.06652876700881681
widerstreben	0.06650343296117985
aufregung	0.06649260168400116
prokrastination	0.0664889299517342
einsinken	0.06647614863674235
totschlagargument	0.06646633608389346
pfaffe	0.06646426503481566
verschreiben	0.06645685103839218
entgehen	0.06645320155121774
suggestiv	0.06642845143186148
unbewacht	0.0664185464421723
laterne	0.06638029718767227
schleudertrauma	0.06636289104136042
beengt	0.0663559713864055
plattmachen	0.06631438521302337
entschwinden	0.06630902212939428
schnipseln	0.06629900623195789
trotten	0.06629057961269286
unsinn	0.06629031538521489
einsamkeit	0.06628757675599746
entgleiten	0.06628034980884794
indiskutabel	0.06627281313638461
zwecklos	0.06625931882289035
borniert	0.06624374618427568
beschatten	0.06622829177876453
ausgrenzen	0.06622025991703205
denkweise	0.06621859949044008
gegenzug	0.06621564577198381
aufschrift	0.06621284930608994
unrettbar	0.06620846335003198
unrecht	0.06620698691152012
intrigieren	0.06619430266374163
sprechweise	0.06618885020449697
heillos	0.06618346703505049
ungerechtfertigt	0.06617748022263849
plebejer	0.06617642846278624
eintagsfliege	0.06616237049428748
schlechtreden	0.0661531350938077
hypophyse	0.06615291539203957
exorzismus	0.0661409241631352
hasskommentar	0.06613998615359283
elend	0.066122627400531
fehlbar	0.06609695998859438
fachchinesisch	0.06609641766331287
dereinst	0.06609313376256426
vergeblich	0.06608177313460045
beschallen	0.06607243193359903
provisorisch	0.06606484277061996
bitterkeit	0.06604063538389046
geistlos	0.06603969668073802
vergeuden	0.06602759108488634
reaktion	0.06601922065668264
funkstille	0.0660180107687572
verfliegen	0.06601253859962034
bestrahlen	0.0660071760546902
abzocken	0.06599171130142671
halbdunkel	0.06598598369311906
umweg	0.06597796819175733
schonungslos	0.06597626640629314
foltern	0.06597369730313032
klöppel	0.0659458698343629
verschlampen	0.06594234564885476
ausrutschen	0.06593567540153106
gewehr	0.06593044105688023
veraltet	0.06592978721436825
psychisch	0.06592695289502983
rabiat	0.06592028319028169
watschen	0.0659053746328385
brennen	0.06590362204376299
verschwurbelt	0.06590046014530633
unvollkommenheit	0.06588816293446474
trostpflaster	0.06588522829847991
klinkenputzer	0.0658701264522655
onanie	0.06586592736646812
geburt	0.06586307543908222
widersprechen	0.06584552584605641
wechseln	0.06583817741789755
zensieren	0.06582746759866126
tropf	0.06582165451035148
brechen	0.06581326178426798
tadeln	0.06579176428434526
halbwissen	0.06577930635614349
verpacken	0.0657666022096705
genugtuung	0.06576388838842963
behandeln	0.06576341484615189
wasserscheu	0.06575370435542821
erblicken	0.06575220648271374
unerquicklich	0.06573296426991221
papierkorb	0.0657258814171122
herzschlag	0.06572145783956172
schmarotzer	0.06572015144540631
verstummen	0.06571276524101323
flatulenz	0.06570969639410647
rempeln	0.06569909589347321
destruktiv	0.06569838096918405
schmerzgrenze	0.06566565509735035
kontraproduktiv	0.06566230273526523
sinnlosigkeit	0.06565862195896607
bedrohlich	0.06562945622946909
halsbrecherisch	0.06561230877038451
wogegen	0.06560380161603545
bugsieren	0.06559837523310354
patsche	0.06557882467619228
mehrfach	0.0655562414557645
strafzettel	0.06554763527067535
unerfreulich	0.06553768819466849
unwillig	0.06553737533291128
prasseln	0.06553693226868829
operieren	0.06553658814080077
hemmschwelle	0.065536229572281
unsozial	0.06552734957158225
trennen	0.06550098500838783
schweigen	0.06549959669973064
unfug	0.06548760201518007
archaisch	0.06547208220269557
begehen	0.06546761474675297
feind	0.06546475193787549
bekriegen	0.06546337312497631
erblinden	0.06545260467751732
dampfplauderer	0.06544898469932434
unbelehrbar	0.06543381965610637
eingrenzen	0.06542133552423213
galoppieren	0.06541710334937144
erlegen	0.0654125161548365
spickzettel	0.06541187481887385
vergesslichkeit	0.06539682887341572
rutschen	0.0653902195138056
jauche	0.06536797935371248
zeitlimit	0.06536729621798303
einwenden	0.06536656093873552
zahnlos	0.0653655976678797
zuwider	0.06536251085986361
aufeinander	0.0653566281266736
explodieren	0.06535297029418913
unberechtigt	0.06535190490942255
desinteresse	0.06534751857232288
missfallen	0.0653403072051842
flirren	0.06533882154514119
vernichtend	0.06532891590465731
schutzbehauptung	0.06532863645394361
erschlaffen	0.06532289576746403
deformieren	0.06532073496422666
aufwiegeln	0.06531001120596527
lachnummer	0.06529027606420693
schwenken	0.06527555531658044
geschwurbel	0.06526499702272205
vergeudung	0.06526348262964564
fehltritt	0.0652561800172828
leidende	0.0652509911063435
sturheit	0.06522897334311223
unchristlich	0.06522575004603039
auseinandersetzen	0.06521104075402528
gurkentruppe	0.0652049907448704
teutonisch	0.0651934667665573
verstricken	0.06518891557922632
redundanz	0.0651745637185574
alptraum	0.0651578953629166
sportverletzung	0.06515612575048324
bevormunden	0.06515191811388388
problematisch	0.06514989750617864
antisemit	0.06514312616008021
verplempern	0.06513811041431473
keinerlei	0.06512098440066094
dreschen	0.06511431626962665
krankengeschichte	0.06510648102950944
dinosaurier	0.06510150273314927
anstrengung	0.06509433249344862
konservativ	0.06509212531667452
unterordnen	0.06508526933512361
heuchlerisch	0.0650800554882515
schlamassel	0.06506833334903105
mobbing	0.06505979105053976
aufbrechen	0.06505663734984331
anfallen	0.06505168588326551
kropf	0.06503543962424331
denunzieren	0.06502363800624658
beunruhigen	0.06501905525414237
dilettantisch	0.06500924992094265
heikel	0.06500795713268315
pflicht	0.06497726530414767
schwarzfahren	0.06496394657778658
salbadern	0.06496209321849673
feindlich	0.06495225930283076
verrotten	0.06495070431841524
entfremden	0.06493880971773926
durchtrennen	0.06493634529032168
priapismus	0.06491604360548645
einlullen	0.06490930764141103
verblassen	0.06489789323787211
unterdruck	0.06489649241179987
einheitsbrei	0.0648961450353942
strampeln	0.0648901694179665
krankheit	0.06488421178967632
zugrunde	0.06487752848298388
variante	0.06487355467243075
distanzlosigkeit	0.06486680272234237
verdorren	0.0648660239295093
zweifeln	0.06486288335600474
wienern	0.06485779399641212
karussell	0.06485553608339757
erziehung	0.0648418778961218
unaufrichtig	0.0648273744359056
schwerwiegend	0.06481070099027621
zerlegen	0.06480212516128127
sexismus	0.06480072195646511
asylkritiker	0.064799885595991
skrupellos	0.06479636280858958
redefluss	0.06479245322363807
schwund	0.06478138900635848
angehen	0.06477358737079336
westler	0.06476795265072938
ungeschoren	0.06476550589863232
wertlosigkeit	0.06476202590629902
verschwendung	0.06474114572255091
unheilbar	0.06473916137149639
schneewehe	0.06472030068226634
kathole	0.06471636745089661
abschussliste	0.0647014467369929
rauschen	0.06469092995556924
abschlachten	0.06468477510039079
rotieren	0.06465695256139475
tibetisch	0.06464772557486437
wahnvorstellung	0.0646335842954997
riskant	0.06463125008843681
rosten	0.06462688668597923
fegen	0.06462401345971415
rasen	0.0646215219913166
knast	0.06462072884683373
ertrinken	0.06460693715496062
unehrlichkeit	0.06459933890031239
ungleich	0.064596533683548
grotesk	0.06459065029681148
antiquiert	0.06458052899463948
verfallsdatum	0.06457944384718564
zerreden	0.06457389217400998
schulsystem	0.06457310911664838
schrotthaufen	0.06456351774368818
misshandeln	0.06455470699691869
indoktrinieren	0.06455267214167386
ausnehmen	0.06454926321650598
schmerzfrei	0.0645454840286883
vegetarismus	0.06452532608633328
zerfallen	0.06452188558612423
teufelswerk	0.06451627764151255
machtlos	0.06450893844986187
endzustand	0.06446754604801663
schwurbeln	0.06445975610183936
empirisch	0.06445088693332929
rechten	0.06444743030034089
bedenklich	0.06444737841332385
monotonie	0.06444671750044689
hinkend	0.06443936339129881
taubheit	0.0644184465148309
jagen	0.06441648364564653
heimatdorf	0.06441528950491254
unterscheidbar	0.06437684909133487
absperren	0.06436288763581048
feminismus	0.06436195290278382
ihrerseits	0.06436175268018633
verschwunden	0.06435771268847573
seuche	0.0643374489592038
verkleinern	0.06432144067988951
unkritisch	0.06431957406802491
verrat	0.0643081629949746
versieben	0.06429009264486626
durchsagen	0.06428860113716174
unverantwortlich	0.0642783645799155
herausschneiden	0.06426978555490478
kopfgeburt	0.06426744743369475
verzetteln	0.06426037951721185
homophobie	0.06424755171002086
ungeduld	0.06424431605036579
niedergeschlagen	0.06419983990467776
abwerten	0.064185240338925
eindringen	0.0641724146492999
verjagen	0.06416223549192206
normativ	0.06416070044043526
kostspielig	0.06415420345245841
groll	0.06415286311226012
verlorengehen	0.0641427372470017
rollstuhl	0.06414192854899696
beschwerlich	0.06414144796780459
verstopfen	0.06413874982912784
schwierigkeit	0.06412454322474459
verachtung	0.06412283317643484
unangemessen	0.06412134360954552
versklaven	0.06411762445128463
unwiderruflich	0.06411448451331918
schornsteinfeger	0.06410074738147148
internetsucht	0.06409819776860572
unwissenheit	0.06409741970779242
fabulieren	0.064092824394672
diffus	0.06408387143612483
abdriften	0.06408042016079352
scharren	0.06405971805197554
unterwerfen	0.06405735477316583
versetzen	0.06405512900768925
revoluzzer	0.0640547071804715
spanne	0.06405348905719079
schwappen	0.06405275823384118
vorgarten	0.06405003764749868
kolportieren	0.06404732530821641
angreifen	0.06404427930232885
pathos	0.06404384727256517
einbrechen	0.06403687630321901
dienern	0.06403141009659676
trennung	0.06403023783086484
duktus	0.06402071728823988
periodisch	0.06399799908681773
maskulinum	0.06398756174738185
rettungsring	0.06397536167472881
niedergeschlagenheit	0.06397401323257132
fischen	0.06396941178884731
pessimismus	0.0639621093373741
bigott	0.0639533103899697
stillstehen	0.06394821983000308
denkfehler	0.06392268156839151
ungeschicklichkeit	0.06391293169239538
erwehren	0.06390249242995062
konstante	0.0639022876261501
dilettant	0.06389909923062227
versuchskaninchen	0.0638922859451674
aberglauben	0.06388634731827965
wegbrechen	0.06387173263771456
ununterscheidbar	0.06387167280226655
hinunter	0.06386964410152107
mischpoke	0.06385307472760655
ungeeignet	0.06384306507674048
fremdenfeindlich	0.06384112698003798
skeptisch	0.06383732718250852
faschist	0.06383366527778582
trommeln	0.06382954344299446
uneinsichtig	0.06382874037960318
notfall	0.06382783032884082
diffamieren	0.06382060540659003
rasseln	0.06381651251297504
vorbestraft	0.06380877666454081
manipulieren	0.06380495398415642
entartet	0.06380086468016588
selbstdarstellung	0.06379963028488193
innehalten	0.06379123200983758
zweifel	0.06377981115221758
fehlerhaft	0.06377670684083493
pflastern	0.06376655394724226
abrutschen	0.06376036245074547
versenkung	0.06375691107191393
schmuggeln	0.06375480753513701
einsteigen	0.06374456513370173
narzissmus	0.0637438459934575
durchschlagen	0.06373448304369693
lippenbekenntnis	0.06373031494135944
ablehnen	0.0637265665275382
ohrfeige	0.06372547053901353
aufreger	0.06372132067342372
zusammenfallen	0.06370896550541896
geradewegs	0.06370711209654524
kritisch	0.06369633007250275
automatismus	0.0636667380907942
schleudern	0.06366465619642343
fruchtlos	0.06364326131403394
entscheidungsfrage	0.06364267559087601
beobachterin	0.0636374971981421
tiefflieger	0.06363363156856522
auseinanderdividieren	0.06362802870186081
erschleichen	0.06362483875247388
reibung	0.06359960164391312
barbarisch	0.06359551702914376
neandertaler	0.06359133181669299
faschistisch	0.06357251558683462
beackern	0.0635675229075821
widerlegen	0.06355852775589771
leerlauf	0.06355185802331462
warnhinweis	0.06355030362120144
abweichen	0.0635383052500759
verebben	0.06353272753492538
suizid	0.06350482773878051
abschrecken	0.06349919640429233
sacken	0.06349348906205621
strafbar	0.06349182594599621
leichtsinn	0.0634883323716252
torheit	0.06348550883593397
gebrechen	0.06348390849282458
rechtsfrei	0.06345673132533854
zwang	0.0634432311244559
messern	0.06341409399659224
analysieren	0.06340628328143048
irrglaube	0.06339716554364327
unterdurchschnittlich	0.0633842427214029
verherrlichen	0.0633824880977404
ausufern	0.0633541943079503
entfremdet	0.06333739375996922
juristerei	0.06330833750863349
betonklotz	0.06330293554958695
bonmot	0.06329999920118687
anachronistisch	0.06329796598345139
atem	0.06329430198133297
degradieren	0.06327267719097861
zweifelhaft	0.06326210427714529
infam	0.0632620929990663
aufwand	0.06323900285762006
unerbittlich	0.06323214468753555
ermahnen	0.06322958618780115
ermahnung	0.06322741816673359
fehlleistung	0.06318692071820521
feldwebel	0.06316243800580798
luftblase	0.06315729629319843
hungern	0.06314757783649672
blindheit	0.0631425045982013
diskreditieren	0.0631371385779886
unerkannt	0.06311579396280834
hohn	0.06310957297410519
ziellosigkeit	0.06310493688261269
schiene	0.06309061195617965
verwehren	0.06308980554156096
herangehensweise	0.06308847680391699
einfordern	0.06307369653573959
exkommunizieren	0.06306870358900545
drohung	0.06306790449930201
inkompetenz	0.06304965359466376
schuldiger	0.0630337099808302
begrenzt	0.06302482167760964
unvernunft	0.0630130913662665
ermessen	0.06300776181332812
vertuschen	0.0630050091385201
systemfehler	0.06300386278155128
zersetzen	0.0630022633654595
neutralisieren	0.0629958958010533
verkommen	0.06299355815974464
austreten	0.06299084009142544
ausgeschlossen	0.06298896488798014
handhabe	0.06297901871374188
kauderwelsch	0.06297566964902693
ausschaffen	0.06297298136801466
unwahrheit	0.06294452530285705
unzumutbar	0.06293100191147045
verweisen	0.06291942903034216
murren	0.06290231865894241
distanzieren	0.06286816525416934
schmach	0.0628639681171388
kleinreden	0.06286195356361964
losigkeit	0.06286140559100589
unterlaufen	0.06286085991942404
beibehalten	0.06285895159003392
bestimmen	0.06285022486206245
terrorisieren	0.0628407612363697
schachmatt	0.06283634437014703
verbieten	0.06282507683129034
ausbleiben	0.06281619042736346
arbeitsloser	0.06280807393063076
schnapsidee	0.06279840509738781
konkurrenz	0.06278148196549052
ausladen	0.06275675190886863
auswuchs	0.06274283168445095
aufschrei	0.0627380734651139
gleichsam	0.06273705429229882
verprassen	0.06272026997379035
vermeiden	0.06271841957557983
politikerkaste	0.0627170619696816
brausen	0.06271440739162122
verwirrung	0.06270765249060248
befragen	0.062666568738039
widrig	0.06266223707527227
borniertheit	0.06265804553176678
beschuldigung	0.06265443322819234
rechtspopulistisch	0.06263831692329751
wesensart	0.06262899486949985
bundeskanzler	0.06261731948224931
vorwand	0.06261458897641872
herabsetzen	0.06261435321117298
fehlanzeige	0.06260683605961635
schockstarre	0.06259338930148692
geisteskrankheit	0.0625919728084376
xenophobie	0.0625895858079899
verschlechtern	0.06258756654115528
mutlos	0.06258588446346997
achtlosigkeit	0.0625791393548832
ableben	0.06257181972278243
zermalmen	0.0625683947942222
erwiderung	0.06255335518777072
unzufriedenheit	0.06254532480698186
entziehen	0.0625407206275355
verstimmen	0.06253954793318975
dekadenz	0.06253527877955975
turbokapitalismus	0.06253268790895067
missstand	0.06252827690245352
kurzsichtige	0.06252158258739014
abwenden	0.06250849887875509
nachteilig	0.06250018466006581
minderwertigkeit	0.062492994898482285
unerbittlichkeit	0.06248687186339614
tatenlos	0.06247737750135471
provisorium	0.06247327522460968
konsument	0.06246059550734814
anderswo	0.062441080644204165
ungerechtigkeit	0.062434609099906675
sprengen	0.062383425154246996
mangelware	0.06236516248230473
untragbar	0.062355778850097215
deeskalieren	0.062350528265688265
maschinerie	0.062304321127313794
verwahren	0.062301571807414025
dumpfheit	0.06229315934999104
tunnelblick	0.062289491343339456
verfehlung	0.0622772614365872
fadenscheinig	0.06225984255867373
beklagen	0.06223176944275033
pornografie	0.062231142124718905
ruchlos	0.062212559816649034
trostlosigkeit	0.06221110415591575
pfuscherei	0.06220123283096842
verurteilen	0.06219338996791193
schelten	0.06219161892683668
notdurft	0.06219134530713617
grausamkeit	0.06217550645382059
verzerren	0.06212955446217301
eklatant	0.06212781892633586
blockierung	0.06212604162455484
verschaukeln	0.06212308954666767
diktion	0.06211896343541927
unsolidarisch	0.062115754628038644
dezimieren	0.06210857106481982
unwille	0.06209063241806556
verdunkeln	0.062087513257495765
mundtot	0.06208210423672943
hilflosigkeit	0.06207404890539982
aussetzen	0.06206481218696339
abschieben	0.0620645744019293
unbewiesen	0.06205346172199469
obrigkeit	0.062042406673542626
provokation	0.06204224650222753
schwindel	0.06202486388333461
selbstoffenbarung	0.062012797294068465
amtsdeutsch	0.06199743786689193
derzeit	0.061986397137913096
handeln	0.061971550402866914
hinterzimmer	0.061964148756430214
abdanken	0.06195849644509815
befangen	0.061955449190415096
unwissen	0.06194382042457544
wegfallen	0.06192220650662708
verzerrung	0.06192152562597689
schuldig	0.06191622957429633
abfall	0.06190206141675736
betroffener	0.061898939264062175
irrtum	0.06187744768681048
proletariat	0.06187611626250968
reihenweise	0.061859396028950256
angesicht	0.06185698753057016
unteilbar	0.061855392668776564
chuzpe	0.06184311581967263
konkurrieren	0.06181915485002423
gaunerin	0.06181089690607103
durchsickern	0.061801694982388064
kanonenfutter	0.06179757099871719
illoyal	0.06179435803067436
kapitulieren	0.06179188189280662
versagen	0.061779027889338506
entbinden	0.06177635640244348
exponentiell	0.06175995470442652
wegelagerer	0.061759272983646724
einfluss	0.061755262937816816
schizophrenie	0.06174637208408666
beenden	0.061735024513625635
kontrolliert	0.06172997294168027
berauben	0.06172192704937388
stoiber	0.06168566511860222
beanstanden	0.06167679009556075
bestreben	0.06166978037611611
widersinnig	0.0616667256166178
verteidigungskrieg	0.06165362328106686
wortwechsel	0.0616428508465364
rechthaberei	0.06163384765923814
widerspruch	0.06162774693032613
breitseite	0.06161226747621692
kampfbegriff	0.06159577132909655
hirngespinst	0.06159119011841833
nestbeschmutzer	0.0615894538362673
abtreibung	0.06158263141205707
beschneiden	0.06157631759758838
ehebruch	0.06156635332119462
habgier	0.061561199058485
gedankenexperiment	0.06155820837213533
steinzeit	0.061546806185371325
unmoral	0.06153923945304049
verleumdung	0.06153227534064768
betonkopf	0.061526708059495686
obdachlos	0.06152463110782738
krude	0.06152167343504513
kollabieren	0.061492807638072466
beeinflusst	0.06148794320961268
kritiker	0.061480647112567885
kommunismus	0.06145451620820016
sintflut	0.061435630298777
klartext	0.061432010126653995
belegt	0.061432000873607215
starrsinn	0.061426247926649954
verharmlosen	0.06140906512059812
korrupt	0.061407910479873255
einseitigkeit	0.06139888943532428
beschuldigen	0.06138761233324989
fleddern	0.061382560163782365
unredlich	0.06137539037916913
bedeutungslosigkeit	0.06135030216321526
boulevardjournalismus	0.0613040048246818
hervorgehen	0.06129651845403226
dichotomie	0.06129552679924076
psychoterror	0.06128819053490018
unbehagen	0.061287531192670726
ausliefern	0.061283341057956964
demaskieren	0.06127962414853742
vordringen	0.061267411232204
alkoholismus	0.06126521584585523
menschenopfer	0.06123804979307491
evolutionstheorie	0.06123318719857156
bringschuld	0.06119052999210265
fehlkonstruktion	0.06118622094603565
anwalt	0.06118330371074936
verharren	0.06118304205879637
vorverurteilung	0.061154113700473044
unterschreiben	0.06115107707621192
meinungsfreiheit	0.06114902313139697
gedankenfreiheit	0.06114668656711305
niedertracht	0.06113647793432984
hinterlist	0.061124899665121364
krakeeler	0.06111550353787371
kindeswohl	0.061107286085677524
pseudowissenschaft	0.06109310087924165
aasgeier	0.06109130031419384
erbitten	0.06107826828259642
schwarzmarkt	0.06107075202241079
aussterben	0.06106687247800295
schmierentheater	0.06106175163870246
ideologie	0.061036198370219744
kopflosigkeit	0.06102177408736997
machtmensch	0.06100793745007012
ausbeuter	0.060998104727809345
ungleichgewicht	0.060990645805195844
widerrufen	0.060975771301371606
abstumpfung	0.06097177764388812
unbestimmtheit	0.060970013930313254
verteufelung	0.06095456365894392
undemokratisch	0.06095450936294302
basisdemokratie	0.06095246560996279
gauner	0.0609456342221389
pappkamerad	0.060885000221369896
selbstzweck	0.06087958780810798
wahrheitsanspruch	0.06087549508369812
fehlverhalten	0.06086993368479895
diktatorisch	0.06084047312326987
blockieren	0.06083151914894569
hetze	0.06080234832098825
skrupellosigkeit	0.06078973904365758
differenzierung	0.06078187445524722
dringlich	0.06072003254620015
protokoll	0.0606822684735402
populismus	0.06066887963953572
religionskritik	0.06063482192062082
privilegieren	0.0606333762154501
abzocker	0.060631721975924015
verfehlen	0.06062162516975012
atomkrieg	0.0605979787213004
bevormundung	0.060578711758715764
fürchten	0.06057687408276369
wanken	0.06057434620328114
kleptokratie	0.060569552134733036
gratwanderung	0.0605430482030832
abweisen	0.060536911540825036
hysterie	0.0605338779469641
anachronismus	0.06050685167302166
verantworten	0.060495799388398094
antifaschismus	0.06049241147967383
vorwurf	0.06047902356270338
verzocken	0.06044360258635632
zehren	0.06043696555832028
hadern	0.06042506126347803
watsche	0.060402256464403864
normen	0.06034641636577214
ineffizient	0.060342718706601635
kollateralschaden	0.06033542509854528
gretchenfrage	0.06033359059958465
kastration	0.060317234618097626
redeverbot	0.060315451404822605
schlepperei	0.06031333502849411
divergieren	0.06031331179901612
holzweg	0.060304426899150235
tyrannei	0.06029120366076414
aporie	0.06028841837899778
fracksausen	0.06027315531880061
kavaliersdelikt	0.06027248040400136
denunziation	0.0602109128760076
sprunghaft	0.060201849492489294
schlichten	0.060183060389301116
abflachen	0.060155927016501985
rumoren	0.06014931745397723
sprachpolizei	0.06014635477989241
degradierung	0.06013786327700649
diskriminierung	0.06012605478276187
unvermeidlich	0.06011898846332291
abnicken	0.06011402175776755
ausbluten	0.060106292405164095
kritisieren	0.06006685526662083
strittig	0.06006293588313321
unterziehen	0.06006268928473535
verkennen	0.06006115747536428
tabuthema	0.06005829429640585
auffliegen	0.06004887520270953
diskurs	0.06004792447057776
kakophonie	0.06004015318774575
krux	0.06001802574250249
vorbedingung	0.06000742995131246
groteske	0.05999833639293869
manipuliert	0.059979966429705954
dissens	0.05996116962282931
aufbegehren	0.05995180314487952
nabelschau	0.0599449700417796
lavieren	0.05989829289403193
wortbeitrag	0.05988967854078766
erfolgen	0.059873084300493984
abschaffen	0.05986092113008032
durchbrechen	0.05985927651119858
unsicherheit	0.05985076661324799
ruder	0.059810111524564336
gewaltenteilung	0.059803848994495847
existenzangst	0.059795475916417644
beschneidung	0.05979308169141171
raffgier	0.059785249676200906
verdruss	0.05977943620795289
handlanger	0.0597788751362415
unruhe	0.0597563919824475
abgelehnt	0.05971448266958722
ratlosigkeit	0.05969539971748507
abwertung	0.05968582701541109
erbost	0.059680060264628486
zwischenruf	0.05967344411589197
primat	0.05966203209211332
gespalten	0.059650999883554025
mutlosigkeit	0.059641133115009175
zivil	0.05963441876803865
dichtmachen	0.05963066226641513
entfremdung	0.05961238653630261
rechtsausleger	0.0595978057234342
besorgniserregend	0.05958009915127238
zerschlagen	0.059568813473018595
scheitern	0.05956760989193187
unmenschlichkeit	0.05955194026340264
verschleiert	0.05950711669557983
sozialstaat	0.05949187564288082
abfuhr	0.05949108929675914
makulatur	0.05948564914490608
siechtum	0.05947631323161286
achillesferse	0.05947080605647506
idiotentest	0.05944493417287596
meinungsforscher	0.059427239499158915
gegenwind	0.0593993368073442
androhung	0.05938407906764545
kontrolle	0.05935508393700402
untergraben	0.05934061787529062
islamophobie	0.059334251007693996
unmut	0.05925874206259754
verhindern	0.059245243475639385
stillstand	0.05924058805440912
verfolgter	0.059238589744672776
widersetzen	0.059219352137510124
debattieren	0.05920337694227113
liquidieren	0.05919893269231557
sabotieren	0.059195435060477274
zwangsheirat	0.059191484557093686
kleinkrieg	0.05919038755442862
helfershelfer	0.059185987453677556
verweigerung	0.05917070047591883
missachten	0.05916428352099154
waldsterben	0.059155495255959104
zensur	0.0591343956246001
sargnagel	0.05912991807566472
unverantwortlichkeit	0.059119325899249946
unzureichend	0.05910877031970709
sittenverfall	0.059092070820795
ungehindert	0.05907814193549796
wirkungslos	0.05907622722849584
etatismus	0.059055309150648216
zivilcourage	0.059052851494281154
intervenieren	0.05901010368862051
fremdenfeindlichkeit	0.05899125737946454
schurkenstaat	0.05897918125100783
schelte	0.05897645563378766
ineffizienz	0.05897459703145963
verbrechen	0.058931129203270836
abspalten	0.05892626232303543
verfall	0.0589131758359637
uneinig	0.058906960612429275
klassenkampf	0.05888581905321047
diffamierung	0.05884774827572712
selbstzensur	0.05884218984619777
verweigern	0.05882553401767972
verheerend	0.05880476017450198
kapitalverbrechen	0.05878428930985422
antisemitismus	0.058738906783686436
gesichtsverlust	0.05870484356914236
fehlentwicklung	0.05870297225867012
interessenkonflikt	0.05869887036928166
ausgrenzung	0.05869837112317881
rebellieren	0.05868866419209133
nebelkerze	0.05868482363425602
berufsverbot	0.05866294021274878
kriegstreiber	0.05862675140549254
analphabetismus	0.058590680705026904
skandal	0.05857163559546691
furcht	0.058563444147499255
schikane	0.0585628873272732
beunruhigung	0.05856250090886962
unvereinbar	0.05855660068153751
eiertanz	0.0585561952684033
demokratur	0.05850550474305929
sackgasse	0.058492446327929846
kommerzialisierung	0.058489487427673445
unruhestifter	0.058480400280635995
ausbeutung	0.05845875265281064
desaster	0.05843056090120673
verzicht	0.058428755524507985
alarmismus	0.058423052625265745
etikettenschwindel	0.0584151154396025
abschreckung	0.05839660926155193
ablehnung	0.058387453990705954
pegida	0.05837484819711382
sklavenarbeit	0.058370233689786194
konstruktionsfehler	0.058349140962850224
kontroverse	0.05834739628425096
befangenheit	0.058324288788580134
rechtsstaatlichkeit	0.05824135329583463
horrorszenario	0.05820430243710338
exekutive	0.058167751673578176
befriedung	0.05815686674041668
scharfmacher	0.05807503603484234
schuldhaft	0.05807211088542581
ungehorsam	0.05803397069017445
absurdistan	0.058025491779439234
kumpanei	0.05802522742247518
eingreifen	0.05794373428402066
umstritten	0.05791102218815049
bredouille	0.05790119834832153
niedergang	0.05789062426331912
klagen	0.05778425135902836
menschenrechtsverletzung	0.057774224047049696
auseinandersetzung	0.057710823010951075
missachtung	0.057679588010292354
besorgnis	0.057678598165848104
beobachter	0.0575232997127272
kapitulation	0.05744759938185594
farce	0.05742924987154285
konfrontation	0.057294704186626105
bedrohung	0.057276869777926835
widerstand	0.05692522996567509
