schlampen	0.16422389620504146
transe	0.15685529047986219
spanner	0.15557574255093318
arschficker	0.14956363693339425
fotzen	0.148317395669103
flittchen	0.14717138635631585
ficken	0.1465542451138614
tussi	0.1446424314007666
prengel	0.14462438696003613
schwanzlutscher	0.14411740491864605
drecksau	0.14311666001282067
brüsten	0.14114176998336203
notgeil	0.14078900758076457
brillenschlange	0.14047643363163462
lutschen	0.14032950439711206
peitsche	0.13988542015321437
lecken	0.1393915114676518
titte	0.13915640305413587
schlappschwanz	0.13914092433090616
orgasmus	0.13878946800541017
rohrstock	0.1377518221841319
arschgeburt	0.13740969483161763
tunte	0.13735919792889922
schwuchtel	0.1370397380600225
anpissen	0.13644947381378267
unrasiert	0.1357230830536469
lustknabe	0.13301930697167752
fotzenlecker	0.13285640686526573
spasti	0.13282475801566804
mutterficker	0.13271989784591304
bengel	0.1325810359301544
anmachspruch	0.13251723247158417
kanacke	0.13248856487012184
pummelig	0.13210625155611141
sperma	0.13100079741868853
spritzen	0.1308256822597509
stricher	0.13042654370716178
wixxer	0.12982442825220808
anblasen	0.1296122366812966
blase	0.1291704836453058
pissen	0.12835009247691526
lappen	0.128260864325178
fettsack	0.1282500282127825
gedehnt	0.12783471016663328
versohlen	0.127580787430307
extase	0.12717297723043305
heftig	0.12702804492059772
lutscher	0.12662472454700532
missgestalt	0.12648264093332307
hundesohn	0.1258112544045565
fickfehler	0.12575651285306064
ehrenlos	0.12551579963387885
abspritzen	0.12482452383369538
mannsweib	0.12468011958615362
bratze	0.124655170152284
sklaventreiberin	0.12448290515123336
japse	0.12441508049214565
untermensch	0.12398054908620426
rothaarig	0.12386629144899847
pisse	0.12361706229398217
nymphoman	0.12360338048381334
miststück	0.12331416217375812
vögeln	0.12310996412451553
dreckskind	0.1231003779236727
fotzenknecht	0.12251072747567092
arschgefickt	0.12240479811129608
dirne	0.12200368725829089
abgewichst	0.12158960683429035
kerle	0.12133718480341535
durchficken	0.12105806884789073
schucken	0.12083059133685735
prügel	0.12082868399981177
abblasen	0.12080284580560392
arschgesicht	0.1207739975906879
vollspast	0.12077000243023751
anlabern	0.12072882816782288
eingebildet	0.12005052474846134
mistkind	0.11978200313383854
flachlegen	0.11934339592703061
lümmel	0.11927380553340314
eierkopf	0.11868273962753195
ungeschminkt	0.11812629708955737
zicke	0.11767089047383969
stiefmutter	0.1175156077630246
missgeburt	0.11743905967980177
schmock	0.11733421257128819
ungezogen	0.11695862771772332
kacker	0.11687692123819454
dussel	0.11639199916455074
bespritzen	0.11620977400950705
kackbratze	0.11615989224034741
abgehen	0.11596672395850723
haarig	0.11591886438064507
nuttensohn	0.11569268336104624
analkette	0.11565796125935382
selbstverliebt	0.11563020949488353
frivol	0.11562524359629908
arschkind	0.11553756963870328
schnitte	0.11540902004424894
sackratte	0.11523925586841947
schwuler	0.11463375589867524
macker	0.11460720196432742
verkackter	0.11452778214582623
spackig	0.11396565634290454
tucke	0.11387590812695367
labbern	0.11364516969343862
früchtchen	0.1132702496797451
geldgeil	0.11312029103903347
verrucht	0.11306417471183931
schickse	0.11287163325044544
gesichtselfmeter	0.11286485744610394
kanalratte	0.11278855693136192
schlingel	0.11264365950662741
legasthenikerin	0.11249021213239736
pottsau	0.11225354115834536
labersack	0.11223949972605855
nuttenkind	0.1120520424756258
möse	0.11194409460287173
spacko	0.11186823862017865
abgefuckt	0.11142250843301083
trottelig	0.11124276830251392
schreckschraube	0.11124008504679356
arschgeige	0.11114807055305269
flachwichser	0.1111248212514337
feucht	0.11101486973434632
gammelig	0.1108660464717018
steif	0.11084380749904449
abgehalftert	0.11071181757398595
unnötig	0.11042085731773475
feuchten	0.11025973557105134
landei	0.11024704618986744
sackgesicht	0.11008902411895548
zerficken	0.10987970735636902
schnepfe	0.1097646328506142
alk	0.10931453372406615
verfickt	0.10912601390712552
bedeppert	0.10908529210171625
wütend	0.10882831105833404
zweideutig	0.10876095435081498
morgenlatte	0.10875532251158133
dildo	0.10864145554914031
verkuppeln	0.1085274103788485
softporno	0.10850032005199933
gottverdammt	0.10844253480652305
melodramatisch	0.10829881679312714
hackfresse	0.10829171751171587
prollig	0.10820024429902673
sack	0.10814455731220331
vegetarierin	0.10795044256377943
affenarsch	0.10783260034229633
gammler	0.10773128871844594
bocken	0.10771914241140874
schirch	0.10768363728837901
du	0.10766102449507792
grütze	0.10765914660997397
nackt	0.10764660724413598
heulsuse	0.10749266074856713
untalentiert	0.10748517315630629
schisser	0.10747075448709548
verfressen	0.10717993483305592
undefinierbar	0.10708283102777114
entstellt	0.10684157026686787
schiss	0.10677317406766758
schlawiner	0.1065763165217625
schwulenfeindlich	0.10652326020546571
abrasieren	0.10637483769655484
proll	0.10636086817507273
pimpf	0.10630791053453943
unbefriedigt	0.10623946340259185
memme	0.1062258139471697
behaarung	0.10622305587873984
geschreie	0.1061126696359724
minusmensch	0.10598205470946709
dummerchen	0.10591951282717274
saufabend	0.10585361130597738
ferkel	0.10562023648290325
viech	0.10556847164265667
nackig	0.10534020022071876
labertasche	0.10519368813323153
ach	0.10518025898220744
arschig	0.10517755447926404
rüber	0.10517167809512924
hau	0.10478706860417923
verdorben	0.10477818889495247
intelligenzbestie	0.10466459955406529
horrorfilm	0.10433087921769284
garnichts	0.10432495830035059
spastiker	0.10431496970284994
stalken	0.10396999067954037
hartzen	0.10395689962739485
stinkstiefel	0.10393816115512233
umbringen	0.10382070991258736
haaren	0.10375032201144446
gemein	0.10357611745382728
petze	0.10345756114148594
ausrasten	0.10342176239605164
würgen	0.10311237783865347
weichei	0.10308429039360836
woher	0.10303700487278915
hurentochter	0.10301625901595862
verpissen	0.1030119448876549
streber	0.10294751667225652
schnecke	0.102791680686626
grindig	0.10269167506388412
spritze	0.1026247017184937
spacken	0.10260158405809977
besoffen	0.1024835826720444
lass	0.10244061248559547
mund	0.10240977065881073
hyperaktiv	0.1023512406132852
trulla	0.10230792014626897
zotteln	0.102297534491881
vollbart	0.1022808185502361
fresssack	0.1022153232372552
nervös	0.10209703928067083
schmatzen	0.10204062469494687
vollidiot	0.10197558165331598
stupsen	0.10187840882610875
unmensch	0.1018610470582106
idiotin	0.10176535837355631
moppel	0.10160613043465569
arschlos	0.1015623035871918
negerkuss	0.10150319584918553
stinktier	0.10146881058687549
unwohl	0.10130573403399452
abkacken	0.10127221867753974
angetrunken	0.10119538892922313
vde	0.10112895356378197
ohrwurm	0.10110151354908359
unfair	0.10107732134866289
nuttendiesel	0.10102861686850158
betrunken	0.10087455698500859
babbeln	0.100803995780253
strahl	0.10076902562357086
schwein	0.10069374628812086
schmierig	0.10069146288740424
egoistisch	0.10054164765110694
unleidig	0.10042383630951543
hinterlistig	0.10040358710083802
abklatsch	0.10038722874660792
hodensack	0.1003840677744855
abmurksen	0.10035702057507759
gruselig	0.10034742804964616
glatzkopf	0.10032894914970567
necken	0.1002632691091481
unfreundlich	0.10025608809067398
penisbruch	0.10022222986857957
schrecklich	0.10011151101700146
hampelmann	0.10007301189617335
schlabbern	0.10005251145239297
pieseln	0.10005187645948849
faltig	0.09991469541285922
flennen	0.09985665588763089
deprimiert	0.09971912448256197
ankotzen	0.09969004817932162
neffe	0.09958881511524123
kratzig	0.09956544188507609
spruch	0.09950022677821992
sterbenskrank	0.09946656546207885
hungrig	0.09944842474601809
sindse	0.09942373850708681
nein	0.09925372670698421
kuhkaff	0.09919643195064877
vieh	0.09914414670964868
laufmasche	0.09910111510057773
herzlos	0.09905124242166974
schmutzfink	0.09901672173429031
fliesentisch	0.0988848054196702
aufgeweckt	0.09871336258948069
erwachsen	0.09850497678250704
fremd	0.09847006995491243
heulen	0.09837635755082996
wehleidig	0.09832192249139224
frostbeule	0.09832149403260053
beknackt	0.09831568814842512
talentfrei	0.09828394849616637
verflucht	0.09828004144926322
drecksack	0.09824892818180249
klamotte	0.09824719611346204
menno	0.0980938608902938
flitzpiepe	0.09807774908209443
ungeduscht	0.09806108399420463
schuft	0.09802569408406255
bisschen	0.09800595236682955
asozialer	0.09796960546704356
mistvieh	0.09782739384316412
fatzke	0.0977843865960435
unsportlich	0.09776908168058754
struppig	0.09772430538925951
abgeneigt	0.09772079896365246
rücksichtslos	0.09770277163974633
unabsichtlich	0.09767888168097327
brabbeln	0.09766187628487533
notschlachten	0.09759134830898875
dumpfbacke	0.0974350109632534
wehe	0.0974271364802386
ungehobelt	0.09741000086493991
schmutzig	0.09731807743055342
unlogisch	0.09731356255520382
langweiler	0.09728769814119566
popel	0.09722971483516918
wildenbruch	0.09722039320815193
schlapp	0.09711116489228494
hohlkopf	0.09710874241946908
zeugs	0.09710152091967554
begrabbeln	0.09699891144775613
alkoholisch	0.09696857287111242
leberfleck	0.09685135860695741
verlobte	0.09682474593323014
banause	0.0968201031329462
rwk	0.09678355161682292
pimmelgesicht	0.09663781924641551
arschbacke	0.09658765182781145
dusselig	0.09657624058746729
undiszipliniert	0.09642911629893151
einfallslos	0.09641552030602263
grimmig	0.0964058669575133
petzen	0.09635007270048335
kuhdorf	0.09630180537408096
pickel	0.09627903694442366
moppelkotze	0.09623003661579471
zeug	0.09620615626117145
beule	0.09616767900151671
unhöflich	0.09612018163413638
schlaumeier	0.09611028883771718
witzbold	0.09603311143747235
karre	0.09600364081390737
plinse	0.09594982070712674
verabscheut	0.09593333879739142
ziegenbart	0.09591769844232158
pejorativ	0.09588539295452243
blutmangel	0.09573734069086154
dorftrottel	0.0956805153840238
krumm	0.09565208279074336
sippschaft	0.09559085838547851
aggressiv	0.09558820499727418
abgedroschen	0.09551054817803646
schauder	0.09549646990107893
heimzahlen	0.09544417907201315
dreckskerl	0.09526887185413438
entblocken	0.09524208553240693
hysterisch	0.09522423008420106
ausgemergelt	0.0951892192772902
hohl	0.09517702507770015
abschminken	0.09513030753943304
verkleiden	0.09511043933966062
wampe	0.09505670552776632
feigling	0.09504971220208248
einsam	0.09499201458700672
weinerlich	0.09496068194568148
schnuppe	0.09495074443643796
niemand	0.0948655593048449
putzfimmel	0.09477195540745476
besaufen	0.09471925985405061
melancholisch	0.0946000902827728
kopfnuss	0.09458000563665855
todmüde	0.09457027060101195
nass	0.0944644475271769
übertrieben	0.09444733728821739
miesepetrig	0.09442572975198303
zahnweh	0.09440641630754217
grenzdebil	0.0943797548221674
untreu	0.09433100702608711
altmodisch	0.09430670385109391
verkniffen	0.09425311011762962
deppert	0.0941121937779812
triefen	0.09400984510060442
grufti	0.09399440295857968
stramm	0.09398642184197724
egomane	0.09384302065092617
undankbar	0.09383914339186364
weichklopfen	0.09376175331295553
unhygienisch	0.09371436014710273
untertreiben	0.09370570287343849
hase	0.09370079634170823
schwachmat	0.09363659971282826
huch	0.09361241476164317
grunzen	0.09360195074188717
unterleib	0.09358008951693587
weggehen	0.09357633931333574
wehtun	0.09356299452264528
desinteressiert	0.09346253323805326
holzkopf	0.09345689405664291
heiser	0.09340826509740356
quatsch	0.09338862091806825
schwindlig	0.09331594028188721
herzschmerz	0.09328755681135548
juckpulver	0.0932668050328256
pappnase	0.09316936828634481
winzig	0.09314588220031887
furchtbar	0.09313455750629449
sensibelchen	0.09309937171638877
animalia	0.09309490764429831
arschkriecher	0.09306996069468758
gesabber	0.09303862704666106
schimpf	0.09302615721596595
frau	0.09301515305094388
unterbelichtet	0.09300675128645512
erwachsener	0.09295009589862367
begriffsstutzig	0.09294487134266008
diejenige	0.09293546358946417
bauch	0.09290636471452593
tratschen	0.0928062846528486
bartstoppel	0.09279603961984434
rebellisch	0.09272455767446704
sabbeln	0.09269730573988644
garstig	0.09258443665548526
verkloppen	0.09250539423877603
zeiger	0.09250379062577148
einbilden	0.09246454349081673
scheusslich	0.09231995286376117
dfv	0.09215894654608246
kaltherzig	0.09210049853108389
unpraktisch	0.09194292239331321
borstig	0.09188559630479358
scherzkeks	0.09173954426689925
unterbuttern	0.09162422301053405
ungeschickt	0.0916196508675012
frischling	0.09161151835101837
weinend	0.09158795480099666
pegasos	0.0915780642358737
balsa	0.0915369014915826
waldschrat	0.09149095932341603
verdutzt	0.0914549323759683
spucken	0.09142803426206857
alkoholiker	0.09137894674794692
jammerlappen	0.09129319022092965
brandblase	0.09127958347571931
abtreiben	0.09124966710178198
zahnfee	0.09124497168308884
unwissend	0.09118085071192203
kraulen	0.09108637939343159
miefen	0.09099312716677836
schmu	0.09097331422820758
milchtritt	0.09090982012251458
seltsam	0.09089690488053673
unbewusst	0.09087931265397911
gesabbel	0.09086907381092835
zusammenhanglos	0.09073188210577961
keiner	0.0906822633946593
ekel	0.09060551570238227
missraten	0.09059984206252193
katze	0.09056460357140161
unpassend	0.0905055538264964
duschen	0.09050162792815389
zahnstocher	0.09049390464195471
kopfschmerztablette	0.09049289664055496
kompliziert	0.090478652942285
zecke	0.0904567145104625
mundfaul	0.09035939351442988
ratte	0.09033679552602944
schmiere	0.0902538673703217
seicht	0.09024471564188694
wespe	0.09023800163688306
aufregen	0.09020070709907209
dwv	0.09006587059998883
blocken	0.08996611749244476
bema	0.08995577203392624
primitiv	0.08992581392657656
versehen	0.08992339058410982
glied	0.08991221606791022
versager	0.089868971116645
kusshand	0.08982787032108082
geisteskrank	0.08979039417220086
ungesund	0.08976908966995266
abschlagen	0.08976730239736595
hirnlos	0.08975518924012964
schmerzhaft	0.08968492267645563
boshaft	0.08966815461875559
unwirsch	0.08964284151159975
irrenanstalt	0.08960517633456394
fressen	0.08955398653454116
unangenehm	0.08947188523394356
erschrecken	0.08929323346194536
charakterlos	0.0892904026314855
notschlachtung	0.08927132903980758
vollkommen	0.08921339570916106
vertauschen	0.08920727486985096
fluchen	0.08906585955882951
angewidert	0.08904410121947638
unwichtig	0.08900986197680623
tennisarm	0.08898207209150924
stuss	0.08890515734780478
schamlos	0.08881363408083663
gequatsche	0.08880862091798648
anreden	0.08877750280668173
korinthenkacker	0.08873959914181125
wisch	0.08871774621466089
sediert	0.08869952079144142
knilch	0.08869861194863815
hirn	0.08868614505217984
tarnung	0.08867887329051673
abgefallen	0.0886641093267822
geschert	0.08865331880275855
schwanzlos	0.08857866856965364
weglaufen	0.08850624470101408
grobmotoriker	0.08845836394467793
stuhlgang	0.0883751566317614
regenwurm	0.08835359200247002
warmduscher	0.08834373077217635
undankbarkeit	0.08833397508462816
vegetarier	0.08832056317527777
suppenkasper	0.08831165857965753
ausspucken	0.08831133576742424
zottelig	0.088216723847369
hinten	0.08821094827069563
berichtigen	0.08816826113967215
verletzlich	0.08812766639631262
nageln	0.0881205033537481
idiotisch	0.08811923139971521
dreck	0.08809864503511333
flunsch	0.0878409755224165
duden	0.08777894915535614
hucke	0.08771405172461656
schnake	0.08769679791969244
wedeln	0.08762883866651237
urinieren	0.08760842988766429
pellen	0.08751168852987204
esel	0.08748734364080996
klischee	0.08743455583257964
ochse	0.08740609990885195
abtrocknen	0.08739529697980622
sippe	0.08733322173934153
medienhure	0.0873251758661361
kauleiste	0.08728642236755428
patzig	0.08726713189699721
fusel	0.08723167528483262
rücken	0.08713485932169093
gebrabbel	0.08705735270034029
hornbrille	0.08698474812876408
ungehalten	0.08686677017669919
schubsen	0.08681645888347045
dekadent	0.08681511918042636
homophob	0.08674393168454882
schorf	0.08673900845721846
unsauber	0.08667600168424888
blubbern	0.0866509206069593
fanatisch	0.08662366947814389
misstrauisch	0.08658103172342543
geschimpfe	0.0865371374912877
apathisch	0.08651093622203943
inkontinent	0.08650541789259479
besorgt	0.08646165826687006
versuchung	0.08645264499064725
unsittlich	0.08644911954932741
gelbsucht	0.08637880166982477
nagetier	0.08635531371249941
oberfaul	0.08620307179586251
schwamm	0.0861622485749979
kastrieren	0.08614433434354267
pfeife	0.0860668942900374
griesgram	0.08604480358932425
unappetitlich	0.08604217507031808
schwachkopf	0.08602975030526001
hopsen	0.0860222356750228
erektion	0.08601691248633285
anspannen	0.08600165242921874
kotzbrocken	0.08599820235380272
unterschwellig	0.08586056481902253
wadenkrampf	0.08580232837442883
daherreden	0.08579027915297512
bierernst	0.08578023441851834
davit	0.08576752677064708
allerwertester	0.08576337275718914
singsang	0.0856982104386079
schelm	0.08568351601031506
aufblasen	0.08568338674992615
abknallen	0.08566645082481635
spaghettifresser	0.08564101690621848
homophon	0.08561080699074129
engstirnig	0.08555302816892815
eiern	0.08552577671990219
verzwickt	0.08551997673760359
rammen	0.08551220912119754
pikiert	0.08550548992882465
wackelzahn	0.08549813489902043
vollpfosten	0.08545094683574804
stillos	0.08540847415157592
teplitz	0.08539553106228985
wildsau	0.08538180522578817
windelweich	0.08537162311385765
herinnen	0.08524897692958197
vergasen	0.085232303133808
hornochse	0.08503351632696711
doppeldeutigkeit	0.08503200604309796
profan	0.08502027336237572
kriechen	0.08494881339254881
begafft	0.08490775798010478
wackeln	0.08480463660836765
verwachsen	0.08477235265434377
eimer	0.08469899033768126
schmieren	0.08459693032311752
wutentbrannt	0.08457582940505465
belanglos	0.08456177926426812
blutig	0.0845504989353198
buckel	0.08448244415363097
kokeln	0.08447968793881538
anbellen	0.0844228485478932
pfote	0.08441473926387032
weihnachtsmann	0.08440828365324368
bewegungslos	0.08440193959566378
trollen	0.08437937856968857
geifer	0.08433587539644595
giftig	0.08431329093002857
kinderficker	0.08429188602986466
schulter	0.08416674519623421
weiterrauchen	0.08416166081079149
schizophren	0.08413828914889518
knoblauchgeruch	0.08398126625409019
riechsalz	0.08390472830775092
beschimpfen	0.08384735700069856
stopfen	0.08376717235683409
einlauf	0.08372562019232839
befremdlich	0.0837131702065237
stimmlage	0.08369227542915822
charakterschwach	0.0835049450757472
herumhacken	0.08338746193008517
gurgeln	0.08338444132634529
zwerg	0.08336804412859898
hochtrabend	0.08333430874327305
schnippeln	0.08326966365544934
mimen	0.08325027755700462
inkompetent	0.0832203745292453
lund	0.08316854806386073
kurzsichtig	0.08302280667571005
wurstblatt	0.08299054140562481
verwickeln	0.082904926345296
bisswunde	0.082899697194423
furchterregend	0.08285624519515941
hanuman	0.08282797704086824
abschreckend	0.08281142900522241
unfein	0.08278279881461607
einklemmen	0.08274563634356383
witzfigur	0.08267284432344839
tattergreis	0.08262717323736295
seelenstriptease	0.08261685001599153
verpetzen	0.08259578114537627
schniefnase	0.08248097384721653
unkorrekt	0.08246915219458738
schnauben	0.08243211194430956
verzapfen	0.08230045978282907
unterentwickelt	0.08205288012215443
hofnarr	0.08204440757567774
profilneurose	0.08202740076028969
unverständlich	0.0819732694447046
anbrennen	0.08196568455900204
verschimmelt	0.08194239535231834
verschwitzen	0.08181760392050336
rechthaberisch	0.08180381881976204
besinnungslosigkeit	0.08163558838853363
zigarettenrauch	0.08146636917994009
schreiberling	0.08136321815872559
unzivilisiert	0.0811535675618719
speichellecker	0.08102998008099281
inkorrekt	0.08090452314460722
selbstironie	0.08087520056099506
unhold	0.08086996680716829
lasch	0.0806215644211759
schauderhaft	0.08053965130940283
unehrlich	0.08053857439273525
gottlos	0.08048539372339801
asoziale	0.08005701946961491
kleinkariert	0.07997782347768302
geiz	0.07984809710703823
verarschung	0.07980100019806366
genieren	0.07976813383433871
agnostiker	0.0796280510583015
beschnitten	0.0795894839990959
ekelerregend	0.07953975953531721
stange	0.07953374138481391
inkonsistenz	0.07946692726254166
taubstumm	0.07941423303684692
furchen	0.07932970641239903
kriegerisch	0.0792878504315531
behelligen	0.07908603502980524
unqualifiziert	0.07897983095355579
gesindel	0.0789594502180346
hausieren	0.07885471636384946
sprechdurchfall	0.0786170886127262
marktschreier	0.07843258335560799
lebensfremd	0.07835492319963278
joghurtbecher	0.07818293053524239
gefasel	0.07811617421460021
nebensatz	0.07804659417685447
freudlos	0.07803628117555296
fruchtfliege	0.07801801060198624
verwerflich	0.0779933079921666
verachtet	0.07776658664571785
gesocks	0.07771805784125012
widerhaken	0.07747052245292947
schmonzes	0.07744300031618888
scheinheiliger	0.07742308623137338
dreistheit	0.07732921814384648
verlogen	0.07728219617425168
ausfluss	0.07695057653564878
geistlos	0.07687067249899207
erzkonservativ	0.07682397654606613
zyniker	0.0767525243584439
verbohrt	0.07673032375937387
unterstellung	0.07636144596435598
sprechweise	0.07625248642129202
undiplomatisch	0.0762268660104216
pfaffe	0.07581574901513852
lakonisch	0.07563328309713734
borniert	0.07497245492762973
unchristlich	0.0742120207451336
moralkeule	0.07405643872786115
schutzbehauptung	0.07398977765778753
feminismus	0.07312790126292636
