mutterficker	0.05979979290391231
arschficker	0.05970901970223643
ehrenlos	0.05949999861409947
schlampen	0.05949001905296237
schlampe	0.05947494293803255
schlitzauge	0.0594353565930133
pimmelgesicht	0.05942001992892138
hure	0.05941044027140208
schwuchtel	0.05939515089211983
missgeburt	0.059380684756324735
tunte	0.05933992792869434
hundesohn	0.05933851482821883
arschgeburt	0.05920850453674728
spast	0.05915797567980516
stalkerin	0.05914350003057919
brillenschlange	0.05912924661544521
hurensohn	0.05908721803826447
tucke	0.059078047176668105
flittchen	0.05906874754104794
negerkuss	0.05906629612422638
übertreiben	0.05905727746932763
sau	0.05901627030933681
schlappschwanz	0.05897789513819441
notgeil	0.058940014282408124
dreckskind	0.05893677582587573
pervers	0.05893295582002654
schwanzgesicht	0.05892667728829092
pisser	0.058925628850231705
unfair	0.05890177872090402
fuzzi	0.0588949802882461
fettarsch	0.05889342721338706
mannsweib	0.05889087781904412
lustknabe	0.05887088302618676
kanalratte	0.05879628657132332
arschkind	0.05879474518736737
untermensch	0.05878599081633936
labersack	0.05876469301953112
assi	0.05875125348603603
eierkopf	0.058744426143403854
mistkind	0.05869711068469268
fickfehler	0.05868257697343777
wixxer	0.05867495905752955
ficken	0.058673131316107976
selbstverliebt	0.05864767647695714
spasti	0.05864526934408575
pummelig	0.05863609999594991
rothaarig	0.05863202356800043
nuttensohn	0.05862166546184806
geil	0.05862043705469752
ungezogen	0.05861595419428945
weib	0.0585901950544644
überhaupt	0.058586432021391965
kuh	0.0585774196888932
schreckschraube	0.05856039681631287
fotzenknecht	0.05855978777808093
dummkopf	0.058558702942945066
androgyn	0.05854489747835288
bratze	0.0585407869412541
eingebildet	0.0585344548242576
ficker	0.05852903706730578
fragesatz	0.058516392464212336
bubi	0.05849064873213435
schirch	0.05849061445486176
spackig	0.05847864785353063
drecksau	0.058470181266647055
hurentochter	0.05844055161661322
trottelig	0.05843364446207066
bengel	0.05843315343636331
kackbratze	0.05843190634577665
versaut	0.05842920337515959
stiefmutter	0.05842031692056814
pottsau	0.05841944843719514
nappel	0.05841686962620384
pickelface	0.0584121758659875
unrasiert	0.058394009101528886
bedeppert	0.058381091343935085
sitzpinkler	0.0583671466533586
unhöflich	0.05836472819489244
mann	0.058360511767200716
anpissen	0.058358804178099466
fresssack	0.058348059084954634
hurenbock	0.05834779900007066
arschig	0.058346104317777564
antialkoholiker	0.05834390533213677
prengel	0.05833988037529197
verfickt	0.058325110331152154
scheiss	0.058320625920636755
anlabern	0.05831621222423617
vollspast	0.05830852217689101
kacker	0.05830664472332566
flachlegen	0.05829399245159785
übertrieben	0.058291408526152014
arschloch	0.058288672032141664
melodramatisch	0.0582811642912938
sackratte	0.058278808851486466
schnepfe	0.05827480575116131
schwulenfeindlich	0.058267033766753774
versohlen	0.05826292363333238
schlingel	0.058261498074201834
ungeschminkt	0.05826006144788294
schiss	0.058251406119087856
arschgeige	0.05823520122736671
perkussion	0.05823470471135939
köter	0.058230658800674795
unnötig	0.058229780145636886
goschert	0.05822616510991933
umnachtet	0.05822481562193902
wichser	0.05822172714073679
ekelig	0.05820977689713007
orgasmus	0.05820976435486962
haarig	0.058196841952119015
fresse	0.05819024492030378
zweideutig	0.058180830623554065
fettsack	0.05817248936655069
garnichts	0.058170081916450476
bieridee	0.05816990150397475
du	0.05816290715614014
trab	0.058160090406179574
spanner	0.058157926412330356
verrückt	0.0581549636042501
stichling	0.0581509220083697
itaker	0.05814961975739382
krass	0.058148367918527205
eisen	0.05814384300437362
lutschen	0.058140880536136995
blattschuss	0.05813692740411707
piefke	0.05812432859911244
schisser	0.05810838719047338
verfressen	0.058100763629006076
lappen	0.058099566920012585
krampfig	0.058086661270290565
prügel	0.058077624672668936
komisch	0.058069104750322745
verdammt	0.058066363139424246
manschettenknopf	0.05805427463681178
lecken	0.058049069813221575
fett	0.05804545029847406
viech	0.05804365320916102
bocken	0.058036164589896216
abgehen	0.05802402246573397
geschreie	0.05801715323334386
pissen	0.05801570175073108
alge	0.05800864152597172
abklatsch	0.05800772475574106
verkacken	0.05799577749420951
überlesen	0.057990941336435196
sack	0.05798981304487054
alt	0.05798825988045295
weichei	0.057988140600074976
zimmermann	0.05798051329650403
speckschwarte	0.057978846073089695
lass	0.057972762166647325
zerficken	0.05796898753187863
halunke	0.05796711022782929
babbeln	0.05796679093858514
kacke	0.057964082290034136
franken	0.05795299667420169
mohrenkopf	0.057943515342709084
zurückhalten	0.05792336652832155
druckverlust	0.05792302069974261
schwanz	0.05792191652634269
kotig	0.05792154767815858
steif	0.05792009310196369
seeland	0.057913364091795136
etepetete	0.05790738835417512
abtragen	0.05789920094795387
laufmasche	0.057898820542049936
ohrwurm	0.057888882914542104
hase	0.05788824964829962
hyperaktiv	0.05788608807973762
wacke	0.057881292118914136
tragschrauber	0.05787660134523378
nuttendiesel	0.05784752893939327
kolchose	0.05783037376862454
schmiere	0.05781885315967285
frostbeule	0.05780032006082614
bauamt	0.05779820448310698
klopfer	0.057794651339077276
flunsch	0.05779230491558553
erschöpfung	0.05779080102451867
fotze	0.057783308553491446
stinktier	0.05778268211736413
mastschwein	0.05775034204391865
gefickt	0.057747872802726447
peitsche	0.05774392451164665
begrabbeln	0.057732077836186724
kosmetisch	0.05772692999967098
nackert	0.057707199521059835
raubfisch	0.05770619527767596
schlagdistanz	0.057690381695142796
beton	0.05768881611476263
tessin	0.057688041196348884
holzmarkt	0.05767315052082641
einschränken	0.05766786266153211
ochse	0.057666124559738505
aortendissektion	0.05765340997729715
preissturz	0.057637948804697726
isolation	0.057625919581499395
holzapfel	0.05762305341019842
schläger	0.05759165885932626
maurer	0.05758551742915974
fulminante	0.057577639765945376
altenburg	0.05756755678405713
kündigung	0.05755158226086836
lichten	0.05753433715937352
auflösung	0.05753122434430306
fibromyalgie	0.05748008310738628
allenstein	0.05747799024155997
norovirus	0.05747480233038326
stino	0.05745410219613049
clickworker	0.057450378595056285
diastema	0.05744558500222459
explosion	0.05737435073424215
chemtrail	0.05736722023373896
stumpen	0.05736326801977709
verlangsamen	0.05736213529869213
panzer	0.05734519865010726
lebensgefährlich	0.05732380978248968
kuscheltier	0.05729683426381654
behindern	0.05725398252562115
zeichner	0.057244452896120276
okarina	0.05723933407393599
pest	0.057238393887241105
gastvortrag	0.05723417728535128
aberwitz	0.05712736443780269
sabotage	0.05712198086903882
schließen	0.0570871360305026
meiden	0.05706497393312964
fritz	0.05691542433715271
befall	0.056886463239290586
arabisch	0.056756898488808626
