schlampen	0.1634059098770079
transe	0.15645531574776064
spanner	0.154620259523763
arschficker	0.1491497650640367
fotzen	0.14754852312881142
flittchen	0.14640021728358538
ficken	0.14581909223433384
prengel	0.14427507620295424
tussi	0.1439133947057309
schwanzlutscher	0.14380022636461395
drecksau	0.14239060268955162
brüsten	0.14070088163949926
notgeil	0.14000500373799932
brillenschlange	0.13974869524459002
lutschen	0.1396080765415246
peitsche	0.13947955053418873
lecken	0.1386742459644021
titte	0.1383690852451256
schlappschwanz	0.13836269135102225
orgasmus	0.13802636703454085
rohrstock	0.13735059208658446
arschgeburt	0.13703381273962786
tunte	0.13697531481549177
schwuchtel	0.13661773115281425
anpissen	0.13573331925300786
unrasiert	0.1349817458567216
lustknabe	0.13260371348372096
fotzenlecker	0.13246102064521637
spasti	0.13241032057012284
mutterficker	0.1323853070631829
bengel	0.13222975619106145
kanacke	0.1321832575482546
anmachspruch	0.13210306249031273
pummelig	0.13164923599282793
sperma	0.13062178643269953
spritzen	0.1300750390992033
stricher	0.12999029959151906
anblasen	0.12923085552381003
wixxer	0.12920938377005575
blase	0.12829702095468665
lappen	0.12791301287684093
fettsack	0.12786228207359301
pissen	0.12751528660071984
gedehnt	0.12693739354839106
extase	0.12687556797865374
versohlen	0.1268462126566719
missgestalt	0.12603013425683987
lutscher	0.12600744964951588
hundesohn	0.12549931730734928
fickfehler	0.1253192176497312
ehrenlos	0.12519318499829202
abspritzen	0.12439346790818
mannsweib	0.12426788536117381
bratze	0.12416858796140452
sklaventreiberin	0.12408867515364319
japse	0.12397352068774029
untermensch	0.12366071081423867
rothaarig	0.1235224249809506
pisse	0.12322729871781109
nymphoman	0.12319296774330803
miststück	0.12299459025747947
vögeln	0.1227614617870725
dreckskind	0.12262957883229024
fotzenknecht	0.12215367845282833
arschgefickt	0.1220432803062294
dirne	0.12166923054109953
abgewichst	0.1212174733739005
kerle	0.1206613219624238
durchficken	0.12062835893579313
prügel	0.12044889520679107
schucken	0.12044212557704408
arschgesicht	0.12034455982033933
vollspast	0.12030859624488022
anlabern	0.12023300542205503
abblasen	0.11978235141879817
eingebildet	0.11945855058380918
mistkind	0.11931635632074686
lümmel	0.11896888928580367
flachlegen	0.11883670945274653
eierkopf	0.11832992008534374
ungeschminkt	0.11722977241491696
zicke	0.11720447977628597
stiefmutter	0.11704688487707218
missgeburt	0.11704216353823743
schmock	0.11690729546408184
kacker	0.1163941555432507
ungezogen	0.11621687499128894
dussel	0.11592223093504397
bespritzen	0.11579140502156757
kackbratze	0.11570448716317602
nuttensohn	0.11538620454825792
frivol	0.11530959681273878
analkette	0.11527435891995497
haarig	0.11523752452947593
arschkind	0.11516961945914324
selbstverliebt	0.11511983982529873
schnitte	0.11499733824031357
sackratte	0.11487972648378625
schwuler	0.11428862329783387
macker	0.1140082500736104
verkackter	0.11397082873717829
spackig	0.11354153964312329
tucke	0.11353881248840024
labbern	0.11299376182057932
früchtchen	0.11296140528567206
verrucht	0.11274294570027725
geldgeil	0.1127138714829357
schickse	0.1125214923368608
gesichtselfmeter	0.11240966777116566
kanalratte	0.11229591549679217
legasthenikerin	0.1121052635380434
schlingel	0.11202997990316214
pottsau	0.11184887781888013
labersack	0.11182405525266066
nuttenkind	0.11167165286583099
möse	0.11152287999251027
spacko	0.11140898365673559
schreckschraube	0.11078260670470724
arschgeige	0.11067802395608754
trottelig	0.1106775241653625
abgefuckt	0.11067466539380307
flachwichser	0.11067049446806047
abgehalftert	0.1103645644913458
steif	0.10999030046208515
feucht	0.10995527013687599
landei	0.10986422830085357
unnötig	0.10985226387377234
sackgesicht	0.10960570675107817
feuchten	0.1095261055269774
schnepfe	0.10926152367696444
zerficken	0.10916428961894782
alk	0.10887233537328155
verfickt	0.10843789186149097
bedeppert	0.10837240929256786
wütend	0.10829418690280118
dildo	0.10821975893469676
softporno	0.10815343070590733
zweideutig	0.10815061078622978
morgenlatte	0.10813370297144598
gottverdammt	0.10788502356155828
hackfresse	0.1078341533274955
melodramatisch	0.10772909435684808
prollig	0.10766228499943017
vegetarierin	0.1074605834919055
affenarsch	0.107452765603842
bocken	0.10715354811270594
gammler	0.10714409842566942
schirch	0.10706692982448526
nackt	0.10702066767105939
heulsuse	0.10684983928355696
untalentiert	0.10683833390725975
verfressen	0.1066342948697134
undefinierbar	0.10641326065685289
grütze	0.10640565621879908
entstellt	0.10635852800001262
schwulenfeindlich	0.10619648177925511
proll	0.10597350130477766
abrasieren	0.105852136524626
pimpf	0.10580202038001248
memme	0.10573465790132076
behaarung	0.10568586279324513
minusmensch	0.10566203121715285
dummerchen	0.10535696816062244
unbefriedigt	0.10532156171989626
ferkel	0.10521670882576417
viech	0.10495036457405549
nackig	0.10468266335222533
labertasche	0.10465806126755801
hau	0.10437953656664815
intelligenzbestie	0.10416994209848163
verdorben	0.10410371318927676
spastiker	0.10392708023444916
horrorfilm	0.10377676940124167
hartzen	0.10347363170120182
stinkstiefel	0.1034664054788204
umbringen	0.10328583627963588
haaren	0.10327077181106063
petze	0.10298761108639595
hurentochter	0.10263214961747497
würgen	0.10262355089366428
weichei	0.10247408608185901
schnecke	0.10237337728642702
grindig	0.1022681014956319
vollbart	0.10187104551315468
spritze	0.1018388328796018
fresssack	0.1017882969057252
trulla	0.10173106262966618
mund	0.10165897940317224
zotteln	0.10163342951237145
vollidiot	0.10150463135119138
schmatzen	0.1014504581036864
unmensch	0.1013438385705242
moppel	0.10127810550124479
idiotin	0.10127557547668026
negerkuss	0.1010950507823183
stinktier	0.10106920655704474
ohrwurm	0.10071829926135979
vde	0.10066754422394279
nuttendiesel	0.10064835571880201
unfair	0.10046863878570322
strahl	0.10018462403416442
schwein	0.10012336769108784
schmierig	0.10008262416003212
hodensack	0.09997119544533847
egoistisch	0.09995557100875034
glatzkopf	0.09990660831520405
abmurksen	0.09988081307035755
abklatsch	0.09977489172446054
penisbruch	0.09973642021205943
necken	0.09966503561426084
hampelmann	0.0996377765090921
schlabbern	0.0995734527488296
faltig	0.09937801223801682
pieseln	0.09937062298242169
neffe	0.09919775682182969
spruch	0.09902651536493325
kratzig	0.09895021554681224
vieh	0.09869908561752952
schmutzfink	0.09864964785909593
laufmasche	0.09864407999222354
fliesentisch	0.09852473166449216
klamotte	0.097742910591444
asozialer	0.097619573113598
schuft	0.0975715048097141
fatzke	0.09741009623421833
mistvieh	0.09736039254195246
struppig	0.09707871183573587
dumpfbacke	0.09699885973243116
ungehobelt	0.0968784927557848
rücksichtslos	0.09676970669827738
hohlkopf	0.09672585812343941
popel	0.09667134173200219
wildenbruch	0.0966648669650567
begrabbeln	0.09659388595627774
verlobte	0.09647695532842751
leberfleck	0.09645465414485116
banause	0.09632730143930235
rwk	0.09631655281454153
pimmelgesicht	0.09621183507540416
arschbacke	0.09617365296553394
beule	0.09573548274825389
ziegenbart	0.09551407339634926
pejorativ	0.0954719521609138
plinse	0.09534612226306619
krumm	0.09520418905374198
dreckskerl	0.09485892697528464
entblocken	0.09482156337427441
ausgemergelt	0.09481134855432306
feigling	0.0946404859575577
wampe	0.09442321385887771
grufti	0.09363305277563477
triefen	0.09355426427443898
egomane	0.09336005149087737
hase	0.09330475426126625
schwachmat	0.09328223260065205
stramm	0.09326536972339508
weichklopfen	0.0932533985636936
unhygienisch	0.09323371379509814
juckpulver	0.09290776783664974
arschkriecher	0.09264421663830147
gesabber	0.09245883844316086
bauch	0.09240698952883929
dfv	0.09161991472095199
borstig	0.0914855789733697
waldschrat	0.0910838126261077
brandblase	0.0907056032936125
milchtritt	0.09038308061662688
katze	0.09017060901505974
ratte	0.08996806352591027
zahnstocher	0.08992270617691835
schmiere	0.08986017442856217
dwv	0.08963774869253498
bema	0.08949506095992978
glied	0.08949388629845358
charakterlos	0.08895451298636606
schamlos	0.08843858942559987
knilch	0.08831179033642012
undankbarkeit	0.0879753515109781
regenwurm	0.08795984447103665
vegetarier	0.08795666060944499
zottelig	0.08783747905986924
flunsch	0.08741869854102607
pellen	0.08713304656117804
medienhure	0.08690045418830954
rücken	0.08671503104763632
hornbrille	0.08661086697075603
homophob	0.08634595897379742
unsittlich	0.08608368125394965
nagetier	0.08600739659969207
homophon	0.08526354510493711
kinderficker	0.08398217371807737
giftig	0.08395713208215647
wurstblatt	0.08266766368917873
unkorrekt	0.08206756174452422
speichellecker	0.08073175450196741
