arschficker	0.04775293322526486
kanacke	0.047615956227328116
ehrenlos	0.04759308900316011
stalkerin	0.0474889987850033
mutterficker	0.04747836723410715
pimmelgesicht	0.04743239510037032
schlampen	0.047427908795651674
arschgeburt	0.04742027035658802
schlampe	0.047405379931766314
tunte	0.04739149028521721
hundesohn	0.047380089824664746
brillenschlange	0.04735571089616445
transe	0.04731589492077405
missgeburt	0.04731573904500553
androgyn	0.04729111501373865
mannsweib	0.04728309107068279
hurensohn	0.04725107516454619
pisser	0.047231559830677235
psychopath	0.04723041772056768
flittchen	0.0472245181683025
überhaupt	0.047222283219287675
sau	0.04720857577553323
hurenbock	0.04720180061411271
pummelig	0.04719508419646082
lustknabe	0.04718205117628313
arschkind	0.0471782967552168
schlappschwanz	0.04717261205548369
nuttensohn	0.04717220353321614
mistkind	0.04715848885855079
notgeil	0.04715741792539371
hurentochter	0.04715452202137229
wixxer	0.047145325273218915
schlitzauge	0.047140064668457916
schwanzgesicht	0.0471392820447456
rothaarig	0.047134959693200314
übertreiben	0.04712284354239877
fotzen	0.047115083114697844
pickelface	0.047111132916020065
bubi	0.04711101582325529
assi	0.0470999031511177
fettarsch	0.047099086286750504
selbstverliebt	0.04709408368483654
weib	0.04709077018191864
labersack	0.04708484011514872
dreckskind	0.04708111099029975
ficken	0.047071469059870995
bratze	0.047051943010026735
unfair	0.047047888809557285
kanalratte	0.04704022850120064
tussi	0.04704015436597317
wacke	0.04703895682881802
quitt	0.04703614698661889
bengel	0.047032439827832825
tucke	0.04700815753958023
geil	0.0470023999114118
eierkopf	0.04699872888662048
negerkuss	0.04698222541996954
drecksau	0.04697822366318938
fragesatz	0.04697004097248956
dirne	0.04696697585079213
sitzpinkler	0.04694964997103087
fotzenknecht	0.04694004133307582
unrasiert	0.0469263988002292
untermensch	0.046915280320248
eingebildet	0.046899594645855414
schirch	0.04689349418315001
versaut	0.04687854971041742
scheiss	0.04687754821421459
ficker	0.046864006780173904
spackig	0.04684184305365041
fickfehler	0.04683143079950653
zicke	0.04682552383649875
fettsack	0.04682546102553759
köter	0.04682471073347929
vollspast	0.04681179552815336
arschlos	0.04681019523753774
kackbratze	0.04680240634270017
itaker	0.04679498513497093
bohnenstroh	0.04678905037095808
versohlen	0.04677037665408265
unhöflich	0.04676610194632039
speckschwarte	0.04676410888239264
verknallen	0.04676168946115374
zurückhalten	0.04675574573003074
kartoffel	0.046755291857970456
anlabern	0.0467547292685362
bullenschwein	0.046744684150511
ach	0.046735615361935094
kuh	0.04673338357615766
fuzzi	0.04672982321432745
nille	0.04672199434214199
entblocken	0.046710433013628816
biene	0.04671020165806546
stalken	0.046703028939112066
sackratte	0.04669452640981758
stiefmutter	0.04669211113444461
haarig	0.04668810565298961
fresssack	0.04668626250763087
gefickt	0.04668475713638193
hartzen	0.04668080056329229
verfickt	0.04667931980052232
nappel	0.04667904769444335
orgasmus	0.04667865445613586
umnachtet	0.04667430631400929
ungeschminkt	0.04667161599146425
brüsten	0.04665796287915942
grufti	0.04665591019689877
psycho	0.04665400021975485
schucken	0.04664966903050096
japse	0.0466406027434526
stino	0.04663783155367467
abgehen	0.04663648629063783
spanner	0.04663422787507925
pottsau	0.04663005409076509
lutschen	0.046627030116237325
krass	0.046622684573549324
kessel	0.046603337886434774
lecken	0.04658496896893794
mastschwein	0.04658456628528929
ohrwurm	0.046577655372093386
übertrieben	0.04657236650669848
talisman	0.04656936272426214
perkussion	0.04656462643686056
gebabbel	0.046555772204626686
geärgert	0.04655397541426618
zerficken	0.04654877233315521
stinktier	0.0465479131266831
pissen	0.04654659488524697
prügel	0.04653770771253655
seefahrer	0.04648739640207101
horn	0.04647917168988459
sack	0.046470188765063786
schwanz	0.046469903461137226
einschränken	0.046466313499976084
englisch	0.04644341704581123
fotze	0.04643461801716886
saufabend	0.046433656827982166
halbstark	0.04642645459361474
nimmersatt	0.04641469611938861
schlosshund	0.04640888540082698
wingert	0.046406367578996396
frostbeule	0.04640470560078277
kotig	0.04639295198814207
rebell	0.04637094982503903
alge	0.046357444197547636
klopfer	0.0463498729060339
lauch	0.046328092940095204
nackert	0.04631519277828042
kosmetisch	0.046311864712108596
stichling	0.04631170282356083
pennen	0.04629336398937272
prengel	0.04627561005125425
protonentherapie	0.04626784113537423
kündigung	0.046267174979601776
kauz	0.04626231059096632
hau	0.046261726149969165
aortendissektion	0.046193519082885194
icke	0.04618217400983034
architekt	0.046159773482467345
eisen	0.04612412468333662
hörnchen	0.04610782186780342
lichten	0.04595030134646208
diastema	0.04589712277430462
türkei	0.045885710246474525
fibromyalgie	0.04587525264266337
zimmermann	0.0458280728247398
dianetik	0.045652539888566164
welschen	0.0452592218825117
