kanacke	0.12271689698749756
hurensohn	0.12087911866888774
spast	0.12068413686927598
schwuchtel	0.12035016034736944
spasti	0.11873828169946098
schwanzlutscher	0.11760572421051275
assi	0.11738637360304507
tunte	0.11686724892670829
hundesohn	0.1142503486251204
wixxer	0.11419943279002313
hure	0.11417388085869716
sau	0.11400819913609103
sackratte	0.1140053356579799
mutterficker	0.11399139699125213
anmachspruch	0.11378840626943425
fickfehler	0.11301420775417485
eierkopf	0.11062532022092501
mistkind	0.11020137227515753
vollspast	0.1096698672290565
arschgeburt	0.109361911239019
tussi	0.10934536315855534
mannsweib	0.10904603609206157
missgeburt	0.10880894999010099
bart	0.10861532005495797
weib	0.1085699620566957
ehrenlos	0.10848123548814931
schmock	0.10797888711841212
dreckskind	0.10797319280062549
scheiss	0.10767799779076595
pervers	0.10753486257182371
fettsack	0.10734622601713256
schlingel	0.10723768232220084
bratze	0.1071912442149353
eingebildet	0.1070711961010899
affenarsch	0.10690613740043507
japse	0.10675775797353552
pummelig	0.10674688158844127
kackbratze	0.10651254810264617
titte	0.10638338502753684
anlabern	0.10602770475941743
spacko	0.10599581479799787
lappen	0.10554405657958536
fotzen	0.10523254593980687
sackgesicht	0.10516030080069777
ficken	0.10473377823607975
selbstverliebt	0.10466951978684864
drecksau	0.10466765164592941
zicke	0.10462571096240907
versaut	0.10447464692493012
prollig	0.1043394072908229
dirne	0.1043184595172757
du	0.10428054721003674
verkackter	0.10426462649483223
abgehalftert	0.1041550172055107
untermensch	0.10412946425693598
labbern	0.10405004211573139
transe	0.10391300099488328
horrorfilm	0.10380980803201577
schreckschraube	0.10367350342974765
abgehen	0.1035717088040524
ficker	0.10348010774969946
geil	0.1034177156156641
schwuler	0.1033040708876529
notgeil	0.10326740684245951
ungeschminkt	0.10321521350551212
sperma	0.10315941450141963
dummkopf	0.10291293261411191
wichser	0.10288624056307391
untalentiert	0.10288058541488833
lutschen	0.10275109215949868
gefickt	0.10262635395095256
schwanz	0.10262342137135694
haarig	0.10262327221543384
gesichtselfmeter	0.10259222797968283
trottelig	0.10250174029436161
spanner	0.10242291031974014
schlampen	0.10228174885532303
lecken	0.10228011462215972
schirch	0.1022715227162596
arschgeige	0.10215924564952437
flachwichser	0.10199489144057834
schlawiner	0.10195974181195598
flittchen	0.10187952743616664
pimpf	0.10177262617211973
schlampe	0.1017516352158157
schnepfe	0.10151908859831915
muschi	0.10144687261582834
flachlegen	0.10141235327235609
stinkstiefel	0.10140455026211455
orgasmus	0.10139691943707918
krass	0.10130574074439866
zweideutig	0.10123097886259412
arschloch	0.10116849637618434
schisser	0.1011510831041119
spackig	0.10112817547838018
fotze	0.10109082159201854
verkuppeln	0.10097504045469828
stiefmutter	0.10090362473773129
gammelig	0.10087163171884439
waldschrat	0.10087098332391546
melodramatisch	0.10081801523870737
anpissen	0.10078842543792549
wütend	0.10072568920618413
legasthenikerin	0.1005908815142094
arschkind	0.10049203477377928
prengel	0.10023574680878902
heulsuse	0.10017125245521977
ekelig	0.10014605805965908
unnötig	0.10013059126467243
pottsau	0.09996538527284494
macker	0.09991747295154246
stinktier	0.099812993943175
schiss	0.09979803676930482
kacker	0.09969006452480321
kerle	0.09967786769431393
heftig	0.09962526718232247
geschreie	0.09962300963166164
verfickt	0.09958619355973247
labertasche	0.09956880803599734
fresse	0.09952688321099279
brillenschlange	0.09939815568354361
arschficker	0.09925101313509785
kacke	0.09919373425665941
petze	0.09916997269947996
arschig	0.09909921577834249
schlappschwanz	0.09906780791748757
undefinierbar	0.09905834577701932
anblasen	0.09901520766121437
sklaventreiberin	0.09890266348315209
nuttensohn	0.09887899655112099
unmensch	0.09883929948658843
dummerchen	0.0987953705360456
gemein	0.0986422981685966
unrasiert	0.09863885787118773
bedeppert	0.09857738142731932
ach	0.09856985139929213
abspritzen	0.09856030580558174
hartzen	0.09855389113123839
schmierig	0.09843424658797884
komisch	0.09837473438089009
woher	0.0983645168614504
memme	0.09833221056352752
penner	0.09830524203078705
fatzke	0.09826350388944298
ausrasten	0.09822576079674683
garnichts	0.09812951387704683
gruselig	0.09804072276142728
viech	0.09788777926591027
intelligenzbestie	0.09773764129158956
idiotin	0.0976501833268351
ohrwurm	0.09762504587943699
abrasieren	0.0976072859697134
spacken	0.097583872971048
weichei	0.09749381440341436
vegetarierin	0.09743095370266638
sindse	0.09739685785227056
fett	0.09738295566894596
mist	0.0973703918096668
saufabend	0.09729097350763391
vollidiot	0.097282569001992
pejorativ	0.09726424831547036
rüber	0.09721014103216134
ungezogen	0.09719294475773178
kuhkaff	0.09712825529161388
hinterlistig	0.09710142023003614
bocken	0.0970189302206358
egoistisch	0.09699356014360047
schrecklich	0.09695634366569746
entstellt	0.09685636687293633
ekelhaft	0.09684870289268419
trulla	0.09684865496543567
tucke	0.09683772874988765
umbringen	0.09680817910205859
banause	0.09666095045569002
verpissen	0.09659398891391197
lass	0.09657884525543209
menno	0.09648183881917424
streber	0.09646565395681904
verdammt	0.09641771770346601
unwohl	0.0963928743669808
spritzen	0.09635346136616617
labersack	0.09631744569994813
leid	0.09623305792248651
gehasst	0.0961901662663092
herzlos	0.09618263760042825
stalken	0.09615349440547959
flennen	0.09611423426554602
verfressen	0.0959872041145702
steinalt	0.09597258811493894
kanalratte	0.09594987072085005
spruch	0.0959093027373027
vollbart	0.09588723826268314
spastiker	0.09582701257437891
dorftrottel	0.09574318900603522
ferkel	0.0956660149964159
dumpfbacke	0.09560969121445231
hyperaktiv	0.09558881997372976
talentfrei	0.0955601954467433
pissen	0.09552162316539196
besoffen	0.09551849077397762
war	0.09550029753104354
moppelkotze	0.09546550995464591
notschlachten	0.09545083964123366
schwein	0.09544800060286318
babbeln	0.0954022996292953
doof	0.09536560055200148
schuft	0.09535787682378806
alk	0.09519080561394457
flitzpiepe	0.09504926429246113
erwachsen	0.09503285535551652
einfallslos	0.09502961612959758
beknackt	0.09501301458143893
schickse	0.09498175506105201
hohlkopf	0.09493657567908698
proll	0.09492748671871379
abgedroschen	0.09490044282507755
schlaumeier	0.09489633473873993
ankotzen	0.094853761011154
fliesentisch	0.09476867990110069
haaren	0.09475338720192102
zotteln	0.09471044134677298
glatzkopf	0.09470932693875381
nein	0.09470112665992113
witzbold	0.09470027471601512
stupsen	0.09466174178220953
vieh	0.09462920159471616
deprimiert	0.09461997331925821
unfreundlich	0.09461000708821508
lahmarschig	0.09460939743060397
wehleidig	0.09454058975245269
ziegenbart	0.09452128027071866
hampelmann	0.09447418158745047
verkacken	0.0944437881416568
sterbenskrank	0.09442215978885247
bekloppt	0.09430529351901236
deppert	0.09420133428838084
undiszipliniert	0.09415823146974939
petzen	0.09415586228945955
kratzig	0.09411649317753405
fresssack	0.0940917847213024
blase	0.09408626677136964
dusselig	0.09406339680548971
heulen	0.09405605933648373
verkniffen	0.09404767955889373
versohlen	0.09402724965234384
weinerlich	0.09401748262120349
arschlos	0.09390679272144983
unleidig	0.09387408324305431
unlogisch	0.0938606466931189
angetrunken	0.09379762043279076
schlimm	0.09377892520273289
unabsichtlich	0.0937740715839199
schwulenfeindlich	0.09372735826866933
behaarung	0.09369438209447742
frostbeule	0.09369131535701443
langweiler	0.09363017122868071
bisschen	0.09359793036902436
abkacken	0.09356730218576984
schwachmat	0.09351360415880104
brabbeln	0.09341683367525737
arschkriecher	0.09339109199913688
trottel	0.09333249672453406
abklatsch	0.09330572588306477
verdorben	0.09329319230462634
hysterisch	0.09328188321322427
mistvieh	0.09321112237422352
schimpf	0.0931859957548822
hohl	0.09317106361372411
wehe	0.09314566208324168
mal	0.09304774919327745
grottig	0.09304642130245383
arschbacke	0.09302789334288869
hungrig	0.09298354594190664
zerficken	0.09297653793756831
wahnsinnig	0.092944910843156
ziemlich	0.09294163114147594
egomane	0.09286433479980254
drecksack	0.09284712400931046
feigling	0.09280617719514353
peitsche	0.0928007180067324
hach	0.09279736605914247
zeugs	0.09277507871653488
desinteressiert	0.09273902736237243
primitiv	0.09273652755871252
fremd	0.09270626544588273
sippschaft	0.09269568327279053
zeug	0.09253093404313766
verabscheut	0.09248546280907087
nackig	0.09243634854746799
armselig	0.09243102337644558
huch	0.09239973289164354
schauder	0.09239052951960891
schnitte	0.09238832123402227
garstig	0.09230709022262464
alkoholisch	0.0922910260460077
grenzdebil	0.09220713547859417
necken	0.0922038986679078
enttäuscht	0.0921986984031246
abgeneigt	0.0921929379759914
schade	0.09217586270577262
verkleiden	0.09216805990672061
heiser	0.09216054409599056
altmodisch	0.0921520824879457
weinen	0.09212739657467968
blutmangel	0.0920878894574834
ungewohnt	0.09206001612615927
undankbar	0.09203873128820554
aggressiv	0.09202924315180562
hase	0.09202420320868415
nackt	0.09201887206351318
unhöflich	0.09192499927752361
quatsch	0.09190903529619045
niemand	0.09188888707621176
sensibelchen	0.09188856123256822
melancholisch	0.09182945901523827
klamotte	0.09180481965096014
neffe	0.09178730800625913
charakterlos	0.09171842642891663
landei	0.09171167262275061
furchtbar	0.09163947352509119
steif	0.09160152756216379
schlapp	0.09157228697361103
faltig	0.09156641033008404
kuhdorf	0.09144746579972318
schmutzig	0.09142205887068637
popel	0.09140647720093173
aufgeweckt	0.09135945980343821
krank	0.0913269315162309
rausgeschmissen	0.09129863970941715
unpassend	0.09129008326302267
schnuppe	0.09126668612115212
unterbelichtet	0.09123661296368844
kaputt	0.09122447234725821
dreh	0.09121453878996474
unpraktisch	0.09120377188689825
bequatschen	0.09114816888371507
krumm	0.09113305962868311
homophob	0.09112008663689568
quasseln	0.09111279426246173
erbärmlich	0.09107018727500743
kaltherzig	0.09101736782953236
verrückt	0.09099528609255028
griesgram	0.09095606068575555
schnecke	0.09095045107940605
abgehoben	0.0908851382537894
struppig	0.09088379590204336
hirnlos	0.09085727538493948
schmatzen	0.09084535945702446
puh	0.0908303676405711
pennen	0.09082334823961288
diejenige	0.09078508419771902
widerlich	0.09073866015808896
scherzkeks	0.09073427530631074
seicht	0.09071987068719535
ungeschickt	0.09069439693844289
abmurksen	0.09069419735641283
rebellisch	0.09068560366688252
verziehen	0.09055746034148028
unwissend	0.09053562056020262
erwachsener	0.09047148670722963
grufti	0.09041441445507635
verkloppen	0.0904028619404966
zusammenhanglos	0.09038097875995901
negerkuss	0.0903761455573577
nuttendiesel	0.09031744165819862
abschminken	0.09022322910324453
vermissen	0.09019222061280203
schmutzfink	0.09018472680769563
ekel	0.09015616368644583
ratte	0.09015543997287276
ganz	0.09014816010671767
schlecht	0.09006594749113234
uninteressant	0.0900647089002302
falsch	0.0899846405167168
unterbuttern	0.08996025736330641
penisbruch	0.08991990155275306
asozialer	0.08991881009540086
wehtun	0.0898553552973535
einbilden	0.08985200474240834
abtreiben	0.08983716439775813
begrabbeln	0.0898194465566034
schwindlig	0.08981592001798662
abwesend	0.0898055239598173
schlabbern	0.08978701518477605
miesepetrig	0.08978671454101149
unfassbar	0.0897480184328303
begriffsstutzig	0.08972830976760679
fanatisch	0.08970908628738154
einsam	0.08970319369074757
seltsam	0.08969271247053429
gemach	0.08968664650720624
langeweile	0.0896541469357783
besaufen	0.08960406258685709
langweilen	0.08958849872356416
anstrengend	0.08955361172244221
untreu	0.08954534202225431
übertrieben	0.08951884319086492
winzig	0.08951156101349607
tragisch	0.08946263290539837
jammerlappen	0.0894602214991069
unkorrekt	0.08939994255443426
singen	0.08936145894871568
aufregen	0.08928574148933147
idiotisch	0.0892578287285776
aufgeregt	0.08924986623554916
verdutzt	0.08923550761720016
plinse	0.08921296013600667
mundfaul	0.08920131932909794
keiner	0.08918127498784084
unbefriedigt	0.08916940949163604
gesabbel	0.08915807780325817
stuss	0.08915547462203396
schnappatmung	0.08914632054460635
hodensack	0.08913860423726885
strahl	0.08908934605722446
grottenschlecht	0.08903751568071312
heimzahlen	0.08901355506056612
alleine	0.08897266548487753
borstig	0.08895672905773272
schrott	0.08893707517355176
kopfnuss	0.08890141705058284
grunzen	0.08886617192956084
leberfleck	0.08883640208942295
kusshand	0.08879454715532409
kompliziert	0.08878561565557107
untertreiben	0.08876078191507361
patzig	0.08874465876534071
stillos	0.08874377107204363
unhygienisch	0.08874174813531449
ärgern	0.0887336040137349
tarnung	0.08872552901925854
sabbeln	0.08867724980232869
weggehen	0.08865114769393907
aufbleiben	0.08863099977776681
pieseln	0.08857777896646819
auwei	0.08857543420775521
grobmotoriker	0.08853339933670885
gesabber	0.08852378051253486
tratschen	0.08850079254509703
dusslig	0.08849870885724731
feuchten	0.08849574385284771
irrenanstalt	0.08848589713231199
wampe	0.08848495628082188
boshaft	0.08846556276423094
frustrierend	0.08845843025928143
unwichtig	0.08844017447678365
fertigmachen	0.08842921923048089
grenzwertig	0.08840858485265063
fuchsteufelswild	0.08838104205423128
zahnfee	0.0883778599473905
laufmasche	0.08837108095712501
karre	0.08835737880408366
unappetitlich	0.08835397913694058
morgenlatte	0.08834277356024495
miefen	0.08833934907176556
chaotisch	0.08833169672149062
unterschwellig	0.08832105211897684
zeitlang	0.08825039025212168
rechthaberisch	0.08823713866184807
spontan	0.08822450175627963
gequatsche	0.08821605916103363
beschiss	0.08818133067170578
schwachkopf	0.08816066476939437
gebrabbel	0.08814218627934056
nervenzusammenbruch	0.08813846880489312
erschrecken	0.08811650091745753
schizophren	0.08811176546485412
eigenartig	0.08810285598350037
elendig	0.08809521512787459
undurchschaubar	0.08808008443674166
angewidert	0.08807657207812875
sediert	0.08807177148879725
beule	0.08805736691513547
auweia	0.08797713064219026
schmerzhaft	0.08785410694664
mund	0.08784516479859256
zecke	0.08781718114333924
alkoholiker	0.08780424963319038
spucken	0.08779511181493177
schelm	0.08775585127923954
vergessen	0.08775495182462632
zahnweh	0.08772590807959474
schwanzlos	0.08772580591098719
anreden	0.08771964765509585
kotzbrocken	0.08770966585885645
umstimmen	0.08769044988842792
aufkreuzen	0.08768207305474864
vollkommen	0.08767705366085142
uralt	0.08765719306340826
vollpfosten	0.08763850677582445
unbewusst	0.08761753996670915
zeichnen	0.08761347095875786
nerven	0.08760973416644949
anstrengen	0.08759203431088358
vertauschen	0.08757117011127566
inkorrekt	0.08755392954871116
platt	0.08754294343777165
herzschmerz	0.08750729498817122
ungeduldig	0.08749348160404295
verzapfen	0.0874266309818
unwirsch	0.08739256391421474
daneben	0.0873859041623124
dreck	0.08738549246449273
bierernst	0.0873795436953494
duden	0.08735731361293723
unangenehm	0.08735487274249096
sinnfrei	0.08733761749471068
hibbeln	0.08733405771824997
ochse	0.08733357103011558
aufschreien	0.0873118209459727
korinthenkacker	0.0873108715557026
belabern	0.08728947690035531
schieflaufen	0.08727387259843201
klischee	0.08725707041308352
weinend	0.08725304429231144
warmduscher	0.08723855076234743
unehrlich	0.08723079214983342
engstirnig	0.08722740390072878
kurzsichtig	0.08719776978591876
dreckskerl	0.08717358348557527
kinderficker	0.08713471339362824
geschert	0.08712720850469298
wurstblatt	0.08708748104461783
sklaventreiber	0.0870738829051436
katze	0.08704610156625257
geschimpfe	0.08701887789931771
hofnarr	0.08700628165715803
aufreibend	0.08700583489935441
herziehen	0.08697701185219432
ertragen	0.08694814019142062
verscherzen	0.0869450764679348
schamlos	0.0869359073347899
feige	0.08691612772081186
meckern	0.08690940501924418
unterentwickelt	0.08690572443380694
zusehen	0.08689765592670001
daherreden	0.08688651489695973
hochtrabend	0.08686566862154628
blocken	0.08684662031707417
frau	0.08684027995508654
misstrauisch	0.08682946531802797
schwachsinn	0.08682685221375966
einschlafen	0.08680226227899036
animalia	0.0867655145546695
ausgemergelt	0.08675415569747341
belanglos	0.086710307090806
pikiert	0.08669589226858684
stur	0.08669414906724261
zeiger	0.08665025679857027
ungewollt	0.08663293327483364
umkippen	0.08662420232812333
abschreckend	0.0866168591901598
fluchen	0.08661497973092262
missraten	0.08660447779310654
verschlagen	0.08657767269927368
pickel	0.08656778323420722
esel	0.08656650832447586
sinnlos	0.08655415676895489
ungehalten	0.08655060810966794
hirn	0.08647881963616046
herumhacken	0.08642064806307906
haufen	0.08636912280494291
vergasen	0.08636511668513787
unsauber	0.08636453043865311
lasch	0.08636122568904087
auffallen	0.08631269735189558
verwirren	0.08628709794961546
putzfimmel	0.08625302102910769
kastrieren	0.08623059017279837
hinlegen	0.08622449739206842
versehen	0.08622287040093997
gammeln	0.08621675632336155
lügner	0.08617435266111574
endprodukt	0.08614910025125314
bema	0.0861135046138919
homophon	0.08604182492098453
rumgammeln	0.08597529818628716
hoffnungslos	0.08595478261058513
behinderter	0.08595038076507318
doppeldeutigkeit	0.08594803377162555
gnadenschuss	0.08592907918858131
beschimpfen	0.0859236612470122
schnake	0.08590696577021095
merken	0.08590021911388507
hinterlaufen	0.08589576278880784
zimperlich	0.08588273056185364
rücksichtslos	0.0858762596621002
glied	0.08586919479531667
demotiviert	0.0858615425123677
ablenken	0.08586114127972831
weglaufen	0.08584517716997259
leichtsinnsfehler	0.08567799929215181
nachstellen	0.08565701340079213
schmerzvoll	0.08565461361038061
wegziehen	0.08565450571107405
beschweren	0.08562192001280772
gottlos	0.08560951390015903
gelbsucht	0.0855956940576603
abknallen	0.08558840786283897
witzfigur	0.0855800907722564
unbeteiligt	0.08554339333720702
streng	0.08551910250077487
oder	0.08551636899383706
pillepalle	0.08550873858580967
dampfplauderer	0.08550122553567785
pech	0.08549172970575755
maulen	0.08548127935135752
schrieb	0.08545977413999681
zwiespalt	0.08545667129338166
ungerecht	0.08544319763896374
schmu	0.08541565693458086
regenwurm	0.08539241790114262
lieblos	0.08536259934475347
abgefallen	0.08535849201514395
schocken	0.08535226421932733
befremdlich	0.08534296997518043
berichtigen	0.08532117385725776
unverständlich	0.0853112932654827
erzkonservativ	0.08529056150601104
durcheinander	0.08527288568750913
knilch	0.0852662915538629
schuld	0.08526107262117154
triefen	0.08522628980065645
aufstehen	0.08521327905100214
bammel	0.08521295419293552
ungesund	0.0852126488987576
schlag	0.08519902074140145
verkriechen	0.08517558334291861
weder	0.08513862046674485
stramm	0.08512742827513713
unchristlich	0.08511989536534605
juckpulver	0.08510665413561151
wegfahren	0.0851037922552614
vorhersehbar	0.08510136521880748
undankbarkeit	0.08508908609026533
abraten	0.08507620611634883
milchtritt	0.08506373638663864
wespe	0.0850495863793801
entsetzlich	0.08500165003582393
fressen	0.08500131104815235
zottelig	0.08500100987922515
furchterregend	0.08500031310280766
unterleib	0.0849651033710288
stuhlgang	0.0848971581173948
profan	0.0848719877784756
pfeife	0.08486546920328837
profilneurose	0.08485589534371601
kleinkariert	0.084835737729254
hektisch	0.0848200469067895
speichellecker	0.08481215029560574
kraulen	0.08479860162374418
unfein	0.0847787873447335
selbstironie	0.08477641159930388
abschlagen	0.08472748832696343
gedankenlos	0.08471276743568307
verpetzen	0.08465704366001894
weglassen	0.08464688494136687
verschlafen	0.08463351913023312
gebrechlich	0.08454827342834544
hucke	0.08452382855287104
unfähig	0.08452119528345256
jammern	0.08449245598056844
miese	0.08448627773958632
verhasst	0.08447685548816515
inkontinent	0.084470260414265
flegel	0.08446857011607276
unbedacht	0.0844499013313517
faulheit	0.0844418308609583
schreiberling	0.08443039321958216
madig	0.08442699071959489
spritze	0.08442136293595813
nervenaufreibend	0.08442101617225393
verzweifelt	0.08441908560987052
asoziale	0.08441186052877753
abkratzen	0.08440865946740118
ruppig	0.08440318538804067
schweinerei	0.0843861628757669
fliege	0.0843844916974951
kopfschmerztablette	0.0843513972693857
beschreien	0.084345463594778
panisch	0.0843304689981287
missverstehen	0.08432692679487175
bauch	0.08430071300581918
unzivilisiert	0.08429329437186482
tennisarm	0.08424900155774878
unbedeutend	0.0842431013219661
langsam	0.08422264397458998
hund	0.08421872134396458
morgenmuffel	0.0841398994842337
abfallen	0.08413851913162748
unhold	0.08413313651719012
wackelzahn	0.0840816482575171
verwechseln	0.08406170340042335
dekadent	0.08404710969849336
verarschung	0.08403152257298689
bartstoppel	0.08402693955075458
irrenhaus	0.08402412161364058
endlosschleife	0.08401337093351029
frechheit	0.08396371579095388
suppenkasper	0.08394117902368349
agnostiker	0.08393712965544174
duschen	0.08390989315796665
ablenkung	0.08389999111325952
geifer	0.08389901640649933
unfreiwillig	0.08389653066994113
schmiere	0.08388345469864683
singsang	0.08386788678079754
wegkommen	0.08384409428002061
notschlachtung	0.08384408274391493
gefasel	0.08384241760694518
aufscheuchen	0.0838359348094735
muffensausen	0.08380187936801799
blubbern	0.0837537882698551
hat	0.08372196867126618
verdummen	0.08370028610952479
betonkopf	0.0836683650038061
zahnstocher	0.08364763672885718
panikattacke	0.0836205829506326
totschlagen	0.08361476299252737
gnadenlos	0.0835751620599126
verbohrt	0.08353731639598228
medienhure	0.08351785722372841
verwerflich	0.0835119077080895
hornochse	0.0835005446776435
urinieren	0.08349533970421921
provozieren	0.08347491740682285
abrackern	0.08345176552738597
scheinheiliger	0.08345081706991403
schlafwandeln	0.08343489541887705
wessi	0.08343139103918648
kauleiste	0.08340285444220713
auseinandernehmen	0.0833929968636246
trollen	0.08338765081014345
abkupfern	0.08338670534905929
berieseln	0.08338584514310735
eingebung	0.08335358222293994
drogenfrei	0.08335211360841784
verpeilen	0.083346619147921
vergammeln	0.08333680099682847
abschaum	0.08331623131035736
masochismus	0.08330643634839793
verlogen	0.08330623115579304
gegend	0.0833050403502147
mimen	0.08328033524540454
neidhammel	0.08327740787918116
disziplinlos	0.08326291771696753
sauhaufen	0.08320838607629026
unterstellung	0.08318588684234751
gesocks	0.08314054164312086
verwickeln	0.08313558923515202
dummheit	0.08313540779469153
unqualifiziert	0.08311361304269832
unklug	0.08310741882153347
nebensatz	0.0830928791749646
sippe	0.08309240862693823
herausfordern	0.08306645702431656
schleiche	0.08306572986578514
seufzen	0.08301419483426516
tyrannisieren	0.08298606126093255
hornbrille	0.0829799432003597
zotig	0.08297294370563134
feindselig	0.08296535358627552
zumuten	0.08296417244595566
taubstumm	0.08296091413262939
klöppel	0.08294887884390033
kriegerisch	0.082920024661003
larifari	0.0829039856885088
sprechdurchfall	0.08287017768457304
unsicher	0.08285533516529472
ausbaden	0.08281177897018266
heucheln	0.08277988602399872
lynchen	0.08275723772671496
schockierend	0.08275574833541541
pfaffe	0.08275380048343789
borniert	0.08275289581316941
pusten	0.08274215034380075
moralkeule	0.08271611984987282
sterben	0.08270074735915814
zetern	0.08268011581823181
verzagen	0.08266784754594421
beschnitten	0.08266577030636649
antipathie	0.08264391569596767
wischiwaschi	0.08264296476849893
trennungsschmerz	0.08263944463174985
sprachzentrum	0.08262150570593942
spaghettifresser	0.0826147108757266
nageln	0.08261322607692977
bestrafung	0.08260178718205351
inkonsistenz	0.08259562412081231
stimmlage	0.08251595416276104
suboptimal	0.08250979914475318
abneigung	0.08249871962976643
wutentbrannt	0.08249592363844398
widerstehen	0.08249510807679375
abtun	0.08249173515822919
apathisch	0.08248522191170309
unmoralisch	0.08247853446004769
zornig	0.08247629749199711
plebejer	0.08247099991228891
pathologisch	0.08246662670836703
schubsen	0.08245725251679561
abschreiben	0.08244944405213812
gesindel	0.08242740331373923
nacheinander	0.08242163388918908
schmonzes	0.08240537124312769
unfreundlichkeit	0.08239889347098608
niederschmetternd	0.08238044170939528
schieben	0.08237397567987424
vorurteil	0.08236363781507716
unmotiviertheit	0.08236289759890539
unbelehrbar	0.08234723111883496
herumgammeln	0.08234694297743307
schwer	0.08233776386680693
streiterei	0.08233310509034668
aufplustern	0.08231490848335271
gassi	0.08225947287987051
gewissen	0.08223003294311693
unsozial	0.08222972627722734
hinten	0.08222709390886981
abtrocknen	0.08222680277255259
verzweifeln	0.08220527621264984
auseinanderdividieren	0.08220051368534861
erbrechen	0.0821989602461463
ausspucken	0.08219618812620418
sprechweise	0.08218405829375956
kriechen	0.08217564869075066
vorwerfen	0.08216657917497054
veralbern	0.08216342333328681
hopsen	0.08216271769171621
charakterschwach	0.0821501545442354
angst	0.08212198769593314
beinhart	0.08207679769793015
phlegmatisch	0.0820546592317184
meinerseits	0.08205105577426178
unschön	0.08204418851667565
hilflos	0.08201602032506687
zyniker	0.0820040760559469
wisch	0.08199642662888457
verachtet	0.08195272284556007
fetzen	0.0819350200668006
abbrechen	0.08193156985328012
indoktrinieren	0.08189096056290664
eingraben	0.08187909796200993
unruhig	0.08187821508318369
vollnarkose	0.08186964286373503
ausgrenzen	0.08185269637366505
krabbeln	0.08185157095166225
wegsehen	0.08185139992205946
steinigen	0.0818484036215604
finster	0.08182970163507941
schauderhaft	0.08182531329335062
wedeln	0.08182100882505326
vegetarier	0.0818143915118862
unaufgefordert	0.08181235874878609
palavern	0.08179314705201718
nagetier	0.08178932996890392
frustriert	0.08176700184871798
mischpoke	0.08175556338242473
fremdenfeindlich	0.08174266237323946
verletzlich	0.0817331171271828
schulter	0.08173251356810549
hausieren	0.08172808230032008
zerfressen	0.08172104250405106
homophobie	0.08171816517647569
sonnenstich	0.08167940521999752
versuchen	0.08164583928825281
undiplomatisch	0.08163373453341168
fehlbar	0.08163249200900306
saftladen	0.0816255753531312
mitleiden	0.08162055932147622
untergehen	0.08161244182494251
irritieren	0.08161051967713087
verdreckt	0.081598585802564
schwafeln	0.08157128778821135
verwachsen	0.0815709111782652
soll	0.08155305099527865
meute	0.08153852836929426
fehl	0.08153490164183412
verspotten	0.08153026499074144
schwamm	0.08152514157535566
besinnungslosigkeit	0.08151903398416883
schmoren	0.08151176442025665
wegtreten	0.08149871527555809
beerdigung	0.0814905368034021
konfrontieren	0.08145080551727378
flach	0.08145015000833455
kurz	0.08143965749781817
sorge	0.08143863781265946
bude	0.08143724510085538
begafft	0.08141857961071071
lebensfremd	0.0814130764153438
anwesenheit	0.08139580518919906
wichteln	0.08138678635909649
ungebeten	0.08138352582447475
ausschalten	0.0812714884280152
einander	0.08126910751616476
kontern	0.0812560084715984
sexismus	0.08125002219240446
schorf	0.08124537118189006
oberfaul	0.0812329655382509
marktschreier	0.08122588725930124
bevormunden	0.08121626494106324
diffamieren	0.0812070201180364
verfluchen	0.081197847654949
knurren	0.08119733982670153
borniertheit	0.08117978763774536
kratzen	0.0811644469902065
buckel	0.0811615936985743
kardiologin	0.08110130809158658
schiefgehen	0.08109442309135056
zusammenbrechen	0.08109293447583905
infam	0.08108405249646458
sezieren	0.08105905152485722
streiten	0.08103312952929602
enden	0.08103194553885168
unlesbar	0.08103067658435215
heuchlerisch	0.08100394932143513
kokeln	0.08093868430777452
instinktiv	0.08092802291328459
blutig	0.08091444065677642
prophylaktisch	0.08089910838861758
pfote	0.08088734574775538
aufblasen	0.08087907795894933
unliebsam	0.08087509270070656
feminismus	0.0808511533299003
riechsalz	0.08085020248109172
anbellen	0.08083764010850529
politikerkaste	0.08083430783727497
versklaven	0.08079940743165702
faschist	0.08076140985608503
erledigen	0.0807331518919986
wildsau	0.08072047688091802
stottern	0.08071879633249875
distanzlosigkeit	0.08070318332378167
halbfertig	0.08070100937365142
unterbewusstsein	0.0806971399184498
genieren	0.08068217733329386
schreck	0.0806616604808992
erniedrigung	0.08065422388119785
langatmig	0.08064808794605856
wadenkrampf	0.08063545590299077
seitenhieb	0.08062946045781327
entartet	0.08061807425345745
behelligen	0.08059425753071134
schmiss	0.08058205565249303
uneinsichtig	0.08058003000854604
androhen	0.08053425354378246
weg	0.08052481675927627
ausrichten	0.08049600593535626
diktion	0.08048214849040641
wackelig	0.08046369364277017
schielen	0.08043695274882362
sekunde	0.08042422747972768
krieg	0.0804090225134359
loswerden	0.0803826734970566
grausen	0.08037577835465266
schutzbehauptung	0.08035706811333058
seitenstechen	0.08034633669135137
ablaufen	0.08029804832857614
umziehen	0.08027267048084666
verarzten	0.08024225048621281
zerhacken	0.08016767757989506
dreistheit	0.08014110602391081
abfackeln	0.08013195577680632
leer	0.08012635857526797
psychisch	0.08012093782060689
malochen	0.0800854397033801
foltern	0.08008129641214137
unaufrichtig	0.080080461325833
knirps	0.08006489313106635
anachronistisch	0.08006046705979883
denunzieren	0.08003852681235248
raufen	0.08003183450747729
null	0.08000015050020934
denkfaul	0.07998636249822867
fusel	0.07996578411747543
verschwurbelt	0.07995210648428215
sesselfurzer	0.07988885181365031
sauwetter	0.07979584981292182
einschlagen	0.07979387339591519
luftnot	0.0797874153297005
fehlleistung	0.07975933428090314
qualvoll	0.07972669206589476
unbewaffnet	0.07970404695710677
sterilisieren	0.07961022633161093
schmieren	0.07951925972274475
schmerzen	0.07947022562527845
auseinanderfallen	0.07943573603764562
schlange	0.0794158124430327
normativ	0.07937109058652797
bundeskanzler	0.07935259808825655
bewegungslos	0.07932850578753095
neid	0.07932399525533171
amtsdeutsch	0.07930512163658371
windelweich	0.07928170585321224
ankreuzen	0.0792427528545179
gaunerin	0.07921915339473214
wackeln	0.07920935413897916
missmutig	0.07919375157450777
exkommunizieren	0.07917919122468985
ununterscheidbar	0.07915583506447764
erektion	0.07914619853412681
stopfen	0.07911014586455689
kippen	0.07909213452020385
herumlungern	0.07906910163948784
tobsuchtsanfall	0.07905225545848826
verharmlosen	0.07904561754094151
einlauf	0.07903819118549613
eiern	0.0790338500204949
basisdemokratie	0.07900230350433285
schwurbeln	0.07899900459433494
unbekleidet	0.07898921233884519
revoluzzer	0.07896846951184405
verbrannt	0.07892734809393251
zerschneiden	0.07885529806207624
schramme	0.07883864842789258
eimer	0.0788022531059762
verschwitzen	0.07868893782116705
umnieten	0.07868264581904393
metaphysisch	0.07865628696605233
verrat	0.0786453601333747
rechtsausleger	0.07859772179357984
sarg	0.0785843318111986
fuchsen	0.07858163054921517
demaskieren	0.07855811275061585
meucheln	0.0785352365286148
narkose	0.0784785442155607
hieb	0.07847081704222966
schnauben	0.07842621239853548
totenbett	0.07834897778656173
schelten	0.07831365530326083
dressieren	0.07829825483263972
spuken	0.07828853761896999
herumwuseln	0.07827761461684016
erfrieren	0.07826678820113024
kleinkriegen	0.07825483980379852
zerren	0.0782262856571342
wunde	0.07818195342472647
heimleuchten	0.07812985220724057
gurkentruppe	0.07805504492251066
wuseln	0.07805316597259648
trocknen	0.07797165425578315
verbaseln	0.0779266646576946
schaukeln	0.0779208315158492
misshandeln	0.07789133021348092
anlassen	0.0778596114316419
auseinandergehen	0.0778513108101758
widerspenstig	0.07784503561773828
kohlen	0.07782926068588006
sausen	0.07782698596110926
verscharren	0.07776859001239042
hecheln	0.07771360432208461
salbadern	0.07770313040814673
nachtragen	0.07768754384503872
abladen	0.07768538388597325
einklemmen	0.07757740663738288
entmutigen	0.07752440230315051
preisschild	0.07747070405280843
etatismus	0.0773845358632776
rechtsfrei	0.07727430500703376
abschleppen	0.07723513432090631
zigarettenrauch	0.07717239520777798
verfetten	0.07711637208911624
achtlos	0.07709968449016712
alte	0.07703190934700475
leib	0.07692237370950081
wischen	0.07688124509898431
schlottern	0.07685262343078117
darmspiegelung	0.07665280811094494
paaren	0.07663415286937009
unsanft	0.0765486841568954
schleppen	0.07637566238027899
getier	0.07625855013459965
furchen	0.07625552274568143
bekleckern	0.07624308764036462
putin-versteher	0.07610718534194053
schwingen	0.07578684925213897
qualmen	0.07538499207866584
unachtsam	0.07479516825285841
