kanacke	0.1472099942600163
hurensohn	0.14099759062804168
spast	0.1388566710753022
mutterficker	0.13717878328150981
tunte	0.13700071130293925
schwanzlutscher	0.1369957866184885
hundesohn	0.13693100659689098
sackratte	0.13341173271613907
assi	0.13304845900037385
anmachspruch	0.13247981229886888
hure	0.1318056626897943
wixxer	0.13052521054807398
sau	0.1303115079891811
arschgeburt	0.12985284948437084
eierkopf	0.12975485920576363
fickfehler	0.12913698071900293
missgeburt	0.12899900222853225
ehrenlos	0.12853349998891406
bratze	0.1275380482158858
mistkind	0.12677234923180777
tussi	0.12563969843416867
mannsweib	0.12532458038606037
fettsack	0.12476019257077572
vollspast	0.12472385068589098
dreckskind	0.12426609465035601
scheiss	0.12411534221730627
weib	0.12395928342109544
japse	0.12356670530710338
pervers	0.12322599032051296
pummelig	0.12303512574249988
schmock	0.12299226861540914
schlingel	0.12291233721360931
untermensch	0.122703412848842
titte	0.12262689370960278
lappen	0.12220360763911209
eingebildet	0.1214058209436966
affenarsch	0.1208009677620641
fotzen	0.12069731946926822
kackbratze	0.12026847444805316
dummkopf	0.12022806262928427
anlabern	0.12007323528680008
ficken	0.11966006610231046
abgehalftert	0.11949136360860255
spacko	0.11944630455493051
ficker	0.11892617673544577
zicke	0.1188932206905734
sackgesicht	0.11885328865316831
geil	0.11868963264814816
schreckschraube	0.11856132724689435
labbern	0.11856072659701983
selbstverliebt	0.11844402628923677
drecksau	0.11829332283765347
bart	0.11820699189118836
abgehen	0.11767968306776895
schwuler	0.11765345952358534
verkackter	0.11757445363804624
du	0.11751566398620109
gesichtselfmeter	0.11734833399859126
prollig	0.11711573399739374
kacker	0.11707900597399303
stinkstiefel	0.11703969309881389
sperma	0.11683576165332654
nuttensohn	0.11656888619446763
trottelig	0.11651899977379747
arschgeige	0.11650813880810217
schlawiner	0.11641528176400959
wichser	0.11613676973938276
dirne	0.11602005327154635
horrorfilm	0.11596360004431795
gefickt	0.11595839616140716
legasthenikerin	0.1158393465358117
untalentiert	0.1158314055244516
transe	0.11578436127391172
versaut	0.11569705145337383
ungeschminkt	0.11554117367127766
fotze	0.11552873257848932
schlampe	0.11548323516081653
pottsau	0.11545639403220075
flachlegen	0.11532933941435292
kanalratte	0.11529277703289978
labersack	0.11521311485364515
haarig	0.11512365611256516
schlampen	0.11499183053453997
krass	0.114643961181573
muschi	0.1146167188802509
verkuppeln	0.1145666338807521
notgeil	0.11456406798570878
schnepfe	0.1144371331018939
zweideutig	0.11441789744791661
tucke	0.11440988781444225
pimpf	0.11422040133575381
arschkind	0.11420980709403744
schisser	0.11404366812150166
stiefmutter	0.11388825769225615
arschficker	0.11373233245821444
lutschen	0.11371189076993456
labertasche	0.1136565500003233
schwanz	0.1135803425556343
wütend	0.11319325817213935
flittchen	0.11317242687948056
lecken	0.11314602355378048
melodramatisch	0.11309679110269265
geschreie	0.11308496279874959
petze	0.11307969017152589
macker	0.11301919298174165
schlappschwanz	0.11297503955369903
sklaventreiberin	0.11279303582875042
kerle	0.11275380847750513
ohrwurm	0.11268083907683868
abrasieren	0.1126565672187781
heulsuse	0.11254145018077114
orgasmus	0.11251338414285633
ekelig	0.11251196751756855
schiss	0.11244075143006856
verfickt	0.11238783815353509
fresse	0.11232307766519731
anpissen	0.11205518695638006
spanner	0.1119407869590085
stinktier	0.1118802190258253
waldschrat	0.11184921232630883
fatzke	0.11183715410868962
kacke	0.11182381116164691
vegetarierin	0.11168190528788699
arschig	0.11168187054621945
unnötig	0.11163842989364026
schirch	0.11154068545279516
unmensch	0.11139726191149138
dummerchen	0.11134093341085202
unrasiert	0.11130677037088534
abspritzen	0.11109624141190903
ausrasten	0.11101681848197785
gemein	0.1109440750777202
ach	0.11082430748795764
penner	0.11071296481551886
garnichts	0.1106182563065838
entstellt	0.11061798013901135
viech	0.11059606010823972
gammelig	0.11055583990167248
woher	0.11055248469592095
heftig	0.11045714792980806
memme	0.11045021939222542
brillenschlange	0.11042422871147746
komisch	0.1103501849597603
spackig	0.11027895974018105
hartzen	0.11011987184147339
pisser	0.11003828966787939
intelligenzbestie	0.11000007587492013
weichei	0.10994144808011133
fett	0.10977955056580656
undefinierbar	0.10959267520356403
gruselig	0.10955224110470338
lümmel	0.10950237762997418
schrulle	0.10934279543422769
bedeppert	0.10932250975794373
umbringen	0.10924643939567906
prengel	0.10917495430055679
fotzenlecker	0.10914348007472968
schmierig	0.10908238613905086
gehasst	0.10903517335184952
vollbart	0.10902326271834516
vollidiot	0.10895038451663631
verpissen	0.10893196016141633
schrecklich	0.10878921668702277
trulla	0.10878769381995507
bocken	0.10865543343816243
stalken	0.10865424645539747
verfressen	0.10852717236249354
ekelhaft	0.10847163387206539
hinterlistig	0.10843230296284119
verdammt	0.10841673126564196
flennen	0.10835184391191967
streber	0.10831673505415763
leid	0.1082873739935762
spastiker	0.1082282040392998
proll	0.10822403850429675
saufabend	0.10821686967982598
banause	0.10821413896427788
ungezogen	0.10816774487649088
idiotin	0.10816616748259461
nymphoman	0.10803916304170036
anblasen	0.10800246961320352
sindse	0.10793455592497836
lass	0.10791896563689679
rüber	0.10789786081101209
kuhkaff	0.10783685403441545
hurentochter	0.10772081444620678
zerficken	0.1076680312772976
mist	0.10766497098915048
herzlos	0.10761225656232173
ferkel	0.10745922952221423
besoffen	0.10743941349357465
schwein	0.10738039448844952
flitzpiepe	0.10730887691280716
spruch	0.10728923971882134
notschlachten	0.1072535868236383
dorftrottel	0.10722518312522138
spritzen	0.10708491605118664
haaren	0.10704527867776349
doof	0.107028302185111
pejorativ	0.10701501063423362
dumpfbacke	0.1069592006237078
abklatsch	0.1069283887448483
hyperaktiv	0.10682178047957276
glatzkopf	0.10677247096511187
ziegenbart	0.10674207541007263
stupsen	0.10671872016352447
hampelmann	0.10669303772610421
schwulenfeindlich	0.10669253911497602
menno	0.10667746733275674
ankotzen	0.10667628360032792
steinalt	0.10662608399686943
egoistisch	0.10656209845763487
schuft	0.10651258777783312
unwohl	0.10643713514229154
nein	0.10641598105148077
hohlkopf	0.10632029845944652
talentfrei	0.10631325389095354
erwachsen	0.10630808781788258
witzbold	0.10627865396531838
schickse	0.10627466893106938
sterbenskrank	0.10618006196224106
vieh	0.10609993899732793
unfreundlich	0.10609771787266999
babbeln	0.10600776012639071
deprimiert	0.10591497757644823
beknackt	0.10586814856493053
moppelkotze	0.10579841760890182
vögeln	0.10576517334187524
verkacken	0.10575740917139378
war	0.10564628705413501
fresssack	0.10563648444093098
fliesentisch	0.10559567215113737
petzen	0.10549299557060489
bekloppt	0.10547103431394234
heulen	0.10541800591434154
wehleidig	0.10531233826812902
versohlen	0.10529594627667505
angetrunken	0.10528579719170739
schlaumeier	0.10524355402261046
mistvieh	0.10515680893353695
einfallslos	0.10506294042201779
schlimm	0.10493168626265136
pissen	0.10483415566684466
langweiler	0.10480375057669405
weinerlich	0.10473801712479826
blase	0.10472634514670799
unabsichtlich	0.10467981910671023
wehe	0.10466282480219372
abkacken	0.10465147073260843
bisschen	0.10465109973603368
mal	0.10458818829019081
abgewichst	0.10456283632655096
dusselig	0.1045134045220364
alk	0.10449952838506678
unlogisch	0.10448218004900102
arschlos	0.10447489992087874
behaarung	0.10447365535232786
negerkuss	0.10447163826764114
lahmarschig	0.10445355303739458
abgedroschen	0.10444787871132798
zotteln	0.1044458691302866
deppert	0.10443475999258067
sippschaft	0.10434431633930621
drecksack	0.10429952839500636
verkniffen	0.10426913919483537
schwachmat	0.10424063095681899
trottel	0.10417690949134308
peitsche	0.10413597701939757
fotzenknecht	0.10410008269573871
verabscheut	0.10406853206151442
brabbeln	0.10404079186620191
hach	0.10392344424985417
verdorben	0.10390973113632745
hohl	0.10387519343989463
schnitte	0.10383251805757941
feigling	0.10380472107459458
arschbacke	0.1037957231877507
fremd	0.10375427323851548
wahnsinnig	0.10366169023642142
möse	0.10365731143864909
kratzig	0.10364092752121669
grottig	0.10361264561206238
gedehnt	0.10361184388902492
hysterisch	0.10353240612123171
arschkriecher	0.10352950876685696
zeug	0.10341815259362616
necken	0.1034160576362473
weinen	0.10335080694738781
schimpf	0.10326971437665469
popel	0.10324992402042495
undiszipliniert	0.10319956270865156
rohrstock	0.10319888373572841
huch	0.10319311801253087
desinteressiert	0.10316121526352831
unfair	0.10315357533090606
ziemlich	0.10313293381473178
grenzdebil	0.10309573252904664
penisbruch	0.10307741810916608
zeugs	0.10305579921851662
armselig	0.10304953044865903
unleidig	0.10304250534217778
schauder	0.10302694684200732
verkleiden	0.10302579786425678
nackig	0.1030016562823856
pimmelgesicht	0.10299405367598785
arschgefickt	0.10293946453343344
frostbeule	0.10293634901417839
landei	0.10287460846223663
lustknabe	0.10282905865421063
unhöflich	0.10279172172146009
aggressiv	0.10274934414080625
quatsch	0.10268705013099101
nackt	0.10264517092133207
klamotte	0.10262634975110914
altmodisch	0.10261091920667031
ungewohnt	0.10260262153095331
abgeneigt	0.10258408069704739
heiser	0.10256036106131451
sensibelchen	0.10251916655707853
egomane	0.10250161791272933
primitiv	0.10246505828416576
melancholisch	0.10245169017689161
schnuppe	0.10231529699113019
krank	0.10230686505385762
brüsten	0.10227100079884816
kaputt	0.10219352161373017
neffe	0.1021691826499988
aufgeweckt	0.10215896915761206
niemand	0.10212817842687517
hungrig	0.10206459595735956
faltig	0.10205925531458244
hase	0.1020560718372939
garstig	0.10202923561517123
krumm	0.1020157063323356
steif	0.10196991136262966
furchtbar	0.10194706846258994
kuhdorf	0.10193558191668746
abgehoben	0.10186518657796696
schlapp	0.10178032110431169
kopfnuss	0.1017439571726828
enttäuscht	0.10174145967851077
abmurksen	0.10171952942243163
rausgeschmissen	0.10171828881572867
dreh	0.10170233975163702
schade	0.10167134412076488
schmutzig	0.10164310608063619
undankbar	0.10161403208980171
diejenige	0.1016133383075966
scherzkeks	0.10159019560181985
schucken	0.10157047191694342
schmatzen	0.10155721162075275
blutmangel	0.10154165615606037
quasseln	0.10149004045515786
entblocken	0.10141128185349116
alkoholisch	0.10133320931122965
vermissen	0.10132194757616972
softporno	0.10124846805812855
verkloppen	0.10124756184374152
erbärmlich	0.10122635067136758
bequatschen	0.10116844490217829
schmutzfink	0.10116425725432367
cluster	0.10110015618938963
schnecke	0.10107644787544919
irrenanstalt	0.10107152350930015
verrückt	0.10098677095493254
homophob	0.10098376011781646
unpassend	0.10093088407300252
prügel	0.10092397839607137
verziehen	0.10091351646842857
unwissend	0.10077363771413704
durchficken	0.100760252129291
rebellisch	0.10066825525648244
ungeschickt	0.10062868160166953
hirnlos	0.10059724664053833
charakterlos	0.1005736350116986
unterbelichtet	0.10057263223039924
unpraktisch	0.1005001101575124
schlecht	0.10048785072944509
abschminken	0.1004316194874494
erwachsener	0.10042890963092316
ganz	0.10041190287610234
einsam	0.10034280108037565
zusammenhanglos	0.10030831237826562
vde	0.10028674996329495
wehtun	0.10025567642677054
widerlich	0.10024833883574746
begrabbeln	0.10014866359351299
analkette	0.10014590698375746
kaltherzig	0.10013031365565567
untreu	0.10011372701489042
singen	0.10010172903387969
struppig	0.10010024819484611
griesgram	0.10007810232968403
besaufen	0.10004887351826043
grufti	0.1000486633692822
ekel	0.10003534704870859
falsch	0.10002785699876018
einbilden	0.10001776868077206
langeweile	0.10001684889764204
heimzahlen	0.1000010380011752
strahl	0.09997718672229103
schwindlig	0.09997146807657048
puh	0.09996446059090919
unbefriedigt	0.09991251541974333
winzig	0.0999000390303782
seltsam	0.09989600465242583
ratte	0.09988651546462929
pennen	0.0998563240382611
abwesend	0.09985074979053053
asozialer	0.09984569406440229
unterbuttern	0.09980524690539506
verdutzt	0.09979999235761033
langweilen	0.09979466226587005
ärgern	0.09972143000582981
schnappatmung	0.0997208767670431
gemach	0.09970211797069735
aufgeregt	0.09960443155257799
nuttendiesel	0.09950376433903167
keiner	0.09950230694131579
anstrengend	0.09945714123275556
seicht	0.0994272078245365
sabbeln	0.09938769298102042
grunzen	0.09936517063075097
schrott	0.09933922478124496
jammerlappen	0.09932871946944895
alleine	0.09932086168019046
uninteressant	0.09932062323804836
hodensack	0.09926363885694832
rothaarig	0.09923782954494176
gesabbel	0.0991907285452238
unfassbar	0.09915749965843369
begriffsstutzig	0.0991269817083497
aufregen	0.09907846212027707
abtreiben	0.09907079404884603
leberfleck	0.09902141069595446
schlabbern	0.0990155525995135
miesepetrig	0.09900221251105966
tragisch	0.09897483204096066
nervenzusammenbruch	0.09884285054632859
stuss	0.09884283972678379
grottenschlecht	0.09881166402065195
miefen	0.0987879940728199
tratschen	0.09876908126063214
zahnfee	0.09876621494602773
fertigmachen	0.09876339119219939
gesabber	0.09875574767349891
weggehen	0.09864560405494684
wampe	0.09862310388213615
tarnung	0.09861700959911555
kusshand	0.09860348389060072
karre	0.0986015945114007
fanatisch	0.09859778904479743
rwk	0.09858230342021942
übertrieben	0.09855964728965472
morgenlatte	0.0984935842949181
idiotisch	0.0984913093633069
grobmotoriker	0.09845962959788203
kompliziert	0.09844473791555913
wildenbruch	0.09840502468514832
plinse	0.0983503307782449
pieseln	0.09831696742659721
zeitlang	0.09828165003872251
bp	0.0982612514671076
verlobte	0.09822875477084247
zecke	0.09819187550427795
belabern	0.09818259508767242
elendig	0.09814223430796135
borstig	0.09812887597089964
aufkreuzen	0.09812173262532864
mund	0.0981175742010782
unwichtig	0.09803934923717446
vergessen	0.09801727706843144
spontan	0.09797505963513217
erschrecken	0.09795707255286909
beule	0.09795668472764026
mundfaul	0.09795063867432985
spucken	0.09793386440203472
gequatsche	0.09790674408669443
patzig	0.09789213911421124
angewidert	0.09787836429615632
alkoholiker	0.09786002756649313
frustrierend	0.0978244360777581
korinthenkacker	0.09781966063417594
boshaft	0.09780424670667633
unwirsch	0.09779843251341974
auwei	0.09779285091875188
chaotisch	0.09774687253272472
hau	0.09773641701489469
aufbleiben	0.09773592654468972
unhygienisch	0.09766272430612084
eigenartig	0.09765830905215475
stillos	0.0976395344654858
untertreiben	0.09760498084234885
schwachkopf	0.09759920796402975
herzschmerz	0.09758109004456599
nerven	0.09756674713708258
ungeduldig	0.09755147681430895
grenzwertig	0.09754780086482008
beschiss	0.09749928984194842
platt	0.09748495596770082
weinend	0.09747574200449283
unbewusst	0.09746577642174623
uralt	0.09742853456164949
anreden	0.09742184505242098
feuchten	0.09741391664537198
zusehen	0.09740049069235998
sediert	0.09737933766526403
schmerzhaft	0.09737705050710314
warmduscher	0.09736962573757228
duden	0.0973582264803152
schwanzlos	0.0973562097960804
schelm	0.09735294240916983
unterschwellig	0.09734134503714463
dusslig	0.09731359984620011
laufmasche	0.09728602036215636
fuchsteufelswild	0.09727029168560909
zeichnen	0.0972548751692305
anstrengen	0.0972362448583018
vollkommen	0.09722910930873511
vertauschen	0.09722254439612209
dreckskerl	0.09722251008812972
gebrabbel	0.09720680027167397
vollpfosten	0.09717838145708318
auweia	0.09714243500061945
kotzbrocken	0.0971364510731123
dreck	0.09708684387861657
daneben	0.0970571571466841
schizophren	0.09704373303487045
kinderficker	0.0969819271366132
unangenehm	0.09693449338993235
einschlafen	0.09692576895037441
schieflaufen	0.09691292691274705
unkorrekt	0.09689104715307444
umstimmen	0.0968900156612793
zeiger	0.0968837336451218
sinnfrei	0.09682914607502176
sklaventreiber	0.09677569751006859
zahnweh	0.09672778523542946
klischee	0.09665157239809216
ertragen	0.09662329912731504
unappetitlich	0.09662319900193476
aufschreien	0.0965808805361786
missraten	0.09653211588673737
katze	0.09652830762332108
meckern	0.09652078569381886
herziehen	0.09650932433313567
bierernst	0.09650201191782785
animalia	0.09649127894944305
feige	0.09648233768233991
pickel	0.09647877666359671
pegasos	0.0964524249591326
frau	0.09644980042477583
putzfimmel	0.09644806195940381
versehen	0.09642728231539932
umkippen	0.09640829458705075
hibbeln	0.09640728476685868
geschimpfe	0.0963371713003998
engstirnig	0.09632903802083549
verschlagen	0.09631823211069236
rücksichtslos	0.09630944787546483
feucht	0.09629100585930513
fluchen	0.0962855381849788
undurchschaubar	0.09625618564090657
kastrieren	0.09620175321340865
gnadenschuss	0.09619483857374189
geschert	0.09619256410741442
misstrauisch	0.09618704018822279
blocken	0.09618379715241143
ungewollt	0.09617687372193334
ochse	0.0961514916714391
hirn	0.09614893103911634
schnake	0.0961476396215658
hinterlaufen	0.09612838027993077
bespritzen	0.09612806388355712
ungehalten	0.09612702204994128
verscherzen	0.09612581395063609
hinlegen	0.09611145575552486
aufreibend	0.09610135849706153
pikiert	0.09606198445448419
rechthaberisch	0.09600757110740349
glied	0.09598567437089409
sinnlos	0.09593555523453175
schlag	0.09593247007979722
triefen	0.09593067951985361
balsa	0.09591758536004232
schwachsinn	0.0958898806971382
esel	0.09586849518154436
moppel	0.09584313975786192
verwirren	0.09583835310715774
stur	0.09581852306855945
schmu	0.09581269349853316
ausgemergelt	0.09581079738076337
haufen	0.09578436900501482
saline	0.09575861416695741
auffallen	0.09575639663791105
pathogen	0.09574943741303776
verzapfen	0.09572266923984082
belanglos	0.09571867212602485
wurstblatt	0.09569072002796163
dfv	0.09562187322642078
weglaufen	0.0955627200585578
schamlos	0.09552607538767853
endprodukt	0.09549863591006504
beschimpfen	0.09549701706780622
doppeldeutigkeit	0.0954629156679066
bema	0.09543987458291107
merken	0.09542088910744821
hofnarr	0.09537782179737267
nappel	0.09537460498019977
nachstellen	0.09536487774592085
ablenken	0.09529231744050112
gammeln	0.09527147363400976
wegfahren	0.09525929091070834
abknallen	0.09525108325050313
hoffnungslos	0.09523772835797743
vergasen	0.09522552535595315
oder	0.09522474205298231
lieblos	0.09519898296204618
schlosshund	0.09517082445402293
frischling	0.09516563352843478
abgefallen	0.0951479360855214
wespe	0.09514322492738654
kurzsichtig	0.09512270700314812
fressen	0.09510459846653851
zwiespalt	0.09509325258095981
daherreden	0.09507953477366682
wegziehen	0.09507472234148671
stramm	0.09506179017986113
schmerzvoll	0.09505457126170766
inkorrekt	0.09504628653106345
schocken	0.09499463023543052
tennisarm	0.09496637109883244
dwv	0.09494562649333348
suppenkasper	0.09494439652836299
unehrlich	0.09494246282038409
abschlagen	0.09493375966537924
durcheinander	0.09493199853799947
abschreckend	0.09492122967221502
maulen	0.09490614640501961
beschweren	0.0948962210081742
rumgammeln	0.09487909909756313
aufstehen	0.09487735348588255
herumhacken	0.09486941280036854
unsauber	0.09486762213277163
pfeife	0.09486158532026563
regenwurm	0.09485607449974066
hochtrabend	0.09485568098587653
behinderter	0.09485543647322832
schrieb	0.09484326579081566
verkriechen	0.09477549083727632
unbeteiligt	0.09474265708817688
hucke	0.0947350320888803
gelbsucht	0.09472757392332892
kraulen	0.09470743542005354
abraten	0.09468774428961903
unterleib	0.09462520508221024
zimperlich	0.09462390782656073
stuhlgang	0.09461783262424293
profan	0.09461654664856475
unterentwickelt	0.09460402142094135
verräter	0.09459085151005438
streng	0.09458249523174964
grütze	0.09453234813931914
fremdschämen	0.09448006795298022
lasch	0.09447620480006327
undankbarkeit	0.09442155719541472
pillepalle	0.0944176880336168
verschlafen	0.09439319581767187
todmüde	0.09436662801725247
berichtigen	0.09436286719582777
demotiviert	0.09435331424376059
inkontinent	0.09434472581386445
schuld	0.09429702831857859
spritze	0.09428630431291532
leichtsinnsfehler	0.09426939930359438
endlosschleife	0.09426201775225777
hektisch	0.09426034483329016
ungerecht	0.09424871528555757
weder	0.09424546836191545
knilch	0.09423362111154349
fliege	0.09423142156384777
bammel	0.09422621553256351
abkratzen	0.09417700377785096
bauch	0.0941678255584
pech	0.09416481522629173
panisch	0.09413501967263525
morgenmuffel	0.0941146341610673
homophon	0.09408541939245825
abfallen	0.09400635136216752
weglassen	0.09400273267230018
juckpulver	0.09398528796289768
hund	0.09395937816305991
verzweifelt	0.09393204072649797
hornochse	0.09390540946783943
milchtritt	0.0939037032085114
singsang	0.09389002794793255
flunsch	0.09383825322516991
profilneurose	0.0938304824448672
langsam	0.09382207939672023
hornbrille	0.09379316053482381
befremdlich	0.09377442820903485
gedankenlos	0.09376427779454118
madig	0.09373754257047291
ungesund	0.09373570537407541
zottelig	0.09373244774216499
rds	0.09372462579537087
unbedacht	0.09369681744626202
unhold	0.09365204394368778
irrenhaus	0.09365204202624818
miese	0.09365156240560654
aufscheuchen	0.09365105583105089
schweinerei	0.09362840066710318
entsetzlich	0.09362824610385344
ruppig	0.09358420706623781
furchterregend	0.09358070008246747
verpetzen	0.09356007228927912
panikattacke	0.09350809723853525
gebrechlich	0.0934518542940517
witzfigur	0.09343626638121542
jammern	0.09337622745336274
selbstironie	0.09335276189381955
totschlagen	0.09335172350781946
ablenkung	0.09334998090522337
bartstoppel	0.09331168528995686
eingebung	0.09330407670973621
lügner	0.09329011093684407
dekadent	0.09328877725570228
nervenaufreibend	0.09328454338699141
kopfschmerztablette	0.09328237402692856
abrackern	0.09326968563731286
vorhersehbar	0.09325940050532613
berieseln	0.09325261897354002
hat	0.09323224184080783
unfein	0.09322162097880925
japanisch	0.09321392366970009
faulheit	0.09319892151473441
blubbern	0.09318759541166621
weichklopfen	0.09316532075751119
urinieren	0.09314167242719905
muffensausen	0.093131142855394
zahnstocher	0.09311886604814573
unfreiwillig	0.09309138382627102
geifer	0.0930722535766137
ceres	0.09305610175348909
unverständlich	0.09304607604933243
verwechseln	0.09302666173959082
gnadenlos	0.09302537450716812
verpeilen	0.09301792938279817
wackelzahn	0.09299364344492284
gegend	0.09296900613261089
gottlos	0.09295102652336149
beschreien	0.09295008233690984
notschlachtung	0.09289211913630095
schlafwandeln	0.09286288510979283
vergammeln	0.09284977799388927
schleiche	0.0928455223093927
brandblase	0.09276776408928558
freistunde	0.09275768054244571
wegkommen	0.09275541497270315
unbedeutend	0.09274991101060695
frechheit	0.09274919802640884
duschen	0.09273006947169164
flegel	0.09270357454880093
dampfplauderer	0.09265091472730352
erzkonservativ	0.09260928051533587
wutentbrannt	0.09260258716562197
schreiberling	0.09258481266861303
asoziale	0.09257252349603076
auseinandernehmen	0.09255229983629866
pusten	0.09252793192758015
teleportieren	0.09251309731550987
seufzen	0.09250675533624975
kleinkariert	0.09249568430205134
nageln	0.09249248469363111
missverstehen	0.09247771435924022
schmiere	0.09246798320926768
verdummen	0.09244976454024309
teplitz	0.09243555804479617
sippe	0.09240086200049719
piefke	0.09239996760398934
trennungsschmerz	0.09239244838537528
verhasst	0.09238003035179479
unfähig	0.09234865381888552
nacheinander	0.09233926502496079
komma	0.0923215035789867
drogenfrei	0.0923159501449693
speichellecker	0.09227865133301362
ablation	0.09227722570731418
verletzlich	0.09225413831733098
kauleiste	0.0922512085142986
unchristlich	0.09221405819322813
mimen	0.09218631129588009
schubsen	0.09214657669244629
qualle	0.09213045888039702
konterfei	0.09210099480137118
widerstehen	0.09209692186552434
unzivilisiert	0.09209130194589671
zumuten	0.09208907318080888
sterben	0.09206036741345182
gefasel	0.09203836370117939
provozieren	0.09203206735258988
hinten	0.09202786817236329
apathisch	0.09200982820155139
verarschung	0.09200344814130598
unschön	0.09198477167613574
trollen	0.09198309767058066
herausfordern	0.09196368351084337
unsicher	0.09193138181107227
dummheit	0.09190723417741636
verzagen	0.09188709378669313
finster	0.09186018483190397
medienhure	0.09185626699154843
herinnen	0.09184657699437473
verwickeln	0.09173074250159415
kriechen	0.091704041018928
schieben	0.09168430456625551
gockel	0.09166191613267692
zwicken	0.09160340482970894
abschaum	0.09157115242948792
saftladen	0.09156356458302994
bestrafung	0.09152410528614319
eingraben	0.09152399487607017
hopsen	0.09151564664288965
unaufgefordert	0.0914782575880861
ausspucken	0.09147162352475191
ausbaden	0.0914655734947518
sauhaufen	0.09145802122665907
neidhammel	0.09145490855409975
stimmlage	0.09143907007392425
abschreiben	0.09141568071072428
zotig	0.09141433656413839
verwerflich	0.09140117823470541
agnostiker	0.09139928181485886
wessi	0.0913737946214285
schmoren	0.0913710352668455
schwer	0.0913656538709909
tyrannisieren	0.09136373563820147
mitleiden	0.091352792205046
herumgammeln	0.09131875143733846
stake	0.09130535658634656
unmotiviertheit	0.09128582884212
spaghettifresser	0.09124043578907849
wedeln	0.09124006404716282
larifari	0.09123939884728474
etepetete	0.09123474538125552
zetern	0.09123126334656946
fetzen	0.09122922033860577
disziplinlos	0.09121244871670853
sonnenstich	0.09120274351931033
schulter	0.09119741886981868
erbrechen	0.0911836826258359
abbrechen	0.09117844136831184
masochismus	0.09115636626379861
unklug	0.09115329864601147
sprachzentrum	0.09115234891911496
gassi	0.09112182964372216
weiterrauchen	0.09112130312521609
gesocks	0.09110736099677348
nebensatz	0.09109042512008737
verzweifeln	0.09108799084429779
verhohnepiepeln	0.09108632174675536
beinhart	0.09107034757542476
allerwertester	0.09105128165239051
ovum	0.09104788449787199
wisch	0.09102749101071389
krabbeln	0.09101474947329474
suboptimal	0.09099555623796117
abneigung	0.090986595540058
ausschalten	0.0909863597122257
abkupfern	0.09097311600042451
angst	0.09096918217658531
unruhig	0.09096484752177102
knurren	0.09096459790202176
binnenstaat	0.09094543821987046
oberfaul	0.09094381427257048
klöppel	0.09093282264799538
abtrocknen	0.09091028708820044
verbohrt	0.09090083317084943
gewissen	0.09087607095340418
verlogen	0.09083843477345985
streiterei	0.09083340567703266
beerdigung	0.09081005228886954
buckel	0.09080401891207646
scheinheiliger	0.09078866284797274
nass	0.09075425992314154
gesindel	0.09074722402514916
unqualifiziert	0.09074017711727266
beschnitten	0.09073847013319943
phlegmatisch	0.09071339897018543
kurz	0.09070613691088977
kratzen	0.0907028710471336
frustriert	0.09069545251075921
steinigen	0.09068535082221713
schockierend	0.0906774898563048
taubstumm	0.09065269590569071
hilflos	0.09065110666743677
veralbern	0.09064013620441973
seelenstriptease	0.09063693949495127
ungebeten	0.09063463862148051
versuchen	0.09063240907624572
unsittlich	0.09062713047401622
verwachsen	0.09062416564435125
wegtreten	0.09061897770245848
unterstellung	0.09061101988173544
meute	0.09060613190540835
bizarr	0.0905990510499953
unfreundlichkeit	0.09059469947651722
vollnarkose	0.09058757301342941
weihnachtsmann	0.0905853189450576
zerfressen	0.09055614385527769
grenache	0.09053576250913686
betonkopf	0.09051302095514362
untergehen	0.09047760555709006
fehl	0.09047614131847828
schniefnase	0.0904718723203085
nagetier	0.09046942584320956
blutig	0.09044234606834207
sekunde	0.09042529342929244
sprechdurchfall	0.09041952194199553
aufblasen	0.09041912619242584
irritieren	0.09041211481350257
appetitlos	0.09040845466965564
lynchen	0.0904067370198034
begafft	0.09036438990485922
kokeln	0.09035731076205086
soll	0.09035149527499049
feindselig	0.09034317372040541
meinerseits	0.09031884445295527
zornig	0.0903044093841287
heucheln	0.0903023359227004
flach	0.0902828816841239
schwamm	0.09027603144967326
verletzen	0.09026597147233259
antipathie	0.09026576108303049
inkonsistenz	0.0902526587317287
einander	0.09023647238124881
bude	0.09023247605610588
vegetarier	0.09023058169742036
kriegerisch	0.09022260282117739
besinnungslosigkeit	0.09019657874624443
wichteln	0.09018219225345898
verdreckt	0.09017792471645424
niederschmetternd	0.09017339551759095
unterbewusstsein	0.09015694322852356
instinktiv	0.09014814802338592
unbelehrbar	0.09014625063647845
vorurteil	0.09013102897094906
pathologisch	0.09012727169168822
zerhacken	0.09012292057399157
wasserkopf	0.09011840310888519
charakterschwach	0.09006570370991733
zeitgenosse	0.09006407477535569
abtun	0.09005825528948826
wischiwaschi	0.09004537901913846
vorwerfen	0.09003299394584617
anwesenheit	0.09002375255322573
lund	0.09001648204142637
hanuman	0.09001502984636019
schreck	0.090010225213614
aufplustern	0.0899864780642507
zusammenbrechen	0.08998282818440174
borniert	0.0899528519196259
kardiologin	0.08995265030991915
moralkeule	0.08995210680856656
sorge	0.08995208436024796
abstand	0.08992672767729347
pfaffe	0.08992016907879685
wildsau	0.08989903293708862
palavern	0.08988714085379129
schmiss	0.0898865236197878
unmoralisch	0.08988491600571187
verworren	0.08987630929511342
erledigen	0.0898650012449802
prophylaktisch	0.08986140507904311
florid	0.08984459475622288
fusel	0.08984146714464775
weg	0.08983052323954531
anbellen	0.08980096719881746
schmonzes	0.08977910770875543
schauderhaft	0.08977165627710855
enden	0.08977049318303851
serpentine	0.08976768216356187
schorf	0.08976527500330435
ausgestorben	0.08975525098991809
zumutung	0.08973410122816543
kontern	0.08970538583498905
schiefgehen	0.08965464729693243
plebejer	0.08959916355318351
knopf	0.08959140022747092
sprechweise	0.0895825360357306
riechsalz	0.08956976714187566
hausieren	0.08956325095151244
versuchung	0.08953198461294815
zyniker	0.08953059882099552
verachtet	0.08951559527865895
trostlos	0.08948358312872685
sezieren	0.08946862133463149
antriebslos	0.08946190630216029
wegsehen	0.08945813408449776
schmerzlich	0.08945189098932585
davit	0.0894461453553718
loswerden	0.08944364103142413
pfote	0.08942145767826992
unsozial	0.08938394447336923
watschen	0.08938019334606383
schwafeln	0.08937971532644788
luftnot	0.08933461059558906
halbfertig	0.08933441133016068
entbehren	0.08932327971620323
konfrontieren	0.08930724571165638
streiten	0.0892989151626606
ammonium	0.08928960497141586
schielen	0.08926644216595007
bewegungslos	0.08923069798988811
ausrichten	0.08922955503960608
auseinanderdividieren	0.0892250599910869
ablaufen	0.08917264943693753
abfackeln	0.08917172537974316
raufen	0.08916971159767047
unsinnig	0.08916112399472946
ausgrenzen	0.08914908271805777
wadenkrampf	0.08911784684943476
kropf	0.08911737428579034
marktschreier	0.08910313982618988
verarzten	0.08910168413306795
verspotten	0.08908289670220927
erschreckend	0.08905416034554484
zeitverschwendung	0.08903694722241902
langatmig	0.08899161596990354
krieg	0.08898861700883869
meerschwein	0.08898563787420412
ungeordnet	0.0889843990863316
wackelig	0.08897722279004332
unlesbar	0.08897131349633947
schlange	0.08896961522345614
juckeln	0.08896588999695604
qualvoll	0.08892929846603635
umziehen	0.0889129564991061
beunruhigend	0.08890652256639549
nachteil	0.08889972109974603
indoktrinieren	0.08889142307202302
zwerg	0.08888615608503231
lebensfremd	0.0888756547904812
unbefriedigend	0.08887002647644342
undiplomatisch	0.08886205828457208
fehlbar	0.08884853389513862
stottern	0.08881545536175686
knirps	0.0888124493619355
anbrennen	0.08880440360902796
sesselfurzer	0.08880095531219305
fremdenfeindlich	0.08879870824978976
seitenstechen	0.08876979598538574
windelweich	0.08875586404577102
grausen	0.08874387230264172
westler	0.08873907847982973
genieren	0.0887312344580095
mischpoke	0.08872640551476518
rammen	0.08871089315557366
einschlagen	0.08870934280263644
leer	0.08870517590294029
zahnlos	0.08870072361449283
homophobie	0.08869245778017915
schmerzen	0.08868310748250079
unterbrechen	0.088651768145929
fehler	0.08864677824745358
wackeln	0.08863887164946484
destruktiv	0.08863751840851018
missmutig	0.08861738812641885
classis	0.08861615448283364
unkritisch	0.08861571113663638
harmonia	0.0885950476485634
bland	0.08857495905412427
tobsuchtsanfall	0.08857467497187148
seitenhieb	0.08856700030438408
schaf	0.08853636341935003
malochen	0.0885360568157019
schmieren	0.08847930461696928
uneinsichtig	0.08846239037787973
erektion	0.08843280058514066
verstricken	0.08841093065292621
leugnen	0.08838629127295336
behelligen	0.08838122261820373
bevormunden	0.08838040088192355
claret	0.08836028906124047
schnauben	0.08835664474771002
politikerkaste	0.0883508979822981
sexismus	0.08834963330215545
androhen	0.08834537610829273
unterirdisch	0.08832432658999989
unliebsam	0.0882663166723883
heuchlerisch	0.08825144395820261
unberechtigt	0.08824534745251587
diffamieren	0.08823881554822993
null	0.08823294139476724
fuchsen	0.08822919002869191
frustrieren	0.08821014948490825
spuken	0.08820497292047674
askari	0.08818265553039227
sauwetter	0.0881782211351159
zwecklos	0.08816964005218823
patschen	0.088161246954932
hieb	0.08813628793743414
pellen	0.0881264330176288
borniertheit	0.08810430014571312
seinerseits	0.08809424700371368
sterilisieren	0.08807545913190197
kippen	0.0880751569500389
bisswunde	0.08806369944596759
zensieren	0.08806264180373569
tattergreis	0.08803652355651732
versklaven	0.08803199494318613
ungenau	0.0880205272492548
unscharf	0.08801681733728425
schlappen	0.08801367110916346
zerschneiden	0.08800320338370704
malbec	0.08799431461201379
knoblauchgeruch	0.08799245458250342
aussichtslos	0.0879918953464645
herumlungern	0.08798996377603252
unterdrücken	0.0879844273595695
umnieten	0.08798173966146529
unterlassen	0.0879697140000122
durchfallen	0.08796601379897434
schinden	0.0879110860893865
infam	0.08790634371121772
neid	0.08788362779294462
verknacken	0.08787380980000827
lamentieren	0.087870638093547
feminismus	0.08786795517730232
verbrannt	0.08785351926541543
unrecht	0.08783347394813787
diez	0.0878069857366563
erniedrigung	0.0877992695292658
unheilvoll	0.08778570200316292
giftig	0.08777872309808733
robinson	0.08777575139136327
denkfaul	0.08776571840221502
schlechtreden	0.08776002657583463
einlauf	0.0877585834531864
verrennen	0.08774483257103295
anglesey	0.0877350076776966
faschist	0.08772068587638647
skrupellos	0.0877157042065712
bedeutungslos	0.08770693476340269
dilettantisch	0.08769153944428797
unwillig	0.087690035478652
unzufrieden	0.08768623139914235
frotzeln	0.08767633694875922
ungeschoren	0.08767388795665429
abdrehen	0.08767075864344072
herumwuseln	0.0876683996080688
fremder	0.0876643373460328
stopfen	0.08764638540533883
lippenbekenntnis	0.08764470155602111
pinotage	0.08764376884157839
eiern	0.08763150743901739
poltern	0.08761387104151117
schutzbehauptung	0.08761326205728469
bestechen	0.0876063035832855
distanzlosigkeit	0.08760414709308052
foltern	0.08760322295385241
entartet	0.08757853437488068
meucheln	0.08756313977668573
unbekleidet	0.08755934908667912
psychisch	0.0875399956878176
unangemessen	0.0875281716709791
rothaut	0.08752438256222252
schramme	0.08751374613682013
wogegen	0.087505347889761
unbewaffnet	0.08750115301793064
fremdwort	0.08749273777066742
aufgebracht	0.08749094489642381
mutieren	0.08747397205625053
verschwurbelt	0.08745717290106597
freudlos	0.08745541415666552
sarg	0.08745185000814061
dreistheit	0.08744906141216092
charter	0.08743463696821571
durchlaufen	0.08743162877944527
eimer	0.087410538926561
diktion	0.08738642685362139
schockieren	0.087362473747467
nachtfalter	0.08736179429610771
energielos	0.0873529827828918
denunzieren	0.08734870832062139
wahnsinn	0.0873466257892155
dressieren	0.08734387602918109
kranke	0.08733189265520648
grotesk	0.08732589619194793
nachtragen	0.08732471686705269
verscharren	0.08732457789990701
zweitrangig	0.08731405118210703
waisenknabe	0.08730531725914494
ankreuzen	0.0872909262595381
laie	0.08728839585888619
gurkentruppe	0.08727882121281486
anlassen	0.08727318546634641
arbeitslos	0.08727079645455228
schneien	0.08726719890667405
vorenthalten	0.08725653901929095
erfrieren	0.08724759928417049
zerren	0.08723167068656573
auseinanderfallen	0.08722449968522437
verzwickt	0.08721893322799319
vorbestraft	0.08721664790708243
verfallen	0.08720343604958262
untragbar	0.08719963570678714
verschwitzen	0.08719164020532312
wuseln	0.08718130590432514
rivier	0.08716733588057952
penetranz	0.08714696313215986
spezies	0.08714330021252502
anachronistisch	0.08711500991659246
zappeln	0.08707560234257769
kretin	0.08707112543198829
wunde	0.08706575659881216
narkose	0.08706567890124711
desinteresse	0.08704872464949687
blutabnahme	0.08703143591811532
platschen	0.0870276529596654
unbewiesen	0.08700841284619414
auspowern	0.08699790328540172
bosheit	0.08699771863951763
verlustig	0.08698459089812904
besorgt	0.08697539488777462
rücken	0.08696495819956077
hehl	0.08694279302668433
tamil	0.08693413209438029
unaufrichtig	0.08693171139028454
schaukeln	0.08692503948101943
unwahrheit	0.08692250052792845
sausen	0.08692055197981832
ablehnen	0.08691023560164994
trocknen	0.08688528801871039
unsolidarisch	0.08685935732696198
entfremden	0.08685650232684322
ersaufen	0.08684844334562393
abladen	0.08684319242903667
kohlen	0.0868335855405943
umkommen	0.08682653594206192
idk	0.08681987398793604
schwerwiegend	0.08681775599257416
abstumpfen	0.08681001117117519
heikel	0.0868069765897188
ichthyosis	0.08679396160258204
ausschaffen	0.08678219101908927
lateral	0.08675958610424007
hecheln	0.08675088886113258
ballern	0.08674422678723721
diskreditieren	0.08673651158424578
verschwenden	0.0867204655468994
unehrlichkeit	0.08671122597522972
inhaltslosigkeit	0.08668715682314448
metaphysisch	0.08668510565990593
fehlleistung	0.08668484596832034
krankschreiben	0.08665678081624419
futsch	0.0866522480769133
fleischwurst	0.08664891697602715
unsinn	0.08663773407420522
unterwerfen	0.08663607363408857
achatz	0.08663511411290487
unfähigkeit	0.08662724779341596
anecken	0.0866246702084726
sturheit	0.08659574046361695
unfug	0.08658883379988859
pessimistisch	0.08658255833995564
onus	0.08658074033792174
diffus	0.0865787571275109
kleinkriegen	0.08656882492202375
stuhl	0.08656623159019539
laienhaft	0.08656426752495396
erriechen	0.08655968722798606
sprachbarriere	0.08655780276267454
irrer	0.08655160915939915
wendehals	0.08651482855764467
genugtuung	0.08650425491955814
matsch	0.08649864260833241
batavia	0.08647987947529982
krach	0.08647361363855577
bekriegen	0.08646906192917723
lakonisch	0.08646562069872701
kontraproduktiv	0.08645081828095091
untertauchen	0.08641816713529035
verzweiflung	0.08640364221069469
teilweise	0.08639466262910601
revoluzzer	0.08639120879338931
bundeskanzler	0.08638878985236592
bedrohlich	0.08637685604967121
abschleppen	0.08637531188864249
beschuldigung	0.08637313186786771
abzocken	0.08636739460116394
zwingen	0.08636272220055154
ausnehmen	0.08636182162626438
nabob	0.08635893176726339
eingehen	0.08635473183347415
normativ	0.08634293328481048
wollen	0.08633872795563031
bedenklich	0.08631414740456951
fabulieren	0.08630906637013236
nackend	0.08630680847965443
verfrachten	0.0862919010790913
teufelskreis	0.08629102006903516
schweigen	0.08627551913137978
gaunerin	0.08626485272045392
mogeln	0.08625690589456486
schlechtigkeit	0.0862532958985855
unverantwortlich	0.08624945794193153
heimleuchten	0.08624473902508006
amtsdeutsch	0.08623018440427303
totenbett	0.08622828244745956
schlamassel	0.08622219391827678
flott	0.08621917994432922
schwurbeln	0.08621403728595196
misslich	0.08620925137918359
isba	0.08620458191600996
unterordnen	0.08620051595879098
einklemmen	0.08619714939441946
auseinandergehen	0.08619063084284384
rasend	0.08618745439328991
widerspenstig	0.08618347993811194
ellenlang	0.0861647405682517
juvenil	0.08615612871414738
donnerwetter	0.08612951137019884
bluff	0.08611001943461463
schulsystem	0.08610541405048526
unkontrolliert	0.08610264910173494
lebensmittelvergiftung	0.08608415214221966
verachtung	0.08608395135535268
schmerz	0.08608262315875569
vergehen	0.0860784035434849
kopfgeburt	0.08605078235479363
achtlos	0.086041837707413
begehen	0.0860397020326531
lechzen	0.08603956283846097
exkommunizieren	0.08603177127836152
widerlegen	0.08602655979904332
asylkritiker	0.08599801667235776
ruinieren	0.0859903122509063
allgemeinbildung	0.08597684906154722
lobotomie	0.08596143469861099
ununterscheidbar	0.08595005626439463
leib	0.08593749735175082
preisschild	0.08593259433125155
verharmlosen	0.08593090056480343
wischen	0.08592470362716659
leiden	0.08591074673817262
verbaseln	0.08590166474982158
handgemenge	0.08589361618356416
basisdemokratie	0.08587719323951654
kralle	0.08587644655553245
einheitsbrei	0.085860035440394
exorzismus	0.08583085782687687
verderben	0.08582292204014476
vergeudung	0.08579159455129018
plattmachen	0.0857897503470569
krauchen	0.08577419892209522
unwissenheit	0.08577343550712735
undemokratisch	0.08576566688388891
problematisch	0.08575648049276915
nachgehen	0.08574728621984175
aast	0.08573658433779038
machtlos	0.08573355946852594
verrat	0.08572606617758234
ihrerseits	0.08571341954202863
befangen	0.08570891505422029
frust	0.08570489090501644
elend	0.08569295384396175
kraftlos	0.0856841498138383
unmoral	0.08567955312223502
strafbar	0.08566956122754699
chuzpe	0.08566317888045678
ermahnung	0.08566237384287918
heuchler	0.08565898676489382
hohn	0.0856329824008178
missfallen	0.08562067827362228
zerbrechen	0.08561931312683266
habenichts	0.08561094800711731
ohrfeige	0.08561051667215705
unstimmigkeit	0.08561025267352565
tiefflieger	0.08559706679990255
entmutigen	0.08555372248493404
schmierentheater	0.08554991033296698
verwelken	0.08553425061500584
entgleiten	0.08553105361371764
regenschirm	0.08550594582668002
krakeeler	0.08549945730936485
abnutzen	0.08548767352092042
zigarettenrauch	0.0854873954298898
misshandeln	0.08548592786684332
panik	0.08547617016313702
letzte	0.08546591318046719
nestbeschmutzer	0.08544245693967033
aufbringen	0.08544230135622655
karden	0.08542785971615836
kleinreden	0.08542633209725602
verherrlichen	0.08540996341184819
erregen	0.08540254362622496
reklamieren	0.08540184174288384
verlustangst	0.08538827542509698
rechtsausleger	0.08538809094903523
gurgeln	0.08538739081918136
unredlich	0.0853848294137181
verschwinden	0.08538215663676815
birdie	0.08537205694221904
versumpfen	0.08536899827959255
alte	0.08536708278524589
hemmschwelle	0.08536373218755346
rabiat	0.08535022776594954
schelten	0.08534164842246564
hussen	0.08533816602809739
zugrunde	0.08532512360911926
kelp	0.08532236358348985
pedersen	0.08530562680557142
augenauswischerei	0.08529021768220807
schimpfend	0.08528052540581359
proletariat	0.08528015837764669
demaskieren	0.08527495115189379
verfetten	0.0852690478096366
einseitigkeit	0.08526168632494736
heimatsprache	0.08524919236463314
verdrecken	0.08524076275219039
schleppen	0.08521401745594574
landmacht	0.08520648277868668
verschieden	0.0852008412040314
verboten	0.08519800195983003
klinkenputzer	0.08519298146089888
automatismus	0.08518331808243397
pathos	0.08517851656040425
ausfallen	0.08517422354242317
fernhalten	0.08517324818374103
austreten	0.0851324453565865
distal	0.08512643129473188
getier	0.08512093834510427
instinkt	0.0851151610454212
melancholie	0.08511374172427413
leere	0.08511142840470261
loslassen	0.08510944624793837
entzug	0.08509541018524049
furchen	0.08509185771429698
vegetarismus	0.0850850278437669
mobbing	0.08505420596332401
degradieren	0.08504823437473921
fehltritt	0.08504751939384268
darmspiegelung	0.08501868374140283
überflüssig	0.08501772019583725
unsanft	0.08498682621957047
verurteilen	0.08498203536767099
gastroschisis	0.08496238129149634
umlegen	0.08495270804511373
schlottern	0.0849472144842477
salbadern	0.08493469050607101
aufschrei	0.08493435134750411
leidende	0.08493333259422071
mangeln	0.08492832197740527
ermahnen	0.08492823099532547
verkommen	0.08492539203831276
aasgeier	0.0849196632262347
ausfluss	0.08491895296925848
verleiten	0.08491776310244792
kritisch	0.08491336470053755
konkani	0.08490435623979872
inkompetenz	0.08488921516227653
widersinnig	0.08487909752628149
verbieten	0.08487701848764877
schnippeln	0.0848764174396817
kommunismus	0.08487536767053326
befragen	0.08487209186966413
drohung	0.08485780919025422
auseinandersetzen	0.08485713663795885
kannibalismus	0.08483258957271578
ideologie	0.08482139231796727
zischen	0.08481420403048161
verschwendung	0.08481182288220433
funken	0.0847948153110776
handhabe	0.08478631101302118
beunruhigen	0.08476142196792093
gegenmittel	0.08475583102154101
kopfschmerz	0.08474067144301496
verschlingen	0.08473807918090712
kolportieren	0.08472702894733004
operieren	0.08471767017341551
fehlen	0.08471712635116392
verstummen	0.08471702285364408
arbeitend	0.08471641930432275
wertlos	0.0847134511544566
zwang	0.08469932925957613
umami	0.08467559034480664
zersetzen	0.08466768122450802
bekleckern	0.08464982134057049
groll	0.0846278780519888
stange	0.0846228599779811
unerwartet	0.08461755875299119
traurigkeit	0.08461512763295993
schwingen	0.08460717478602928
paaren	0.08459994396165144
entfremdet	0.0845841298500064
kleinhirn	0.08456536042424724
arbeitsloser	0.08455901833545593
populismus	0.08455731609116933
funkstille	0.0845490846721956
verteufelung	0.08454053651703072
krude	0.08452595245876514
zweifeln	0.0845188545716053
makel	0.08451082551453865
folterinstrument	0.08450437564802302
abwerten	0.08450167827124086
schlurfen	0.08449711668244847
hypochonder	0.08448828992923939
unerquicklich	0.08448500585487034
vergeblich	0.08446176191653286
unversucht	0.0844531027993226
ronde	0.08443164126951015
denkweise	0.08442778128898065
schmalz	0.08439509438683535
kanonenfutter	0.08438161772725479
kleptokratie	0.08436526237571762
verzichten	0.0843618929663272
wegbrechen	0.0843416421993428
affenhitze	0.08433324320655873
blindheit	0.08432140071227183
kiste	0.08430868178350155
spott	0.0843063535560029
unübersichtlich	0.0842988665010708
unvermittelt	0.08428083514515233
abschlachten	0.08427731566099765
rechtsfrei	0.08427652678472929
elch	0.084247239468029
unzumutbar	0.0842421794253863
irrglaube	0.08423107475907837
meinungsfreiheit	0.08422220994430754
ungeeignet	0.0842089731938113
wertlosigkeit	0.08420712559800363
obrigkeit	0.08420309653606149
zweifel	0.08418512962978636
ungesetzlich	0.08418349660289472
ungerechtigkeit	0.08417542402047891
trotten	0.08417290943520234
verbrennen	0.084170342261675
dorthin	0.08415303264897364
verleumdung	0.08414999908923915
brennen	0.08413667553280046
wochentag	0.08410047800497536
leeren	0.08409508222135766
niedermetzeln	0.08409452879592957
hetze	0.08408668874322724
blutlache	0.08407240193293566
qualmen	0.08406812056699238
krakeelen	0.08406358637163418
minderwertigkeit	0.08405323768347953
tatenlos	0.08405231924699368
etatismus	0.08403850959377332
prokrastination	0.08401974904199896
aufwerfen	0.08398580007798773
feilen	0.08397867442211794
einsamkeit	0.08397102768591888
abschieben	0.08396940134571539
dekadenz	0.0839690744245441
zerreden	0.08396407671346202
glucksen	0.08394142017199922
ziellos	0.08393463125864006
klartext	0.0838784755681096
bonmot	0.08386944311594462
aufbrummen	0.08386682649979994
dinosaurier	0.08384240988779858
dienern	0.08384085638794071
vorwand	0.08381610474808669
verschimmelt	0.08381280503168764
lavieren	0.08380740640363524
geizen	0.08378249785461925
provokation	0.08376190140249332
bevormundung	0.08375761404783294
schwarzfahren	0.0837387055969693
sinnlosigkeit	0.08373656690088069
diktatorisch	0.0837328689627781
sorgen	0.08372037940954022
anderswo	0.08371436698353411
verlieren	0.08371376042032522
betroffener	0.08370845439362787
versieben	0.08369682738713295
fruchtfliege	0.08369252094928739
einstellen	0.0836677628486112
spickzettel	0.08365081731965014
wursteln	0.0836413191305106
verrotten	0.08362957842791445
gewusel	0.08358208204330365
haltbarkeitsdatum	0.08358201156760749
streichelzoo	0.08358124893636625
handkantenschlag	0.08357967859641752
kritikerin	0.08354677428026032
rappeln	0.08351838268844265
verhaken	0.08350336062222273
bitterkeit	0.08350057093201228
vergeuden	0.08349611986596951
torheit	0.08348205876235049
vergesslichkeit	0.08348177595673763
verwehren	0.08346191981818742
dissens	0.08346106515285834
entgehen	0.08345948331019622
aufeinander	0.0834399816959944
juristerei	0.08343250850415622
auffliegen	0.0834251536719203
desensibilisieren	0.08341304598309199
unbehagen	0.0834053689376199
geburt	0.08336254641194951
kampfbegriff	0.0833618403411065
widerhaken	0.08335353483095914
ausgeschlossen	0.08333645423651906
brechen	0.08332201661260237
entschwinden	0.08331179520710218
maskulinum	0.08326588644069936
patsche	0.083250746450193
joghurtbecher	0.08324591005832016
beschneiden	0.08323545239488928
schuldig	0.08322494690510251
verschreiben	0.08321886138438113
ehebruch	0.08321373188654434
rechten	0.083211499723619
illoyal	0.08317919193444015
gauner	0.08317358882173824
rüde	0.08317102888558028
skrupellosigkeit	0.08317042218037562
verfehlung	0.08316836842952591
fremdenfeindlichkeit	0.08316500599711078
versagen	0.08315897016664707
fahren	0.0831469316460719
wegelagerei	0.08314562377353324
verplempern	0.08313850573847749
grausamkeit	0.08313401881398047
zerteilen	0.08310352874626478
verfliegen	0.08309765361893724
mehrfach	0.08309192607346927
ungeschicklichkeit	0.08308467806302325
schwenken	0.08305067340147369
antifaschismus	0.08304662486641053
kritiker	0.08304314647199654
abschaffen	0.08302908032493471
unachtsam	0.08301389205854391
entbinden	0.08300103262264734
schach	0.08299844290080265
tropf	0.08299343158098421
suizid	0.08298648427440554
handlanger	0.08298045677055571
aufbegehren	0.08297524846912717
diskriminierung	0.08292137120786061
erblinden	0.08291627434315893
antiquiert	0.08290573818519123
umlagern	0.08290209921657689
buckeln	0.08289611640645735
abwenden	0.08289528590667622
kavaliersdelikt	0.08287261626166423
laterne	0.08285723564638188
aufbrechen	0.08281351345024603
neinsagen	0.08281129876827752
anbinden	0.08278256623460277
verlierer	0.08277691847446628
putin-versteher	0.08277572153071755
herzinfarkt	0.08277570560267525
annektieren	0.0827752936121441
schleudertrauma	0.08277418696815239
todesangst	0.08276839208551867
degradierung	0.08276806492358837
fracksausen	0.08275842098204696
sargnagel	0.08274644490086717
anstrengung	0.08269325281761555
jagen	0.08268987621151108
abreissen	0.08268616309616131
flasche	0.08266434009446876
widerstreben	0.08265583696693136
rumpeln	0.08265001299773464
erbitten	0.08264329190592636
meinungsforscher	0.08262037345001583
fruchtlos	0.08261735742481682
niedergeschlagen	0.08260463014894501
abschussliste	0.08258806993860174
bringschuld	0.08254876027395693
redundanz	0.08254551435555982
unteilbar	0.0825361779404897
obdachlos	0.08253091921149239
boulevardjournalismus	0.08252837268483922
achtlosigkeit	0.08252575165980951
verschaukeln	0.08252049426278799
schrubben	0.08250531800083856
sozialstaat	0.08250493280564242
schelte	0.08247641098982943
krankheit	0.08246850090091738
unbewacht	0.08244337249817231
verjagen	0.08244043764236321
gerollt	0.082438346676975
unheilbar	0.08237302444237346
ertrinken	0.08235750026148128
antifaschistisch	0.08235392019443255
demokratur	0.08234505186529804
erschlaffen	0.08234405993232935
internetsucht	0.08233676859361962
missgeschick	0.08233332325845383
zerfallen	0.08229896053440472
behandeln	0.08229893648330877
hemmung	0.08229636300206225
beschneidung	0.08229215438965416
vorwurf	0.08228875947603398
stillstehen	0.08228103882825383
denunziation	0.08222414473775233
berauben	0.08220433211362418
zwischenruf	0.08219468276155176
diffamierung	0.08219262543054884
primat	0.08218979775848781
vorstrafe	0.0821872092616762
verschwunden	0.08218459647507056
debattieren	0.08217680049068557
gegenzug	0.08217008768701278
erlegen	0.08215654293629203
einsinken	0.08215426036968933
wahlkampfthema	0.08213211401386872
diskurs	0.08212799116980617
wegelagerer	0.08206740888154145
beschuldigen	0.08204870330793923
aufreger	0.08201238458583474
kakophonie	0.08200144085617764
kathole	0.08198802452635898
interessenkonflikt	0.08198177233875699
pappkamerad	0.08194647472149041
hitzschlag	0.0819358403275304
verzetteln	0.08189626032396218
verdecken	0.08188326438992051
streikbrecher	0.0818780941449555
deportieren	0.08187607530919665
menschenopfer	0.08187497280416883
verprellen	0.08181714906142114
gedankenexperiment	0.08180227181230217
abzocke	0.0817965564935527
helfershelfer	0.08177324045787975
explodieren	0.08174308400052567
rempeln	0.08173809958600976
kritik	0.08173444474410688
verkennen	0.08170375965812494
verfolgter	0.08168978960175871
pornografie	0.08168674050958909
rutschen	0.08167654043125903
feindstaat	0.0816598061212343
kastration	0.08165933907965027
unmenschlichkeit	0.08165467241535417
tyrannei	0.0816532857702032
watsche	0.08163283994805577
rauschen	0.08162847281903152
schizophrenie	0.08161044313938551
tabubrecher	0.08160770363658566
leichtsinn	0.08159888795136588
obstruktion	0.08159709087716047
islamophobie	0.08157704420853977
pfuscherei	0.08156724568681614
verlorengehen	0.08154110147290465
schurkenstaat	0.08153778682668997
abnicken	0.08152097514545714
religionskritik	0.08145903060460091
infantilisierung	0.08145394886731766
aufgeben	0.08145244782088658
schnitzen	0.08144275513390914
abdanken	0.08143982831118901
intervenieren	0.08141823424429316
verschlampen	0.08140493481538144
hinterlist	0.08140337780597795
auswuchs	0.08139332419715126
aufweichen	0.08138021968343677
mundgeruch	0.08136869282990371
trennen	0.08132248559393349
unterschreiben	0.08131209881103134
ausgrenzung	0.08126968515277874
aussterben	0.08126961134035257
teufelswerk	0.08126845866072355
ausufern	0.08126299180486922
antisemitismus	0.0812476731791023
europapolitik	0.08124151927333916
abweisen	0.08123467736344714
eiertanz	0.08120827350907923
bugsieren	0.08119697263366199
farce	0.08117393080299405
ablehnung	0.08112420667161264
unvereinbar	0.08111868647608224
erziehung	0.08111697192419404
machtpolitik	0.08109674866185439
schmach	0.08108953454864976
alkoholismus	0.08106650492591243
manipulieren	0.08105312226476119
gewehr	0.08103882938798483
trommeln	0.08103720598078877
pressen	0.0810227171913046
schwarzgeld	0.08101692129527717
taubheit	0.08101389203983235
ungehorsam	0.08097830922790789
angehen	0.08097565021534803
opfer	0.08089404881783632
antikommunismus	0.08089031540964584
befangenheit	0.08086295736101133
zivilcourage	0.08081826421989304
schock	0.08078217956428661
kauderwelsch	0.08076351992576897
verfassungswidrig	0.08074781718343263
pegida	0.08074540482741603
kehrtwendung	0.08073718387520457
zaudern	0.08072526670644137
strampeln	0.08072458014058483
zwangsheirat	0.08070344962467206
antikapitalismus	0.08070098676042055
volksverhetzung	0.08062984356533122
menschenrechtsverletzung	0.08062649486471153
rassentrennung	0.08062210903088055
hinkend	0.08061943181334845
rechtsbruch	0.08058980845749104
selbstzensur	0.08038767967845896
hassprediger	0.08033388475156435
rasseln	0.08030664916935536
unterwerfung	0.08024884057841825
kriegstreiber	0.08023264454483194
schornsteinfeger	0.08021117278026277
menschenrecht	0.08018959318566088
scharren	0.08010120765298888
befriedung	0.08005671695214263
atem	0.08005354703391405
fehlentwicklung	0.07992167775580529
aushungern	0.07989013646473458
perfidie	0.07988013664151043
vorgarten	0.0798605342281123
dezimieren	0.07985096493864831
durchtrennen	0.07983987886748733
zersetzung	0.07981551516116911
etikettenschwindel	0.07980867941568856
gewalt	0.07980432028320031
unterdruck	0.07978674984907524
selbstanzeige	0.07978637545609463
analphabetismus	0.07978059546871909
abschaffung	0.07977490909157
folterverbot	0.07973554628645095
verbrechen	0.07965843973002144
terrorismus	0.07959691374690488
herausschneiden	0.07955546863736386
messern	0.07952851037770778
mietpreisbremse	0.07952579830344704
torpedieren	0.07945882603268002
ausschuss	0.07938690451190848
ausladen	0.0793428597998293
notfall	0.07934092364771034
absperren	0.07933407339818516
zwei	0.07932430615861054
skandal	0.07931081587906348
kapitalverbrechen	0.07928331836914405
schlepperei	0.07925262480597327
vergewaltigung	0.07923686023214113
rettungsring	0.07919377427171559
machtverlust	0.07919098370028274
lynchjustiz	0.07917279603786861
geburtenkontrolle	0.07916978520563495
absurdistan	0.07909752140189613
unruhestifter	0.07909609202650045
judenverfolgung	0.07902817982047208
blankoscheck	0.07900171729492501
kabinett	0.07893320482684744
papiertiger	0.07890590993155659
schleudern	0.07887864552696852
unterlassung	0.07887295369063778
pflastern	0.07883588525814637
volkszorn	0.07866324954718454
todesstrafe	0.07855860976674951
irakkrieg	0.07843916953987914
bundesregierung	0.07840195193032196
kurswechsel	0.07831169777721884
besatzer	0.0782361552337981
jugendstrafrecht	0.07821869415744041
hetzjagd	0.07772618022870278
geiselhaft	0.07765638077996292
freilassen	0.07712154027183002
verurteilung	0.07696688602843646
giftgas	0.07684642759854261
