nymphomanisch	0.04748648307380745
extase	0.047271617669712114
pickelface	0.047199876744234176
transe	0.04701383231498703
schwanzlutscher	0.04692071533534496
schlampen	0.04663207281241855
arschficker	0.04637844572046263
flittchen	0.046247520142779046
notgeil	0.04609223905352479
missgeburt	0.045934060046780224
fotzen	0.045852966586874724
ficken	0.04579162595477104
nille	0.04578459446515456
verrucht	0.04559928761887908
minusmensch	0.04557150591041192
bengel	0.04546997920097175
prengel	0.04546912026050282
brillenschlange	0.045382852123597786
brüsten	0.045370182941761726
mutterficker	0.04530029803206837
frivol	0.04529731713740412
hundesohn	0.045294051949325294
spanner	0.045092495970582985
kanacke	0.04497367857001994
stalkerin	0.04496836921826677
nuttensohn	0.044926363782147136
voyeurismus	0.044903101753090896
rothaarig	0.044772304517961554
schucken	0.044724054118526556
fettarsch	0.04469780096886313
vögeln	0.04462559033496847
fotzenknecht	0.04459382556496897
tunte	0.04457760212714759
nuttenkind	0.044562872300394754
arschgeburt	0.04449322272315489
penis	0.04447149084727836
prügel	0.04444963985926975
ehrenlos	0.044364139061171586
arschkind	0.04433980607686832
schwuchtel	0.04433663945152743
schlaffi	0.04422683846520722
pummelig	0.04416719515292496
schlappschwanz	0.044152226280636434
anblasen	0.044041433363173385
pimmelgesicht	0.043973019038964174
ahrwein	0.04396832643990544
tussi	0.04394110004358911
lutschen	0.04391659078984027
ceylon	0.04382432783817111
schrulle	0.04367375204371166
titte	0.0436520505249436
bart	0.04363230570856531
gedehnt	0.04362947115609917
hurentochter	0.043611983368808616
sperma	0.04360904169301407
liquidation	0.043565481967256785
zurückhalten	0.043548290971853754
bullenschwein	0.0435341840798003
mannsweib	0.04349350987548587
durchficken	0.04347356099664862
pisse	0.043468218454021566
pissen	0.04337432233120973
dreckskind	0.04332635724892594
unrasiert	0.043322259957999154
prolo	0.04331436974912793
lustknabe	0.04324168569868921
lecken	0.04324132792844212
achtzehnte	0.04322070815845015
anpissen	0.043068592875605695
drecksau	0.04301315208088072
abgewichst	0.04301015856104644
teufelin	0.0430041779407669
würgen	0.042991385445553004
eierkopf	0.04297365608416864
nachtbar	0.042885904433198827
tucke	0.042863179410564445
vampirin	0.0427923482176136
nymphoman	0.04275251649547882
orgasmus	0.04272489621422215
analkette	0.042692359713676686
miststück	0.042666453479788986
fraunhofer	0.042645549670801364
abspritzen	0.0426195414799757
schwanzgesicht	0.042448705207451545
rohrstock	0.04221209409880888
untermensch	0.04217086371483093
spritzen	0.04213009238877
schlitzauge	0.04212488880153686
fotzenlecker	0.0420242285078805
dirne	0.042019191020275154
grufti	0.041968268529470484
blase	0.04192291486697528
holzmarkt	0.04187531620449649
arschgefickt	0.041822347956726194
defibrillation	0.0417676783457558
negerkuss	0.0417119271822781
erotik	0.041681517964362556
fuzzi	0.04166243706074341
bespritzen	0.041618544521054075
kuh	0.04159430218916277
neunzehnte	0.04149513932586915
speckschwarte	0.041434358898099724
schwuli	0.04141696351390411
psychopath	0.041400355315960036
feger	0.04138518273067677
früchtchen	0.04136916179052553
gleitgel	0.04134763393131623
peitsche	0.04133499996287139
dekolletee	0.04119170884835731
mastschwein	0.04117656623869879
flachdach	0.04112388803030806
holzpfahl	0.041025993333344966
lümmel	0.04092852673799194
bigamist	0.04081614503120368
arschgeweih	0.040490182414616584
halunke	0.04047965290491754
politesse	0.040411381062531074
affe	0.04032393202392761
fettverbrennung	0.03958120797052713
