kanacke	0.0979304729873915
missgeburt	0.09158843385027554
hundesohn	0.09070880421251366
schwanzlutscher	0.08549681598208787
spast	0.08548736355729249
mutterficker	0.08491886956382229
hurensohn	0.08402573641922943
tunte	0.08396404713774323
ehrenlos	0.08367026871217406
spasti	0.08297115721146199
schwuchtel	0.08278377056029507
assi	0.08173537215871576
arschgeburt	0.08138967444376874
eierkopf	0.08106691849351318
hure	0.07920425949712574
milchbubi	0.07897501749298978
hasch	0.07869650702878381
sackratte	0.07867982571955091
wixxer	0.07830501239022293
bratze	0.07812922083374682
fickfehler	0.07810546242119933
spitzname	0.07807444631100215
anmachspruch	0.07786624980387429
sau	0.07757209297687354
klingelstreich	0.07745563675434411
mistkind	0.07739692777186441
gelabber	0.07736697860627258
mannsweib	0.07717166885108533
vollspast	0.07715301718793766
spackig	0.07714561448370073
geil	0.07697760231347645
fotzen	0.07674900597831358
dreckskind	0.07670552679846494
schlampe	0.07649952783712723
ficken	0.07636890600144076
pummelig	0.0762159523165761
eingebildet	0.07604503539754037
dummkopf	0.07590490235403892
unlustig	0.07576055782758301
strippen	0.07574542061035362
pervers	0.07571823691806309
kanalratte	0.07562960609242166
notgeil	0.07557127106896495
japse	0.07516669436439098
bepissen	0.07515190300402926
drecksau	0.07502372424282087
untermensch	0.07500276119420754
tussi	0.07484972597869083
ficker	0.0748289228256406
schreckschraube	0.07479398271312358
brillenschlange	0.07474134883256224
weib	0.07472741703221056
schwanz	0.07450967997664334
schleimer	0.07445264541593095
blasen	0.07443033798299344
schmock	0.07434418552358027
selbstverliebt	0.07419285489601014
fettsack	0.07416473760259931
abgehen	0.07413810199953688
verkackter	0.07412184825165054
zerficken	0.07407554806276682
flittchen	0.07406955892680309
labbern	0.07396803892507621
versaut	0.07394458873389505
schlingel	0.07365727406093578
kackbratze	0.07363022366076426
affenarsch	0.07362841481824325
lutschen	0.07323751450555552
scheiss	0.07322362192674882
lappen	0.07309241925655961
krass	0.0729548819746919
schlappschwanz	0.07286928048237888
titte	0.0728305933489229
anlabern	0.07276851219987346
legasthenikerin	0.07276695256752413
nachname	0.07271875667507445
sackgesicht	0.07258693212773379
grufti	0.07256857798246279
du	0.07249892986666587
er	0.07249540874781543
arschkind	0.07247523642403443
lecken	0.07245382853076696
spacko	0.07240382742413055
trottelig	0.07213973706352109
zweideutig	0.07198301654840177
wichser	0.0718986306600935
schirch	0.07188420087526284
prollig	0.07180843520464383
strohdumm	0.07173247738134529
aussaugen	0.0717295362397047
kacker	0.07162702201302656
sklaventreiberin	0.0715979670093276
ungeschminkt	0.07159473283795688
arschlos	0.07157954300513628
zicke	0.07148471587809108
orgasmus	0.07142489333634232
hartzen	0.07141022615269793
anpissen	0.07135946662896904
labersack	0.07134948934202427
haarig	0.07134110561847053
wuschelkopf	0.07133474442850148
abgehalftert	0.07126447136045747
ohrwurm	0.071249718519224
boah	0.07122438258302488
tippse	0.071183541622317
schisser	0.07112893492987736
schlawiner	0.07108997656010273
melodramatisch	0.07105344945301023
horrorfilm	0.07103399885077961
heftig	0.07099139036486375
ungezogen	0.0708758619970128
untalentiert	0.07087529894189215
übertrieben	0.07083712986775494
stiefmutter	0.07075313075518798
gammelig	0.07067723553917146
pimpf	0.07064150794817635
flachwichser	0.07062755804160378
gesichtselfmeter	0.07061006967001995
arschgeige	0.0706037843469982
dirne	0.0704780878676754
flachlegen	0.07038956896060124
tucke	0.07031650017785586
pottsau	0.070236940138774
sickig	0.07010607014295624
verkuppeln	0.07005057198833664
unhöflich	0.07000095521076867
schnepfe	0.06991767787303031
ach	0.06985834748488182
kerle	0.06981149259405277
backpfeife	0.06978211319125809
stinkstiefel	0.06972334210291302
kacke	0.06964725954857937
unrasiert	0.06962178032044256
wütend	0.06961951798620625
unnötig	0.06959759220487823
waldschrat	0.06957555848935747
spritzen	0.06955827855933715
schwuler	0.0695196919847494
arschloch	0.06942107612916246
arschig	0.06936157009284162
geschreie	0.06931110042686885
bedeppert	0.06926255959609955
kuhkaff	0.06921095073242871
petze	0.06917999818556197
fuchsteufelswild	0.06912506161236172
schiss	0.06909284918286003
macker	0.06908077654592587
undefinierbar	0.0690783687807116
garnichts	0.06903584559965636
fliesentisch	0.06894123592675662
labertasche	0.06886496644106091
gemein	0.06878926040388483
ausrasten	0.06878089569501995
ekelig	0.06876185399939465
fresse	0.0686991831573696
dialekt	0.06867311128458913
mist	0.06862917799100283
stinktier	0.06849141757669314
verfressen	0.06848390753495542
penner	0.0683601405380196
teufelsdreier	0.06835773747639348
vegetarierin	0.06831066578884046
spacken	0.06829203791840568
fresssack	0.06816793916860729
verfickt	0.0681622560327405
egoistisch	0.06813883015165459
heulsuse	0.06812607827315306
abrasieren	0.06807346633776203
farbenblind	0.06806329380211026
dummerchen	0.06795338279390198
verpissen	0.06790748969142911
idiotin	0.06785701585686427
umbringen	0.06783683216987027
gruslig	0.0678056085621575
pejorativ	0.06780287111954171
bocken	0.06779526993956231
gruselig	0.06777375654168002
pimpern	0.06774720823829262
steinalt	0.06774156281929364
versohlen	0.06773998359797713
verficken	0.0676887039257633
piercen	0.06767684399509877
spastiker	0.06763383967965267
hinterlistig	0.06763205063423197
komisch	0.06756354734155455
unchillig	0.06753849515271806
vorlaut	0.06753006434660526
rüber	0.06749536401682188
unleidig	0.06748357747306231
intelligenzbestie	0.06748273712453079
babbeln	0.06741569090383069
saufabend	0.06738055092840406
woher	0.06737572681064206
unmensch	0.06736697109097044
flitzpiepe	0.06732113936050108
weichei	0.06730613150609967
verrückt	0.06723086795922774
abkacken	0.06720586448242125
herzchen	0.06720152352314353
schrecklich	0.06718042402134954
verdammt	0.06714128535767201
unwohl	0.06711701290322653
vollidiot	0.06711320206801076
gehasst	0.0670858131520434
zotteln	0.06699693352485714
begrabbeln	0.06698878873307136
nein	0.06698095245994362
sindse	0.06695928484645432
fatzke	0.06695865279322555
negerkuss	0.06694475777076676
streber	0.06694055758953668
verschissen	0.06691819501521762
leid	0.06686886950038735
schuft	0.06685774361322445
pavian	0.06684212656765363
abklatsch	0.06684041602108891
memme	0.0668029863442336
headbangen	0.06680065625100541
dorftrottel	0.06678150051354992
viech	0.06676801865504155
haaren	0.06676070555268357
menno	0.06675413308709333
toupieren	0.06674762361903368
war	0.06671931453833556
entstellt	0.06669384040551425
herzlos	0.06665289031415711
schlimm	0.06664921917518135
gebrechlich	0.06663344791590012
talentfrei	0.06659399421904143
stupsen	0.06657651265449276
hohlkopf	0.06655792033916616
nackt	0.06655158182860503
vollbart	0.06647878944020698
ekelhaft	0.06647257032058858
doof	0.06646577433283549
landei	0.06645847577319247
dumpfbacke	0.06645590772983061
gekrakel	0.06644388848971065
banause	0.06641473584600828
kaltherzig	0.06640779903272394
buschschwein	0.06636819620652544
seicht	0.06636194822857472
abgedroschen	0.0663594702924552
schlaumeier	0.06635386463710935
flennen	0.06634424603573533
lahmarschig	0.06632935197136294
schmierig	0.0663261218699991
schwulenfeindlich	0.0663159841830654
lass	0.06631187719501797
wehleidig	0.06629610844551091
grottig	0.06626600560218016
erbärmlich	0.06626086398731346
dickkopf	0.06624716216576705
aufgeregt	0.06624707852494273
ziegenbart	0.06621490351497608
kratzig	0.06620445240556921
ferkel	0.06620413506342604
fett	0.06611206572784904
faltig	0.06610049683700253
trulla	0.06606585137062981
schusselig	0.06604219393426493
schwachmat	0.06601850205255833
strafarbeit	0.06598963445418642
ankotzen	0.06597232553754642
schickse	0.06596933603934946
abmurksen	0.06589499811970016
undiszipliniert	0.06588387789019139
notschlachten	0.06588313646644801
nimmer	0.06582688334102618
erwachsen	0.0657941672292918
besoffen	0.06573430030434957
beknackt	0.06568204744354438
hyperaktiv	0.06567813395021362
spruch	0.06567294354402162
weinerlich	0.06559095897211341
rotz	0.06553096274249687
desinteressiert	0.06552801705392511
verdorben	0.06552641230201517
witzbold	0.06552335635229006
petzen	0.06548566044679546
unbefriedigt	0.06548308625157008
hampelmann	0.06544750065694029
behaarung	0.06544513922452411
deprimiert	0.06542236665956151
matschbirne	0.0654185615828258
dicklich	0.06539721729939738
garstig	0.06538159816438675
enttäuscht	0.06535145137005795
unlogisch	0.0653269093879768
hach	0.06531897653672476
frostbeule	0.06527918683926924
heulen	0.06523898883248244
sterbenskrank	0.0652372891882871
vieh	0.06523170199368185
bisschen	0.06520592903102757
deppert	0.06518979387999
einfallslos	0.06517641827973122
arschkriecher	0.06516413823302034
verabscheut	0.06515647279574684
unfreundlich	0.06514718772931492
verkniffen	0.06514414191570464
necken	0.0650880285481913
untertreiben	0.06508338770147752
schwein	0.06506301342315138
steif	0.065057425592182
verkacken	0.06503235634594598
dusselig	0.06502925031238888
moppelkotze	0.06499234607769218
melancholisch	0.0649788355523023
weinen	0.06493586221922303
konversation	0.06491270910647572
muttermal	0.06490747297636207
dreckskerl	0.06488640018525191
angetrunken	0.0648569521378992
halbglatze	0.06482220922375545
pennen	0.06480881924854949
hase	0.06480374663929755
drecksack	0.06479350520954162
bekloppt	0.06479345938995883
primitiv	0.06478992835615574
asozialer	0.06477666553682021
widerlich	0.06476246265958831
arschbacke	0.06474356385763223
kuhdorf	0.06473825389834582
langweiler	0.06471149953742242
quasselstrippe	0.06470539779211766
undankbar	0.06468168132978873
sturmfrei	0.06467019241565104
proll	0.0646413104200774
trottel	0.06461915499645321
homophob	0.06459892556365521
wehe	0.06459689141262145
glatzkopf	0.06459664414709745
verkleiden	0.06458994444449717
brabbeln	0.06458831556591552
wahnsinnig	0.06457432175967505
nuttendiesel	0.06457387902358422
ziemlich	0.06454098218277206
schlapp	0.0645065498377744
alk	0.06449485104946967
vermissen	0.06449149777884076
knarre	0.06449113145160176
frischling	0.06449097923279268
quatsch	0.06448706892519102
egomane	0.06447823303140261
puh	0.06446423976983719
sippschaft	0.0644569351675237
homophon	0.06443124539295923
armselig	0.06442466958561274
feigling	0.06442186690725778
abgeschwollen	0.06440657827115341
schmutzfink	0.06440434317752379
unterbelichtet	0.06438135584956274
unabsichtlich	0.0643810866091404
neffe	0.0643796412403244
mistvieh	0.06433165566024714
popel	0.06432897601049725
abwesend	0.06432603011684836
nackig	0.06431885579176108
hohl	0.06430834787818838
schimpf	0.0643075781182646
heiser	0.06426427680608102
krank	0.06426212841776813
bierschiss	0.06424881697925212
fremd	0.0642440484392793
taschenbillard	0.06419510022139654
charakterlos	0.06419155314449952
wurscht	0.06418515557894683
singen	0.06417290797906702
zeugs	0.06416563764645634
unfassbar	0.06415874019276606
laufmasche	0.06414918070786453
zusammenhanglos	0.06414837028456816
hintergedanke	0.06414371772702201
aggressiv	0.0641390394949247
abgeneigt	0.0640807693432265
bequatschen	0.06405409103033272
mal	0.06404696633634603
altmodisch	0.06401765512295471
autsch	0.06397343188581106
schauder	0.06397177010084651
dreh	0.06395512692315396
rechtschreibfehler	0.06394092575789895
unterbuttern	0.06394021807224061
kotze	0.06387712792802026
hirnlos	0.06386199736661148
sensibelchen	0.06384149860494155
irgendjemand	0.0638332458320286
heimzahlen	0.06382054271550923
stutenbissig	0.06381204299009449
kirre	0.06380984534000948
grenzdebil	0.06380782512033924
krumm	0.0637990587227869
schade	0.06379432171526096
schnuppe	0.06379314511923685
griesgram	0.0637910243139041
sterbenslangweilig	0.06377187752715854
begriffsstutzig	0.06375725239428234
bekritzeln	0.06371441783890892
hysterisch	0.06369609296040225
niemand	0.06369155888696773
schnecke	0.06367382471948309
schmatzen	0.06366396560720097
quatschen	0.0636406379633912
blutmangel	0.06359152429380073
hungrig	0.063591129732546
struppig	0.06358095618486166
zeug	0.06356549675122355
diejenige	0.06354987806065313
schwanzlos	0.0635492665845594
mundfaul	0.06354379691087901
einbilden	0.06354245645686664
huch	0.06352979808869098
furchtbar	0.06351569546568042
unwissend	0.06351316506001105
kiffen	0.06350381078504212
ungewohnt	0.06342280147370115
abschminken	0.06339992841634891
langeweile	0.06339504565209154
abgehoben	0.06337180840792889
anstrengend	0.0633502664706933
langweilen	0.06332628672006128
rausgeschmissen	0.06332134129713508
kopfnuss	0.06332072812117641
schmutzig	0.06327688477045514
erwachsener	0.06327446225810796
aufgeweckt	0.06327090991813616
kusshand	0.06326298008837049
bartstoppel	0.06325493825437303
rumgammeln	0.06324827783891038
mund	0.0632402067594606
penisbruch	0.06323594009260758
fragerei	0.06323292053875673
sabbeln	0.06322959828168212
wehtun	0.0632229425691215
strahl	0.06322038931839563
einsam	0.06320705456628738
karre	0.06318006146037475
unpraktisch	0.06316298586814259
kaputt	0.06313900287180713
schlecht	0.0631189600429742
morgenlatte	0.06311700840921368
schieflaufen	0.06304022484736838
ekel	0.06303777197536159
nebenmann	0.0630370022380068
quasseln	0.06297902182257102
verkloppen	0.06296637642292188
ratte	0.06291953886632826
schwindelig	0.06287813570936725
buschfunk	0.06287530867964382
grunzen	0.06287376266622097
knilch	0.06287285663908546
besaufen	0.06286981025540593
irrenanstalt	0.06285960570763581
unkorrekt	0.06285762019466568
putzfimmel	0.06284715822687409
koks	0.06283443879483468
verziehen	0.06282123984926763
schmarrn	0.06279738958209455
fetten	0.06278365420571731
klamotte	0.06277880112793094
arschkalt	0.0627655656125413
belabern	0.06273890118934711
schnappatmung	0.06272782180430453
schelm	0.06266077962147135
rebellisch	0.06265825881763026
topfpflanze	0.06264906267294922
miesepetrig	0.06261601830891458
auwei	0.0625992086543261
alleine	0.06256296207681106
inkontinent	0.06255830891792236
stuss	0.0625498424075154
verdutzt	0.06253313309637526
beule	0.0625055669127929
alkoholisch	0.06250246459999442
furztrocken	0.062474954809130255
gammeln	0.062469370690745527
schnitte	0.06246377624032046
tratschen	0.062453111233766255
kinderficker	0.062451955837450744
flunsch	0.06235968728879435
weiterrauchen	0.06233820589095486
zeiger	0.062311204114540504
aufbleiben	0.06231106442980968
pieseln	0.0623103268085313
pickel	0.06227803784568495
unwirsch	0.06223241449184759
verschlagen	0.06218432411688413
scherzkeks	0.06217647995765902
korinthenkacker	0.062158281178142795
hodensack	0.062151783339280266
winzig	0.06212844575670152
rücksichtslos	0.06205862930473524
gesabber	0.062057060671146566
kimme	0.0620515726871837
gemach	0.06204816239352682
spontan	0.06203646275869496
siezen	0.062032086598349835
lauthals	0.06202018456467912
doppeldeutigkeit	0.061998446410241374
durstig	0.06199671546903555
wurstblatt	0.06197965431097173
beschwipst	0.06197105110974209
anagramm	0.061944500254646484
putze	0.061920305301114906
pudern	0.061907890951590806
jaulen	0.0618723707150937
weinend	0.061839595779576595
katzendreck	0.06183304100919584
fertigmachen	0.061779178763162225
grobmotoriker	0.061770663946546706
wampe	0.06174988975427657
hornbrille	0.061733308092969195
aufreibend	0.06171195906142311
unhygienisch	0.0616843195862953
katze	0.06167881783133055
platt	0.06164912000986804
gelbsucht	0.06164641322743078
miefen	0.061632586873773945
hofnarr	0.061595027730323826
juckpulver	0.06159308458122333
zahnweh	0.06154803141700649
schlabbern	0.06151932973938644
zusehen	0.061516698696121884
drogenfrei	0.061488391605031445
zecke	0.06147843153995142
spucken	0.061433278387706985
borstig	0.061344236385966235
aufkreuzen	0.061338580033100144
leberfleck	0.0613031826818442
spreche	0.06128136690281147
nervenzusammenbruch	0.061265135348480826
plinse	0.061254835732739106
pupsen	0.06121211639325651
wessi	0.061158753961844434
aufstehen	0.06108900861039392
warmduscher	0.06106610155246962
unterleib	0.061065074044791806
zwerchfell	0.06105637058278824
frau	0.06102786953153825
pinkeln	0.060957702716539455
besucherritze	0.06091269111339964
tatschen	0.06087754487250647
hucke	0.060824899699131636
schnake	0.060811225913790505
zahnfee	0.06081010157433575
notschlachtung	0.0607937159862294
stirn	0.060711627183188836
duschen	0.060703406832027906
husten	0.060592133498325505
hibbeln	0.06058489594830467
abgefallen	0.06050804915064286
waschlappen	0.06050670671810245
fliege	0.06041646558429003
schnapsleiche	0.06035450380383891
hund	0.060351687718341804
suppenkasper	0.060337346454610204
verzwickt	0.06026240723589275
rubbeln	0.06025553839309347
spaghettifresser	0.060164454642915866
schrullig	0.0601559612048817
kopp	0.05985351714994459
sippe	0.059841032543628096
verpeilen	0.05981642900134658
milchtritt	0.05972523340431603
kauleiste	0.05966373146062675
wespe	0.0595557032254949
anbellen	0.05941797798588279
regenwurm	0.05940621864544322
schubbern	0.05940535137581845
kraulen	0.059202719712951594
zahnstocher	0.05914503696016783
bauch	0.05887273549828466
tierchen	0.05831445668584251
kokeln	0.058097444446013294
