sexsklavin	0.14142041081043102
transe	0.13894849901971626
bengel	0.1360015024185843
spanner	0.13541254187409385
schlampen	0.1342855508416804
fetisch	0.12974851785227065
schwanzlutscher	0.12965823492455628
prengel	0.12931991052914824
extase	0.1290067243766479
kanacke	0.1285581662736358
arschficker	0.1280866006789465
fotzen	0.12803921579184652
strippen	0.12590357491867335
flittchen	0.12558834101370284
ficken	0.1252491532394247
tunte	0.12435663041840096
mutterficker	0.12389894920972715
blasen	0.12225051445000544
arschfick	0.12135278844004159
sperma	0.12102783346357615
notgeil	0.12101336821255103
knackarsch	0.12088337898029525
hundesohn	0.12076624880536153
fotzenlecker	0.11994141984648145
arschgeburt	0.11879757758194935
nymphoman	0.11869977206062443
anblasen	0.11852219466155269
lümmel	0.11849990817836589
fotzenknecht	0.11793443151207758
brillenschlange	0.1175053287567396
rohrstock	0.1172194358773135
tussi	0.11700195699489813
lutschen	0.11677850235955915
tippse	0.11666481729029779
arschgefickt	0.1166576152779881
vögeln	0.11638068075572737
russin	0.1161674481479144
ehrenlos	0.11586920404266596
minusmensch	0.11553814983243711
stöhnen	0.11551470537922937
miststück	0.11522519987515008
lecken	0.11464140807269996
brüsten	0.11415070834199972
abspritzen	0.11388343874154788
spüren	0.11351416877011337
lustknabe	0.11342154478777763
titte	0.11278857748463095
schlappschwanz	0.11272628786239423
anpissen	0.11271846590120237
abgewichst	0.11249396517371697
aussaugen	0.11249153653085446
orgasmus	0.11195068213027362
rothaarig	0.11168616726867331
anmachspruch	0.11159374508916445
pisse	0.11150552173295103
durchficken	0.11142794412681675
schucken	0.11124464388685573
pummelig	0.11103404076340875
bratze	0.11101741768735633
peitsche	0.11082836127704408
abblasen	0.11070094915823271
pissen	0.11056436348616255
gedehnt	0.11034548696834844
prügel	0.11016400256611934
früchtchen	0.10991853690684761
stricher	0.1097281531137093
wixxer	0.10952049253166309
pimpern	0.10944045408476188
frivol	0.10937549155565908
spalte	0.10919448602321963
nymphomanisch	0.10890212886235189
hasch	0.10876792802558902
analkette	0.10863670194210515
nuttensohn	0.1084350128158075
spritzen	0.1080734992869005
lappen	0.1078383853310655
dreckskind	0.1075978766045123
untermensch	0.10745260338443584
versohlen	0.10709988231885735
missgestalt	0.10687198696441778
gelabber	0.10684907279997331
fickfehler	0.10684871111556413
blase	0.1067890374054768
dildo	0.10627080990630898
hurentochter	0.1061144838059766
bepissen	0.10586268359320747
spitzname	0.10571638828858168
eierkopf	0.1056396881976843
unrasiert	0.1055646002177646
nuttenkind	0.10529507813544065
lutscher	0.10508429099062584
zerficken	0.10490713549738082
mistkind	0.10439397983371033
kanalratte	0.1042134517798536
stiefmutter	0.10364310194586611
sklaventreiberin	0.10362274222756442
fettsack	0.10349991984812912
mannsweib	0.1033633031339696
arschgesicht	0.10269032959007607
legasthenikerin	0.10251910140884112
tucke	0.10248813122303571
milchbubi	0.10204651794318477
nachname	0.1018545481593722
anlabern	0.10182749008311612
labersack	0.10156953236121649
geldgeil	0.10154306498027883
arschkind	0.10149602081366667
japse	0.10148714414864243
du	0.10100201244135104
vollspast	0.10095135248966104
eingebildet	0.10081455782091975
verrucht	0.10076520997863624
schreckschraube	0.10073604993300823
sackratte	0.10001938124496101
spackig	0.09997708292379576
klingelstreich	0.0999695601913295
kacker	0.09984467891908112
abgehen	0.09965834591535223
dussel	0.0994168531306492
gutaussehend	0.09940507781063448
pottsau	0.09892695608354686
kerle	0.09878924238484897
nille	0.09875547721686269
dirne	0.09867242494003504
ungeschminkt	0.09852393032380205
ohrwurm	0.09850613411177964
ungezogen	0.09838254540647387
zicke	0.09804340126810547
labbern	0.09738689092666718
flachlegen	0.0973295900923634
selbstverliebt	0.09719950042482851
schirch	0.09719093507560975
horrorfilm	0.09694843171470026
unlustig	0.09680819143468526
bespritzen	0.09652683819917127
hartzen	0.09652222763985835
einseifen	0.09646500706945876
kackbratze	0.09621834236791803
feucht	0.09596702136289534
schmock	0.09594024487737055
unfair	0.09582272435135039
macker	0.09572116134922562
schlingel	0.09568103368954667
pimmelgesicht	0.09534951770355607
schwuler	0.09514157510680604
schleimer	0.09475196918213054
er	0.09451789118371372
gottverdammt	0.09434314176599624
haarig	0.09431272549540541
trottelig	0.09423523612719924
verkackter	0.09420877293259211
spacko	0.09420191032602766
abgehalftert	0.09414709572632739
softporno	0.09411293795219743
strohdumm	0.09410600811856554
gesichtselfmeter	0.09403508569035843
arschlos	0.09383424164581422
sackgesicht	0.09382895956656577
boah	0.09359964665887135
toupieren	0.09359285313344141
gammler	0.09341976294847523
lockenkopf	0.09340322677731706
bart	0.0932535325363925
arschgeige	0.09305041824346064
übertrieben	0.09303516905916578
verkuppeln	0.09299300527227296
affenarsch	0.0929901502383806
teufelsdreier	0.09295625928797908
schlawiner	0.09270302323005603
feuchten	0.0925094532584866
melodramatisch	0.09237641169996635
untalentiert	0.09224740990228816
gammelig	0.09221647164497485
zweideutig	0.0921957433076016
wütend	0.0920743525219996
unnötig	0.09206408673253234
pimpf	0.0920376714236346
schnepfe	0.09202556980711257
unhöflich	0.09183535172893781
schisser	0.09180586421736951
reallife	0.09173373508058778
würgen	0.09142929389969037
wuschelkopf	0.09135434417262767
bocken	0.09117692832980834
hackfresse	0.09099411712809266
vegetarierin	0.09096242543780679
nackt	0.09088150999952231
landei	0.09088068092559216
steif	0.09084038254180005
sahneschnitte	0.09081926012946884
stinkstiefel	0.09079874911008119
saufabend	0.09065807934614752
backpfeife	0.09065292526492043
flachwichser	0.09063621717233938
schwuli	0.09057084425646802
unbefriedigt	0.09053440420141595
verfickt	0.09053214389381822
frischling	0.0904822486558971
prollig	0.0904669912678028
piercen	0.09042802257059776
verfressen	0.09036442771423783
fettarsch	0.09024224080709904
zotteln	0.09017495384405572
grütze	0.09004330157343526
schrulle	0.09002414656097939
arschig	0.0899209784276697
stalken	0.08991904056331008
heulsuse	0.08982483183657088
vde	0.08975264623817424
negerkuss	0.08965323990670868
unchillig	0.08957087485817024
schickse	0.08950259642505387
entstellt	0.08949260305779969
bedeppert	0.08945773819048898
schwulenfeindlich	0.08941479973168252
geschreie	0.08938740338493377
spastiker	0.08934116544613675
schiss	0.08928412599404834
fresssack	0.08928088426113882
grindig	0.08922553141213858
abmurksen	0.08920429657760533
textile	0.08909318339494082
sickig	0.08908773876278321
ach	0.08905900299402428
garnichts	0.0890344132268269
petze	0.08899172707132308
dialekt	0.0889152748148028
fetten	0.08891082287620221
entblocken	0.08884387505376429
ferkel	0.0886643976457432
schnitte	0.08848024270375364
verdorben	0.08847385121308912
behaarung	0.08844271588381515
verpissen	0.08836751834758459
zwillingsschwester	0.08830685908151178
suff	0.08829380276139473
abrasieren	0.08824488651814
dummerchen	0.08823859076230944
nacktbaden	0.08823434419656352
morgenlatte	0.08822168350857729
labertasche	0.08820091661223196
ausrasten	0.08801020824372065
intelligenzbestie	0.08787538393385466
undefinierbar	0.08770036166661245
dreckskerl	0.08769750675212554
umbringen	0.0876866539591755
nervös	0.08762015224209468
nackig	0.08760071686258124
kuhkaff	0.08753007543247464
raucherin	0.08752494799848758
haaren	0.08750999323529698
memme	0.08744479128555913
hau	0.08736491484822728
grufti	0.08734771666777254
viech	0.08718734167488092
gemein	0.0871693568386092
pavian	0.08712865636097657
rüber	0.08710592667444306
kurven	0.08708769781709341
abkacken	0.08707801850307642
woher	0.08704913803517059
dickkopf	0.08700411039474906
hyperaktiv	0.08693527148562509
stupsen	0.08687414547688442
verficken	0.0867355456881037
alk	0.08649594459103395
proll	0.0864829603286327
babbeln	0.08647606878679788
schmutzfink	0.08643362297068258
rücksichtslos	0.08626434630973703
verlobte	0.08625095133499544
weichei	0.08622097223456239
schmatzen	0.0862143423517233
mann	0.08617005789736956
headbangen	0.08614918314775757
vollbart	0.08609153734051633
nappel	0.08608370807441677
besoffen	0.08591492007661211
penisbruch	0.08587079230234403
idiotin	0.08578253114348207
unwohl	0.08577271821110742
lass	0.08575814746064875
dreh	0.0857533902320153
faltig	0.08574682841092059
talentfrei	0.08574628825967934
wildenbruch	0.08574070304814115
unmensch	0.08553738246536664
japanisch	0.08553576433173517
stinktier	0.08550459775469353
unleidig	0.08546377815194167
fatzke	0.08539302039398101
dicklich	0.08537554848881236
hinterlistig	0.08536099816481073
vorlaut	0.08532623270132046
flitzpiepe	0.08517537941434013
muttermal	0.08516110230691085
abklatsch	0.08515387938074327
trulla	0.08515175191365337
schnecke	0.08512575671486726
gruslig	0.08508490654730246
strumpfhose	0.08507678482938894
kuss	0.08507283186940737
buschschwein	0.08507012493792585
thallium	0.08503630315334983
drecksack	0.0850216751112378
strahl	0.084946589792008
war	0.08483516654822108
rwk	0.08481226367723765
necken	0.08481058084548927
gruselig	0.08475025131243484
kimme	0.08470532104270302
mund	0.08469063206850248
flennen	0.08459081819722354
strafarbeit	0.08457291623567303
glatzkopf	0.08452553150463131
hodensack	0.08451964721589589
verschissen	0.08438401861301155
spritze	0.08436258547619939
verkacken	0.08430832026731964
ziegenbart	0.0842573207842804
asozialer	0.08421254710200077
ankotzen	0.08419695322853117
sindse	0.08419645463247614
halbglatze	0.08417474046729098
koks	0.08412145229992814
neffe	0.0841132199838668
schwein	0.08405428813834362
nuttendiesel	0.08401642471535585
hampelmann	0.08397675836948107
fliesentisch	0.08387194118622882
sterbenskrank	0.0838057771213623
fremdschämen	0.08379868327368876
deprimiert	0.08374840458570072
nein	0.08371986410201893
pennen	0.0837056892858235
ungeduscht	0.08369943415800347
fremd	0.08367396028988394
sonnenbank	0.08367231387671752
angetrunken	0.08365820428674475
laufmasche	0.08363994972654935
herzchen	0.08357974337711634
klatsch	0.08355285666012276
übertreiben	0.08353974312122348
gebrechlich	0.08348036561218936
menno	0.08342848566403928
verabscheut	0.08342151969425686
betrunken	0.08341119779818905
nimmer	0.0834097087758309
moppel	0.08340642084741744
heulen	0.08337510725081854
schuft	0.0833445384489983
sturmfrei	0.0833327009882714
schlosshund	0.08328742758795456
unfreundlich	0.08326937479006385
schwulenbar	0.0832646887528784
zurückhalten	0.0832084024253389
begrabbeln	0.083193322831414
frostbeule	0.08316541242699578
schusselig	0.08310624189323247
herzlos	0.0830975315741299
wehleidig	0.08307705223252335
notschlachten	0.0830704419632148
schmierig	0.0830162306377301
knarre	0.0829251434798741
dumpfbacke	0.08291894917678092
rotz	0.08291323080545916
wehe	0.08286746627455517
hungrig	0.08284221272966687
farbenblind	0.08281689814430193
erwachsen	0.08279146334844129
spruch	0.08278414132365933
popel	0.08273964770996022
vieh	0.08268160021471423
langweiler	0.08263858651367241
ungehobelt	0.08263130370800413
zombiefilm	0.08261634720255365
konversation	0.08249526929891847
buschfunk	0.08249005899419917
mistvieh	0.08246599824688601
unsportlich	0.08245266457703629
melancholisch	0.0824478064496161
bisschen	0.08242579484044939
beknackt	0.0823919361274955
bierschiss	0.08238315648609493
petzen	0.08234239728385132
kuhdorf	0.08232352680574663
hohlkopf	0.08231742249989833
steinalt	0.08230566976850966
todmüde	0.08226060459618557
schlaumeier	0.08224911027120005
taschenbillard	0.0822394518926078
untertreiben	0.08220678116395132
pieseln	0.08219716439894444
pudern	0.08219507013390197
abgeneigt	0.08219014690465863
banause	0.08212555189902196
mal	0.08211119095018253
unlogisch	0.08209953380932902
kratzig	0.08207305556098227
lahmarschig	0.0820469023039809
itaker	0.08193170231453445
unabsichtlich	0.0819079629034514
kopfnuss	0.08189824729097925
matschbirne	0.08185710780851013
beschwipst	0.08183220226805231
rubbeln	0.08180139674946693
zusehen	0.08179287459077553
dorftrottel	0.08178915253310888
klamotte	0.08174982545221517
waldschrat	0.08174110454647648
freistunde	0.08170485128018619
dusselig	0.08164011321825217
schlapp	0.0816324182776573
kaff	0.08161576928070012
schlabbern	0.08161328595135768
schmutzig	0.08159268179581167
vermissen	0.0815706575989026
putze	0.08155117745903584
durstig	0.08155085460939371
sippschaft	0.08147194179895059
hach	0.08146538049561435
aufgeweckt	0.08140513836459651
bekritzeln	0.0814028906406884
undiszipliniert	0.08130778799551487
singen	0.081290607790772
komma	0.08125609348103531
witzbold	0.08122820134360385
hase	0.08121498523339905
einsam	0.08121101942252984
kirre	0.08120615250486936
quatschen	0.08117851093905387
abwesend	0.08116994496672104
wahnsinnig	0.08114365579691558
bema	0.08112715493999682
abschminken	0.0811148619560467
brabbeln	0.0811102231144794
animalia	0.08110603170664966
kotze	0.0810959701269648
grottig	0.0809866134719147
zeugs	0.08098138543933173
dfv	0.08092064391594643
quasseln	0.08090332851581944
pejorativ	0.08087938145995069
grimmig	0.08079756390243971
putzfimmel	0.08074962805101525
anorektisch	0.08071206879464
arschbacke	0.08070432359893709
langweilen	0.08062155695692234
verkleiden	0.08061057658448782
kaltherzig	0.0805915250174504
weinerlich	0.08058850766953936
abgehoben	0.08058778691015957
karre	0.08057541707079913
balsa	0.08050667659712321
struppig	0.08047664948632008
garstig	0.0804552560611712
aggressiv	0.08043785992586358
gammeln	0.0804313858895471
herzschmerz	0.08042744176931929
blutmangel	0.0804038739694823
quasselstrippe	0.08039750859961885
ausgemergelt	0.08039611396886338
zeug	0.08036927477414224
wehtun	0.08033037073401222
begriffsstutzig	0.08029140934879173
belabern	0.08028967941524276
einfallslos	0.08028115141693207
plinse	0.08026871956958173
pickel	0.08026161426246645
arschkriecher	0.0802607643113216
feigling	0.08024107667444651
grenzdebil	0.08022808706411846
beule	0.08022574479713603
schnuppe	0.08019372614264413
schwachmat	0.08018717611143536
leberfleck	0.08016124978262502
bequatschen	0.08015731258525323
heimzahlen	0.08015350538421094
holzkopf	0.08011887543287077
pinkeln	0.08010863800593132
spontan	0.08010515666433903
striemen	0.08009239410070201
gekrakel	0.08008635052586474
ärgern	0.08007036140258966
weichklopfen	0.08002976895972348
rechtschreibfehler	0.08000604105787555
abgedroschen	0.08000591657928291
sterbenslangweilig	0.07998380277955086
hohl	0.07997976242415365
krumm	0.0799290068802597
kiffen	0.07991909156172038
niemand	0.07990747122833691
heiser	0.0799011785534567
egomane	0.0798898830803184
schwindelig	0.07988203412335855
miesepetrig	0.07987593033508375
untreu	0.07985357707433191
mundfaul	0.07983541110859046
gesabber	0.07979216275775174
unterleib	0.07977475613102349
moppelkotze	0.07973827418162985
zusammenhanglos	0.0797063593772803
besaufen	0.07970212664691534
schauder	0.07969550783523247
pappnase	0.0796773736750471
deppert	0.07966361872231204
frau	0.07965438184628308
drogenfrei	0.07965197191617045
rumgammeln	0.07964161301002912
altmodisch	0.07957994018763226
irrenanstalt	0.07957674246591748
liebeskummer	0.07956425542747642
undankbar	0.07955296317756007
pegasos	0.07954801637359071
sabbeln	0.07953561395987373
hysterisch	0.07948867696192499
bartstoppel	0.07948546599391788
fragerei	0.07944626520750564
verkniffen	0.07934845101944288
ungewohnt	0.07932670720533236
rausgeschmissen	0.07928515918464987
zeiger	0.07925014125821606
diejenige	0.07923897785384146
kranker	0.0792372155513785
grunzen	0.07921175652172592
irgendjemand	0.07919709066139824
verziehen	0.07918701369519898
quatsch	0.07917475113110282
mückenstich	0.0791293752381642
fertigmachen	0.0790783748563693
weggehen	0.07902941578166277
desinteressiert	0.07902552390490333
kusshand	0.07902096218112434
topfpflanze	0.07900791558607388
bizarr	0.07900239255768432
alleine	0.07899657667889523
schimpf	0.07899159765641005
schrott	0.07898069729654413
bemba	0.07895936187289453
autsch	0.0789529784812627
weiterrauchen	0.07894548838370544
schieflaufen	0.07892821504892199
tratschen	0.07887580948682474
spreche	0.07885021805859921
nebenmann	0.07883185290964417
verkloppen	0.07882958515096415
sensibelchen	0.07881992869046485
scherzkeks	0.07879369267034057
erwachsener	0.07875029621654227
wampe	0.07874513279858124
seicht	0.07872633012090992
ausknocken	0.0787056284815758
schwindlig	0.07869939344870301
schlampig	0.0786202327091507
einschlafen	0.07861392170521113
einbilden	0.07859225422214573
nass	0.07857342598039398
nigl	0.07851361036495988
gelbsucht	0.07850418339246648
aufbleiben	0.0784955148419767
zahnweh	0.07844625735854997
hinterlaufen	0.07843079720202552
furchtbar	0.07842422586992918
lästig	0.07840508721720342
huch	0.07839473506541707
dwv	0.07831272879690401
duschen	0.07831196632468776
scheusslich	0.0783100402022888
unterbelichtet	0.07826520316288281
waschlappen	0.0782282086180561
weinend	0.07821740299902419
gemach	0.07820825452234646
verdutzt	0.0781920375709034
nervenzusammenbruch	0.07814681053783898
lauthals	0.0781219422261709
unterbuttern	0.0780967510396995
wurscht	0.07807728582204708
abgeschwollen	0.07807122847362277
ratte	0.07803882674220888
befruchten	0.07803617217934183
abtreiben	0.0780081659826364
katze	0.07795240498868854
unwissend	0.07794327219393889
anstrengen	0.07793648334696354
alkoholisch	0.07792995709215793
hucke	0.07790516511882337
saline	0.07783708432363587
rebellisch	0.077813810331908
knilch	0.07780725158409829
stramm	0.07779419568922462
unhygienisch	0.07779329150794374
winzig	0.0777341744332577
spucken	0.07769561824580565
seltsam	0.07768476911681842
antialkoholiker	0.07765058897080035
husten	0.07764803490686811
geisteskrank	0.07764796140299976
arschkalt	0.0775991280490427
notschlachtung	0.07755699068213556
miefen	0.07754007287034959
teleportieren	0.07750584937515237
milchtritt	0.07745464431737017
bauch	0.07743256923906444
hornbrille	0.07743207939939885
verschlagen	0.07743140466589948
tragisch	0.07741172669651977
schlag	0.07740799302326158
stirn	0.07739948356218934
jammerlappen	0.07737836255833029
zeitlang	0.07737252086715508
auwei	0.0773155786412011
schreibfaul	0.07730364986830189
zecke	0.07730340199487083
zahnfee	0.07729834162958997
gesabbel	0.07728074000338939
pickelgesicht	0.07726524844223653
keiner	0.0772422322212938
juckpulver	0.07723808303363076
fuchsteufelswild	0.07721601046344477
schmu	0.07721558845073108
katzendreck	0.07721247925534892
platt	0.07714643141488502
ungeschickt	0.07712709275275349
hirnlos	0.07711685430363706
elendig	0.077101750514213
pupsen	0.07708674872723367
runter	0.07706848722961622
primitiv	0.07704154241013805
binnenstaat	0.07702433368667626
grobmotoriker	0.07699921344561553
schubbern	0.07699412623131144
geschert	0.07699177476981005
schmerzhaft	0.07698763457877557
flitschen	0.07697795915008308
spaghettifresser	0.07697450300516326
abschlagen	0.07697026202876248
schnappatmung	0.0769615401106078
tatschen	0.07694763665572615
unpraktisch	0.07694306421423966
uninteressant	0.07691212690470442
umkippen	0.07691164369897914
warmduscher	0.07690267775691222
flunsch	0.07688269212349934
raus	0.07688193254683102
angewidert	0.07684592181760494
druckstelle	0.07683861550153022
missraten	0.0768347505657447
aufkreuzen	0.07683170114638431
alkoholiker	0.07681532067246381
aufreibend	0.07679635618355433
borstig	0.07677495683747577
hinlegen	0.07675751991928435
ehemann	0.07674978215039174
charakterlos	0.07674818484870231
unwirsch	0.07670772742066946
kartoffel	0.07669866984710186
gnadenschuss	0.07669121535102652
homophob	0.07669002528939149
ekel	0.07667510037424909
unsittlich	0.0766735202904633
siezen	0.07666165701444014
kompliziert	0.07662985976062872
unpassend	0.07662086992204316
pathogen	0.07661549355023983
schnapsleiche	0.07661026015001303
sippe	0.07657717129225672
nabelbruch	0.07654787064304315
schwanzlos	0.07652895550562316
knebeln	0.07652876289072245
hornochse	0.07651610136663778
unscharf	0.07651319878138248
frustrierend	0.0765126569564019
undankbarkeit	0.07649675334636558
schrullig	0.07646714878926499
kraulen	0.0764556336308927
hintergedanke	0.07645106701400667
jaulen	0.0764478782002795
allerwertester	0.07643838903433808
aufregen	0.07640807802404383
vergessen	0.07640079529250154
tarnung	0.0763870003929986
erschrecken	0.07638660280606333
grottenschlecht	0.07636383216585295
kauleiste	0.07629649422730604
endprodukt	0.07629135484022065
fressen	0.07628853769483811
zwerchfell	0.07628653983285699
zeichnen	0.07628423975654841
unbewusst	0.07625818921264059
anreden	0.07625759582126564
leidtun	0.07620423631545296
schmarrn	0.0761996490326907
etepetete	0.07618715852035737
fliege	0.07616121521103515
boshaft	0.07615753465070636
vertauschen	0.07612623844999344
unscheinbar	0.07612147449508894
schmiere	0.07612024751114538
schweizerisch	0.0761097970442004
dusslig	0.07610401987170569
besorgt	0.07609659703471325
blocken	0.07609623776615111
schnupfen	0.07609371217119824
unmotiviertheit	0.07606906277488304
nageln	0.07599251736842705
tennisarm	0.07597169686971099
unwichtig	0.07595620938185817
liebesbeweis	0.07594899115737094
versehen	0.0759422805273336
oberfaul	0.07594224354562439
triefen	0.07592990917163984
stuss	0.07591993900291996
gequatsche	0.07591341449364226
umstimmen	0.07589504573768381
sterblicher	0.07587454712029243
fluchen	0.07586206569394248
kopfschmerztablette	0.07586101425567647
hinten	0.07580012935787858
trinkerin	0.07579420200287101
suppenkasper	0.07578446747917482
glied	0.07576567927930193
auweh	0.07573808843327433
inkontinent	0.0757284143625289
schelm	0.07572620985259268
brandblase	0.0757164118901626
wespe	0.07570986417947265
wedeln	0.07570589614717836
demotiviert	0.07569759753965077
abfallen	0.07569743416141964
platzangst	0.07569111145030663
anspannen	0.07568672074883853
abgefallen	0.07567653187318707
verpeilen	0.07565791930461842
kopp	0.07565023966158903
begafft	0.07563998745461448
abkratzen	0.07563720381925204
herinnen	0.075623115769929
stutenbissig	0.07560424378377965
kinderficker	0.07559046158712132
weglaufen	0.07558614250832688
panikattacke	0.07556355541065043
zahnstocher	0.07556116348754065
verzwickt	0.07553876335037903
unangenehm	0.07552825982069945
ungesund	0.07552756505796351
korinthenkacker	0.0755264520240789
chaotisch	0.07552338793021815
navarra	0.07550183424561302
juckeln	0.07550117656262571
dazwischenfunken	0.07548387705389109
seelenstriptease	0.07547410385561394
fanatisch	0.0754173468526841
grenzwertig	0.07541265113324766
schnake	0.07540826038787099
beschiss	0.07539322241967875
widerstehen	0.07538770281608456
zottelig	0.0753519216454766
furztrocken	0.07533758172937034
auffallen	0.07530106519298317
morgenmuffel	0.07528039540096863
hirn	0.07527519590785237
klischee	0.07525995104620326
griesgram	0.075239278922656
appetitlos	0.0752382778109327
meckern	0.07519770961080587
kastrieren	0.07518520864326711
nachstellen	0.07518124253125112
wegfahren	0.07515922680944061
empl	0.07512197087108517
geschimpfe	0.0751206541718658
eigenartig	0.0751087884157342
latschen	0.07508992227874904
ablenken	0.0750892294600963
oder	0.07508078372718859
hopsen	0.07507619747305068
medienhure	0.07507150161756904
zwiespalt	0.07506514445389868
gebrabbel	0.07506435233915836
hintreten	0.07505847266435937
ertragen	0.07503938528400551
ungewollt	0.075037865805732
verkriechen	0.0750308089002637
synchron	0.07502021312950033
berichtigen	0.07501664190869765
idiotisch	0.07501243531590451
dreck	0.07500323964294167
abstreiten	0.07499643317567617
streng	0.0749857529688245
wegziehen	0.07498354451902497
verscherzen	0.07498313532202333
panisch	0.07497355123184346
schamlos	0.07496706548849222
aufscheuchen	0.07495661414023046
dekadent	0.07494838866346319
auweia	0.07494124398855927
engstirnig	0.07492927093114404
schwippschwager	0.07491269714444677
daneben	0.07488714211565865
manche	0.07488196321316948
besucherritze	0.07487826177498502
windelweich	0.07486391477311931
patzig	0.07485868753067476
vorrechnen	0.07485479302420667
tattergreis	0.07484946730762063
regenwurm	0.0748380907522076
verhohnepiepeln	0.07478995419562304
merken	0.07478718790932759
musikantenknochen	0.07478237039113292
todkrank	0.07476771923985603
pfeife	0.07474274460757137
esel	0.07466475691323653
duden	0.07462144446070956
sinnfrei	0.07460999456365432
wisch	0.07458214712913526
uralt	0.07457368603448146
herziehen	0.07456773994131674
sinnlos	0.0745514403226805
durcheinander	0.07454233660228543
abraten	0.07453970848575375
putzmann	0.07453558809856371
erriechen	0.074516584119852
sediert	0.07451656343401829
muss	0.07449045565825782
ausspucken	0.07447978476993251
eiern	0.0744790655417497
vergasen	0.07447451242805612
wackeln	0.07446950476678635
ojemine	0.07443376282110942
beinkleid	0.07440843938339507
stuhlgang	0.07440794124554363
versuchung	0.07439738864491324
klopfer	0.0743970276336464
unsauber	0.07437710479813942
prostituieren	0.07437611690476978
zucken	0.07434963772484109
behinderter	0.07434199752773725
endlosschleife	0.0743357789489931
berieseln	0.07428621125753787
umtauschen	0.07428528813877701
verletzlich	0.07426896178915074
ochse	0.07426616989095425
verwirren	0.07425028205505324
schmerzvoll	0.07424858285073636
besinnungslosigkeit	0.07424014223229805
unterschwellig	0.07422915337698184
abknallen	0.0742223233111639
abtrocknen	0.0742113708494003
irrsinnig	0.07421034029903949
schwachkopf	0.07419684621333696
hektisch	0.0741861047779515
schocken	0.07416512917692579
umständlich	0.0741269657741797
blubbern	0.0741049223508302
ablenkung	0.07408477873340495
beschweren	0.07408075436209811
pusten	0.07404193260825784
vollpfosten	0.07403891921277267
urinieren	0.0740385296879719
vegetarier	0.07403320630051005
weglassen	0.07401798470325958
verarzten	0.07401544739657501
muffeln	0.07401304048396885
gegend	0.07400702846304902
legostein	0.07400205271098874
zahnklempner	0.07396973106431425
misstrauisch	0.07396378520852821
zwiegespalten	0.07393993233096087
weihnachtsmann	0.07393931608864544
davit	0.07393751032644189
nackend	0.07391877188381417
apathisch	0.07391767112546252
eingebung	0.07389586918674278
ungehalten	0.07389524963779492
anbellen	0.07389421102719164
erguss	0.07389346586283921
miese	0.07389200749518969
einlauf	0.07388748501438865
unschön	0.07388211439016577
flach	0.07387161859816589
gnadenlos	0.0738264698224755
maulen	0.07382361665340664
kabbeln	0.07382235953185726
nagetier	0.073804254071199
no-go	0.07378494859537318
anagramm	0.07376669735896701
seufzen	0.07375763420338577
piefke	0.07375161137614968
verzweifelt	0.07375155512781963
pillepalle	0.07374961657674893
schubsen	0.07373236149574186
schwamm	0.0737260606125625
bierernst	0.07370049302025257
saftladen	0.07369195182696307
rücken	0.07368786398427558
schnarchen	0.07368107685471297
schleiche	0.07365729120590621
vorhersehbar	0.07364050836939288
daherreden	0.07362703920184548
pikiert	0.07360703580314021
auseinandernehmen	0.07358903186385894
irrenhaus	0.07358625254964693
wichteln	0.07356375017906286
homophon	0.07354305076376987
kokeln	0.0735412674665103
triggern	0.07351773913671884
kotzbrocken	0.07351604828361026
ruppig	0.07346229166306767
schrieb	0.0734597979687953
doppeldeutigkeit	0.07344039970176207
rammen	0.07343505741516683
undurchschaubar	0.07343016137961215
singsang	0.07342016828103308
fusel	0.0734051781895426
verhohnepipeln	0.07339997916776039
bestrafung	0.0733897830699786
ablassen	0.07338524396751438
winseln	0.07336807325244292
erektion	0.07335576490744804
schieben	0.0733421001484062
zerhacken	0.07334122026838447
haufen	0.0733240787398393
aufschreien	0.07332373296509793
neid	0.07332284023767129
ironiezeichen	0.07331570198869301
totschlagen	0.07328011723650545
fleischwurst	0.07327710618141696
hanswurst	0.07327286096728722
allgemeinwissen	0.07324993177260708
hanuman	0.07324843601641504
hoffnungslos	0.0732174980095421
tobsuchtsanfall	0.07320435198141063
nachtragen	0.07319831639888737
wildsau	0.07317849795406167
vollnarkose	0.07317443932607427
auftauchen	0.07317168856294848
sklaventreiber	0.07316634047656315
nachtfalter	0.07315946740818657
krabbeln	0.07315145727777833
schwachsinn	0.0731506257078946
meerschwein	0.07314918267561206
zwicken	0.07312225165620773
belanglos	0.07311172937792004
beschimpfen	0.07308848355034003
gelinde	0.07305742996635015
vierteilen	0.07304754828178044
zotig	0.07304049683428034
beinhart	0.07303922323738651
madig	0.07303205990233091
bespucken	0.0730159636948815
schizophren	0.07301553355006267
lieblos	0.0730037347129994
ungebeten	0.07299805447209856
verfluchen	0.07298360031604392
verpetzen	0.07296185496407824
mimen	0.07295460913570978
wadenkrampf	0.07294725225650978
magenknurren	0.07293788278645097
bude	0.07291762153808358
schlafwandeln	0.07291684095949708
phlegmatisch	0.07290307081983272
fetzen	0.07289030795835288
erbrechen	0.07288972378595372
seitenstechen	0.07288885690389141
aab	0.07288661543420706
pellen	0.07287787972880398
wackelzahn	0.07287397446363338
schulter	0.07287287300106796
habgierig	0.07282160355061823
hageln	0.07281046746402217
kriechen	0.07279877242425174
deplatziert	0.07278909606969536
stillos	0.07277461761260572
teplitz	0.0727666326506787
kratzen	0.07275299658350604
buckel	0.07274883008079448
eimer	0.07274233136884165
wegkommen	0.07270360319747285
tierchen	0.07269836055033758
qualle	0.07267929452507306
florid	0.07267029638017428
ehekrach	0.07266033839513963
ungerecht	0.07265805973707049
keifen	0.07264809082904143
hochtrabend	0.07264505252293649
doppler-effekt	0.07264393309857854
brechmittel	0.07263986014278005
wasserkopf	0.07262721090508938
profan	0.07262382492783066
schreck	0.07258151598009378
claret	0.07257279382271045
hat	0.07256738290107506
ballern	0.0725427159037158
einander	0.0725321426201521
amputieren	0.07248796590794251
vergammeln	0.07248609756941081
herausfordern	0.0724808606331631
luftnot	0.07245475459625085
patschen	0.07244005344529023
unbedacht	0.07243651824104126
unverheiratet	0.07242528143031252
geifer	0.07239720129609215
stimmlage	0.07239007831747502
grob	0.07238740566485534
wutentbrannt	0.0723724291834169
verdreckt	0.07235999862107978
unbedeutend	0.0723590849951592
finster	0.07233549213875191
stur	0.07231945862618461
herumhacken	0.07229854649266601
inkompetent	0.07228825759251283
verschimmeln	0.07228215050307266
bisswunde	0.07227792784504586
weder	0.07227682095240309
gassi	0.07227393388039498
ausschalten	0.07227335090013101
unbekleidet	0.07226988997126205
stopfen	0.07226348978117594
sonnenstich	0.07225968244582291
heruntergekommen	0.07225952909852461
verwachsen	0.07225651246405826
verwickeln	0.07225188158402056
lund	0.07223294756990382
halbfertig	0.07221954789859422
kippen	0.07221669453731544
leichtsinnigkeit	0.07220187387999136
blutig	0.07219433674829609
mitleiden	0.07218436776278432
zanella	0.07214969350144204
serpentine	0.07214217867128701
befremdlich	0.07214176044319469
senf	0.07209689349463856
erziehungsmethode	0.07209455276682927
unaufgefordert	0.07207711684983426
schmiss	0.07207105592183875
unappetitlich	0.0720703725437261
unterbewusstsein	0.07206732791741371
sehnerv	0.07206671352480822
samenbank	0.07205519557376255
unbeteiligt	0.07203876919433172
kardiologin	0.07203722013800058
wessi	0.07203552787976865
unsicher	0.07203481539715588
trollen	0.07203394550331269
schnalle	0.07200996472638099
versuchen	0.07199946559142929
muffensausen	0.0719913116740378
schnauben	0.07198919569233732
aufblasen	0.07195965615645647
charakterschwach	0.07194915902120547
knurren	0.07194153665050075
artifiziell	0.07194107595552623
abschreckend	0.07188930876682197
malbec	0.07187765955860144
zimperlich	0.07187672063301948
schmoren	0.07186956743216277
schorf	0.07186717261324232
anlassen	0.07184442597012494
verbrannt	0.07183486344064177
bewegungslos	0.07182671101263739
peitschenhieb	0.071821618225465
verzapfen	0.07178693479498516
kleiden	0.07175673857382224
knirps	0.07175143692775214
raufen	0.07174088443777085
jammern	0.07173727558232888
schmieren	0.0717293129256284
pollenallergie	0.07172913691544665
entgegnen	0.07172802962527161
qualvoll	0.07172793847481537
anbrennen	0.0717089447402288
schniefnase	0.07169277364125036
verzweifeln	0.07167530900195844
kleingeld	0.07165834765442375
brennspiritus	0.0716211931187352
wahnsinniger	0.07161690939217036
morphium	0.07158668304751362
hofnarr	0.0715704528477514
unfreiwillig	0.07156806020228344
zumuten	0.0715571955391332
neudeutsch	0.07153669427558013
waschbrett	0.07153644040889753
gedankenlos	0.07153566763483765
shebeen	0.0715257762849223
riechsalz	0.0715088217286993
pfote	0.07148899236648869
schweinerei	0.07148328592958744
ruckartig	0.0714547004881585
krankschreiben	0.07144990027913901
tieftraurig	0.07144727881267936
unhold	0.07143089339200785
abstellen	0.07142165162489873
furchterregend	0.07141858981509705
kohlen	0.07141259832323003
einzig	0.07140423436451973
sehtest	0.07140398177408869
neidhammel	0.07139240992752821
gurgeln	0.07136096391695028
profilneurose	0.07135911630772311
instinktiv	0.07134041603417643
verschwitzen	0.07132999026095227
knoblauchgeruch	0.07132565675180012
traumatisieren	0.07132044674869503
zeugenschutzprogramm	0.07131762481862088
frustriert	0.07131467250897687
unterentwickelt	0.07130949283257236
blutabnahme	0.07128396065635226
unkorrekt	0.07127084687452225
blutverlust	0.07126764473705158
larifari	0.07123766456817991
suboptimal	0.07122629685351899
unfähig	0.07121214618598533
holzbein	0.0711831094035419
narkose	0.07116145745141067
zwerg	0.07113640897812981
frosch	0.07113368535687652
loswerden	0.07112477636636451
untergehen	0.07112173636788084
einbrennen	0.07111734504969851
knopf	0.07109907170711278
abschreiben	0.071097630615146
verwechseln	0.07109143460436247
verletzen	0.07108807508073871
abschleppen	0.0710785162097425
kurzsichtig	0.07107173550768495
unfein	0.07106040772695636
abfackeln	0.07105683104817685
zugekokst	0.07103304561804061
schummeln	0.071032440299429
einordnen	0.07102760319327349
schlange	0.07100498990706082
italiener	0.07099472737952951
asoziale	0.07098509445313823
zusammenbrechen	0.07097214658098254
spuken	0.07094738344221509
einklemmen	0.0709286235225086
meute	0.0709142470378514
fehl	0.07090851710581805
verdummen	0.07090592154833969
disziplinlos	0.07090040625744932
herrisch	0.07089036472630099
zeitverschwendung	0.0708610946099321
prophylaktisch	0.07084897186805701
ungeordnet	0.07084709343823618
schramme	0.07084570137058457
rechthaberisch	0.07084029346581759
zerschneiden	0.07082013271518717
wegtreten	0.07079634847659681
proktologe	0.07079512142603243
ausmisten	0.07079279007037569
klatschvieh	0.0707867404887697
brotbelag	0.07077794604131629
asthmaanfall	0.07074526817784495
schwangerschaftsstreifen	0.07072619524219914
missmutig	0.07071313188692999
hilflos	0.07070889559239202
zerfressen	0.07070546823579218
kretin	0.07069858383583665
zigarettenrauch	0.07069726490556852
behelfen	0.0706837193211258
gewissen	0.0706654804874525
blasenkatheter	0.0706636082851853
witzfigur	0.0706488993295372
selbstironie	0.07063537806162312
unfreundlichkeit	0.07063178923755292
steinigen	0.07061057224184852
dackeln	0.07060948239549826
entsetzlich	0.07060676345440162
handkantenschlag	0.07058847550830134
verhasst	0.07053496067242244
ausbaden	0.07052095443775279
sprachzentrum	0.07051752318937832
wunde	0.07051295952368432
verachten	0.07050308204952119
wurstblatt	0.07049642436748896
schnippeln	0.07048530839389489
irritieren	0.07046747555457412
kullern	0.07044457133937242
preisschild	0.07042972058652652
bekehren	0.07040673684606256
sehne	0.07039572258970973
abgestanden	0.07038939302025445
einschlagen	0.07038137143018659
askari	0.07036261665790547
verkopft	0.07036003383991653
herumwuseln	0.07035692817703412
erahnen	0.07033807696374648
zeitgenosse	0.07033054392016631
kopfmensch	0.07032215628256241
unehrlich	0.0703211111838239
desillusioniert	0.07031900215481188
dressieren	0.07031404572026827
sezieren	0.07029669337885122
unsympath	0.07026349002056469
sauhaufen	0.07025582081401635
alphatier	0.07024676692135805
meinerseits	0.07022193281154766
schreiberling	0.07021757815131988
fremder	0.07021363263256947
holzsplitter	0.07020667896918066
heidenangst	0.07020593919614262
sterilisieren	0.07020410217471881
schlappen	0.07019813273201958
missverstehen	0.07019021219432184
beerdigung	0.0701889109905145
zerstampfen	0.07016424654676805
zetern	0.07016088658170742
verwursten	0.07014386223995066
verscharren	0.07013772995429772
provozieren	0.07010953882915495
liebestoll	0.07010810057892827
streiterei	0.07010472384708534
schauderhaft	0.07008014875768592
hieb	0.07006659358613863
enden	0.07004458054128786
soll	0.0700434244022611
suppe	0.07003838850556726
ausgestorben	0.07003300259644057
entbehren	0.07000919740287743
unlesbar	0.07000542526933258
pinotage	0.07000065184739453
tyrannisieren	0.06999948561729206
geiz	0.06997478834693331
herumlungern	0.06997179634623966
gepfeffert	0.06994041394371309
schinden	0.06993101670376714
widerspenstig	0.06992952293091276
kreislauf	0.06990660733950796
allier	0.06990534027378191
vorgaukeln	0.06988678472669799
lymphknoten	0.0698811394688763
unverständlich	0.06987247154066782
ekelerregend	0.06987049363636356
bekleckern	0.06986946457971628
batavia	0.06986148248530642
weinschorle	0.0698399708810805
matsch	0.06983157601364536
kontern	0.0697992022890061
heimatsprache	0.06977831741748323
abdrehen	0.06976964172238635
zahnfleisch	0.06975539549549993
kriegsverletzung	0.0697447248689692
verarschung	0.06974249244095221
meucheln	0.06972559521354532
leichtsinnig	0.06971067790187781
schmerz	0.06968200470479302
inkorrekt	0.06968093579728903
schmackes	0.06966719746200048
gefasel	0.06966629748750829
unzivilisiert	0.06965559913470365
umgangssprache	0.06964023370880203
metaphysisch	0.06963527299557155
achtlos	0.06962273182514711
getrost	0.06960635074765165
duftwasser	0.06959604382033417
piksen	0.06959317545525147
krauchen	0.06958598571587381
inkonsistenz	0.06958476105813784
verschimmelt	0.0695846034410172
dreistheit	0.06956103976238236
kleinvieh	0.06954264241872371
unterbrechen	0.06951180639123448
zerren	0.06950707427225042
instinkt	0.06949220774402158
umnieten	0.06948674994736853
verbaseln	0.06948146582454212
happig	0.06947669394628908
juvenil	0.06947358875076245
schaukeln	0.06947023295431923
genieren	0.06946890870150749
frotzeln	0.06944792438863773
stecken	0.06944375564909092
krampfader	0.06942870372527203
ankreuzen	0.0694066672331658
giftig	0.06938865431950313
taubstumm	0.06938408467626495
trocknen	0.06938018857493561
deinerseits	0.06936805039709036
schaf	0.06936074092314269
anecken	0.06934820877687484
beschnitten	0.0693194654495564
darmspiegelung	0.06931827972269355
aufschlagen	0.06931628876205388
paarhufer	0.0693148546394461
ellenlang	0.06929970468225916
nachteil	0.06929938165397417
kirchenmaus	0.0692618481018064
flegel	0.06925608980911453
nabob	0.06925022435892957
speichellecker	0.06924057671056126
verworren	0.06923723005108394
masochismus	0.06922480628205634
schielen	0.06919786107150176
vorurteil	0.06918596541785857
verwerfen	0.06918191014398083
kleinkariert	0.06915819513137988
gurken	0.06915643275622602
aufblitzen	0.06912121369648953
bedient	0.06911986525692461
furchen	0.0690898797203874
anwesenheit	0.06906471387193183
entzug	0.06905141512235144
sesselfurzer	0.06903524419709577
stuhl	0.06902899853506614
glucksen	0.06902195186001359
gesindel	0.06901887800422027
abneigung	0.06900421560810178
abladen	0.06899270342399316
getier	0.06898567664276659
hypochonder	0.06897636799214137
stottern	0.06896084898692657
tamil	0.06895511131990055
unqualifiziert	0.06895488955454566
wischen	0.06894905607029647
narzisst	0.06893591039557
mutieren	0.06891603078558296
joghurtbecher	0.06891184503827426
stange	0.06890431518895716
bland	0.06890077166301645
folterinstrument	0.06888693451026684
versumpfen	0.06888540577915019
schmarren	0.06887975647994272
kralle	0.06887299050718688
niederschmetternd	0.0688718352518422
lasch	0.06887132176569535
sprechdurchfall	0.06883254897283585
flokati	0.06882281335078382
fontainebleau	0.0688159876146136
rothaut	0.06881270016310771
entmutigen	0.0688097816859157
paaren	0.06879647099731766
halbstarker	0.06877019612092629
schuldige	0.0687621701163951
y-chromosom	0.06875763934093226
poltern	0.06875489097524774
zerbrechen	0.06875247816170334
agnostiker	0.06875188485804129
veralbern	0.06874611443624105
unklug	0.06872869994050959
isba	0.06872745099030061
platschen	0.06871254258413798
schockierend	0.06868924617887923
verrennen	0.06868263196238794
gockel	0.06867672210492001
auspeitschen	0.06865972662341614
osterhase	0.06865440052624235
zornig	0.06863857712988956
voreilig	0.06862432639002607
denkfaul	0.06859677847929406
zappeln	0.0685882911622347
schubs	0.06858725137895291
arier	0.06858724396208989
leib	0.06858320945665791
rettich	0.06854893232314567
zumutung	0.06854805665824622
scham	0.06854000062342615
ungenau	0.0685388646086616
schleppen	0.06852897894130947
kohle	0.0685145796602654
sarg	0.06851409624477646
versunken	0.0685024694943408
palavern	0.06849637100237209
flasche	0.06849552095920598
verschwenden	0.06848922052431793
schimpfend	0.0684771543904237
hausieren	0.06846219134280297
habenichts	0.0684564241246256
marktschreier	0.06845040869420121
fruchtfliege	0.06843772582526912
dickdarm	0.06842211986902404
seitenhieb	0.06841243086831549
heuler	0.06840944965073101
antipathie	0.06840047388938698
verwerflich	0.06839660655346996
grausen	0.06839411388374544
brandfleck	0.06839251275212055
kriegerisch	0.06838795669205178
kopfschmerz	0.06837262900853593
unbefriedigend	0.06834768919011125
konfrontieren	0.06833987562471147
ersticken	0.06833752763110265
hexenschuss	0.06831656066838715
gottlos	0.06826679138556177
bleistift	0.06826540783513006
verlustangst	0.06826278778381349
verwelken	0.0682462314854427
schwingen	0.06821037694168534
vorwerfen	0.06819028741272556
verfetten	0.06818228764132923
nebensatz	0.06818034232914331
behelligen	0.06817605799098234
leeren	0.06815908206174914
blutlache	0.06815502303521731
auseinandergehen	0.06815373103256012
konterfei	0.06811857773984889
streiten	0.06811785819712901
regenschirm	0.06811123552848157
kehlkopf	0.06808947349407742
unterirdisch	0.06807588808955398
umkommen	0.06807184193716975
frustrieren	0.0680419258152334
bestechen	0.06804113410254713
schrubben	0.06803529925800972
verachtet	0.06803343586780097
schlottern	0.06802134711485819
pathologisch	0.06802069231577583
unkontrolliert	0.06802040408326442
zerstreut	0.06802004119357752
lechzen	0.06801018159551805
unterfordern	0.06800782768417958
kleinkriegen	0.06800112759269149
riskieren	0.06800043225356628
schmalz	0.06797759075390264
verfallen	0.06796679110340366
heimleuchten	0.06796609134401525
kleinhirn	0.06794993634506549
durchfallen	0.06794944828328812
zischen	0.06794752367067358
ausspruch	0.06793317433456048
krakeelen	0.06792657414703311
zyniker	0.06789445745724654
zerlaufen	0.06788560773901736
zerplatzen	0.06788043382692892
freiwild	0.0678609815716405
umlegen	0.06785451932789913
vorenthalten	0.06785442244555735
verlogen	0.06784712003551284
untertauchen	0.06782408760214971
zweitrangig	0.06780047342311131
fremdwort	0.06779545395475485
freudlos	0.06779520720821688
stirne	0.06778682575644163
irrer	0.0677759676701392
verschieden	0.06777495023888365
makel	0.06776571143574207
fesseln	0.06775011047165143
androhen	0.06774632698696871
beunruhigend	0.06774402672003757
buhler	0.06774314917625958
erschreckend	0.06774225029318086
schneemann	0.06773495314256339
sprachbarriere	0.06772290726153099
hussen	0.06769931337539065
ersaufen	0.06768168792506787
umlagern	0.06766186405528692
totenbett	0.0676538830296177
unzufrieden	0.06761726371935471
pferd	0.06761274426633009
abtun	0.06761264074850609
reklamieren	0.06761233756215689
verknacken	0.06760878747873042
unbrauchbar	0.06760557375242983
elch	0.06759881790820302
gottlob	0.0675966906858496
kranke	0.067580089228124
heucheln	0.0675749330100317
verbeulen	0.06757148326950338
abreissen	0.06756483516307073
lebensfremd	0.06756216539099213
qualmen	0.06755862364094466
verschlingen	0.06754244566437358
ruinieren	0.06753163865207856
lobotomie	0.06753058381839397
fleischwunde	0.06752362052788681
verzweiflung	0.06750928597101252
abkupfern	0.06750492203573442
hehl	0.06750403769123836
auftischen	0.0674812868201466
überflüssig	0.06747590314320127
alterserscheinung	0.06747005306653495
laie	0.06746849541081891
erregen	0.06746358160543331
pressen	0.06740746601984343
tasse	0.06738844245212074
unbewaffnet	0.06737674762696615
arbeitslos	0.0673698932104006
verbohrt	0.06735911996217286
zwingen	0.06734492703000215
klackern	0.06733753411459811
melancholie	0.06733190954920168
bunsenbrenner	0.06732682855531294
fernhalten	0.06731977143209185
unachtsam	0.06730079875576701
gesocks	0.06728428847684659
hemmung	0.06727626838584926
eingehen	0.06726879567016646
aufplustern	0.06726848005943405
verkeilen	0.06726014177591041
unliebsam	0.06725464242560844
handgemenge	0.06724849837346554
verhaken	0.0672462368220069
sockenpuppe	0.06722832296405339
gegenmittel	0.06722207681961756
mogeln	0.06720639421529845
schaudern	0.06719793030975896
taugenichts	0.06719720481838534
verspotten	0.06718286074185859
traurigkeit	0.06717828110562905
schwafeln	0.06717661261671333
lakonisch	0.06716510194904121
unversehens	0.06715249914655023
aussichtslos	0.06712037140906821
wertlos	0.06711568094794154
auseinanderfallen	0.06711052801511451
wegsehen	0.06710934040205356
erzkonservativ	0.06710367972775236
schnittwunde	0.06709742491344514
leugnen	0.06708672494315078
beichtstuhl	0.067082754804674
leere	0.0670794243402862
gerollt	0.06707910799929447
verleiten	0.06707698704328138
haltbarkeitsdatum	0.06706310748387562
buddeln	0.06706096064555024
einerlei	0.06703983811057261
schlechtigkeit	0.06703905934488623
schmonzes	0.06702644897642944
erniedrigung	0.06702398266608375
unheilvoll	0.06701617160180513
nachgehen	0.06700671891122069
verdrecken	0.06700354466605571
spezies	0.06700028703231045
verschrecken	0.06699853987139823
mundgeruch	0.06698047812561811
buckeln	0.06697727173939742
scheinheiliger	0.06697151713110497
unsinnig	0.06696635388252324
korken	0.0669594874052089
schlurfen	0.06693123047683056
kiste	0.06692059907097504
abstumpfen	0.06690789354310803
wollen	0.06690382403398992
widerhaken	0.06690156994046267
lynchen	0.06688677971121673
funken	0.06685720235661118
unmoralisch	0.0668456201697738
abhelfen	0.0668360960374141
kondensieren	0.06682552692199742
zerteilen	0.06681798854947782
waisenknabe	0.06680113113209737
schnitzen	0.06679837479666643
verlustig	0.06679174895617107
aufwickeln	0.0667834729651603
tischtennisball	0.0667692095628043
abnutzen	0.06675631595633381
wursteln	0.06673093728996488
glucken	0.06670575267532856
verbrennen	0.06670335610183901
eurerseits	0.06670156877705549
selbstgerecht	0.06669698168031737
seinerseits	0.06669465418183576
unvollkommen	0.06666367419117059
flicken	0.0666619208879673
feindselig	0.06665634314523368
moralkeule	0.06664850812904237
laienhaft	0.06664253562748619
kugeln	0.066638400114435
wischiwaschi	0.0666375205423811
penetranz	0.06662171747703459
fragesteller	0.06662126863534622
bedeutungslos	0.06660916893883626
deppenleerzeichen	0.06660828065871638
schockieren	0.06658819983199403
aufbringen	0.06655355675828362
unding	0.06655318287368017
klappern	0.06652650751334854
turingmaschine	0.06652534782896832
lamentieren	0.0665202622382553
klemmen	0.06651813014551966
mangeln	0.066511801218567
willentlich	0.06650954648359908
hitzschlag	0.0665094612812704
pinseln	0.06650267707841725
bosheit	0.0664896337190887
unterstellung	0.0664698973819963
abstinenzler	0.06645881097595206
unstimmigkeit	0.06643899413274258
federkleid	0.06642042542223353
streichelzoo	0.06641465245584993
auslegen	0.06641042671504012
allgemeinbildung	0.06639457776980867
kannibalismus	0.06639162487703734
unterstreichen	0.06637536707339015
niedermetzeln	0.06636890215989517
undiplomatisch	0.06636549952407224
ausfluss	0.06635510512811793
aufgebracht	0.06635146895299734
aufbrummen	0.06635059059659046
aufwerfen	0.06634015798833738
unterlassen	0.0663336277851253
anbinden	0.0663184963607726
scheuklappe	0.06631655224882999
verdecken	0.06630569510370081
pfaffe	0.06629569301398802
totschlagargument	0.06627128760656838
widerstreben	0.06626881314367217
zahn	0.06626746520479086
neinsagen	0.06626496530715438
suggestiv	0.06623120319034735
prokrastination	0.06622448392079837
grillen	0.06622333877049008
unbewacht	0.06618677829120113
laterne	0.06615440978642895
einsinken	0.06614681777229033
plattmachen	0.06612192414918587
unsinn	0.06609140482252214
verschreiben	0.06608259354209294
indiskutabel	0.06607132918024354
schnipseln	0.06606494888714153
entgleiten	0.06605732396807405
borniert	0.06605683845170346
trotten	0.0660551529370549
zwecklos	0.06605033141598345
ausgrenzen	0.06602804299599982
beschatten	0.06601719339784554
intrigieren	0.0660071043210784
aufschrift	0.06600381231017315
plebejer	0.06600246340234789
denkweise	0.06600045949224558
unrecht	0.06599921220421605
ungerechtfertigt	0.06597610600394475
hasskommentar	0.06597031934345166
einsamkeit	0.06596972690590974
sprechweise	0.06596785745140826
heillos	0.06596471407520131
schlechtreden	0.06595214189135493
hypophyse	0.06590497801876956
fehlbar	0.06590063334230219
elend	0.06589824718362669
dereinst	0.06589222935213612
fachchinesisch	0.06586621091343584
geistlos	0.06583587471111703
beschallen	0.06583116128563753
reaktion	0.06581376453597056
foltern	0.06579003000177841
bitterkeit	0.0657886373656403
abzocken	0.06577709412798578
schonungslos	0.06577653767839246
bestrahlen	0.06577208908832319
klöppel	0.06576256897251903
halbdunkel	0.06574732253541041
gewehr	0.06572818868267585
verschlampen	0.06572566222333336
veraltet	0.06569901181960724
vergeuden	0.06569752662598817
watschen	0.06569433142513226
unvollkommenheit	0.06569403998123925
klinkenputzer	0.06568383383419871
verschwurbelt	0.0656762116063971
zensieren	0.06565685562405872
onanie	0.06565551168853946
widersprechen	0.06563412107498286
wechseln	0.06562618635377979
tadeln	0.0655951029906162
ausrutschen	0.0655920881494171
tropf	0.0655857176156914
halbwissen	0.06557690874571544
genugtuung	0.06554275658996543
verpacken	0.06553732569019545
wasserscheu	0.06553702446034573
erblicken	0.06552953478341057
schmarotzer	0.06552556623943993
papierkorb	0.06550659051480788
behandeln	0.0655022300670019
destruktiv	0.06550154891255042
flatulenz	0.06550014211697358
verstummen	0.06549953947634282
unerquicklich	0.06544804943263818
kontraproduktiv	0.06544506366116636
sinnlosigkeit	0.06544490787516578
wogegen	0.06540401192080697
bedrohlich	0.06539130856456675
strafzettel	0.06534887344071465
unwillig	0.06533431333427334
unsozial	0.0653309306176773
hemmschwelle	0.06533044019000303
prasseln	0.06529436619627829
unfug	0.06528898362491128
schweigen	0.06528356586812771
dampfplauderer	0.06528221417285175
feind	0.06528169528600186
bekriegen	0.06528045969374838
begehen	0.0652654449523559
archaisch	0.06525067113679216
unbelehrbar	0.06524331520089034
galoppieren	0.06520741328113928
spickzettel	0.06520113458177786
erblinden	0.0652001654137261
eingrenzen	0.06519306984471955
einwenden	0.0651875936011012
jauche	0.06517028493819489
zahnlos	0.06516522703684927
zuwider	0.0651652243247684
vergesslichkeit	0.06515693714037601
unberechtigt	0.06515058370670561
desinteresse	0.06515050735641409
schutzbehauptung	0.0651504445795271
aufwiegeln	0.06514729306565675
missfallen	0.06513719053423676
vernichtend	0.06512039514587936
flirren	0.06511242747730354
lachnummer	0.0650885653695623
fehltritt	0.0650781991960802
deformieren	0.06507704656843773
geschwurbel	0.06507272039999791
schwenken	0.06507044144963227
vergeudung	0.06505584602837128
sturheit	0.06504597337310397
unchristlich	0.06503541722623493
gurkentruppe	0.06502501365170552
teutonisch	0.06500830158700029
erschlaffen	0.0650048994346787
auseinandersetzen	0.06500292100523669
verstricken	0.06499322932577162
antisemit	0.06498766254079312
bevormunden	0.0649575721005658
problematisch	0.0649407799668756
redundanz	0.06493796995291705
verplempern	0.06491574581177381
keinerlei	0.06491466242352247
dreschen	0.06490888152031811
konservativ	0.06490152934127986
heuchlerisch	0.06489528453568576
krankengeschichte	0.06489430422986323
mobbing	0.06488650408139018
unterordnen	0.06488220845893812
schlamassel	0.06485517876677835
denunzieren	0.06483719440690545
kropf	0.06483007788646798
dilettantisch	0.06481303420423955
sportverletzung	0.06480640302401063
heikel	0.06479758739215788
salbadern	0.06477926597298517
schwarzfahren	0.06477897659135554
feindlich	0.06476181230209636
entfremden	0.0647401166582581
verrotten	0.06472984106184607
priapismus	0.06472197578648806
einlullen	0.06472126589436807
durchtrennen	0.0647113524438886
distanzlosigkeit	0.06469969822541019
einheitsbrei	0.06469873098663798
verblassen	0.06467447249900067
zugrunde	0.06466771807954014
verdorren	0.06465637916847819
zweifeln	0.06464961175656399
asylkritiker	0.06463912503008735
unaufrichtig	0.06463786779453164
erziehung	0.06462588469799879
variante	0.06461908318102337
sexismus	0.06461540160141871
skrupellos	0.06459905058206798
schwerwiegend	0.06459850696344553
ungeschoren	0.06459792248169198
wertlosigkeit	0.0645803643133586
westler	0.06457594864495474
redefluss	0.0645642711824279
schwund	0.06456156814759635
verschwendung	0.0645341510068906
abschlachten	0.06449615066614867
kathole	0.06449339250736469
wahnvorstellung	0.06446007268310962
tibetisch	0.06445440943598309
knast	0.06444611635445592
unehrlichkeit	0.06440798174225754
fegen	0.06440553386442752
rosten	0.06440344496828714
grotesk	0.06439830841303429
rasen	0.06439253607594751
ungleich	0.06438928089769629
schulsystem	0.0643782420736678
indoktrinieren	0.06436664555290651
verfallsdatum	0.06436333034403319
misshandeln	0.06436202700842898
ausnehmen	0.06435139504945517
zerreden	0.0643468221908547
vegetarismus	0.06433962517651706
teufelswerk	0.06433270059656779
antiquiert	0.0643292749090893
zerfallen	0.06430716036626449
machtlos	0.06430515545947012
schwurbeln	0.06425894569588539
rechten	0.0642562995940879
bedenklich	0.06424511036925848
empirisch	0.06424092727698072
endzustand	0.06423705372325209
monotonie	0.06423518553839075
unterscheidbar	0.06420154453438892
feminismus	0.06417528004013523
ihrerseits	0.06416329701440318
taubheit	0.064154464449976
verrat	0.0641385386962609
unkritisch	0.06413179264186891
kopfgeburt	0.06409350434508651
homophobie	0.06408678296296255
versieben	0.06408359715554363
unverantwortlich	0.06408192599700066
herausschneiden	0.06405115706455528
verzetteln	0.06404043755163595
ungeduld	0.0640039819870844
normativ	0.0639875214444333
groll	0.06397115912580921
abwerten	0.06396910600405174
verjagen	0.06396597415266687
verlorengehen	0.06395864714568592
verachtung	0.06394684813850653
unangemessen	0.06393156166769
versklaven	0.06391777821836504
unwiderruflich	0.06391364542941788
unwissenheit	0.06390713384815258
schwierigkeit	0.06390695354105815
internetsucht	0.06390682679302005
fabulieren	0.06389461624737468
diffus	0.06389113239653325
schornsteinfeger	0.0638890903808184
kolportieren	0.0638825324483815
revoluzzer	0.06387878971077209
pathos	0.06386866665873564
unterwerfen	0.06386598953871914
abdriften	0.06386559402387804
dienern	0.06385573293810587
trennung	0.063850427796214
duktus	0.06384911128092885
scharren	0.06383685392059629
maskulinum	0.06380010760317593
bigott	0.06379056291156024
fischen	0.06376726531092197
periodisch	0.0637619588475177
rettungsring	0.06375128689693564
pessimismus	0.06374200540515618
dilettant	0.06372610151993248
ungeschicklichkeit	0.06372601773820195
denkfehler	0.06372568839069277
erwehren	0.06372503091812702
ununterscheidbar	0.06370842062384938
aberglauben	0.06370255385241876
mischpoke	0.06369230115276397
versuchskaninchen	0.06368155020114911
fremdenfeindlich	0.06368154066553995
faschist	0.06367727097214176
wegbrechen	0.06367530399443835
uneinsichtig	0.06365741997188339
diffamieren	0.0636547596995585
hinunter	0.06364948147927103
vorbestraft	0.06364773856033479
ungeeignet	0.06364139960395077
entartet	0.06363668610525725
skeptisch	0.06363143816215654
manipulieren	0.06361982935238158
selbstdarstellung	0.06360656468671379
niedergeschlagenheit	0.0635842191093858
fehlerhaft	0.063582449434229
zweifel	0.0635765270560713
narzissmus	0.06356460682028295
lippenbekenntnis	0.06356384935562637
pflastern	0.06355515258664414
ohrfeige	0.0635437428725153
ablehnen	0.06353940990427102
kritisch	0.06349787891830753
geradewegs	0.06348668103524244
automatismus	0.0634785711708867
beobachterin	0.06346079035142613
auseinanderdividieren	0.06346040602543669
fruchtlos	0.06345787332737976
tiefflieger	0.06345634396530156
entscheidungsfrage	0.06345506951974317
erschleichen	0.06343863106786811
barbarisch	0.06341936356762662
faschistisch	0.0634116813905315
neandertaler	0.06338164428082882
beackern	0.06338108165099422
widerlegen	0.06337105239433893
warnhinweis	0.06336449209038014
reibung	0.06335858812874494
verebben	0.06333865509829098
strafbar	0.0633274094092799
abweichen	0.0633166155672343
torheit	0.06331410829327445
rechtsfrei	0.06329032309722595
abschrecken	0.06326982257867712
zwang	0.0632436491445177
verherrlichen	0.06321297691878827
irrglaube	0.06320026185932895
analysieren	0.06318176165378603
ausufern	0.06315450270587133
unterdurchschnittlich	0.06315128844619333
entfremdet	0.06314420082541343
juristerei	0.06312564873806711
bonmot	0.06312387145080765
anachronistisch	0.06312278264866072
degradieren	0.06310114773439536
infam	0.06310061423257826
betonklotz	0.06309196908335996
zweifelhaft	0.06306602342152831
ermahnung	0.06305907964651976
ermahnen	0.06303142879059577
fehlleistung	0.06302315207315094
feldwebel	0.06299499807614146
diskreditieren	0.06297409009196141
blindheit	0.06296437093718879
hohn	0.06293286662161555
ziellosigkeit	0.06292144226890392
verwehren	0.06291372836012629
exkommunizieren	0.06291227246935939
herangehensweise	0.06290397632947324
einfordern	0.0628877636854499
drohung	0.06287765930747671
schuldiger	0.06286621727749969
inkompetenz	0.06285751656781538
ermessen	0.06282899970408276
vertuschen	0.06281638476933435
austreten	0.06281033240469226
begrenzt	0.06280814418567807
unvernunft	0.0628063208506671
zersetzen	0.06280604283419458
verkommen	0.06280241211321619
kauderwelsch	0.06279661158903144
handhabe	0.06279406422722278
neutralisieren	0.06278907855356794
unwahrheit	0.06278249440266187
ausschaffen	0.06276409070263463
verweisen	0.0627371799508352
unzumutbar	0.06272782051957307
distanzieren	0.06270373302013561
kleinreden	0.06269073175376792
unterlaufen	0.06268697458474902
losigkeit	0.06268110839107456
terrorisieren	0.0626652542365798
verbieten	0.06265084634705242
arbeitsloser	0.06263506769045203
bestimmen	0.06262610596605152
schnapsidee	0.06259450587763721
auswuchs	0.06257205776775872
aufschrei	0.06255964043613933
politikerkaste	0.06254147019772767
gleichsam	0.0625304904383016
vermeiden	0.06251968714832724
widrig	0.06250248228708068
beschuldigung	0.06249473883078598
befragen	0.06249446869540054
borniertheit	0.0624937186443005
bundeskanzler	0.06246057032005821
rechtspopulistisch	0.06245397397692317
wesensart	0.062445815614390734
vorwand	0.06243027737206064
geisteskrankheit	0.062428992940450026
xenophobie	0.06242263558308911
achtlosigkeit	0.06240579000498471
mutlos	0.06240247699359058
herabsetzen	0.062396153178108774
ableben	0.062392370282006976
erwiderung	0.06238839672173355
verschlechtern	0.062366362715948
turbokapitalismus	0.06236088541407021
dekadenz	0.06235053705067461
entziehen	0.06234592778636464
missstand	0.06234362369999901
unzufriedenheit	0.06233858847067643
kurzsichtige	0.06232477114924799
minderwertigkeit	0.06231609712271066
konsument	0.06228379699428732
nachteilig	0.062283584051518986
unerbittlichkeit	0.06228153640581984
ungerechtigkeit	0.0622551577113359
untragbar	0.06218259187381718
deeskalieren	0.06218139707742958
verwahren	0.06212421100978439
verfehlung	0.062111234457147745
dumpfheit	0.062108905121082865
fadenscheinig	0.06209291540627423
pornografie	0.06206876422743535
pfuscherei	0.06203757230797157
ruchlos	0.0620362615249964
trostlosigkeit	0.06203042640725927
verurteilen	0.0620294012583698
schelten	0.06202485657247433
grausamkeit	0.06200062213726137
eklatant	0.06196318098385314
blockierung	0.06195509758343891
diktion	0.06195444348098854
verzerren	0.06194143856516894
verschaukeln	0.06194123552389763
unsolidarisch	0.06193034093492677
mundtot	0.061922815724057785
dezimieren	0.06191785315982831
unwille	0.061917757617186445
hilflosigkeit	0.061897429746017335
abschieben	0.06188766829337264
unbewiesen	0.061885018904251944
provokation	0.06186833690136189
obrigkeit	0.06186767231272537
selbstoffenbarung	0.06184868337164763
amtsdeutsch	0.06182647730213733
hinterzimmer	0.061795523621757206
befangen	0.06179275843254438
abdanken	0.06177629749992147
handeln	0.06175774398761173
unwissen	0.061756883185733635
verzerrung	0.06175117276931899
betroffener	0.061737316865970435
wegfallen	0.06173724155645879
abfall	0.06170830026580655
proletariat	0.061708061098175566
unteilbar	0.06169813627799814
irrtum	0.061683888286144316
chuzpe	0.06167354755717089
gaunerin	0.061646403519834844
illoyal	0.06163626719373322
entbinden	0.061605866797402487
versagen	0.06159066702417963
wegelagerer	0.06158366933176661
schizophrenie	0.06157630927148487
einfluss	0.061569365421274745
stoiber	0.06152562941514676
widersinnig	0.061503242907569804
beanstanden	0.06150177498130674
bestreben	0.0615005290258508
verteidigungskrieg	0.061498455636512094
wortwechsel	0.06147672094425918
rechthaberei	0.061473697993873484
widerspruch	0.06144099780380448
kampfbegriff	0.06143955126187837
nestbeschmutzer	0.06142835718854144
abtreibung	0.06142364634619557
hirngespinst	0.061412978771779696
beschneiden	0.061402732169599204
habgier	0.06139667700499306
gedankenexperiment	0.061393883482725856
unmoral	0.06138114777289804
verleumdung	0.06137689307120879
betonkopf	0.061368049367187094
krude	0.06135791131714751
kritiker	0.06130870094233513
beeinflusst	0.061300842550762104
kommunismus	0.061284770164823775
klartext	0.06125778155791447
verharmlosen	0.0612506854941582
starrsinn	0.06124103953429144
korrupt	0.06123820909761181
einseitigkeit	0.061227784567350334
unredlich	0.06121654485421778
bedeutungslosigkeit	0.061170616335641526
boulevardjournalismus	0.06114203885104476
dichotomie	0.06113371234711191
demaskieren	0.06112602744309273
unbehagen	0.06110878953054331
alkoholismus	0.06108542857677902
evolutionstheorie	0.06107159040763617
anwalt	0.061021691470326045
bringschuld	0.06100559944208469
fehlkonstruktion	0.06099545451862588
meinungsfreiheit	0.060993536792424925
gedankenfreiheit	0.06098973930852904
vorverurteilung	0.06098725078444611
niedertracht	0.06098008746499196
unterschreiben	0.06097783520612923
hinterlist	0.06097228603030058
kindeswohl	0.06095315372825065
krakeeler	0.06095155638359538
pseudowissenschaft	0.06092858727329619
aussterben	0.06089753406292841
schmierentheater	0.060891281421113615
ideologie	0.060877592064977504
machtmensch	0.060840670144155014
kopflosigkeit	0.060840054410722474
ausbeuter	0.06082643331257116
abstumpfung	0.060808417030242846
unbestimmtheit	0.060804242993673645
widerrufen	0.060802857825627894
verteufelung	0.06079786743648471
undemokratisch	0.06079683836843853
ungleichgewicht	0.06079523889377484
basisdemokratie	0.060791163561021044
pappkamerad	0.06073178679200484
selbstzweck	0.06071387789843985
wahrheitsanspruch	0.06071249297715598
fehlverhalten	0.06069638498031008
diktatorisch	0.06068401739920258
hetze	0.06064789906020874
skrupellosigkeit	0.06061817394239385
differenzierung	0.06061580887123939
dringlich	0.06054249555291929
populismus	0.06050019271965292
religionskritik	0.06048269568989367
privilegieren	0.06046891431379651
abzocker	0.06044686428204864
bevormundung	0.060418724453582734
kleptokratie	0.06041358695029329
abweisen	0.060372782433488946
gratwanderung	0.06036269619295222
hysterie	0.060354819935122976
anachronismus	0.0603482118266278
antifaschismus	0.06033905187966046
vorwurf	0.06031297319996825
watsche	0.06022277690845844
normen	0.060180243024779416
redeverbot	0.06016059705723078
kollateralschaden	0.0601600043078775
gretchenfrage	0.060159325674016294
ineffizient	0.06015589244364107
tyrannei	0.06013585388089559
holzweg	0.060129397969977905
aporie	0.060121887855740824
kavaliersdelikt	0.06011745184851425
fracksausen	0.06011396709213562
divergieren	0.060104180039716126
denunziation	0.0600550631028859
sprachpolizei	0.059994239344801976
diskriminierung	0.05997188471876549
abnicken	0.05994721261264684
unvermeidlich	0.059939989629584446
verkennen	0.0599014358846063
kritisieren	0.05989913852133012
strittig	0.05989514396296751
diskurs	0.05988864517339086
kakophonie	0.059880560758368104
tabuthema	0.05987388114023337
vorbedingung	0.059851647678904475
krux	0.05983390681472708
groteske	0.05982785249261133
dissens	0.059792139675236874
aufbegehren	0.05978428099161393
nabelschau	0.05976308467130631
lavieren	0.05972793963429376
wortbeitrag	0.05972221382943547
abschaffen	0.05968976325851148
gewaltenteilung	0.059652688269657576
beschneidung	0.05963995060195666
existenzangst	0.05961570283994193
handlanger	0.05961502247531216
raffgier	0.05961080567602262
abgelehnt	0.059550215913139005
abwertung	0.05951089467386655
zwischenruf	0.059507422457491924
primat	0.05949365944214628
mutlosigkeit	0.05946514844848454
rechtsausleger	0.05944549925317985
entfremdung	0.05944149353369272
besorgniserregend	0.0594062235005344
unmenschlichkeit	0.05938527845429561
verschleiert	0.05933832058494002
sozialstaat	0.059323631251349256
makulatur	0.05930926850605683
meinungsforscher	0.05925622251069745
islamophobie	0.059186878424762904
untergraben	0.059169191456144805
verfolgter	0.05909205853788719
debattieren	0.05903462280778907
helfershelfer	0.05902419959928227
verweigerung	0.05900465494707226
missachten	0.05899536361873019
waldsterben	0.05898757229997109
zensur	0.058979959636670846
sargnagel	0.058947628776388976
unverantwortlichkeit	0.058947113060740054
unzureichend	0.05893126030604495
etatismus	0.058904487854107415
wirkungslos	0.05889678921247888
fremdenfeindlichkeit	0.05883904141954883
ineffizienz	0.05879273174284647
abspalten	0.05874264431656523
diffamierung	0.05869698161120482
selbstzensur	0.05869009976062456
antisemitismus	0.058589967641618085
ausgrenzung	0.05854853776088315
fehlentwicklung	0.05852494185949688
interessenkonflikt	0.058523254856965835
nebelkerze	0.0585171650726659
berufsverbot	0.05849860324562084
analphabetismus	0.05842127053109678
unvereinbar	0.058405517409424124
eiertanz	0.05838651794362343
demokratur	0.05835418032511583
ausbeutung	0.05829230061507947
alarmismus	0.05824748802911789
etikettenschwindel	0.05824007816916344
ablehnung	0.058221394706404556
befangenheit	0.05817347895921461
konstruktionsfehler	0.05816848446262929
rechtsstaatlichkeit	0.05807764187611168
exekutive	0.058015141078436104
befriedung	0.058004531674720874
ungehorsam	0.05788552586209439
kumpanei	0.057860302491979286
