sexsklavin	0.13574636285717595
transe	0.13059880526100756
bengel	0.1297589310876194
spanner	0.12969552889211222
schlampen	0.12580263391772353
fetisch	0.12410982963497676
prengel	0.12369280997849455
extase	0.12331619129950455
fotzen	0.12185507360994287
strippen	0.11975259706989894
arschficker	0.11972105979565899
flittchen	0.11939430051392237
ficken	0.11899462247708564
schwanzlutscher	0.11676706937344956
blasen	0.1163413001576657
arschfick	0.11565239077523216
sperma	0.1152963550623329
knackarsch	0.11503846445667865
notgeil	0.11464436224412826
fotzenlecker	0.11398668944576845
nymphoman	0.1128441463508877
anblasen	0.11274295716530228
kanacke	0.11257444106426769
lümmel	0.11185215403943821
rohrstock	0.11125219965394817
brillenschlange	0.1111983612939319
arschgefickt	0.11090376952368158
tunte	0.1106833517505324
vögeln	0.11067414923308828
lutschen	0.11060884109911036
tippse	0.11038766180175179
stöhnen	0.10972961962642508
miststück	0.10949122690812753
mutterficker	0.10855984833640155
lecken	0.10849322135418427
russin	0.10847778706519012
brüsten	0.10820304123077756
abspritzen	0.10813586628997297
spüren	0.1076850114822591
abgewichst	0.10679489888435738
hundesohn	0.10675071048791585
tussi	0.10656659872454122
aussaugen	0.10650215355723698
lustknabe	0.10585655254375669
orgasmus	0.10578452916271756
pisse	0.10574704498369776
durchficken	0.10567881866331584
schucken	0.1054830485185112
fotzenknecht	0.10533830720573095
schwuchtel	0.10528865143745864
anpissen	0.10522641949576969
arschgeburt	0.10519510510693078
rothaarig	0.10517142761268775
abblasen	0.10483886646044925
peitsche	0.10482347741427733
schlappschwanz	0.10474888531437822
pissen	0.10455894150260342
gedehnt	0.10452335306966079
prügel	0.10374833558466387
frivol	0.1036278229486267
früchtchen	0.10341012792569831
titte	0.10338462055481792
spalte	0.10308696298918126
analkette	0.10288792029377883
pimpern	0.10282584161305988
spritzen	0.10193583789158514
ehrenlos	0.10183673000005385
nymphomanisch	0.10130483532745385
blase	0.10087839483873048
dildo	0.1005011799854628
anmachspruch	0.09955048544328796
pummelig	0.0994438533988588
wixxer	0.09911953858513937
stricher	0.09893537849692102
spasti	0.09889263380619731
versohlen	0.09871831854999238
minusmensch	0.09858095038504927
unrasiert	0.09813982888562234
lappen	0.0973012014888163
bratze	0.09729794936145718
fickfehler	0.09643277899179936
untermensch	0.09596651135704744
missgestalt	0.09584969486974913
dreckskind	0.09569189140079426
nuttensohn	0.09540672775436783
gelabber	0.09534317365292208
bepissen	0.09518015625564628
lutscher	0.09501399623021196
hasch	0.09451570897237861
hurentochter	0.09429947861649265
stiefmutter	0.09372432656616167
spitzname	0.09349893273253244
mistkind	0.09338786728969617
sklaventreiberin	0.09337168519150832
verrucht	0.09326594534195219
tucke	0.09286427748375028
fettsack	0.09270441269842591
arschgesicht	0.09254081256093163
nuttenkind	0.09245212585485167
eierkopf	0.09239612476743495
kanalratte	0.09198449313277374
mannsweib	0.09184221391270948
anlabern	0.09172911581501259
milchbubi	0.09150799660928219
spackig	0.09116130903998788
japse	0.09103643317809629
vollspast	0.09084008351815291
zerficken	0.09075593505538646
eingebildet	0.09070920276005855
bespritzen	0.0905096065444603
einseifen	0.0904423416251735
dirne	0.09016392959036089
schreckschraube	0.09013772078148131
feucht	0.09009067349800116
kerle	0.08993926378353759
ungezogen	0.08975938136026833
labersack	0.08925875161749612
du	0.08916975516952037
arschkind	0.0890332049291071
klingelstreich	0.08892939580700865
abgehen	0.08887641948847377
zicke	0.08883372936236134
legasthenikerin	0.08879918092823806
dussel	0.08875138513450807
geldgeil	0.08871020801097758
ungeschminkt	0.08837142815986133
pottsau	0.08832649863201845
flachlegen	0.08805244168495895
kacker	0.08770443871922427
nachname	0.08758391362839574
selbstverliebt	0.08753115476498813
sackratte	0.08741241561148652
labbern	0.08729063428366866
macker	0.08721155554905828
kackbratze	0.08694853289466031
unlustig	0.0868293518530923
unfair	0.08675656775727873
horrorfilm	0.08672367298568177
lockenkopf	0.08672339957569654
feuchten	0.08651591340223057
gutaussehend	0.08637050227666584
schmock	0.0863624101437161
schwuler	0.08628712065120119
toupieren	0.08590936540348548
würgen	0.08556096439545385
haarig	0.08534487208370457
softporno	0.08533085962050209
schirch	0.08524674166529149
schleimer	0.08519383248321372
schlingel	0.08519270477576191
gottverdammt	0.08508815856734257
spacko	0.08499689792537973
verkackter	0.08475838697493633
abgehalftert	0.08471167478399676
strohdumm	0.08469479258895922
boah	0.08449721849293157
sackgesicht	0.08448608168664642
abgefuckt	0.0844055339980124
er	0.08437517684502287
ohrwurm	0.08431768516336449
steif	0.08427773636036308
gesichtselfmeter	0.08424348312647466
trottelig	0.0841483691338623
sahneschnitte	0.08412851668262442
arschgeige	0.08385535900530032
verkuppeln	0.0837592180166695
fettarsch	0.08375422569018781
grütze	0.08372135369495513
hartzen	0.08359010532799177
nackt	0.08352471153043167
gammelig	0.08351432240352356
schnepfe	0.08343975478268145
übertrieben	0.08336951027758005
landei	0.08333351986919714
pimmelgesicht	0.0833234026177761
unhöflich	0.08315009637741402
zweideutig	0.08298547874329473
piercen	0.082962681585681
melodramatisch	0.0829614402109712
unnötig	0.08294291469613185
wütend	0.08291637203828518
untalentiert	0.08291146482901339
schisser	0.08275618990468939
unbefriedigt	0.08274264793639291
bart	0.08273179028489605
affenarsch	0.08271298479649501
frischling	0.08259255105350477
teufelsdreier	0.08243255955036241
hackfresse	0.08240131644430929
schlawiner	0.08239503506102372
grindig	0.08237309799316674
fetten	0.08209128500396788
arschlos	0.08200004724645155
schickse	0.08198892198715296
bocken	0.0819716819635445
nacktbaden	0.08196609894987802
verfickt	0.08192602777345713
schnitte	0.08190109823609132
pimpf	0.08189769983525179
flachwichser	0.08177542086691278
morgenlatte	0.08173610939762412
gammler	0.0816582844491271
vegetarierin	0.08165179857325786
backpfeife	0.08159879412737811
wuschelkopf	0.08141973143461406
zotteln	0.08134641928102522
zwillingsschwester	0.08134195459769897
verfressen	0.08129193359902659
raucherin	0.08124820036267635
heulsuse	0.08122803755481212
prollig	0.08120494265715894
verdorben	0.08111472126148427
kurven	0.08101151599585453
stinkstiefel	0.08087419682179556
arschig	0.08078312666949543
entstellt	0.08073565130999003
negerkuss	0.08043642876185589
hau	0.08039672372407695
behaarung	0.08035426351837496
garnichts	0.08034164958572099
geschreie	0.0803253832201519
ferkel	0.08031482274860198
nackig	0.08021869185021517
abmurksen	0.08019659075042723
sickig	0.08016238571794104
bedeppert	0.08013860081753137
schiss	0.08006522285837707
petze	0.08006017538444346
ach	0.07995971829250757
schwulenfeindlich	0.07995222889084176
verpissen	0.07993797569794867
spastiker	0.07987527118365688
dreckskerl	0.07982260536805108
dummerchen	0.07975870126242575
schmutzfink	0.07975589112789776
verlobte	0.07962619399950065
mann	0.07959744987440258
undefinierbar	0.07946133387191726
fresssack	0.07938567059820803
intelligenzbestie	0.07937244046352883
rücksichtslos	0.07928429787993709
umbringen	0.07927380984908189
memme	0.07924840952754315
unchillig	0.07924118767740435
haaren	0.07922673941279053
strumpfhose	0.0791424956553705
dialekt	0.07913388469182547
stalken	0.07913330618880537
faltig	0.07902565061478802
alk	0.07902436289052861
ausrasten	0.0789825483206342
schmatzen	0.07896386899463338
proll	0.078934141552134
rüber	0.07891530847554544
kuss	0.07879651878599822
viech	0.07878638701332166
dickkopf	0.0787716669367883
nervös	0.07874894167405715
abrasieren	0.0787150846410181
schnecke	0.07862142839861294
hyperaktiv	0.07860826120683441
gemein	0.07860207309901365
labertasche	0.07859339160543131
pavian	0.0785859503719339
dicklich	0.07852068603030331
stupsen	0.07849443084787433
verficken	0.07843013560069266
woher	0.07830446203558401
kimme	0.07830022990008571
headbangen	0.0782622178879877
mund	0.07822859715786279
spacken	0.07820616137150735
spritze	0.07816487570212848
babbeln	0.07807901830742892
wildenbruch	0.07802253215473913
hodensack	0.07798981669472461
buschschwein	0.07794989812136568
weichei	0.07790039089364693
entblocken	0.0778733081063107
strahl	0.07786129405551825
besoffen	0.07783055970402916
vollbart	0.0778222451558862
stinktier	0.07774915388829545
streber	0.07772705906298853
unwohl	0.07766154468564945
penisbruch	0.07766140742364988
sonnenbank	0.07761925357642824
idiotin	0.0776112653024385
muttermal	0.07756997989479676
lass	0.0775687460850728
unleidig	0.07744145692586057
halbglatze	0.07739235613692445
vorlaut	0.07737340166959805
nuttendiesel	0.07735711965572736
hinterlistig	0.0772775228862834
laufmasche	0.07719991777712698
talentfrei	0.07719310083669893
trulla	0.0771186125358209
unmensch	0.07708865032549453
necken	0.07707035929236128
koks	0.07706538378366494
moppel	0.0769920831702345
drecksack	0.07693991968209243
neffe	0.07691027592111647
gruslig	0.07686220306961114
klatsch	0.07662852074186129
schwulenbar	0.07661408901662123
flitzpiepe	0.07646872603481619
fatzke	0.07645280879930734
gruselig	0.07645134148893368
glatzkopf	0.07644212000240926
sindse	0.07638804261082477
fliesentisch	0.07630144796778411
abklatsch	0.07628798816245445
flennen	0.0762781066729362
ungeduscht	0.07622921098225757
schwein	0.07606616899937708
strafarbeit	0.07602919500783421
nappel	0.07602905055508068
verschissen	0.07594789059434806
begrabbeln	0.07593036838774471
ankotzen	0.07585095554091822
deprimiert	0.07584537564403619
angetrunken	0.07580073897020638
fremd	0.07574184465313051
hampelmann	0.07572787981949677
asozialer	0.07565503451805497
schmierig	0.07561362005071502
herzchen	0.07550154300960057
pieseln	0.07547705120489863
nein	0.07547463850738129
schuft	0.07546309263478476
taschenbillard	0.075439545731306
rubbeln	0.07543879971263427
betrunken	0.07542373063330021
nimmer	0.07534627604485514
sterbenskrank	0.07534591229094152
grufti	0.07527651087144395
notschlachten	0.07525710993684956
pudern	0.07521492825427047
herzlos	0.07512427321580048
verabscheut	0.07512264135122243
abgeneigt	0.07511697513595894
knarre	0.07510689908187101
schusselig	0.07508874816904473
ungehobelt	0.07506696830494893
wehleidig	0.07506150877309056
ziegenbart	0.0750606488201507
schlabbern	0.07502826700955595
untertreiben	0.07499153582505332
unfreundlich	0.07496072062113841
popel	0.07494282280508063
erwachsen	0.07493518602095554
rotz	0.07491424920598924
bierschiss	0.07490670067500116
wehe	0.07489531405993195
spruch	0.07486418593269087
frostbeule	0.07482161353219398
langweiler	0.07480890015054495
dumpfbacke	0.07480391206237931
vieh	0.07478582480101903
unsportlich	0.0746737158396758
mistvieh	0.07467279829271391
farbenblind	0.0746424931560034
beschwipst	0.07457360590295306
schmutzig	0.07453890522145182
konversation	0.07451493820163811
klamotte	0.07448262505631117
bisschen	0.07447659515947003
putze	0.07442394214660678
petzen	0.07439173491189499
durstig	0.07437787063040739
todmüde	0.07435340568332176
schlaumeier	0.07428530152311798
beknackt	0.07427813509070157
kratzig	0.0742619624529676
unlogisch	0.0741838383455677
buschfunk	0.07415007604784803
anorektisch	0.07412618743252125
striemen	0.07409238350508711
dusselig	0.07403692978704585
schlosshund	0.07398002752556508
matschbirne	0.07395598581995705
kopfnuss	0.07394086510695858
hohlkopf	0.07390146335252264
dfv	0.07385675868394298
ausgemergelt	0.07382976963709581
unabsichtlich	0.07382282191352516
putzfimmel	0.07381333841904474
struppig	0.07377747430153851
bema	0.07376754177974047
bekritzeln	0.07368795340961187
dorftrottel	0.07365739888595305
pejorativ	0.07365001982835241
banause	0.07364923355053607
kirre	0.07361634434971583
brabbeln	0.07359296681502828
hase	0.0735902415700529
waldschrat	0.0735646801578306
sippschaft	0.07353949315994483
leberfleck	0.07352196336222433
kotze	0.07350211656767801
pickel	0.07336346988982209
beule	0.07336146692113728
kuhdorf	0.07335744744175823
balsa	0.07335276735928654
undiszipliniert	0.07333444312708022
animalia	0.07331556903705941
verkleiden	0.07326772461494462
pinkeln	0.07320602344939135
karre	0.07320517745313733
zeugs	0.07318567202913331
herzschmerz	0.07314873455085044
witzbold	0.07310228118604432
weinerlich	0.073010696612399
gesabber	0.07295605607541399
frau	0.07291692145757304
komma	0.07289122603615934
zeug	0.07288688794717321
unterleib	0.07286484731007302
bartstoppel	0.07286128986171965
blutmangel	0.0728514115849029
weichklopfen	0.07283275620290716
holzkopf	0.07282131487352905
arschbacke	0.07281308305818086
aggressiv	0.07280123553414292
garstig	0.07278054468855732
begriffsstutzig	0.07276650533823545
wehtun	0.0727651713608791
einfallslos	0.07274293613117727
feigling	0.07273311856874341
bizarr	0.07267788573589853
heimzahlen	0.07267538396667798
mückenstich	0.07260013464773074
grenzdebil	0.0725780757241315
abgedroschen	0.07257448391341002
kiffen	0.07249464929301395
plinse	0.07246441276184448
schnuppe	0.07244086138823787
miesepetrig	0.07243973386878681
egomane	0.07242790990805523
schauder	0.07241049017766493
moppelkotze	0.07240630395245252
hohl	0.0723761813793065
krumm	0.0723729853412835
arschkriecher	0.07234953122021683
besaufen	0.0722476539034607
hysterisch	0.07221799802355576
altmodisch	0.07221589515012652
kaltherzig	0.0721986339047762
deppert	0.07216217828762732
rechtschreibfehler	0.07212347506232249
sabbeln	0.07208391670538357
undankbar	0.07199122821409074
zusammenhanglos	0.07194512072846404
schwachmat	0.07194252436551068
pappnase	0.07193935089507193
grunzen	0.07186288130441938
nebenmann	0.07181232013301604
wampe	0.07178837299520087
verkniffen	0.07175748509865311
fragerei	0.07175561666418694
topfpflanze	0.07174963951447327
schimpf	0.07171438133804896
zeiger	0.07171253479315881
tratschen	0.07162669540256543
waschlappen	0.07162500221529625
hinterlaufen	0.0715537482393046
kusshand	0.07154386880339332
weiterrauchen	0.07153450173372584
desinteressiert	0.07153083563463315
diejenige	0.07149587572080474
katze	0.07149404043555743
befruchten	0.0714818397199086
stramm	0.07147703548525669
sensibelchen	0.07146787402869369
quatsch	0.07145567354647155
einbilden	0.07128383456906445
gekrakel	0.07128091773506559
erwachsener	0.07127379874083824
seicht	0.07124027616835038
schlampig	0.07123789842919703
knilch	0.07123121408731839
scheusslich	0.0711781617150488
scherzkeks	0.07115223762372684
spreche	0.0710958682231499
milchtritt	0.0710796867199439
bauch	0.07107684807349365
unterbuttern	0.07105197304677645
verdutzt	0.07100028162112014
juckpulver	0.07094057808143134
unhygienisch	0.07093902162424949
hornbrille	0.07090662205074988
unterbelichtet	0.070857587648484
furchtbar	0.07084406844990494
flitschen	0.0708131606293539
ratte	0.07079045814091627
spucken	0.07075126620734619
alkoholisch	0.07072673322381676
stirn	0.07072664897158774
rebellisch	0.070725020634641
winzig	0.07069408574001247
ausknocken	0.0706495459097806
irrenanstalt	0.0706491617079829
wurscht	0.0706440423957294
schubbern	0.07060743505125225
lauthals	0.0705969724604529
hucke	0.07057289731398352
ehemann	0.07051868777876344
pickelgesicht	0.07049446890480968
miefen	0.07045872503892606
unsittlich	0.07041329485058614
kartoffel	0.07040282796377631
katzendreck	0.07038737130102275
zahnfee	0.07038347904723753
abtreiben	0.07031482573542927
fuchsteufelswild	0.07025013507729469
unwissend	0.07024102109653137
tatschen	0.0702220954462708
flunsch	0.07016373372569451
zecke	0.07014993601757294
abschlagen	0.0701417577569516
seltsam	0.07011707581375524
borstig	0.07008944962601993
druckstelle	0.07008222808840832
missraten	0.07004931311390016
gelbsucht	0.07004345907453373
pupsen	0.07004177742220767
jammerlappen	0.06999798952911208
kraulen	0.06999678964098646
ungeschickt	0.0699940113800919
spaghettifresser	0.0699694622608742
alkoholiker	0.06993715639592395
schnapsleiche	0.06993453351468128
besorgt	0.06992960098168889
schmiere	0.06990607642830518
geschert	0.06985114873604928
warmduscher	0.06983550464309313
allerwertester	0.06980005941711456
grobmotoriker	0.06979652766871403
keiner	0.06977455995017989
knebeln	0.06976464257309412
undankbarkeit	0.06974583439745392
unwirsch	0.06974224835659742
ekel	0.06965569236566316
triefen	0.06961639963697898
unscheinbar	0.06960385385977372
nageln	0.06960357351438677
angewidert	0.06957016695156068
kauleiste	0.06955561530113949
geisteskrank	0.06950965404489581
etepetete	0.06948467278543653
tarnung	0.06946720467510663
brandblase	0.06942366642490404
siezen	0.06941590125865095
liebesbeweis	0.06941092357450468
anspannen	0.06939256925193858
jaulen	0.06938125621387932
hornochse	0.06934894089349869
fressen	0.06934595696928549
zwerchfell	0.06934593134307286
hintergedanke	0.06933535195572274
schwanzlos	0.0692702489759069
glied	0.06925741282188505
hirnlos	0.06920354012604213
unbewusst	0.06918479855069234
auweh	0.06918294510053696
primitiv	0.06911365401626225
wedeln	0.06910747341011331
boshaft	0.06909410870002523
herinnen	0.06908763766072265
hinten	0.06907665822788735
schrullig	0.06906202897489842
antialkoholiker	0.06904985120638381
sippe	0.06903254628304052
vertauschen	0.06902674076759732
schmarrn	0.06900499634737128
zahnstocher	0.06897549931782558
homophob	0.06896207555153605
inkontinent	0.06894158161221742
furztrocken	0.06893391577783345
schnake	0.06892782629167371
anreden	0.0689134845462794
ungesund	0.06890143460198149
stutenbissig	0.06889567667692836
zottelig	0.0688810586102236
kopp	0.06879371820505999
charakterlos	0.06875004475313481
begafft	0.06863876653539047
blocken	0.0685514245272216
gequatsche	0.06846736624855056
tattergreis	0.06845610899527242
suppenkasper	0.06842944704977505
hirn	0.06838806827130953
griesgram	0.06837380190727159
musikantenknochen	0.06835228899418284
eiern	0.06833245919137065
esel	0.06831937581089538
kastrieren	0.06831776072943702
putzmann	0.06829119643265541
korinthenkacker	0.06828985973357074
versuchung	0.06825918845810944
dekadent	0.06823098230316159
regenwurm	0.0682115976568413
schelm	0.06820957202976038
klischee	0.06813643723193667
wisch	0.06813476329764867
windelweich	0.06804422880167597
seelenstriptease	0.06801143262585373
schamlos	0.06799737919059215
verzwickt	0.06795602043733526
pfeife	0.06795580800475869
abstreiten	0.06795053763684793
beinkleid	0.06793011150000253
fanatisch	0.06792592511011071
ochse	0.06791111635851113
nackend	0.067817147824555
besinnungslosigkeit	0.06781689560474141
oberfaul	0.06779610112927947
erriechen	0.0677622851279114
geschimpfe	0.06773073304547897
gebrabbel	0.06772468412749644
rücken	0.06768605038129948
sediert	0.06767779186852522
patzig	0.067676599420065
medienhure	0.06763050534870645
engstirnig	0.06761259299041411
einlauf	0.06760107758718341
stuhlgang	0.06757469278664302
vergasen	0.06756566238280673
weihnachtsmann	0.06755798803644222
idiotisch	0.06751873696542558
abknallen	0.06749048347941863
schwamm	0.06744229611156652
urinieren	0.06742271420668763
nagetier	0.06740595252197691
duden	0.06738668045397146
erguss	0.06738439489900849
blubbern	0.06738041141395659
legostein	0.06729816143345589
rammen	0.06728505991939505
vegetarier	0.06723135388946057
nachtfalter	0.06716083904050535
fleischwurst	0.06715391626924787
kinderficker	0.06712647219014188
erektion	0.06712438374543599
fusel	0.0670898659836188
wildsau	0.06692218149410777
no-go	0.06688571224708091
meerschwein	0.06686145083846246
pellen	0.0668184084029135
anbellen	0.06678652901080372
zwicken	0.06672893852008754
bierernst	0.06668298127540868
daherreden	0.06667857066828274
vollpfosten	0.06667661364226582
unterschwellig	0.06667321920050234
schwachkopf	0.06664647910695556
homophon	0.06663932075245654
zerhacken	0.06661868178708734
pikiert	0.06660964541837998
bestrafung	0.06659645134363476
eimer	0.06658001536455424
singsang	0.06650696204182266
anagramm	0.0664873649311841
mimen	0.06646708772115925
doppeldeutigkeit	0.06640598816783863
tierchen	0.06639668068478834
wackelzahn	0.06638217113785068
qualle	0.06634578830584342
bespucken	0.06632852837249821
patschen	0.06618623818666933
kotzbrocken	0.06617107973160151
stillos	0.06606700769075187
belanglos	0.0659733208572124
geifer	0.0659490159975798
verhohnepipeln	0.06594611309767723
bisswunde	0.06590672012264621
samenbank	0.06585563431543189
senf	0.06584208144188419
verpetzen	0.06580512938342946
schizophren	0.06577514129795259
sehnerv	0.06575321162424236
wutentbrannt	0.06574457043079361
beschimpfen	0.06573701474475767
hochtrabend	0.06572947966770719
schorf	0.06565633200190005
schnauben	0.06565442570945566
keifen	0.0656482355778699
bewegungslos	0.06558797884193979
aufblasen	0.06556331790093489
brechmittel	0.06555649414853704
deplatziert	0.06552836050912365
brennspiritus	0.06552497412031695
unappetitlich	0.06551732131103466
wasserkopf	0.06545678453334466
wessi	0.06545494993275693
waschbrett	0.06541039323403426
stimmlage	0.06539162691984332
morphium	0.0653892194447634
charakterschwach	0.0653778254431019
herumhacken	0.06535190972405899
pfote	0.06531954065564001
schmieren	0.06530048441014549
kleiden	0.06527620910274061
verwickeln	0.0652661201511029
gurgeln	0.06525785196821147
knoblauchgeruch	0.06525688892712424
verschwitzen	0.06515999152667215
riechsalz	0.06512276491713015
peitschenhieb	0.06509911313625982
unhold	0.06504627234619839
trollen	0.06503347232485748
zwerg	0.06490635671107207
abschreckend	0.06484218910029513
zugekokst	0.0647959115969991
holzbein	0.06475252002157086
verzapfen	0.06471642281230201
hofnarr	0.06462419592859711
unkorrekt	0.06461162720592109
zigarettenrauch	0.06460014650823338
kurzsichtig	0.06456150522284113
schwangerschaftsstreifen	0.06454401312725365
unfähig	0.06449013876945715
handkantenschlag	0.06443080845930618
blasenkatheter	0.06439200164930073
schnippeln	0.06436609554653397
kretin	0.06424972106847308
unterentwickelt	0.0642337435121143
profilneurose	0.06420905366636037
rechthaberisch	0.0640431910562143
verkopft	0.06383458256378789
zeitgenosse	0.06383300551200867
asoziale	0.06380745497712144
alphatier	0.06373520239226481
zahnfleisch	0.06370693921723714
wurstblatt	0.06365038297697015
witzfigur	0.06355552088855514
verschimmelt	0.06346792805903263
selbstironie	0.06344880688936724
unverständlich	0.06342193925883677
geiz	0.06338587770839058
giftig	0.06334419856010295
schreiberling	0.06328330548557033
krampfader	0.06324028324300468
schauderhaft	0.06318903674084426
instinkt	0.06318234297887552
unehrlich	0.06317582463295704
inkorrekt	0.0631682128244489
unsympath	0.06301964815340058
furchen	0.06298351431916098
anecken	0.06296112259439182
genieren	0.06295429908341581
frotzeln	0.06289810483590427
flegel	0.06287214163709645
inkonsistenz	0.0628702937189741
joghurtbecher	0.06284820898103156
ekelerregend	0.0628289698102912
taubstumm	0.06282154705751998
unzivilisiert	0.0627274309376987
dreistheit	0.06270526084439546
gefasel	0.06261928930067615
y-chromosom	0.062392657890440816
fruchtfliege	0.062347231725819345
gesindel	0.06215355986268457
agnostiker	0.06202229760001531
kleinkariert	0.06196730776129219
speichellecker	0.061965615507088255
narzisst	0.061932898282683634
unqualifiziert	0.06186254635558896
sprechdurchfall	0.061800548587090116
arier	0.06162692955444495
kriegerisch	0.06153292460758804
marktschreier	0.06133550282168215
gottlos	0.06133238304697589
ausspruch	0.06107277225523914
zyniker	0.06101979719010587
lebensfremd	0.06063038223357566
verbohrt	0.0604738676426265
erniedrigung	0.06022283992054641
erzkonservativ	0.060157810614992216
ausfluss	0.060026734900741285
scheinheiliger	0.05986849537763898
selbstgerecht	0.05975360724359358
unterstellung	0.059532248738019655
totschlagargument	0.0593918360042502
sprechweise	0.0593876967572665
moralkeule	0.059346010129612534
pfaffe	0.0591377503132924
geistlos	0.05912513393123412
undiplomatisch	0.05911119027492916
plebejer	0.05884853903458253
einwenden	0.058846751810937105
schutzbehauptung	0.05837313663278118
unchristlich	0.05806138873524841
antisemit	0.05792712606435639
normativ	0.0572623741358345
