arschficker	0.07419838393534466
mutterficker	0.07418860230754493
ehrenlos	0.07396090780317595
pimmelgesicht	0.07393057933737988
schlampen	0.07391348395938117
hundesohn	0.0738621304941471
missgeburt	0.07385820252811214
schlampe	0.07380655285069586
schlitzauge	0.07370111522661676
tunte	0.07367604346074975
arschgeburt	0.07359496800217658
hurensohn	0.07354555656085646
brillenschlange	0.07350092376080547
stalkerin	0.0734202922360091
flittchen	0.07337109977749078
schwanzgesicht	0.07334297432377355
tucke	0.07333801169422598
mannsweib	0.07333257340029467
schlappschwanz	0.07332818386939101
pisser	0.07330590753126728
sau	0.07329784462996213
dreckskind	0.07326841927804172
übertreiben	0.07325148594624536
notgeil	0.07324889887062583
lustknabe	0.0731820605316515
negerkuss	0.0731811195446127
arschkind	0.07316475222739624
unfair	0.07314608439794831
eierkopf	0.07314080240748101
ficken	0.0730913569475519
fettarsch	0.07304043540944147
wixxer	0.07303071981509837
kanalratte	0.07302182503852495
fragesatz	0.07302077083993588
überhaupt	0.07301748232308858
nuttensohn	0.0730147172147333
weib	0.07300809991233148
assi	0.07300682889621322
fuzzi	0.07299386215898411
androgyn	0.07298613250620448
bubi	0.07296904147822994
labersack	0.0729637264151435
untermensch	0.07293456342557757
fotzenknecht	0.07292847698372695
kuh	0.07292144065007332
mistkind	0.07290962710544771
rothaarig	0.0729031553454421
bratze	0.07289983697244153
geil	0.07287944492693856
pummelig	0.07287640930959731
dummkopf	0.07286584632452885
fickfehler	0.07285930029102486
eingebildet	0.07281222663482527
selbstverliebt	0.07281174125551136
schirch	0.0727835754469532
ficker	0.07278229660745272
hurentochter	0.07276797991966726
bengel	0.07274149416219419
drecksau	0.0727385345420376
ungezogen	0.07273695025917352
spackig	0.07265601788976403
kackbratze	0.07262027100746576
nappel	0.07260352637354685
kacker	0.07259850450814767
unrasiert	0.07259584937414038
schreckschraube	0.07258654977134968
scheiss	0.07258545854067963
vollspast	0.07257185176687009
fresssack	0.07256259677810498
stiefmutter	0.07254317561144291
versaut	0.07253806125900157
anpissen	0.07252677519311194
mann	0.07251854924823975
hurenbock	0.07251493865684303
verrückt	0.07249547642607966
sitzpinkler	0.07248875611589156
melodramatisch	0.07248304842173596
pickelface	0.07247857675248467
trottelig	0.07246577706947832
pottsau	0.07245719711034983
itaker	0.07244519316774675
lutschen	0.07244072209959657
köter	0.07243737784971183
übertrieben	0.07243654792389427
versohlen	0.07241462670223184
orgasmus	0.07240701741516863
unhöflich	0.07239962356504197
verräter	0.07237957277804706
anlabern	0.0723788865617319
man	0.07237294456398151
antialkoholiker	0.07235891786941609
ungeschminkt	0.07233755557630372
sackratte	0.07233505049318757
schnepfe	0.07233395305877333
verfickt	0.07233295962776715
du	0.07233253753541916
schlingel	0.07232211515162817
unnötig	0.07232068523536936
lappen	0.07231908111000744
franken	0.07231882329039178
arschig	0.0723095549844547
haarig	0.0723039292725746
schiss	0.07229870811015784
messie	0.07229835829097365
prengel	0.07229437140106494
flachlegen	0.07229296440015107
wichser	0.0722853993304306
fettsack	0.07227775701331929
garnichts	0.07226466532970327
pissen	0.07226367292997651
schwulenfeindlich	0.07225735279590023
fresse	0.07225326757798331
lecken	0.07224588113547067
spanner	0.07224392765102315
arschgeige	0.07224276143167323
ohrwurm	0.07223360187283742
alt	0.07223288797936105
stichling	0.07223248242976324
umnachtet	0.07222691906658801
krass	0.07222569017427861
schwanz	0.0722252121374699
halunke	0.0722008950523724
schmock	0.07219917212720842
zweideutig	0.0721869079249109
bieridee	0.07218197215211997
heftig	0.07217682814204661
sack	0.07216927928935755
schisser	0.07216372535607901
verfressen	0.07215705448965493
mohrenkopf	0.07215546575949919
speckschwarte	0.0721471925669095
verpissen	0.07213227359794464
zerficken	0.07213139955716087
kotig	0.07212886240426251
verdammt	0.07210345055482673
gefickt	0.07210167083800244
dummerchen	0.0721000666178851
goschert	0.07209960364722524
fett	0.07209901912682913
abgehen	0.07209502587599609
prügel	0.07209058414540967
eisen	0.0720814247944271
piefke	0.07206307190501571
kind	0.07205882137218515
kacke	0.072057008145029
steif	0.07205581809136864
landei	0.07205460076982258
nackert	0.07205351473883939
zurückhalten	0.07205222779123978
geschreie	0.07204885869753068
macker	0.072046463228878
gemein	0.07204382536234442
lass	0.07204164666176933
perkussion	0.07204031278375402
überlesen	0.07203377501899201
abklatsch	0.07203059848975248
bocken	0.07202492737396694
klopfer	0.07202281357570504
weichei	0.07201948603483269
fotze	0.07201582600020359
schickse	0.07201298290316606
verdorben	0.07200472975090208
mastschwein	0.0720047061280571
verkacken	0.07199663630266363
komisch	0.07199650172621452
druckverlust	0.0719848222938742
viech	0.07198065320170667
krampfig	0.07194589597770312
etepetete	0.0719453756705954
nille	0.07193530111417674
pickelgesicht	0.07193507287533445
alge	0.07193487337702079
nackt	0.07193214982001843
knecht	0.0719275359516667
babbeln	0.07192548149699392
schmiere	0.07192307514279678
mist	0.07191858091361135
hyperaktiv	0.07191700851580948
wacke	0.071911690101673
nuttendiesel	0.07191107006855993
blattschuss	0.07191089149496488
hase	0.07190750423133464
zimmermann	0.07190431239846783
petze	0.0719025013966297
trab	0.07190013811644262
abtragen	0.07189330967561641
laufmasche	0.07188823634472069
banause	0.07187301892844537
flunsch	0.07186789955327924
kaukasus	0.07186364832229342
kolchose	0.07186314486143625
ankotzen	0.0718556711957424
verkackter	0.07184809265253737
frostbeule	0.07184259106012268
stinktier	0.07183082296544607
manschettenknopf	0.07182818240467588
hodensack	0.07182539479190596
verletzbar	0.07181626555510308
angetrunken	0.0718156536932861
spacko	0.07181229041464492
peitsche	0.07181173337154421
neffe	0.07180743719945828
ballerspiel	0.07179522746243419
menno	0.07177887827167544
morgenlatte	0.07177415931982131
nackig	0.07175581513313606
schwein	0.07175144813373337
abrasieren	0.07174531818099811
begrabbeln	0.07173407039840257
stino	0.071719842693888
bauamt	0.07171742477018832
schlawiner	0.07171389576614715
quirlen	0.0717134252328698
seeland	0.07169771102813934
aufgeregt	0.07169701922044588
kosmetisch	0.07168938868899367
aortendissektion	0.07168553882469185
schmatzen	0.07168035731636616
blase	0.07166571829232356
heulen	0.07165053976343308
ochse	0.0716404164189882
fulminante	0.07163496116689477
lausbub	0.07163418416994279
dreh	0.0716292797189964
abkacken	0.07162027563262241
holzmarkt	0.07161691947054825
tragschrauber	0.07159991439839347
einschränken	0.07159925160532438
gammelig	0.07158642097066137
geärgert	0.07157634619330294
lichten	0.07157453280998774
isolation	0.0715650680195947
tacke	0.07155228240285241
schlagdistanz	0.07154869309317637
isomorph	0.07154074287017628
beton	0.07153953644030832
auflösung	0.07153614793844909
katalysator	0.07153217355809043
neuheit	0.07149912078490678
fidschi	0.07149606316878734
erschöpfung	0.07148881707943525
schleiche	0.07147755165487744
maurer	0.07147014824035985
entzündung	0.07145758797745651
verwaisen	0.0714426169783234
fälschung	0.07143933210896626
ziege	0.07143382455840781
raubfisch	0.07143275773247477
tessin	0.0714139203683361
preissturz	0.07139732956643804
rapide	0.07139600551234611
clickworker	0.07137996318544396
schläger	0.07137334980633153
kündigung	0.07136435582379023
chemtrail	0.07136276318810635
kuscheltier	0.07134775228947576
biatch	0.07134525291222785
allenstein	0.07132409226074853
freistunde	0.07131714239040465
muschi	0.07130640487452745
lebensgefährlich	0.07130398383095464
entkalkung	0.07129006218502172
schuppe	0.07127898568435238
stumpen	0.07127826792478092
fibromyalgie	0.07127804685457553
meiden	0.07127110289321446
trunkenheitsfahrt	0.07124847573530008
altenburg	0.07122519175879832
verlangsamen	0.07122258049050798
rückgang	0.07120293707231072
altmarkt	0.07120163591053709
diastema	0.07119847156507182
gastvortrag	0.07118380672040443
explosion	0.07117313456243278
norovirus	0.07111154193504882
tandler	0.07108749115404076
anästhesie	0.0710794988905576
sabotage	0.07106599666151035
behindern	0.07106066733635497
okarina	0.0710555238400149
myelom	0.0710513387913118
holzapfel	0.07105066248324803
abschreibung	0.07102209610822197
entführen	0.07101809796886514
panzer	0.07101293263146378
kappe	0.07100973979056578
kurseinbruch	0.07094898292236755
marzahner	0.07091702798210571
lungenerkrankung	0.07091590964970192
befall	0.0709073397688138
simbel	0.07087294277684424
unwirksamkeit	0.07083891531865306
aberwitz	0.0708111102580029
brisant	0.07079622760482186
unspielbar	0.07075799032263194
fritz	0.07058098195453398
zeichner	0.07048226768004467
langohr	0.07047752545429442
arabisch	0.07033112223599268
